train_data_hourly_pr_['HRES']_['HSAF']_MM_6__spatiotemporal_128.256_2020-07-01T13_2023-03-26T23_no_na
Data is available already
Loading training data...
mse_64_0.001_1e-14_0.5_2_16_8_0.1_64
Training the model...
Epoch 1/64

Epoch 1: val_loss improved from inf to 0.08062, saving model to /p/scratch/deepacf/kiste/patakchiyousefi1//HPT/mse_64_0.001_1e-14_0.5_2_16_8_0.1_64.h5
1348/1348 - 163s - loss: 0.0940 - mse: 0.2301 - val_loss: 0.0806 - val_mse: 0.2016 - lr: 0.0010 - 163s/epoch - 121ms/step
Epoch 2/64

Epoch 2: val_loss improved from 0.08062 to 0.07996, saving model to /p/scratch/deepacf/kiste/patakchiyousefi1//HPT/mse_64_0.001_1e-14_0.5_2_16_8_0.1_64.h5
1348/1348 - 128s - loss: 0.0880 - mse: 0.2154 - val_loss: 0.0800 - val_mse: 0.1999 - lr: 0.0010 - 128s/epoch - 95ms/step
Epoch 3/64

Epoch 3: val_loss did not improve from 0.07996
1348/1348 - 127s - loss: 0.0869 - mse: 0.2127 - val_loss: 0.0819 - val_mse: 0.2048 - lr: 0.0010 - 127s/epoch - 94ms/step
Epoch 4/64

Epoch 4: val_loss improved from 0.07996 to 0.07834, saving model to /p/scratch/deepacf/kiste/patakchiyousefi1//HPT/mse_64_0.001_1e-14_0.5_2_16_8_0.1_64.h5
1348/1348 - 127s - loss: 0.0866 - mse: 0.2119 - val_loss: 0.0783 - val_mse: 0.1959 - lr: 0.0010 - 127s/epoch - 95ms/step
Epoch 5/64

Epoch 5: val_loss improved from 0.07834 to 0.07742, saving model to /p/scratch/deepacf/kiste/patakchiyousefi1//HPT/mse_64_0.001_1e-14_0.5_2_16_8_0.1_64.h5
1348/1348 - 127s - loss: 0.0859 - mse: 0.2102 - val_loss: 0.0774 - val_mse: 0.1936 - lr: 0.0010 - 127s/epoch - 94ms/step
Epoch 6/64

Epoch 6: val_loss improved from 0.07742 to 0.07740, saving model to /p/scratch/deepacf/kiste/patakchiyousefi1//HPT/mse_64_0.001_1e-14_0.5_2_16_8_0.1_64.h5
1348/1348 - 127s - loss: 0.0853 - mse: 0.2088 - val_loss: 0.0774 - val_mse: 0.1935 - lr: 0.0010 - 127s/epoch - 94ms/step
Epoch 7/64

Epoch 7: val_loss did not improve from 0.07740
1348/1348 - 127s - loss: 0.0850 - mse: 0.2081 - val_loss: 0.0788 - val_mse: 0.1969 - lr: 0.0010 - 127s/epoch - 94ms/step
Epoch 8/64

Epoch 8: val_loss did not improve from 0.07740
1348/1348 - 127s - loss: 0.0845 - mse: 0.2069 - val_loss: 0.0790 - val_mse: 0.1975 - lr: 0.0010 - 127s/epoch - 94ms/step
Epoch 9/64

Epoch 9: val_loss did not improve from 0.07740
1348/1348 - 127s - loss: 0.0831 - mse: 0.2034 - val_loss: 0.0797 - val_mse: 0.1993 - lr: 5.0000e-04 - 127s/epoch - 94ms/step
Epoch 10/64

Epoch 10: val_loss improved from 0.07740 to 0.07577, saving model to /p/scratch/deepacf/kiste/patakchiyousefi1//HPT/mse_64_0.001_1e-14_0.5_2_16_8_0.1_64.h5
1348/1348 - 127s - loss: 0.0827 - mse: 0.2024 - val_loss: 0.0758 - val_mse: 0.1894 - lr: 5.0000e-04 - 127s/epoch - 94ms/step
Epoch 11/64

Epoch 11: val_loss improved from 0.07577 to 0.07544, saving model to /p/scratch/deepacf/kiste/patakchiyousefi1//HPT/mse_64_0.001_1e-14_0.5_2_16_8_0.1_64.h5
1348/1348 - 127s - loss: 0.0823 - mse: 0.2015 - val_loss: 0.0754 - val_mse: 0.1886 - lr: 5.0000e-04 - 127s/epoch - 94ms/step
Epoch 12/64

Epoch 12: val_loss did not improve from 0.07544
1348/1348 - 126s - loss: 0.0820 - mse: 0.2006 - val_loss: 0.0757 - val_mse: 0.1893 - lr: 5.0000e-04 - 126s/epoch - 94ms/step
Epoch 13/64

Epoch 13: val_loss did not improve from 0.07544
1348/1348 - 127s - loss: 0.0819 - mse: 0.2004 - val_loss: 0.0776 - val_mse: 0.1940 - lr: 5.0000e-04 - 127s/epoch - 94ms/step
Epoch 14/64

Epoch 14: val_loss did not improve from 0.07544
1348/1348 - 127s - loss: 0.0803 - mse: 0.1966 - val_loss: 0.0756 - val_mse: 0.1891 - lr: 2.5000e-04 - 127s/epoch - 94ms/step
Epoch 15/64

Epoch 15: val_loss did not improve from 0.07544
1348/1348 - 127s - loss: 0.0799 - mse: 0.1954 - val_loss: 0.0774 - val_mse: 0.1935 - lr: 2.5000e-04 - 127s/epoch - 94ms/step
Epoch 16/64

Epoch 16: val_loss did not improve from 0.07544
1348/1348 - 127s - loss: 0.0784 - mse: 0.1919 - val_loss: 0.0759 - val_mse: 0.1898 - lr: 1.2500e-04 - 127s/epoch - 94ms/step
Epoch 17/64

Epoch 17: val_loss did not improve from 0.07544
1348/1348 - 127s - loss: 0.0773 - mse: 0.1892 - val_loss: 0.0797 - val_mse: 0.1993 - lr: 1.2500e-04 - 127s/epoch - 94ms/step
Epoch 18/64

Epoch 18: val_loss did not improve from 0.07544
1348/1348 - 127s - loss: 0.0762 - mse: 0.1865 - val_loss: 0.0778 - val_mse: 0.1946 - lr: 6.2500e-05 - 127s/epoch - 94ms/step
Epoch 19/64

Epoch 19: val_loss did not improve from 0.07544
1348/1348 - 127s - loss: 0.0758 - mse: 0.1854 - val_loss: 0.0775 - val_mse: 0.1939 - lr: 6.2500e-05 - 127s/epoch - 94ms/step
Saving and plotting the results...
