train_data_hourly_pr_['HRES']_['HSAF']_MM_6__spatiotemporal_128.256_2020-07-01T13_2023-03-26T23_no_na
Data is available already
Loading training data...
mse_16_0.001_1e-14_0.5_2_4_8_0.1_64
Training the model...
Epoch 1/64

Epoch 1: val_loss improved from inf to 0.08100, saving model to /p/scratch/deepacf/kiste/patakchiyousefi1//HPT/mse_16_0.001_1e-14_0.5_2_4_8_0.1_64.h5
5391/5391 - 124s - loss: 0.0943 - mse: 0.2307 - val_loss: 0.0810 - val_mse: 0.2025 - lr: 0.0010 - 124s/epoch - 23ms/step
Epoch 2/64

Epoch 2: val_loss improved from 0.08100 to 0.07875, saving model to /p/scratch/deepacf/kiste/patakchiyousefi1//HPT/mse_16_0.001_1e-14_0.5_2_4_8_0.1_64.h5
5391/5391 - 94s - loss: 0.0908 - mse: 0.2221 - val_loss: 0.0787 - val_mse: 0.1969 - lr: 0.0010 - 94s/epoch - 17ms/step
Epoch 3/64

Epoch 3: val_loss improved from 0.07875 to 0.07822, saving model to /p/scratch/deepacf/kiste/patakchiyousefi1//HPT/mse_16_0.001_1e-14_0.5_2_4_8_0.1_64.h5
5391/5391 - 94s - loss: 0.0899 - mse: 0.2199 - val_loss: 0.0782 - val_mse: 0.1956 - lr: 0.0010 - 94s/epoch - 17ms/step
Epoch 4/64

Epoch 4: val_loss improved from 0.07822 to 0.07796, saving model to /p/scratch/deepacf/kiste/patakchiyousefi1//HPT/mse_16_0.001_1e-14_0.5_2_4_8_0.1_64.h5
5391/5391 - 94s - loss: 0.0892 - mse: 0.2183 - val_loss: 0.0780 - val_mse: 0.1949 - lr: 0.0010 - 94s/epoch - 18ms/step
Epoch 5/64

Epoch 5: val_loss improved from 0.07796 to 0.07703, saving model to /p/scratch/deepacf/kiste/patakchiyousefi1//HPT/mse_16_0.001_1e-14_0.5_2_4_8_0.1_64.h5
5391/5391 - 94s - loss: 0.0883 - mse: 0.2160 - val_loss: 0.0770 - val_mse: 0.1926 - lr: 0.0010 - 94s/epoch - 17ms/step
Epoch 6/64

Epoch 6: val_loss did not improve from 0.07703
5391/5391 - 94s - loss: 0.0877 - mse: 0.2146 - val_loss: 0.0784 - val_mse: 0.1959 - lr: 0.0010 - 94s/epoch - 17ms/step
Epoch 7/64

Epoch 7: val_loss did not improve from 0.07703
5391/5391 - 98s - loss: 0.0875 - mse: 0.2140 - val_loss: 0.0772 - val_mse: 0.1929 - lr: 0.0010 - 98s/epoch - 18ms/step
Epoch 8/64

Epoch 8: val_loss improved from 0.07703 to 0.07666, saving model to /p/scratch/deepacf/kiste/patakchiyousefi1//HPT/mse_16_0.001_1e-14_0.5_2_4_8_0.1_64.h5
5391/5391 - 101s - loss: 0.0857 - mse: 0.2098 - val_loss: 0.0767 - val_mse: 0.1917 - lr: 5.0000e-04 - 101s/epoch - 19ms/step
Epoch 9/64

Epoch 9: val_loss did not improve from 0.07666
5391/5391 - 96s - loss: 0.0853 - mse: 0.2086 - val_loss: 0.0776 - val_mse: 0.1941 - lr: 5.0000e-04 - 96s/epoch - 18ms/step
Epoch 10/64

Epoch 10: val_loss did not improve from 0.07666
5391/5391 - 95s - loss: 0.0846 - mse: 0.2069 - val_loss: 0.0775 - val_mse: 0.1937 - lr: 5.0000e-04 - 95s/epoch - 18ms/step
Epoch 11/64

Epoch 11: val_loss did not improve from 0.07666
5391/5391 - 94s - loss: 0.0829 - mse: 0.2028 - val_loss: 0.0772 - val_mse: 0.1930 - lr: 2.5000e-04 - 94s/epoch - 17ms/step
Epoch 12/64

Epoch 12: val_loss did not improve from 0.07666
5391/5391 - 96s - loss: 0.0824 - mse: 0.2016 - val_loss: 0.0777 - val_mse: 0.1944 - lr: 2.5000e-04 - 96s/epoch - 18ms/step
Epoch 13/64

Epoch 13: val_loss did not improve from 0.07666
5391/5391 - 96s - loss: 0.0813 - mse: 0.1989 - val_loss: 0.0772 - val_mse: 0.1931 - lr: 1.2500e-04 - 96s/epoch - 18ms/step
Epoch 14/64

Epoch 14: val_loss did not improve from 0.07666
5391/5391 - 95s - loss: 0.0809 - mse: 0.1980 - val_loss: 0.0774 - val_mse: 0.1935 - lr: 1.2500e-04 - 95s/epoch - 18ms/step
Epoch 15/64

Epoch 15: val_loss did not improve from 0.07666
5391/5391 - 96s - loss: 0.0801 - mse: 0.1960 - val_loss: 0.0778 - val_mse: 0.1945 - lr: 6.2500e-05 - 96s/epoch - 18ms/step
Epoch 16/64

Epoch 16: val_loss did not improve from 0.07666
5391/5391 - 96s - loss: 0.0797 - mse: 0.1950 - val_loss: 0.0779 - val_mse: 0.1949 - lr: 6.2500e-05 - 96s/epoch - 18ms/step
Saving and plotting the results...
