train_data_hourly_pr_['HRES']_['HSAF']_MM_6__spatiotemporal_128.256_2020-07-01T13_2023-03-26T23_no_na
Data is available already
Loading training data...
mse_64_0.0001_1e-14_0.5_2_2_8_0.1_64
Training the model...
Epoch 1/64

Epoch 1: val_loss improved from inf to 0.08059, saving model to /p/scratch/deepacf/kiste/patakchiyousefi1//HPT/mse_64_0.0001_1e-14_0.5_2_2_8_0.1_64.h5
10781/10781 - 232s - loss: 0.0977 - mse: 0.2392 - val_loss: 0.0806 - val_mse: 0.2015 - lr: 1.0000e-04 - 232s/epoch - 22ms/step
Epoch 2/64

Epoch 2: val_loss improved from 0.08059 to 0.07958, saving model to /p/scratch/deepacf/kiste/patakchiyousefi1//HPT/mse_64_0.0001_1e-14_0.5_2_2_8_0.1_64.h5
10781/10781 - 207s - loss: 0.0937 - mse: 0.2292 - val_loss: 0.0796 - val_mse: 0.1990 - lr: 1.0000e-04 - 207s/epoch - 19ms/step
Epoch 3/64

Epoch 3: val_loss did not improve from 0.07958
10781/10781 - 207s - loss: 0.0908 - mse: 0.2222 - val_loss: 0.0816 - val_mse: 0.2039 - lr: 1.0000e-04 - 207s/epoch - 19ms/step
Epoch 4/64

Epoch 4: val_loss did not improve from 0.07958
10781/10781 - 207s - loss: 0.0893 - mse: 0.2185 - val_loss: 0.0797 - val_mse: 0.1994 - lr: 1.0000e-04 - 207s/epoch - 19ms/step
Epoch 5/64

Epoch 5: val_loss improved from 0.07958 to 0.07897, saving model to /p/scratch/deepacf/kiste/patakchiyousefi1//HPT/mse_64_0.0001_1e-14_0.5_2_2_8_0.1_64.h5
10781/10781 - 207s - loss: 0.0867 - mse: 0.2120 - val_loss: 0.0790 - val_mse: 0.1975 - lr: 5.0000e-05 - 207s/epoch - 19ms/step
Epoch 6/64

Epoch 6: val_loss improved from 0.07897 to 0.07849, saving model to /p/scratch/deepacf/kiste/patakchiyousefi1//HPT/mse_64_0.0001_1e-14_0.5_2_2_8_0.1_64.h5
10781/10781 - 207s - loss: 0.0856 - mse: 0.2094 - val_loss: 0.0785 - val_mse: 0.1963 - lr: 5.0000e-05 - 207s/epoch - 19ms/step
Epoch 7/64

Epoch 7: val_loss did not improve from 0.07849
10781/10781 - 206s - loss: 0.0848 - mse: 0.2076 - val_loss: 0.0785 - val_mse: 0.1964 - lr: 5.0000e-05 - 206s/epoch - 19ms/step
Epoch 8/64

Epoch 8: val_loss did not improve from 0.07849
10781/10781 - 206s - loss: 0.0839 - mse: 0.2053 - val_loss: 0.0787 - val_mse: 0.1968 - lr: 5.0000e-05 - 206s/epoch - 19ms/step
Epoch 9/64

Epoch 9: val_loss improved from 0.07849 to 0.07804, saving model to /p/scratch/deepacf/kiste/patakchiyousefi1//HPT/mse_64_0.0001_1e-14_0.5_2_2_8_0.1_64.h5
10781/10781 - 207s - loss: 0.0812 - mse: 0.1988 - val_loss: 0.0780 - val_mse: 0.1951 - lr: 2.5000e-05 - 207s/epoch - 19ms/step
Epoch 10/64

Epoch 10: val_loss did not improve from 0.07804
10781/10781 - 207s - loss: 0.0802 - mse: 0.1964 - val_loss: 0.0781 - val_mse: 0.1953 - lr: 2.5000e-05 - 207s/epoch - 19ms/step
Epoch 11/64

Epoch 11: val_loss did not improve from 0.07804
10781/10781 - 206s - loss: 0.0797 - mse: 0.1950 - val_loss: 0.0781 - val_mse: 0.1953 - lr: 2.5000e-05 - 206s/epoch - 19ms/step
Epoch 12/64

Epoch 12: val_loss improved from 0.07804 to 0.07752, saving model to /p/scratch/deepacf/kiste/patakchiyousefi1//HPT/mse_64_0.0001_1e-14_0.5_2_2_8_0.1_64.h5
10781/10781 - 210s - loss: 0.0774 - mse: 0.1894 - val_loss: 0.0775 - val_mse: 0.1938 - lr: 1.2500e-05 - 210s/epoch - 19ms/step
Epoch 13/64

Epoch 13: val_loss improved from 0.07752 to 0.07739, saving model to /p/scratch/deepacf/kiste/patakchiyousefi1//HPT/mse_64_0.0001_1e-14_0.5_2_2_8_0.1_64.h5
10781/10781 - 212s - loss: 0.0765 - mse: 0.1872 - val_loss: 0.0774 - val_mse: 0.1935 - lr: 1.2500e-05 - 212s/epoch - 20ms/step
Epoch 14/64

Epoch 14: val_loss did not improve from 0.07739
10781/10781 - 210s - loss: 0.0763 - mse: 0.1866 - val_loss: 0.0786 - val_mse: 0.1965 - lr: 1.2500e-05 - 210s/epoch - 19ms/step
Epoch 15/64

Epoch 15: val_loss did not improve from 0.07739
10781/10781 - 210s - loss: 0.0757 - mse: 0.1852 - val_loss: 0.0785 - val_mse: 0.1962 - lr: 1.2500e-05 - 210s/epoch - 19ms/step
Epoch 16/64

Epoch 16: val_loss did not improve from 0.07739
10781/10781 - 209s - loss: 0.0744 - mse: 0.1821 - val_loss: 0.0788 - val_mse: 0.1970 - lr: 6.2500e-06 - 209s/epoch - 19ms/step
Epoch 17/64

Epoch 17: val_loss did not improve from 0.07739
10781/10781 - 210s - loss: 0.0742 - mse: 0.1815 - val_loss: 0.0775 - val_mse: 0.1939 - lr: 6.2500e-06 - 210s/epoch - 19ms/step
Epoch 18/64

Epoch 18: val_loss did not improve from 0.07739
10781/10781 - 210s - loss: 0.0733 - mse: 0.1793 - val_loss: 0.0788 - val_mse: 0.1970 - lr: 3.1250e-06 - 210s/epoch - 19ms/step
Epoch 19/64

Epoch 19: val_loss did not improve from 0.07739
10781/10781 - 210s - loss: 0.0731 - mse: 0.1788 - val_loss: 0.0784 - val_mse: 0.1961 - lr: 3.1250e-06 - 210s/epoch - 19ms/step
Epoch 20/64

Epoch 20: val_loss did not improve from 0.07739
10781/10781 - 209s - loss: 0.0729 - mse: 0.1783 - val_loss: 0.0785 - val_mse: 0.1962 - lr: 1.5625e-06 - 209s/epoch - 19ms/step
Epoch 21/64

Epoch 21: val_loss did not improve from 0.07739
10781/10781 - 208s - loss: 0.0727 - mse: 0.1779 - val_loss: 0.0793 - val_mse: 0.1982 - lr: 1.5625e-06 - 208s/epoch - 19ms/step
Saving and plotting the results...
