train_data_hourly_pr_['HRES']_['HSAF']_MM_6__spatiotemporal_128.256_2020-07-01T13_2023-03-26T23_no_na
Data is available already
Loading training data...
mse_16_0.01_1e-14_0.5_2_2_8_0.1_64
Training the model...
Epoch 1/64

Epoch 1: val_loss improved from inf to 0.09493, saving model to /p/scratch/deepacf/kiste/patakchiyousefi1//HPT/mse_16_0.01_1e-14_0.5_2_2_8_0.1_64.h5
10781/10781 - 174s - loss: 0.1005 - mse: 0.2459 - val_loss: 0.0949 - val_mse: 0.2374 - lr: 0.0100 - 174s/epoch - 16ms/step
Epoch 2/64

Epoch 2: val_loss improved from 0.09493 to 0.08067, saving model to /p/scratch/deepacf/kiste/patakchiyousefi1//HPT/mse_16_0.01_1e-14_0.5_2_2_8_0.1_64.h5
10781/10781 - 155s - loss: 0.0971 - mse: 0.2375 - val_loss: 0.0807 - val_mse: 0.2017 - lr: 0.0100 - 155s/epoch - 14ms/step
Epoch 3/64

Epoch 3: val_loss did not improve from 0.08067
10781/10781 - 166s - loss: 0.0955 - mse: 0.2337 - val_loss: 0.0813 - val_mse: 0.2033 - lr: 0.0100 - 166s/epoch - 15ms/step
Epoch 4/64

Epoch 4: val_loss did not improve from 0.08067
10781/10781 - 164s - loss: 0.0942 - mse: 0.2306 - val_loss: 0.0816 - val_mse: 0.2040 - lr: 0.0100 - 164s/epoch - 15ms/step
Epoch 5/64

Epoch 5: val_loss did not improve from 0.08067
10781/10781 - 164s - loss: 0.0921 - mse: 0.2253 - val_loss: 0.0807 - val_mse: 0.2018 - lr: 0.0050 - 164s/epoch - 15ms/step
Epoch 6/64

Epoch 6: val_loss did not improve from 0.08067
10781/10781 - 169s - loss: 0.0910 - mse: 0.2227 - val_loss: 0.0815 - val_mse: 0.2039 - lr: 0.0050 - 169s/epoch - 16ms/step
Epoch 7/64

Epoch 7: val_loss improved from 0.08067 to 0.08031, saving model to /p/scratch/deepacf/kiste/patakchiyousefi1//HPT/mse_16_0.01_1e-14_0.5_2_2_8_0.1_64.h5
10781/10781 - 165s - loss: 0.0896 - mse: 0.2192 - val_loss: 0.0803 - val_mse: 0.2008 - lr: 0.0025 - 165s/epoch - 15ms/step
Epoch 8/64

Epoch 8: val_loss did not improve from 0.08031
10781/10781 - 157s - loss: 0.0890 - mse: 0.2178 - val_loss: 0.0808 - val_mse: 0.2021 - lr: 0.0025 - 157s/epoch - 15ms/step
Epoch 9/64

Epoch 9: val_loss did not improve from 0.08031
10781/10781 - 166s - loss: 0.0884 - mse: 0.2164 - val_loss: 0.0816 - val_mse: 0.2040 - lr: 0.0025 - 166s/epoch - 15ms/step
Epoch 10/64

Epoch 10: val_loss did not improve from 0.08031
10781/10781 - 167s - loss: 0.0873 - mse: 0.2136 - val_loss: 0.0807 - val_mse: 0.2018 - lr: 0.0012 - 167s/epoch - 15ms/step
Epoch 11/64

Epoch 11: val_loss did not improve from 0.08031
10781/10781 - 164s - loss: 0.0869 - mse: 0.2126 - val_loss: 0.0819 - val_mse: 0.2049 - lr: 0.0012 - 164s/epoch - 15ms/step
Epoch 12/64

Epoch 12: val_loss did not improve from 0.08031
10781/10781 - 167s - loss: 0.0861 - mse: 0.2108 - val_loss: 0.0814 - val_mse: 0.2035 - lr: 6.2500e-04 - 167s/epoch - 15ms/step
Epoch 13/64

Epoch 13: val_loss did not improve from 0.08031
10781/10781 - 163s - loss: 0.0857 - mse: 0.2097 - val_loss: 0.0809 - val_mse: 0.2023 - lr: 6.2500e-04 - 163s/epoch - 15ms/step
Epoch 14/64

Epoch 14: val_loss did not improve from 0.08031
10781/10781 - 166s - loss: 0.0851 - mse: 0.2083 - val_loss: 0.0815 - val_mse: 0.2037 - lr: 3.1250e-04 - 166s/epoch - 15ms/step
Epoch 15/64

Epoch 15: val_loss did not improve from 0.08031
10781/10781 - 164s - loss: 0.0850 - mse: 0.2081 - val_loss: 0.0818 - val_mse: 0.2046 - lr: 3.1250e-04 - 164s/epoch - 15ms/step
Saving and plotting the results...
