train_data_hourly_pr_['HRES']_['HSAF']_MM_6__spatiotemporal_128.256_2020-07-01T13_2023-03-26T23_no_na
Data is available already
Loading training data...
mse_32_0.001_1e-14_0.5_2_8_8_0.1_64
Training the model...
Epoch 1/64

Epoch 1: val_loss improved from inf to 0.07951, saving model to /p/scratch/deepacf/kiste/patakchiyousefi1//HPT/mse_32_0.001_1e-14_0.5_2_8_8_0.1_64.h5
2696/2696 - 97s - loss: 0.0938 - mse: 0.2295 - val_loss: 0.0795 - val_mse: 0.1988 - lr: 0.0010 - 97s/epoch - 36ms/step
Epoch 2/64

Epoch 2: val_loss improved from 0.07951 to 0.07765, saving model to /p/scratch/deepacf/kiste/patakchiyousefi1//HPT/mse_32_0.001_1e-14_0.5_2_8_8_0.1_64.h5
2696/2696 - 75s - loss: 0.0890 - mse: 0.2177 - val_loss: 0.0776 - val_mse: 0.1941 - lr: 0.0010 - 75s/epoch - 28ms/step
Epoch 3/64

Epoch 3: val_loss did not improve from 0.07765
2696/2696 - 76s - loss: 0.0880 - mse: 0.2153 - val_loss: 0.0783 - val_mse: 0.1957 - lr: 0.0010 - 76s/epoch - 28ms/step
Epoch 4/64

Epoch 4: val_loss did not improve from 0.07765
2696/2696 - 76s - loss: 0.0875 - mse: 0.2141 - val_loss: 0.0785 - val_mse: 0.1963 - lr: 0.0010 - 76s/epoch - 28ms/step
Epoch 5/64

Epoch 5: val_loss improved from 0.07765 to 0.07636, saving model to /p/scratch/deepacf/kiste/patakchiyousefi1//HPT/mse_32_0.001_1e-14_0.5_2_8_8_0.1_64.h5
2696/2696 - 76s - loss: 0.0858 - mse: 0.2099 - val_loss: 0.0764 - val_mse: 0.1909 - lr: 5.0000e-04 - 76s/epoch - 28ms/step
Epoch 6/64

Epoch 6: val_loss did not improve from 0.07636
2696/2696 - 76s - loss: 0.0852 - mse: 0.2085 - val_loss: 0.0768 - val_mse: 0.1921 - lr: 5.0000e-04 - 76s/epoch - 28ms/step
Epoch 7/64

Epoch 7: val_loss did not improve from 0.07636
2696/2696 - 77s - loss: 0.0847 - mse: 0.2073 - val_loss: 0.0772 - val_mse: 0.1930 - lr: 5.0000e-04 - 77s/epoch - 28ms/step
Epoch 8/64

Epoch 8: val_loss improved from 0.07636 to 0.07611, saving model to /p/scratch/deepacf/kiste/patakchiyousefi1//HPT/mse_32_0.001_1e-14_0.5_2_8_8_0.1_64.h5
2696/2696 - 76s - loss: 0.0833 - mse: 0.2039 - val_loss: 0.0761 - val_mse: 0.1903 - lr: 2.5000e-04 - 76s/epoch - 28ms/step
Epoch 9/64

Epoch 9: val_loss improved from 0.07611 to 0.07554, saving model to /p/scratch/deepacf/kiste/patakchiyousefi1//HPT/mse_32_0.001_1e-14_0.5_2_8_8_0.1_64.h5
2696/2696 - 78s - loss: 0.0825 - mse: 0.2019 - val_loss: 0.0755 - val_mse: 0.1889 - lr: 2.5000e-04 - 78s/epoch - 29ms/step
Epoch 10/64

Epoch 10: val_loss did not improve from 0.07554
2696/2696 - 76s - loss: 0.0824 - mse: 0.2016 - val_loss: 0.0760 - val_mse: 0.1901 - lr: 2.5000e-04 - 76s/epoch - 28ms/step
Epoch 11/64

Epoch 11: val_loss did not improve from 0.07554
2696/2696 - 76s - loss: 0.0816 - mse: 0.1997 - val_loss: 0.0782 - val_mse: 0.1955 - lr: 2.5000e-04 - 76s/epoch - 28ms/step
Epoch 12/64

Epoch 12: val_loss did not improve from 0.07554
2696/2696 - 76s - loss: 0.0801 - mse: 0.1960 - val_loss: 0.0762 - val_mse: 0.1904 - lr: 1.2500e-04 - 76s/epoch - 28ms/step
Epoch 13/64

Epoch 13: val_loss did not improve from 0.07554
2696/2696 - 77s - loss: 0.0794 - mse: 0.1942 - val_loss: 0.0758 - val_mse: 0.1895 - lr: 1.2500e-04 - 77s/epoch - 29ms/step
Epoch 14/64

Epoch 14: val_loss did not improve from 0.07554
2696/2696 - 78s - loss: 0.0782 - mse: 0.1914 - val_loss: 0.0763 - val_mse: 0.1907 - lr: 6.2500e-05 - 78s/epoch - 29ms/step
Epoch 15/64

Epoch 15: val_loss did not improve from 0.07554
2696/2696 - 78s - loss: 0.0777 - mse: 0.1901 - val_loss: 0.0760 - val_mse: 0.1901 - lr: 6.2500e-05 - 78s/epoch - 29ms/step
Epoch 16/64

Epoch 16: val_loss did not improve from 0.07554
2696/2696 - 76s - loss: 0.0769 - mse: 0.1882 - val_loss: 0.0773 - val_mse: 0.1932 - lr: 3.1250e-05 - 76s/epoch - 28ms/step
Epoch 17/64

Epoch 17: val_loss did not improve from 0.07554
2696/2696 - 77s - loss: 0.0766 - mse: 0.1873 - val_loss: 0.0768 - val_mse: 0.1920 - lr: 3.1250e-05 - 77s/epoch - 28ms/step
Saving and plotting the results...
