train_data_hourly_pr_['HRES']_['HSAF']_MM_6__spatiotemporal_128.256_2020-07-01T13_2023-03-26T23_no_na
Data is available already
Loading training data...
mse_16_0.001_1e-14_0.5_2_16_8_0.1_64
Training the model...
Epoch 1/64

Epoch 1: val_loss improved from inf to 0.08291, saving model to /p/scratch/deepacf/kiste/patakchiyousefi1//HPT/mse_16_0.001_1e-14_0.5_2_16_8_0.1_64.h5
1348/1348 - 63s - loss: 0.0919 - mse: 0.2250 - val_loss: 0.0829 - val_mse: 0.2073 - lr: 0.0010 - 63s/epoch - 47ms/step
Epoch 2/64

Epoch 2: val_loss did not improve from 0.08291
1348/1348 - 41s - loss: 0.0868 - mse: 0.2123 - val_loss: 0.0976 - val_mse: 0.2440 - lr: 0.0010 - 41s/epoch - 30ms/step
Epoch 3/64

Epoch 3: val_loss improved from 0.08291 to 0.07836, saving model to /p/scratch/deepacf/kiste/patakchiyousefi1//HPT/mse_16_0.001_1e-14_0.5_2_16_8_0.1_64.h5
1348/1348 - 42s - loss: 0.0861 - mse: 0.2106 - val_loss: 0.0784 - val_mse: 0.1959 - lr: 0.0010 - 42s/epoch - 31ms/step
Epoch 4/64

Epoch 4: val_loss did not improve from 0.07836
1348/1348 - 42s - loss: 0.0851 - mse: 0.2083 - val_loss: 0.0791 - val_mse: 0.1977 - lr: 0.0010 - 42s/epoch - 31ms/step
Epoch 5/64

Epoch 5: val_loss improved from 0.07836 to 0.07691, saving model to /p/scratch/deepacf/kiste/patakchiyousefi1//HPT/mse_16_0.001_1e-14_0.5_2_16_8_0.1_64.h5
1348/1348 - 42s - loss: 0.0845 - mse: 0.2068 - val_loss: 0.0769 - val_mse: 0.1923 - lr: 0.0010 - 42s/epoch - 31ms/step
Epoch 6/64

Epoch 6: val_loss did not improve from 0.07691
1348/1348 - 42s - loss: 0.0841 - mse: 0.2058 - val_loss: 0.0781 - val_mse: 0.1953 - lr: 0.0010 - 42s/epoch - 31ms/step
Epoch 7/64

Epoch 7: val_loss did not improve from 0.07691
1348/1348 - 42s - loss: 0.0836 - mse: 0.2046 - val_loss: 0.0774 - val_mse: 0.1936 - lr: 0.0010 - 42s/epoch - 31ms/step
Epoch 8/64

Epoch 8: val_loss improved from 0.07691 to 0.07626, saving model to /p/scratch/deepacf/kiste/patakchiyousefi1//HPT/mse_16_0.001_1e-14_0.5_2_16_8_0.1_64.h5
1348/1348 - 42s - loss: 0.0821 - mse: 0.2009 - val_loss: 0.0763 - val_mse: 0.1907 - lr: 5.0000e-04 - 42s/epoch - 31ms/step
Epoch 9/64

Epoch 9: val_loss did not improve from 0.07626
1348/1348 - 42s - loss: 0.0811 - mse: 0.1985 - val_loss: 0.0769 - val_mse: 0.1923 - lr: 5.0000e-04 - 42s/epoch - 31ms/step
Epoch 10/64

Epoch 10: val_loss improved from 0.07626 to 0.07567, saving model to /p/scratch/deepacf/kiste/patakchiyousefi1//HPT/mse_16_0.001_1e-14_0.5_2_16_8_0.1_64.h5
1348/1348 - 42s - loss: 0.0802 - mse: 0.1964 - val_loss: 0.0757 - val_mse: 0.1892 - lr: 5.0000e-04 - 42s/epoch - 31ms/step
Epoch 11/64

Epoch 11: val_loss did not improve from 0.07567
1348/1348 - 41s - loss: 0.0802 - mse: 0.1964 - val_loss: 0.0774 - val_mse: 0.1934 - lr: 5.0000e-04 - 41s/epoch - 31ms/step
Epoch 12/64

Epoch 12: val_loss did not improve from 0.07567
1348/1348 - 42s - loss: 0.0790 - mse: 0.1933 - val_loss: 0.0769 - val_mse: 0.1922 - lr: 5.0000e-04 - 42s/epoch - 31ms/step
Epoch 13/64

Epoch 13: val_loss did not improve from 0.07567
1348/1348 - 42s - loss: 0.0764 - mse: 0.1870 - val_loss: 0.0759 - val_mse: 0.1899 - lr: 2.5000e-04 - 42s/epoch - 31ms/step
Epoch 14/64

Epoch 14: val_loss did not improve from 0.07567
1348/1348 - 42s - loss: 0.0755 - mse: 0.1847 - val_loss: 0.0759 - val_mse: 0.1899 - lr: 2.5000e-04 - 42s/epoch - 31ms/step
Epoch 15/64

Epoch 15: val_loss improved from 0.07567 to 0.07533, saving model to /p/scratch/deepacf/kiste/patakchiyousefi1//HPT/mse_16_0.001_1e-14_0.5_2_16_8_0.1_64.h5
1348/1348 - 41s - loss: 0.0739 - mse: 0.1808 - val_loss: 0.0753 - val_mse: 0.1884 - lr: 1.2500e-04 - 41s/epoch - 31ms/step
Epoch 16/64

Epoch 16: val_loss improved from 0.07533 to 0.07528, saving model to /p/scratch/deepacf/kiste/patakchiyousefi1//HPT/mse_16_0.001_1e-14_0.5_2_16_8_0.1_64.h5
1348/1348 - 42s - loss: 0.0734 - mse: 0.1797 - val_loss: 0.0753 - val_mse: 0.1882 - lr: 1.2500e-04 - 42s/epoch - 31ms/step
Epoch 17/64

Epoch 17: val_loss did not improve from 0.07528
1348/1348 - 42s - loss: 0.0731 - mse: 0.1788 - val_loss: 0.0765 - val_mse: 0.1913 - lr: 1.2500e-04 - 42s/epoch - 31ms/step
Epoch 18/64

Epoch 18: val_loss did not improve from 0.07528
1348/1348 - 42s - loss: 0.0730 - mse: 0.1786 - val_loss: 0.0759 - val_mse: 0.1898 - lr: 1.2500e-04 - 42s/epoch - 31ms/step
Epoch 19/64

Epoch 19: val_loss did not improve from 0.07528
1348/1348 - 41s - loss: 0.0717 - mse: 0.1756 - val_loss: 0.0758 - val_mse: 0.1894 - lr: 6.2500e-05 - 41s/epoch - 31ms/step
Epoch 20/64

Epoch 20: val_loss did not improve from 0.07528
1348/1348 - 41s - loss: 0.0716 - mse: 0.1751 - val_loss: 0.0757 - val_mse: 0.1892 - lr: 6.2500e-05 - 41s/epoch - 30ms/step
Epoch 21/64

Epoch 21: val_loss did not improve from 0.07528
1348/1348 - 41s - loss: 0.0708 - mse: 0.1732 - val_loss: 0.0760 - val_mse: 0.1899 - lr: 3.1250e-05 - 41s/epoch - 30ms/step
Epoch 22/64

Epoch 22: val_loss did not improve from 0.07528
1348/1348 - 41s - loss: 0.0708 - mse: 0.1733 - val_loss: 0.0758 - val_mse: 0.1896 - lr: 3.1250e-05 - 41s/epoch - 31ms/step
Epoch 23/64

Epoch 23: val_loss did not improve from 0.07528
1348/1348 - 41s - loss: 0.0708 - mse: 0.1732 - val_loss: 0.0761 - val_mse: 0.1903 - lr: 1.5625e-05 - 41s/epoch - 31ms/step
Epoch 24/64

Epoch 24: val_loss did not improve from 0.07528
1348/1348 - 41s - loss: 0.0706 - mse: 0.1726 - val_loss: 0.0758 - val_mse: 0.1896 - lr: 1.5625e-05 - 41s/epoch - 31ms/step
Saving and plotting the results...
