2023-07-17 19:07:46.682818: I tensorflow/core/common_runtime/gpu/gpu_device.cc:1613] Created device /job:localhost/replica:0/task:0/device:GPU:0 with 38246 MB memory:  -> device: 0, name: NVIDIA A100-SXM4-40GB, pci bus id: 0000:03:00.0, compute capability: 8.0
2023-07-17 19:07:46.684710: I tensorflow/core/common_runtime/gpu/gpu_device.cc:1613] Created device /job:localhost/replica:0/task:0/device:GPU:1 with 38246 MB memory:  -> device: 1, name: NVIDIA A100-SXM4-40GB, pci bus id: 0000:44:00.0, compute capability: 8.0
2023-07-17 19:07:46.686309: I tensorflow/core/common_runtime/gpu/gpu_device.cc:1613] Created device /job:localhost/replica:0/task:0/device:GPU:2 with 38246 MB memory:  -> device: 2, name: NVIDIA A100-SXM4-40GB, pci bus id: 0000:84:00.0, compute capability: 8.0
2023-07-17 19:07:46.687858: I tensorflow/core/common_runtime/gpu/gpu_device.cc:1613] Created device /job:localhost/replica:0/task:0/device:GPU:3 with 38246 MB memory:  -> device: 3, name: NVIDIA A100-SXM4-40GB, pci bus id: 0000:c4:00.0, compute capability: 8.0
2023-07-17 19:07:59.839831: I tensorflow/compiler/xla/stream_executor/cuda/cuda_dnn.cc:428] Loaded cuDNN version 8600
2023-07-17 19:08:01.525290: I tensorflow/compiler/xla/service/service.cc:173] XLA service 0x14e5592887a0 initialized for platform CUDA (this does not guarantee that XLA will be used). Devices:
2023-07-17 19:08:01.525359: I tensorflow/compiler/xla/service/service.cc:181]   StreamExecutor device (0): NVIDIA A100-SXM4-40GB, Compute Capability 8.0
2023-07-17 19:08:01.525365: I tensorflow/compiler/xla/service/service.cc:181]   StreamExecutor device (1): NVIDIA A100-SXM4-40GB, Compute Capability 8.0
2023-07-17 19:08:01.525369: I tensorflow/compiler/xla/service/service.cc:181]   StreamExecutor device (2): NVIDIA A100-SXM4-40GB, Compute Capability 8.0
2023-07-17 19:08:01.525374: I tensorflow/compiler/xla/service/service.cc:181]   StreamExecutor device (3): NVIDIA A100-SXM4-40GB, Compute Capability 8.0
2023-07-17 19:08:01.531948: I tensorflow/compiler/mlir/tensorflow/utils/dump_mlir_util.cc:268] disabling MLIR crash reproducer, set env var `MLIR_CRASH_REPRODUCER_DIRECTORY` to enable.
2023-07-17 19:08:01.666228: I tensorflow/compiler/jit/xla_compilation_cache.cc:477] Compiled cluster using XLA!  This line is logged at most once for the lifetime of the process.
WARNING:tensorflow:`evaluate()` received a value for `sample_weight`, but `weighted_metrics` were not provided.  Did you mean to pass metrics to `weighted_metrics` in `compile()`?  If this is intentional you can pass `weighted_metrics=[]` to `compile()` in order to silence this warning.
WARNING:tensorflow:`evaluate()` received a value for `sample_weight`, but `weighted_metrics` were not provided.  Did you mean to pass metrics to `weighted_metrics` in `compile()`?  If this is intentional you can pass `weighted_metrics=[]` to `compile()` in order to silence this warning.
WARNING:tensorflow:`evaluate()` received a value for `sample_weight`, but `weighted_metrics` were not provided.  Did you mean to pass metrics to `weighted_metrics` in `compile()`?  If this is intentional you can pass `weighted_metrics=[]` to `compile()` in order to silence this warning.
WARNING:tensorflow:`evaluate()` received a value for `sample_weight`, but `weighted_metrics` were not provided.  Did you mean to pass metrics to `weighted_metrics` in `compile()`?  If this is intentional you can pass `weighted_metrics=[]` to `compile()` in order to silence this warning.
WARNING:tensorflow:`evaluate()` received a value for `sample_weight`, but `weighted_metrics` were not provided.  Did you mean to pass metrics to `weighted_metrics` in `compile()`?  If this is intentional you can pass `weighted_metrics=[]` to `compile()` in order to silence this warning.
WARNING:tensorflow:`evaluate()` received a value for `sample_weight`, but `weighted_metrics` were not provided.  Did you mean to pass metrics to `weighted_metrics` in `compile()`?  If this is intentional you can pass `weighted_metrics=[]` to `compile()` in order to silence this warning.
WARNING:tensorflow:`evaluate()` received a value for `sample_weight`, but `weighted_metrics` were not provided.  Did you mean to pass metrics to `weighted_metrics` in `compile()`?  If this is intentional you can pass `weighted_metrics=[]` to `compile()` in order to silence this warning.
WARNING:tensorflow:`evaluate()` received a value for `sample_weight`, but `weighted_metrics` were not provided.  Did you mean to pass metrics to `weighted_metrics` in `compile()`?  If this is intentional you can pass `weighted_metrics=[]` to `compile()` in order to silence this warning.
WARNING:tensorflow:`evaluate()` received a value for `sample_weight`, but `weighted_metrics` were not provided.  Did you mean to pass metrics to `weighted_metrics` in `compile()`?  If this is intentional you can pass `weighted_metrics=[]` to `compile()` in order to silence this warning.
WARNING:tensorflow:`evaluate()` received a value for `sample_weight`, but `weighted_metrics` were not provided.  Did you mean to pass metrics to `weighted_metrics` in `compile()`?  If this is intentional you can pass `weighted_metrics=[]` to `compile()` in order to silence this warning.
WARNING:tensorflow:`evaluate()` received a value for `sample_weight`, but `weighted_metrics` were not provided.  Did you mean to pass metrics to `weighted_metrics` in `compile()`?  If this is intentional you can pass `weighted_metrics=[]` to `compile()` in order to silence this warning.
WARNING:tensorflow:`evaluate()` received a value for `sample_weight`, but `weighted_metrics` were not provided.  Did you mean to pass metrics to `weighted_metrics` in `compile()`?  If this is intentional you can pass `weighted_metrics=[]` to `compile()` in order to silence this warning.
WARNING:tensorflow:`evaluate()` received a value for `sample_weight`, but `weighted_metrics` were not provided.  Did you mean to pass metrics to `weighted_metrics` in `compile()`?  If this is intentional you can pass `weighted_metrics=[]` to `compile()` in order to silence this warning.
WARNING:tensorflow:`evaluate()` received a value for `sample_weight`, but `weighted_metrics` were not provided.  Did you mean to pass metrics to `weighted_metrics` in `compile()`?  If this is intentional you can pass `weighted_metrics=[]` to `compile()` in order to silence this warning.
WARNING:tensorflow:`evaluate()` received a value for `sample_weight`, but `weighted_metrics` were not provided.  Did you mean to pass metrics to `weighted_metrics` in `compile()`?  If this is intentional you can pass `weighted_metrics=[]` to `compile()` in order to silence this warning.
WARNING:tensorflow:`evaluate()` received a value for `sample_weight`, but `weighted_metrics` were not provided.  Did you mean to pass metrics to `weighted_metrics` in `compile()`?  If this is intentional you can pass `weighted_metrics=[]` to `compile()` in order to silence this warning.
WARNING:tensorflow:`evaluate()` received a value for `sample_weight`, but `weighted_metrics` were not provided.  Did you mean to pass metrics to `weighted_metrics` in `compile()`?  If this is intentional you can pass `weighted_metrics=[]` to `compile()` in order to silence this warning.
WARNING:tensorflow:`evaluate()` received a value for `sample_weight`, but `weighted_metrics` were not provided.  Did you mean to pass metrics to `weighted_metrics` in `compile()`?  If this is intentional you can pass `weighted_metrics=[]` to `compile()` in order to silence this warning.
WARNING:tensorflow:`evaluate()` received a value for `sample_weight`, but `weighted_metrics` were not provided.  Did you mean to pass metrics to `weighted_metrics` in `compile()`?  If this is intentional you can pass `weighted_metrics=[]` to `compile()` in order to silence this warning.
WARNING:tensorflow:`evaluate()` received a value for `sample_weight`, but `weighted_metrics` were not provided.  Did you mean to pass metrics to `weighted_metrics` in `compile()`?  If this is intentional you can pass `weighted_metrics=[]` to `compile()` in order to silence this warning.
WARNING:tensorflow:`evaluate()` received a value for `sample_weight`, but `weighted_metrics` were not provided.  Did you mean to pass metrics to `weighted_metrics` in `compile()`?  If this is intentional you can pass `weighted_metrics=[]` to `compile()` in order to silence this warning.
