train_data_hourly_pr_['HRES']_['HSAF']_MM_6__spatiotemporal_128.256_2022-04-26T13_2023-04-26T23_no_na
Data is available already
Loading training data...
mse_16_1e-05_1e-14_0.5_2_16_8_0.5_64
Training the model...
Epoch 1/64

Epoch 1: val_loss improved from inf to 0.11827, saving model to /p/scratch/deepacf/kiste/patakchiyousefi1//HPT/mse_16_1e-05_1e-14_0.5_2_16_8_0.5_64.h5
274/274 - 41s - loss: 0.5070 - mse: 0.9091 - val_loss: 0.1183 - val_mse: 0.2154 - lr: 1.0000e-05 - 41s/epoch - 151ms/step
Epoch 2/64

Epoch 2: val_loss improved from 0.11827 to 0.09889, saving model to /p/scratch/deepacf/kiste/patakchiyousefi1//HPT/mse_16_1e-05_1e-14_0.5_2_16_8_0.5_64.h5
274/274 - 17s - loss: 0.1446 - mse: 0.2593 - val_loss: 0.0989 - val_mse: 0.1801 - lr: 1.0000e-05 - 17s/epoch - 61ms/step
Epoch 3/64

Epoch 3: val_loss improved from 0.09889 to 0.09151, saving model to /p/scratch/deepacf/kiste/patakchiyousefi1//HPT/mse_16_1e-05_1e-14_0.5_2_16_8_0.5_64.h5
274/274 - 16s - loss: 0.1173 - mse: 0.2104 - val_loss: 0.0915 - val_mse: 0.1667 - lr: 1.0000e-05 - 16s/epoch - 60ms/step
Epoch 4/64

Epoch 4: val_loss improved from 0.09151 to 0.08663, saving model to /p/scratch/deepacf/kiste/patakchiyousefi1//HPT/mse_16_1e-05_1e-14_0.5_2_16_8_0.5_64.h5
274/274 - 17s - loss: 0.1053 - mse: 0.1888 - val_loss: 0.0866 - val_mse: 0.1578 - lr: 1.0000e-05 - 17s/epoch - 61ms/step
Epoch 5/64

Epoch 5: val_loss improved from 0.08663 to 0.08318, saving model to /p/scratch/deepacf/kiste/patakchiyousefi1//HPT/mse_16_1e-05_1e-14_0.5_2_16_8_0.5_64.h5
274/274 - 17s - loss: 0.0980 - mse: 0.1757 - val_loss: 0.0832 - val_mse: 0.1515 - lr: 1.0000e-05 - 17s/epoch - 61ms/step
Epoch 6/64

Epoch 6: val_loss improved from 0.08318 to 0.08054, saving model to /p/scratch/deepacf/kiste/patakchiyousefi1//HPT/mse_16_1e-05_1e-14_0.5_2_16_8_0.5_64.h5
274/274 - 17s - loss: 0.0929 - mse: 0.1666 - val_loss: 0.0805 - val_mse: 0.1467 - lr: 1.0000e-05 - 17s/epoch - 61ms/step
Epoch 7/64

Epoch 7: val_loss improved from 0.08054 to 0.07888, saving model to /p/scratch/deepacf/kiste/patakchiyousefi1//HPT/mse_16_1e-05_1e-14_0.5_2_16_8_0.5_64.h5
274/274 - 17s - loss: 0.0890 - mse: 0.1595 - val_loss: 0.0789 - val_mse: 0.1437 - lr: 1.0000e-05 - 17s/epoch - 61ms/step
Epoch 8/64

Epoch 8: val_loss improved from 0.07888 to 0.07749, saving model to /p/scratch/deepacf/kiste/patakchiyousefi1//HPT/mse_16_1e-05_1e-14_0.5_2_16_8_0.5_64.h5
274/274 - 17s - loss: 0.0861 - mse: 0.1543 - val_loss: 0.0775 - val_mse: 0.1412 - lr: 1.0000e-05 - 17s/epoch - 61ms/step
Epoch 9/64

Epoch 9: val_loss improved from 0.07749 to 0.07680, saving model to /p/scratch/deepacf/kiste/patakchiyousefi1//HPT/mse_16_1e-05_1e-14_0.5_2_16_8_0.5_64.h5
274/274 - 17s - loss: 0.0838 - mse: 0.1502 - val_loss: 0.0768 - val_mse: 0.1399 - lr: 1.0000e-05 - 17s/epoch - 61ms/step
Epoch 10/64

Epoch 10: val_loss improved from 0.07680 to 0.07615, saving model to /p/scratch/deepacf/kiste/patakchiyousefi1//HPT/mse_16_1e-05_1e-14_0.5_2_16_8_0.5_64.h5
274/274 - 17s - loss: 0.0820 - mse: 0.1470 - val_loss: 0.0761 - val_mse: 0.1387 - lr: 1.0000e-05 - 17s/epoch - 61ms/step
Epoch 11/64

Epoch 11: val_loss improved from 0.07615 to 0.07556, saving model to /p/scratch/deepacf/kiste/patakchiyousefi1//HPT/mse_16_1e-05_1e-14_0.5_2_16_8_0.5_64.h5
274/274 - 17s - loss: 0.0804 - mse: 0.1442 - val_loss: 0.0756 - val_mse: 0.1376 - lr: 1.0000e-05 - 17s/epoch - 61ms/step
Epoch 12/64

Epoch 12: val_loss improved from 0.07556 to 0.07530, saving model to /p/scratch/deepacf/kiste/patakchiyousefi1//HPT/mse_16_1e-05_1e-14_0.5_2_16_8_0.5_64.h5
274/274 - 17s - loss: 0.0793 - mse: 0.1421 - val_loss: 0.0753 - val_mse: 0.1372 - lr: 1.0000e-05 - 17s/epoch - 61ms/step
Epoch 13/64

Epoch 13: val_loss did not improve from 0.07530
274/274 - 16s - loss: 0.0781 - mse: 0.1400 - val_loss: 0.0755 - val_mse: 0.1375 - lr: 1.0000e-05 - 16s/epoch - 59ms/step
Epoch 14/64

Epoch 14: val_loss did not improve from 0.07530
274/274 - 16s - loss: 0.0775 - mse: 0.1389 - val_loss: 0.0753 - val_mse: 0.1372 - lr: 1.0000e-05 - 16s/epoch - 60ms/step
Epoch 15/64

Epoch 15: val_loss improved from 0.07530 to 0.07525, saving model to /p/scratch/deepacf/kiste/patakchiyousefi1//HPT/mse_16_1e-05_1e-14_0.5_2_16_8_0.5_64.h5
274/274 - 17s - loss: 0.0767 - mse: 0.1375 - val_loss: 0.0752 - val_mse: 0.1371 - lr: 5.0000e-06 - 17s/epoch - 61ms/step
Epoch 16/64

Epoch 16: val_loss improved from 0.07525 to 0.07476, saving model to /p/scratch/deepacf/kiste/patakchiyousefi1//HPT/mse_16_1e-05_1e-14_0.5_2_16_8_0.5_64.h5
274/274 - 17s - loss: 0.0760 - mse: 0.1363 - val_loss: 0.0748 - val_mse: 0.1362 - lr: 5.0000e-06 - 17s/epoch - 61ms/step
Epoch 17/64

Epoch 17: val_loss improved from 0.07476 to 0.07440, saving model to /p/scratch/deepacf/kiste/patakchiyousefi1//HPT/mse_16_1e-05_1e-14_0.5_2_16_8_0.5_64.h5
274/274 - 17s - loss: 0.0755 - mse: 0.1354 - val_loss: 0.0744 - val_mse: 0.1355 - lr: 5.0000e-06 - 17s/epoch - 61ms/step
Epoch 18/64

Epoch 18: val_loss improved from 0.07440 to 0.07429, saving model to /p/scratch/deepacf/kiste/patakchiyousefi1//HPT/mse_16_1e-05_1e-14_0.5_2_16_8_0.5_64.h5
274/274 - 17s - loss: 0.0752 - mse: 0.1349 - val_loss: 0.0743 - val_mse: 0.1353 - lr: 5.0000e-06 - 17s/epoch - 62ms/step
Epoch 19/64

Epoch 19: val_loss improved from 0.07429 to 0.07425, saving model to /p/scratch/deepacf/kiste/patakchiyousefi1//HPT/mse_16_1e-05_1e-14_0.5_2_16_8_0.5_64.h5
274/274 - 17s - loss: 0.0749 - mse: 0.1342 - val_loss: 0.0743 - val_mse: 0.1353 - lr: 5.0000e-06 - 17s/epoch - 62ms/step
Epoch 20/64

Epoch 20: val_loss did not improve from 0.07425
274/274 - 16s - loss: 0.0744 - mse: 0.1334 - val_loss: 0.0746 - val_mse: 0.1358 - lr: 5.0000e-06 - 16s/epoch - 59ms/step
Epoch 21/64

Epoch 21: val_loss improved from 0.07425 to 0.07412, saving model to /p/scratch/deepacf/kiste/patakchiyousefi1//HPT/mse_16_1e-05_1e-14_0.5_2_16_8_0.5_64.h5
274/274 - 17s - loss: 0.0743 - mse: 0.1332 - val_loss: 0.0741 - val_mse: 0.1350 - lr: 5.0000e-06 - 17s/epoch - 60ms/step
Epoch 22/64

Epoch 22: val_loss did not improve from 0.07412
274/274 - 16s - loss: 0.0740 - mse: 0.1327 - val_loss: 0.0745 - val_mse: 0.1357 - lr: 5.0000e-06 - 16s/epoch - 59ms/step
Epoch 23/64

Epoch 23: val_loss improved from 0.07412 to 0.07370, saving model to /p/scratch/deepacf/kiste/patakchiyousefi1//HPT/mse_16_1e-05_1e-14_0.5_2_16_8_0.5_64.h5
274/274 - 16s - loss: 0.0734 - mse: 0.1315 - val_loss: 0.0737 - val_mse: 0.1343 - lr: 5.0000e-06 - 16s/epoch - 60ms/step
Epoch 24/64

Epoch 24: val_loss improved from 0.07370 to 0.07357, saving model to /p/scratch/deepacf/kiste/patakchiyousefi1//HPT/mse_16_1e-05_1e-14_0.5_2_16_8_0.5_64.h5
274/274 - 17s - loss: 0.0732 - mse: 0.1312 - val_loss: 0.0736 - val_mse: 0.1340 - lr: 5.0000e-06 - 17s/epoch - 61ms/step
Epoch 25/64

Epoch 25: val_loss did not improve from 0.07357
274/274 - 16s - loss: 0.0727 - mse: 0.1304 - val_loss: 0.0742 - val_mse: 0.1352 - lr: 5.0000e-06 - 16s/epoch - 59ms/step
Epoch 26/64
