train_data_hourly_pr_['HRES']_['HSAF']_MM_6__spatiotemporal_128.256_2020-07-01T13_2023-03-26T23_no_na
Data is available already
Loading training data...
mse_64_0.0001_None_0.1_2_4_8_0.5_64
Training the model...
Epoch 1/64

Epoch 1: val_loss improved from inf to 0.10164, saving model to /p/scratch/deepacf/kiste/patakchiyousefi1//HPT/mse_64_0.0001_None_0.1_2_4_8_0.5_64.h5
2996/2996 - 111s - loss: 0.0960 - val_loss: 0.1016 - lr: 1.0000e-04 - 111s/epoch - 37ms/step
Epoch 2/64

Epoch 2: val_loss did not improve from 0.10164
2996/2996 - 89s - loss: 0.0923 - val_loss: 0.1098 - lr: 1.0000e-04 - 89s/epoch - 30ms/step
Epoch 3/64

Epoch 3: val_loss did not improve from 0.10164
2996/2996 - 88s - loss: 0.0917 - val_loss: 0.1043 - lr: 1.0000e-04 - 88s/epoch - 29ms/step
Epoch 4/64

Epoch 4: val_loss did not improve from 0.10164
2996/2996 - 88s - loss: 0.0909 - val_loss: 0.1024 - lr: 1.0000e-04 - 88s/epoch - 29ms/step
Epoch 5/64

Epoch 5: val_loss did not improve from 0.10164
2996/2996 - 89s - loss: 0.0905 - val_loss: 0.1019 - lr: 1.0000e-04 - 89s/epoch - 30ms/step
Epoch 6/64

Epoch 6: val_loss improved from 0.10164 to 0.10101, saving model to /p/scratch/deepacf/kiste/patakchiyousefi1//HPT/mse_64_0.0001_None_0.1_2_4_8_0.5_64.h5
2996/2996 - 89s - loss: 0.0899 - val_loss: 0.1010 - lr: 1.0000e-04 - 89s/epoch - 30ms/step
Epoch 7/64

Epoch 7: val_loss did not improve from 0.10101
2996/2996 - 88s - loss: 0.0896 - val_loss: 0.1015 - lr: 1.0000e-04 - 88s/epoch - 29ms/step
Epoch 8/64

Epoch 8: val_loss improved from 0.10101 to 0.10091, saving model to /p/scratch/deepacf/kiste/patakchiyousefi1//HPT/mse_64_0.0001_None_0.1_2_4_8_0.5_64.h5
2996/2996 - 88s - loss: 0.0891 - val_loss: 0.1009 - lr: 1.0000e-04 - 88s/epoch - 29ms/step
Epoch 9/64

Epoch 9: val_loss improved from 0.10091 to 0.10024, saving model to /p/scratch/deepacf/kiste/patakchiyousefi1//HPT/mse_64_0.0001_None_0.1_2_4_8_0.5_64.h5
2996/2996 - 89s - loss: 0.0886 - val_loss: 0.1002 - lr: 1.0000e-04 - 89s/epoch - 30ms/step
Epoch 10/64

Epoch 10: val_loss improved from 0.10024 to 0.09998, saving model to /p/scratch/deepacf/kiste/patakchiyousefi1//HPT/mse_64_0.0001_None_0.1_2_4_8_0.5_64.h5
2996/2996 - 89s - loss: 0.0880 - val_loss: 0.1000 - lr: 1.0000e-04 - 89s/epoch - 30ms/step
Epoch 11/64

Epoch 11: val_loss improved from 0.09998 to 0.09956, saving model to /p/scratch/deepacf/kiste/patakchiyousefi1//HPT/mse_64_0.0001_None_0.1_2_4_8_0.5_64.h5
2996/2996 - 89s - loss: 0.0872 - val_loss: 0.0996 - lr: 1.0000e-04 - 89s/epoch - 30ms/step
Epoch 12/64

Epoch 12: val_loss improved from 0.09956 to 0.09948, saving model to /p/scratch/deepacf/kiste/patakchiyousefi1//HPT/mse_64_0.0001_None_0.1_2_4_8_0.5_64.h5
2996/2996 - 89s - loss: 0.0860 - val_loss: 0.0995 - lr: 1.0000e-04 - 89s/epoch - 30ms/step
Epoch 13/64

Epoch 13: val_loss improved from 0.09948 to 0.09853, saving model to /p/scratch/deepacf/kiste/patakchiyousefi1//HPT/mse_64_0.0001_None_0.1_2_4_8_0.5_64.h5
2996/2996 - 89s - loss: 0.0851 - val_loss: 0.0985 - lr: 1.0000e-04 - 89s/epoch - 30ms/step
Epoch 14/64

Epoch 14: val_loss did not improve from 0.09853
2996/2996 - 88s - loss: 0.0844 - val_loss: 0.0989 - lr: 1.0000e-04 - 88s/epoch - 29ms/step
Epoch 15/64

Epoch 15: val_loss improved from 0.09853 to 0.09810, saving model to /p/scratch/deepacf/kiste/patakchiyousefi1//HPT/mse_64_0.0001_None_0.1_2_4_8_0.5_64.h5
2996/2996 - 88s - loss: 0.0834 - val_loss: 0.0981 - lr: 1.0000e-04 - 88s/epoch - 30ms/step
Epoch 16/64

Epoch 16: val_loss improved from 0.09810 to 0.09805, saving model to /p/scratch/deepacf/kiste/patakchiyousefi1//HPT/mse_64_0.0001_None_0.1_2_4_8_0.5_64.h5
2996/2996 - 89s - loss: 0.0830 - val_loss: 0.0980 - lr: 1.0000e-04 - 89s/epoch - 30ms/step
Epoch 17/64

Epoch 17: val_loss did not improve from 0.09805
2996/2996 - 88s - loss: 0.0826 - val_loss: 0.0985 - lr: 1.0000e-04 - 88s/epoch - 29ms/step
Epoch 18/64

Epoch 18: val_loss did not improve from 0.09805
2996/2996 - 88s - loss: 0.0822 - val_loss: 0.1006 - lr: 1.0000e-04 - 88s/epoch - 29ms/step
Epoch 19/64

Epoch 19: val_loss did not improve from 0.09805
2996/2996 - 88s - loss: 0.0818 - val_loss: 0.1003 - lr: 1.0000e-04 - 88s/epoch - 29ms/step
Epoch 20/64

Epoch 20: val_loss did not improve from 0.09805
2996/2996 - 88s - loss: 0.0813 - val_loss: 0.0997 - lr: 1.0000e-04 - 88s/epoch - 29ms/step
Epoch 21/64

Epoch 21: val_loss did not improve from 0.09805
2996/2996 - 88s - loss: 0.0812 - val_loss: 0.1014 - lr: 1.0000e-04 - 88s/epoch - 29ms/step
Epoch 22/64

Epoch 22: val_loss did not improve from 0.09805
2996/2996 - 88s - loss: 0.0806 - val_loss: 0.1015 - lr: 1.0000e-04 - 88s/epoch - 29ms/step
Epoch 23/64

Epoch 23: val_loss did not improve from 0.09805
2996/2996 - 88s - loss: 0.0803 - val_loss: 0.1018 - lr: 1.0000e-04 - 88s/epoch - 29ms/step
Epoch 24/64

Epoch 24: val_loss did not improve from 0.09805
2996/2996 - 88s - loss: 0.0801 - val_loss: 0.1033 - lr: 1.0000e-04 - 88s/epoch - 29ms/step
Saving and plotting the results...
