train_data_hourly_pr_['HRES']_['HSAF']_MM_6__spatiotemporal_128.256_2020-07-01T13_2023-03-26T23_no_na
Data is available already
Loading training data...
mse_64_0.1_1e-05_0.9_2_8_8_0.5_64
Training the model...
Epoch 1/64

Epoch 1: val_loss improved from inf to 0.33716, saving model to /p/scratch/deepacf/kiste/patakchiyousefi1//HPT/mse_64_0.1_1e-05_0.9_2_8_8_0.5_64.h5
1498/1498 - 101s - loss: 1959.0790 - mse: 672027.0625 - val_loss: 0.3372 - val_mse: 686885.5625 - lr: 0.1000 - 101s/epoch - 67ms/step
Epoch 2/64

Epoch 2: val_loss improved from 0.33716 to 0.00885, saving model to /p/scratch/deepacf/kiste/patakchiyousefi1//HPT/mse_64_0.1_1e-05_0.9_2_8_8_0.5_64.h5
1498/1498 - 74s - loss: 0.0308 - mse: 680930.5000 - val_loss: 0.0089 - val_mse: 689226.8125 - lr: 0.1000 - 74s/epoch - 49ms/step
Epoch 3/64

Epoch 3: val_loss did not improve from 0.00885
1498/1498 - 73s - loss: 0.0581 - mse: 680076.1875 - val_loss: 0.9245 - val_mse: 693334.8750 - lr: 0.1000 - 73s/epoch - 49ms/step
Epoch 4/64

Epoch 4: val_loss did not improve from 0.00885
1498/1498 - 73s - loss: 2.2530 - mse: 673404.9375 - val_loss: 145.6761 - val_mse: 689148.0000 - lr: 0.1000 - 73s/epoch - 49ms/step
Epoch 5/64

Epoch 5: val_loss did not improve from 0.00885
1498/1498 - 73s - loss: 6.5279 - mse: 642518.8750 - val_loss: 0.0227 - val_mse: 638246.4375 - lr: 0.0900 - 73s/epoch - 49ms/step
Epoch 6/64

Epoch 6: val_loss improved from 0.00885 to 0.00210, saving model to /p/scratch/deepacf/kiste/patakchiyousefi1//HPT/mse_64_0.1_1e-05_0.9_2_8_8_0.5_64.h5
1498/1498 - 73s - loss: 0.0082 - mse: 636485.7500 - val_loss: 0.0021 - val_mse: 641695.7500 - lr: 0.0900 - 73s/epoch - 49ms/step
Epoch 7/64

Epoch 7: val_loss did not improve from 0.00210
1498/1498 - 73s - loss: 2.9449 - mse: 633915.7500 - val_loss: 52.6629 - val_mse: 885962.3125 - lr: 0.0900 - 73s/epoch - 49ms/step
Epoch 8/64

Epoch 8: val_loss improved from 0.00210 to 0.00147, saving model to /p/scratch/deepacf/kiste/patakchiyousefi1//HPT/mse_64_0.1_1e-05_0.9_2_8_8_0.5_64.h5
1498/1498 - 73s - loss: 1.2537 - mse: 630451.7500 - val_loss: 0.0015 - val_mse: 630526.3125 - lr: 0.0900 - 73s/epoch - 49ms/step
Epoch 9/64

Epoch 9: val_loss did not improve from 0.00147
1498/1498 - 73s - loss: 1.5379 - mse: 628934.5000 - val_loss: 0.0032 - val_mse: 632868.5000 - lr: 0.0900 - 73s/epoch - 48ms/step
Epoch 10/64

Epoch 10: val_loss improved from 0.00147 to 0.00085, saving model to /p/scratch/deepacf/kiste/patakchiyousefi1//HPT/mse_64_0.1_1e-05_0.9_2_8_8_0.5_64.h5
1498/1498 - 73s - loss: 1.5444 - mse: 626979.7500 - val_loss: 8.4530e-04 - val_mse: 632698.2500 - lr: 0.0900 - 73s/epoch - 49ms/step
Epoch 11/64

Epoch 11: val_loss did not improve from 0.00085
1498/1498 - 73s - loss: 2.4494 - mse: 622402.6875 - val_loss: 0.0293 - val_mse: 629431.7500 - lr: 0.0900 - 73s/epoch - 49ms/step
Epoch 12/64

Epoch 12: val_loss did not improve from 0.00085
1498/1498 - 73s - loss: 2.9063 - mse: 620861.3750 - val_loss: 0.1674 - val_mse: 615864.8125 - lr: 0.0900 - 73s/epoch - 49ms/step
Epoch 13/64

Epoch 13: val_loss did not improve from 0.00085
1498/1498 - 73s - loss: 0.8158 - mse: 620120.4375 - val_loss: 0.1400 - val_mse: 618092.4375 - lr: 0.0810 - 73s/epoch - 49ms/step
Epoch 14/64

Epoch 14: val_loss improved from 0.00085 to 0.00026, saving model to /p/scratch/deepacf/kiste/patakchiyousefi1//HPT/mse_64_0.1_1e-05_0.9_2_8_8_0.5_64.h5
1498/1498 - 73s - loss: 1.7200 - mse: 619633.5000 - val_loss: 2.6056e-04 - val_mse: 621288.1250 - lr: 0.0810 - 73s/epoch - 49ms/step
Epoch 15/64

Epoch 15: val_loss did not improve from 0.00026
1498/1498 - 73s - loss: 0.8931 - mse: 619432.8125 - val_loss: 1.2305 - val_mse: 651948.9375 - lr: 0.0810 - 73s/epoch - 48ms/step
Epoch 16/64

Epoch 16: val_loss improved from 0.00026 to 0.00019, saving model to /p/scratch/deepacf/kiste/patakchiyousefi1//HPT/mse_64_0.1_1e-05_0.9_2_8_8_0.5_64.h5
1498/1498 - 73s - loss: 1.9482 - mse: 619147.3750 - val_loss: 1.9310e-04 - val_mse: 621763.0000 - lr: 0.0810 - 73s/epoch - 49ms/step
Epoch 17/64

Epoch 17: val_loss did not improve from 0.00019
1498/1498 - 73s - loss: 0.8643 - mse: 619098.1250 - val_loss: 3.9168e-04 - val_mse: 621578.8750 - lr: 0.0729 - 73s/epoch - 49ms/step
Epoch 18/64
