train_data_hourly_pr_['HRES']_['HSAF']_MM_6__spatiotemporal_128.256_2020-07-01T13_2023-03-26T23_no_na
Data is available already
Loading training data...
mse_32_0.1_1e-05_0.9_2_4_8_0.5_64
Training the model...
Epoch 1/64

Epoch 1: val_loss improved from inf to 0.01761, saving model to /p/scratch/deepacf/kiste/patakchiyousefi1//HPT/mse_32_0.1_1e-05_0.9_2_4_8_0.5_64.h5
2996/2996 - 70s - loss: 1615.8761 - mse: 587768.5625 - val_loss: 0.0176 - val_mse: 600207.5000 - lr: 0.1000 - 70s/epoch - 23ms/step
Epoch 2/64

Epoch 2: val_loss did not improve from 0.01761
2996/2996 - 50s - loss: 0.2868 - mse: 590794.0000 - val_loss: 0.5108 - val_mse: 623550.3750 - lr: 0.1000 - 50s/epoch - 17ms/step
Epoch 3/64

Epoch 3: val_loss did not improve from 0.01761
2996/2996 - 50s - loss: 10.6856 - mse: 556705.4375 - val_loss: 0.1360 - val_mse: 554626.3125 - lr: 0.1000 - 50s/epoch - 17ms/step
Epoch 4/64

Epoch 4: val_loss did not improve from 0.01761
2996/2996 - 51s - loss: 2.2695 - mse: 548481.6875 - val_loss: 0.0639 - val_mse: 554557.5625 - lr: 0.0900 - 51s/epoch - 17ms/step
Epoch 5/64

Epoch 5: val_loss did not improve from 0.01761
2996/2996 - 50s - loss: 1.8494 - mse: 548324.1875 - val_loss: 17.1920 - val_mse: 547431.0000 - lr: 0.0900 - 50s/epoch - 17ms/step
Epoch 6/64
