train_data_hourly_pr_['HRES']_['HSAF']_MM_6__spatiotemporal_128.256_2020-07-01T13_2023-03-26T23_no_na
Data is available already
Loading training data...
mse_16_0.1_1e-05_0.9_2_8_8_0.5_64
Training the model...
Epoch 1/64

Epoch 1: val_loss improved from inf to 0.63418, saving model to /p/scratch/deepacf/kiste/patakchiyousefi1//HPT/mse_16_0.1_1e-05_0.9_2_8_8_0.5_64.h5
1498/1498 - 52s - loss: 3799.0369 - mse: 581178.7500 - val_loss: 0.6342 - val_mse: 603513.3125 - lr: 0.1000 - 52s/epoch - 35ms/step
Epoch 2/64

Epoch 2: val_loss improved from 0.63418 to 0.03534, saving model to /p/scratch/deepacf/kiste/patakchiyousefi1//HPT/mse_16_0.1_1e-05_0.9_2_8_8_0.5_64.h5
1498/1498 - 30s - loss: 0.0805 - mse: 602229.5000 - val_loss: 0.0353 - val_mse: 605239.5000 - lr: 0.1000 - 30s/epoch - 20ms/step
Epoch 3/64

Epoch 3: val_loss did not improve from 0.03534
1498/1498 - 28s - loss: 0.0521 - mse: 602551.5000 - val_loss: 0.3661 - val_mse: 604545.2500 - lr: 0.1000 - 28s/epoch - 18ms/step
Epoch 4/64

Epoch 4: val_loss did not improve from 0.03534
1498/1498 - 29s - loss: 0.0358 - mse: 602225.0000 - val_loss: 0.0505 - val_mse: 636763.3125 - lr: 0.1000 - 29s/epoch - 20ms/step
Epoch 5/64

Epoch 5: val_loss did not improve from 0.03534
1498/1498 - 29s - loss: 0.0878 - mse: 601699.3750 - val_loss: 0.0783 - val_mse: 600636.5625 - lr: 0.0900 - 29s/epoch - 20ms/step
Epoch 6/64

Epoch 6: val_loss did not improve from 0.03534
1498/1498 - 30s - loss: 0.5217 - mse: 598569.3125 - val_loss: 0.1218 - val_mse: 616787.2500 - lr: 0.0900 - 30s/epoch - 20ms/step
Epoch 7/64

Epoch 7: val_loss did not improve from 0.03534
1498/1498 - 29s - loss: 0.5806 - mse: 594421.1875 - val_loss: 0.2065 - val_mse: 597186.4375 - lr: 0.0810 - 29s/epoch - 19ms/step
Epoch 8/64

Epoch 8: val_loss did not improve from 0.03534
1498/1498 - 29s - loss: 0.9343 - mse: 589667.3750 - val_loss: 12.2488 - val_mse: 607018.1250 - lr: 0.0810 - 29s/epoch - 19ms/step
Epoch 9/64

Epoch 9: val_loss improved from 0.03534 to 0.02151, saving model to /p/scratch/deepacf/kiste/patakchiyousefi1//HPT/mse_16_0.1_1e-05_0.9_2_8_8_0.5_64.h5
1498/1498 - 30s - loss: 0.1621 - mse: 589084.8750 - val_loss: 0.0215 - val_mse: 582677.8750 - lr: 0.0729 - 30s/epoch - 20ms/step
Epoch 10/64

Epoch 10: val_loss did not improve from 0.02151
1498/1498 - 30s - loss: 0.8811 - mse: 587910.4375 - val_loss: 0.4911 - val_mse: 592018.5625 - lr: 0.0729 - 30s/epoch - 20ms/step
Epoch 11/64

Epoch 11: val_loss improved from 0.02151 to 0.00952, saving model to /p/scratch/deepacf/kiste/patakchiyousefi1//HPT/mse_16_0.1_1e-05_0.9_2_8_8_0.5_64.h5
1498/1498 - 30s - loss: 0.2409 - mse: 587497.1875 - val_loss: 0.0095 - val_mse: 590652.4375 - lr: 0.0729 - 30s/epoch - 20ms/step
Epoch 12/64

Epoch 12: val_loss did not improve from 0.00952
1498/1498 - 29s - loss: 0.2260 - mse: 587344.6875 - val_loss: 0.0568 - val_mse: 589127.3125 - lr: 0.0729 - 29s/epoch - 19ms/step
Epoch 13/64

Epoch 13: val_loss did not improve from 0.00952
1498/1498 - 29s - loss: 0.5593 - mse: 587533.5625 - val_loss: 0.0246 - val_mse: 592780.4375 - lr: 0.0729 - 29s/epoch - 19ms/step
Epoch 14/64

Epoch 14: val_loss did not improve from 0.00952
1498/1498 - 29s - loss: 0.4793 - mse: 587627.1250 - val_loss: 0.0673 - val_mse: 591308.9375 - lr: 0.0656 - 29s/epoch - 19ms/step
Epoch 15/64

Epoch 15: val_loss did not improve from 0.00952
1498/1498 - 29s - loss: 0.0270 - mse: 587842.1250 - val_loss: 0.0512 - val_mse: 590815.6250 - lr: 0.0656 - 29s/epoch - 19ms/step
Epoch 16/64

Epoch 16: val_loss did not improve from 0.00952
1498/1498 - 29s - loss: 0.5931 - mse: 587873.3750 - val_loss: 0.4595 - val_mse: 589377.6250 - lr: 0.0590 - 29s/epoch - 19ms/step
Epoch 17/64

Epoch 17: val_loss improved from 0.00952 to 0.00007, saving model to /p/scratch/deepacf/kiste/patakchiyousefi1//HPT/mse_16_0.1_1e-05_0.9_2_8_8_0.5_64.h5
1498/1498 - 29s - loss: 0.0325 - mse: 588208.6250 - val_loss: 6.9764e-05 - val_mse: 592078.0000 - lr: 0.0590 - 29s/epoch - 20ms/step
Epoch 18/64

Epoch 18: val_loss did not improve from 0.00007
1498/1498 - 29s - loss: 0.4501 - mse: 588835.8125 - val_loss: 3.1541e-04 - val_mse: 596253.9375 - lr: 0.0590 - 29s/epoch - 19ms/step
Epoch 19/64

Epoch 19: val_loss did not improve from 0.00007
1498/1498 - 29s - loss: 0.2187 - mse: 588733.4375 - val_loss: 1.0944 - val_mse: 606796.8750 - lr: 0.0590 - 29s/epoch - 20ms/step
Epoch 20/64

Epoch 20: val_loss did not improve from 0.00007
1498/1498 - 29s - loss: 0.4025 - mse: 588931.3125 - val_loss: 0.0094 - val_mse: 590033.9375 - lr: 0.0531 - 29s/epoch - 19ms/step
Epoch 21/64

Epoch 21: val_loss did not improve from 0.00007
1498/1498 - 28s - loss: 4.1093e-04 - mse: 589190.1250 - val_loss: 0.0100 - val_mse: 596830.5625 - lr: 0.0531 - 28s/epoch - 19ms/step
Epoch 22/64

Epoch 22: val_loss did not improve from 0.00007
1498/1498 - 29s - loss: 0.3662 - mse: 589370.5625 - val_loss: 1.1771e-04 - val_mse: 595398.3125 - lr: 0.0478 - 29s/epoch - 19ms/step
Epoch 23/64

Epoch 23: val_loss did not improve from 0.00007
1498/1498 - 28s - loss: 0.1054 - mse: 589691.5000 - val_loss: 5.2441e-04 - val_mse: 594932.1250 - lr: 0.0478 - 28s/epoch - 19ms/step
Epoch 24/64

Epoch 24: val_loss did not improve from 0.00007
1498/1498 - 27s - loss: 0.4127 - mse: 589905.9375 - val_loss: 3.8205e-04 - val_mse: 594809.5000 - lr: 0.0430 - 27s/epoch - 18ms/step
Epoch 25/64

Epoch 25: val_loss did not improve from 0.00007
1498/1498 - 29s - loss: 6.6559e-05 - mse: 590159.6250 - val_loss: 0.0017 - val_mse: 597413.1875 - lr: 0.0430 - 29s/epoch - 19ms/step
Saving and plotting the results...
