train_data_hourly_pr_['HRES']_['HSAF']_MM_6__spatiotemporal_128.256_2020-07-01T13_2023-03-26T23_no_na
Data is available already
Loading training data...
mse_16_0.01_1e-08_0.5_2_64_8_0.5_64
Training the model...
Epoch 1/64

Epoch 1: val_loss improved from inf to 0.09861, saving model to /p/scratch/deepacf/kiste/patakchiyousefi1//HPT/mse_16_0.01_1e-08_0.5_2_64_8_0.5_64.h5
188/188 - 41s - loss: 0.0930 - mse: 215284.7812 - val_loss: 0.0986 - val_mse: 231639.4219 - lr: 0.0100 - 41s/epoch - 216ms/step
Epoch 2/64

Epoch 2: val_loss improved from 0.09861 to 0.09513, saving model to /p/scratch/deepacf/kiste/patakchiyousefi1//HPT/mse_16_0.01_1e-08_0.5_2_64_8_0.5_64.h5
188/188 - 19s - loss: 0.0796 - mse: 215284.1250 - val_loss: 0.0951 - val_mse: 231648.5625 - lr: 0.0100 - 19s/epoch - 100ms/step
Epoch 3/64

Epoch 3: val_loss did not improve from 0.09513
188/188 - 19s - loss: 0.0782 - mse: 215283.2656 - val_loss: 0.1064 - val_mse: 231648.1875 - lr: 0.0100 - 19s/epoch - 99ms/step
Epoch 4/64

Epoch 4: val_loss improved from 0.09513 to 0.09491, saving model to /p/scratch/deepacf/kiste/patakchiyousefi1//HPT/mse_16_0.01_1e-08_0.5_2_64_8_0.5_64.h5
188/188 - 19s - loss: 0.0776 - mse: 215283.0469 - val_loss: 0.0949 - val_mse: 231605.4219 - lr: 0.0100 - 19s/epoch - 103ms/step
Epoch 5/64

Epoch 5: val_loss improved from 0.09491 to 0.09308, saving model to /p/scratch/deepacf/kiste/patakchiyousefi1//HPT/mse_16_0.01_1e-08_0.5_2_64_8_0.5_64.h5
188/188 - 18s - loss: 0.0771 - mse: 215283.0938 - val_loss: 0.0931 - val_mse: 231602.0469 - lr: 0.0100 - 18s/epoch - 98ms/step
Epoch 6/64

Epoch 6: val_loss improved from 0.09308 to 0.09075, saving model to /p/scratch/deepacf/kiste/patakchiyousefi1//HPT/mse_16_0.01_1e-08_0.5_2_64_8_0.5_64.h5
188/188 - 18s - loss: 0.0771 - mse: 215282.4375 - val_loss: 0.0908 - val_mse: 231609.8594 - lr: 0.0100 - 18s/epoch - 98ms/step
Epoch 7/64

Epoch 7: val_loss did not improve from 0.09075
188/188 - 18s - loss: 0.0762 - mse: 215282.8125 - val_loss: 0.0971 - val_mse: 231614.9688 - lr: 0.0100 - 18s/epoch - 97ms/step
Epoch 8/64

Epoch 8: val_loss did not improve from 0.09075
188/188 - 18s - loss: 0.0769 - mse: 215282.6875 - val_loss: 0.0996 - val_mse: 231601.1250 - lr: 0.0100 - 18s/epoch - 97ms/step
Epoch 9/64

Epoch 9: val_loss improved from 0.09075 to 0.09052, saving model to /p/scratch/deepacf/kiste/patakchiyousefi1//HPT/mse_16_0.01_1e-08_0.5_2_64_8_0.5_64.h5
188/188 - 18s - loss: 0.0747 - mse: 215283.6250 - val_loss: 0.0905 - val_mse: 231617.3750 - lr: 0.0050 - 18s/epoch - 97ms/step
Epoch 10/64

Epoch 10: val_loss did not improve from 0.09052
188/188 - 18s - loss: 0.0738 - mse: 215283.2656 - val_loss: 0.0939 - val_mse: 231598.4375 - lr: 0.0050 - 18s/epoch - 97ms/step
Epoch 11/64

Epoch 11: val_loss did not improve from 0.09052
188/188 - 18s - loss: 0.0740 - mse: 215283.2188 - val_loss: 0.0924 - val_mse: 231587.1875 - lr: 0.0050 - 18s/epoch - 96ms/step
Epoch 12/64

Epoch 12: val_loss did not improve from 0.09052
188/188 - 18s - loss: 0.0726 - mse: 215283.4375 - val_loss: 0.0909 - val_mse: 231585.6406 - lr: 0.0025 - 18s/epoch - 95ms/step
Epoch 13/64

Epoch 13: val_loss improved from 0.09052 to 0.08933, saving model to /p/scratch/deepacf/kiste/patakchiyousefi1//HPT/mse_16_0.01_1e-08_0.5_2_64_8_0.5_64.h5
188/188 - 19s - loss: 0.0722 - mse: 215282.9219 - val_loss: 0.0893 - val_mse: 231606.0469 - lr: 0.0025 - 19s/epoch - 100ms/step
Epoch 14/64

Epoch 14: val_loss did not improve from 0.08933
188/188 - 18s - loss: 0.0713 - mse: 215283.0312 - val_loss: 0.0927 - val_mse: 231603.8125 - lr: 0.0025 - 18s/epoch - 96ms/step
Epoch 15/64
