train_data_hourly_pr_['HRES']_['HSAF']_MM_6__spatiotemporal_128.256_2020-07-01T13_2023-03-26T23_no_na
Data is available already
Loading training data...
mse_8_0.01_1e-08_0.1_2_1_8_0.5_64
Training the model...
Epoch 1/64

Epoch 1: val_loss improved from inf to 0.09850, saving model to /p/scratch/deepacf/kiste/patakchiyousefi1//HPT/mse_8_0.01_1e-08_0.1_2_1_8_0.5_64.h5
11982/11982 - 141s - loss: 0.0969 - mse: 215292.8750 - val_loss: 0.0985 - val_mse: 231586.2812 - lr: 0.0100 - 141s/epoch - 12ms/step
Epoch 2/64

Epoch 2: val_loss did not improve from 0.09850
11982/11982 - 123s - loss: 0.0932 - mse: 215294.0625 - val_loss: 0.1184 - val_mse: 231642.9219 - lr: 0.0100 - 123s/epoch - 10ms/step
Epoch 3/64

Epoch 3: val_loss did not improve from 0.09850
11982/11982 - 123s - loss: 0.0907 - mse: 215289.0938 - val_loss: 0.1107 - val_mse: 231594.4531 - lr: 0.0100 - 123s/epoch - 10ms/step
Epoch 4/64

Epoch 4: val_loss did not improve from 0.09850
11982/11982 - 124s - loss: 0.0871 - mse: 215288.1562 - val_loss: 0.1068 - val_mse: 231574.1094 - lr: 1.0000e-03 - 124s/epoch - 10ms/step
Epoch 5/64

Epoch 5: val_loss did not improve from 0.09850
11982/11982 - 124s - loss: 0.0862 - mse: 215288.6719 - val_loss: 0.1075 - val_mse: 231557.8906 - lr: 1.0000e-03 - 124s/epoch - 10ms/step
Epoch 6/64
