train_data_hourly_pr_['HRES']_['HSAF']_MM_6__spatiotemporal_128.256_2020-07-01T13_2023-03-26T23_no_na
Data is available already
Loading training data...
mse_32_0.1_1e-07_0.1_2_1_8_0.5_64
Training the model...
Epoch 1/64

Epoch 1: val_loss improved from inf to 0.10001, saving model to /p/scratch/deepacf/kiste/patakchiyousefi1//HPT/mse_32_0.1_1e-07_0.1_2_1_8_0.5_64.h5
11982/11982 - 153s - loss: 0.1125 - mse: 215292.5000 - val_loss: 0.1000 - val_mse: 231564.4375 - lr: 0.1000 - 153s/epoch - 13ms/step
Epoch 2/64

Epoch 2: val_loss did not improve from 0.10001
11982/11982 - 132s - loss: 0.1117 - mse: 215295.4062 - val_loss: 0.1593 - val_mse: 231721.9219 - lr: 0.1000 - 132s/epoch - 11ms/step
Epoch 3/64

Epoch 3: val_loss did not improve from 0.10001
11982/11982 - 133s - loss: 0.1093 - mse: 215296.5781 - val_loss: 0.1979 - val_mse: 231662.8438 - lr: 0.1000 - 133s/epoch - 11ms/step
Epoch 4/64

Epoch 4: val_loss did not improve from 0.10001
11982/11982 - 141s - loss: 0.0913 - mse: 215299.9688 - val_loss: 0.2061 - val_mse: 231644.1719 - lr: 0.0100 - 141s/epoch - 12ms/step
Epoch 5/64

Epoch 5: val_loss did not improve from 0.10001
11982/11982 - 140s - loss: 0.0906 - mse: 215299.9531 - val_loss: 0.2335 - val_mse: 231641.7031 - lr: 0.0100 - 140s/epoch - 12ms/step
Epoch 6/64
