train_data_hourly_pr_['HRES']_['HSAF']_MM_6__spatiotemporal_128.256_2020-07-01T13_2023-03-26T23_no_na
Data is available already
Loading training data...
mse_32_0.1_1e-05_0.9_2_2_8_0.5_64
Training the model...
Epoch 1/64

Epoch 1: val_loss improved from inf to 0.04097, saving model to /p/scratch/deepacf/kiste/patakchiyousefi1//HPT/mse_32_0.1_1e-05_0.9_2_2_8_0.5_64.h5
5991/5991 - 93s - loss: 814.4727 - mse: 613899.8125 - val_loss: 0.0410 - val_mse: 557946.0000 - lr: 0.1000 - 93s/epoch - 15ms/step
Epoch 2/64

Epoch 2: val_loss did not improve from 0.04097
5991/5991 - 71s - loss: 10.6812 - mse: 554790.1250 - val_loss: 10.5917 - val_mse: 617152.8125 - lr: 0.1000 - 71s/epoch - 12ms/step
Epoch 3/64

Epoch 3: val_loss did not improve from 0.04097
5991/5991 - 72s - loss: 9.9315 - mse: 560489.3125 - val_loss: 0.1339 - val_mse: 564050.3125 - lr: 0.1000 - 72s/epoch - 12ms/step
Epoch 4/64

Epoch 4: val_loss improved from 0.04097 to 0.01793, saving model to /p/scratch/deepacf/kiste/patakchiyousefi1//HPT/mse_32_0.1_1e-05_0.9_2_2_8_0.5_64.h5
5991/5991 - 73s - loss: 6.2920 - mse: 563003.6250 - val_loss: 0.0179 - val_mse: 566496.3750 - lr: 0.0900 - 73s/epoch - 12ms/step
Epoch 5/64

Epoch 5: val_loss improved from 0.01793 to 0.00061, saving model to /p/scratch/deepacf/kiste/patakchiyousefi1//HPT/mse_32_0.1_1e-05_0.9_2_2_8_0.5_64.h5
5991/5991 - 73s - loss: 6.5928 - mse: 565003.0625 - val_loss: 6.0506e-04 - val_mse: 573631.8750 - lr: 0.0900 - 73s/epoch - 12ms/step
Epoch 6/64
