train_data_hourly_pr_['HRES']_['HSAF']_MM_6__spatiotemporal_128.256_2020-07-01T13_2023-03-26T23_no_na
Data is available already
Loading training data...
mse_16_0.001_1e-09_0.1_2_2_8_0.5_64
Training the model...
Epoch 1/64

Epoch 1: val_loss improved from inf to 0.09437, saving model to /p/scratch/deepacf/kiste/patakchiyousefi1//HPT/mse_16_0.001_1e-09_0.1_2_2_8_0.5_64.h5
5991/5991 - 84s - loss: 0.0907 - mse: 215287.5625 - val_loss: 0.0944 - val_mse: 231588.1406 - lr: 0.0010 - 84s/epoch - 14ms/step
Epoch 2/64

Epoch 2: val_loss improved from 0.09437 to 0.09257, saving model to /p/scratch/deepacf/kiste/patakchiyousefi1//HPT/mse_16_0.001_1e-09_0.1_2_2_8_0.5_64.h5
5991/5991 - 69s - loss: 0.0872 - mse: 215286.5625 - val_loss: 0.0926 - val_mse: 231613.2812 - lr: 0.0010 - 69s/epoch - 12ms/step
Epoch 3/64

Epoch 3: val_loss improved from 0.09257 to 0.09010, saving model to /p/scratch/deepacf/kiste/patakchiyousefi1//HPT/mse_16_0.001_1e-09_0.1_2_2_8_0.5_64.h5
5991/5991 - 73s - loss: 0.0859 - mse: 215285.8281 - val_loss: 0.0901 - val_mse: 231608.0938 - lr: 0.0010 - 73s/epoch - 12ms/step
Epoch 4/64

Epoch 4: val_loss did not improve from 0.09010
5991/5991 - 73s - loss: 0.0845 - mse: 215285.2812 - val_loss: 0.0910 - val_mse: 231599.9531 - lr: 0.0010 - 73s/epoch - 12ms/step
Epoch 5/64

Epoch 5: val_loss did not improve from 0.09010
5991/5991 - 70s - loss: 0.0835 - mse: 215285.8750 - val_loss: 0.0946 - val_mse: 231613.2031 - lr: 0.0010 - 70s/epoch - 12ms/step
Epoch 6/64

Epoch 6: val_loss did not improve from 0.09010
5991/5991 - 71s - loss: 0.0801 - mse: 215284.9375 - val_loss: 0.0905 - val_mse: 231602.9688 - lr: 1.0000e-04 - 71s/epoch - 12ms/step
Epoch 7/64

Epoch 7: val_loss did not improve from 0.09010
5991/5991 - 71s - loss: 0.0793 - mse: 215284.7812 - val_loss: 0.0901 - val_mse: 231606.9531 - lr: 1.0000e-04 - 71s/epoch - 12ms/step
Epoch 8/64

Epoch 8: val_loss did not improve from 0.09010
5991/5991 - 71s - loss: 0.0785 - mse: 215284.4062 - val_loss: 0.0904 - val_mse: 231607.8594 - lr: 1.0000e-05 - 71s/epoch - 12ms/step
Epoch 9/64

Epoch 9: val_loss did not improve from 0.09010
5991/5991 - 72s - loss: 0.0783 - mse: 215284.7812 - val_loss: 0.0903 - val_mse: 231608.9062 - lr: 1.0000e-05 - 72s/epoch - 12ms/step
Epoch 10/64

Epoch 10: val_loss improved from 0.09010 to 0.08987, saving model to /p/scratch/deepacf/kiste/patakchiyousefi1//HPT/mse_16_0.001_1e-09_0.1_2_2_8_0.5_64.h5
5991/5991 - 70s - loss: 0.0783 - mse: 215285.5156 - val_loss: 0.0899 - val_mse: 231608.3125 - lr: 1.0000e-06 - 70s/epoch - 12ms/step
Epoch 11/64

Epoch 11: val_loss improved from 0.08987 to 0.08967, saving model to /p/scratch/deepacf/kiste/patakchiyousefi1//HPT/mse_16_0.001_1e-09_0.1_2_2_8_0.5_64.h5
5991/5991 - 70s - loss: 0.0783 - mse: 215285.1250 - val_loss: 0.0897 - val_mse: 231608.1406 - lr: 1.0000e-06 - 70s/epoch - 12ms/step
Epoch 12/64

Epoch 12: val_loss did not improve from 0.08967
5991/5991 - 73s - loss: 0.0783 - mse: 215284.1406 - val_loss: 0.0900 - val_mse: 231608.4375 - lr: 1.0000e-06 - 73s/epoch - 12ms/step
Epoch 13/64

Epoch 13: val_loss did not improve from 0.08967
5991/5991 - 70s - loss: 0.0783 - mse: 215284.5312 - val_loss: 0.0907 - val_mse: 231609.4219 - lr: 1.0000e-06 - 70s/epoch - 12ms/step
Epoch 14/64

Epoch 14: val_loss did not improve from 0.08967
5991/5991 - 72s - loss: 0.0783 - mse: 215284.3750 - val_loss: 0.0899 - val_mse: 231608.4375 - lr: 1.0000e-07 - 72s/epoch - 12ms/step
Epoch 15/64

Epoch 15: val_loss did not improve from 0.08967
5991/5991 - 73s - loss: 0.0782 - mse: 215284.6094 - val_loss: 0.0900 - val_mse: 231608.5000 - lr: 1.0000e-07 - 73s/epoch - 12ms/step
Epoch 16/64

Epoch 16: val_loss did not improve from 0.08967
5991/5991 - 72s - loss: 0.0781 - mse: 215285.2031 - val_loss: 0.0898 - val_mse: 231608.1406 - lr: 1.0000e-08 - 72s/epoch - 12ms/step
Epoch 17/64

Epoch 17: val_loss did not improve from 0.08967
5991/5991 - 72s - loss: 0.0783 - mse: 215285.1094 - val_loss: 0.0898 - val_mse: 231609.1406 - lr: 1.0000e-08 - 72s/epoch - 12ms/step
Epoch 18/64

Epoch 18: val_loss did not improve from 0.08967
5991/5991 - 73s - loss: 0.0783 - mse: 215284.4844 - val_loss: 0.0901 - val_mse: 231608.5156 - lr: 1.0000e-09 - 73s/epoch - 12ms/step
Epoch 19/64

Epoch 19: val_loss did not improve from 0.08967
5991/5991 - 72s - loss: 0.0782 - mse: 215284.3125 - val_loss: 0.0909 - val_mse: 231609.3125 - lr: 1.0000e-09 - 72s/epoch - 12ms/step
Saving and plotting the results...
