train_data_hourly_pr_['HRES']_['HSAF']_MM_6__spatiotemporal_128.256_2020-07-01T13_2023-03-26T23_no_na
Data is available already
Loading training data...
mse_32_0.1_1e-05_0.5_2_2_8_0.5_64
Training the model...
Epoch 1/64

Epoch 1: val_loss improved from inf to 2.75849, saving model to /p/scratch/deepacf/kiste/patakchiyousefi1//HPT/mse_32_0.1_1e-05_0.5_2_2_8_0.5_64.h5
5991/5991 - 92s - loss: 702.6769 - mse: 653730.3750 - val_loss: 2.7585 - val_mse: 666267.9375 - lr: 0.1000 - 92s/epoch - 15ms/step
Epoch 2/64

Epoch 2: val_loss did not improve from 2.75849
5991/5991 - 72s - loss: 24.9997 - mse: 630631.0625 - val_loss: 159.0469 - val_mse: 574653.5625 - lr: 0.1000 - 72s/epoch - 12ms/step
Epoch 3/64

Epoch 3: val_loss improved from 2.75849 to 0.00502, saving model to /p/scratch/deepacf/kiste/patakchiyousefi1//HPT/mse_32_0.1_1e-05_0.5_2_2_8_0.5_64.h5
5991/5991 - 72s - loss: 6.3728 - mse: 593233.8750 - val_loss: 0.0050 - val_mse: 598933.5625 - lr: 0.1000 - 72s/epoch - 12ms/step
Epoch 4/64

Epoch 4: val_loss did not improve from 0.00502
5991/5991 - 72s - loss: 13.8246 - mse: 591564.0625 - val_loss: 0.0279 - val_mse: 592860.2500 - lr: 0.1000 - 72s/epoch - 12ms/step
Epoch 5/64

Epoch 5: val_loss improved from 0.00502 to 0.00047, saving model to /p/scratch/deepacf/kiste/patakchiyousefi1//HPT/mse_32_0.1_1e-05_0.5_2_2_8_0.5_64.h5
5991/5991 - 73s - loss: 5.7410 - mse: 592717.7500 - val_loss: 4.7374e-04 - val_mse: 599184.9375 - lr: 0.1000 - 73s/epoch - 12ms/step
Epoch 6/64

Epoch 6: val_loss did not improve from 0.00047
5991/5991 - 73s - loss: 12.5141 - mse: 593668.8125 - val_loss: 9.5494e-04 - val_mse: 598146.3750 - lr: 0.1000 - 73s/epoch - 12ms/step
Epoch 7/64

Epoch 7: val_loss improved from 0.00047 to 0.00027, saving model to /p/scratch/deepacf/kiste/patakchiyousefi1//HPT/mse_32_0.1_1e-05_0.5_2_2_8_0.5_64.h5
5991/5991 - 72s - loss: 22.1394 - mse: 595240.1875 - val_loss: 2.6861e-04 - val_mse: 602484.4375 - lr: 0.1000 - 72s/epoch - 12ms/step
Epoch 8/64

Epoch 8: val_loss did not improve from 0.00027
5991/5991 - 72s - loss: 8.3296 - mse: 594979.6250 - val_loss: 5.8411e-04 - val_mse: 598520.2500 - lr: 0.1000 - 72s/epoch - 12ms/step
Epoch 9/64
