train_data_hourly_pr_['HRES']_['HSAF']_MM_6__spatiotemporal_128.256_2020-07-01T13_2023-03-26T23_no_na
Data is available already
Loading training data...
mse_64_0.0001_1e-14_0.5_2_8_8_0.1_64
Training the model...
Epoch 1/64

Epoch 1: val_loss improved from inf to 0.07935, saving model to /p/scratch/deepacf/kiste/patakchiyousefi1//HPT/mse_64_0.0001_1e-14_0.5_2_8_8_0.1_64.h5
2696/2696 - 176s - loss: 0.0935 - mse: 0.2287 - val_loss: 0.0794 - val_mse: 0.1984 - lr: 1.0000e-04 - 176s/epoch - 65ms/step
Epoch 2/64

Epoch 2: val_loss improved from 0.07935 to 0.07876, saving model to /p/scratch/deepacf/kiste/patakchiyousefi1//HPT/mse_64_0.0001_1e-14_0.5_2_8_8_0.1_64.h5
2696/2696 - 146s - loss: 0.0878 - mse: 0.2148 - val_loss: 0.0788 - val_mse: 0.1969 - lr: 1.0000e-04 - 146s/epoch - 54ms/step
Epoch 3/64

Epoch 3: val_loss did not improve from 0.07876
2696/2696 - 145s - loss: 0.0867 - mse: 0.2122 - val_loss: 0.0834 - val_mse: 0.2086 - lr: 1.0000e-04 - 145s/epoch - 54ms/step
Epoch 4/64

Epoch 4: val_loss improved from 0.07876 to 0.07632, saving model to /p/scratch/deepacf/kiste/patakchiyousefi1//HPT/mse_64_0.0001_1e-14_0.5_2_8_8_0.1_64.h5
2696/2696 - 145s - loss: 0.0860 - mse: 0.2105 - val_loss: 0.0763 - val_mse: 0.1908 - lr: 1.0000e-04 - 145s/epoch - 54ms/step
Epoch 5/64

Epoch 5: val_loss improved from 0.07632 to 0.07578, saving model to /p/scratch/deepacf/kiste/patakchiyousefi1//HPT/mse_64_0.0001_1e-14_0.5_2_8_8_0.1_64.h5
2696/2696 - 146s - loss: 0.0854 - mse: 0.2090 - val_loss: 0.0758 - val_mse: 0.1895 - lr: 1.0000e-04 - 146s/epoch - 54ms/step
Epoch 6/64

Epoch 6: val_loss did not improve from 0.07578
2696/2696 - 145s - loss: 0.0844 - mse: 0.2066 - val_loss: 0.0777 - val_mse: 0.1944 - lr: 1.0000e-04 - 145s/epoch - 54ms/step
Epoch 7/64

Epoch 7: val_loss did not improve from 0.07578
2696/2696 - 144s - loss: 0.0836 - mse: 0.2045 - val_loss: 0.0760 - val_mse: 0.1900 - lr: 1.0000e-04 - 144s/epoch - 54ms/step
Epoch 8/64

Epoch 8: val_loss did not improve from 0.07578
2696/2696 - 145s - loss: 0.0809 - mse: 0.1979 - val_loss: 0.0762 - val_mse: 0.1906 - lr: 5.0000e-05 - 145s/epoch - 54ms/step
Epoch 9/64

Epoch 9: val_loss did not improve from 0.07578
2696/2696 - 145s - loss: 0.0791 - mse: 0.1935 - val_loss: 0.0814 - val_mse: 0.2036 - lr: 5.0000e-05 - 145s/epoch - 54ms/step
Epoch 10/64

Epoch 10: val_loss did not improve from 0.07578
2696/2696 - 145s - loss: 0.0761 - mse: 0.1861 - val_loss: 0.0865 - val_mse: 0.2163 - lr: 2.5000e-05 - 145s/epoch - 54ms/step
Epoch 11/64

Epoch 11: val_loss did not improve from 0.07578
2696/2696 - 145s - loss: 0.0747 - mse: 0.1828 - val_loss: 0.0845 - val_mse: 0.2112 - lr: 2.5000e-05 - 145s/epoch - 54ms/step
Epoch 12/64

Epoch 12: val_loss did not improve from 0.07578
2696/2696 - 145s - loss: 0.0728 - mse: 0.1782 - val_loss: 0.0787 - val_mse: 0.1968 - lr: 1.2500e-05 - 145s/epoch - 54ms/step
Epoch 13/64

Epoch 13: val_loss did not improve from 0.07578
2696/2696 - 145s - loss: 0.0721 - mse: 0.1764 - val_loss: 0.0783 - val_mse: 0.1957 - lr: 1.2500e-05 - 145s/epoch - 54ms/step
Saving and plotting the results...
