train_data_hourly_pr_['HRES']_['HSAF']_MM_6__spatiotemporal_128.256_2020-07-01T13_2023-03-26T23_no_na
Data is available already
Loading training data...
mse_16_0.001_1e-14_0.5_2_2_8_0.1_64
Training the model...
Epoch 1/64

Epoch 1: val_loss improved from inf to 0.08014, saving model to /p/scratch/deepacf/kiste/patakchiyousefi1//HPT/mse_16_0.001_1e-14_0.5_2_2_8_0.1_64.h5
10781/10781 - 172s - loss: 0.0983 - mse: 0.2406 - val_loss: 0.0801 - val_mse: 0.2004 - lr: 0.0010 - 172s/epoch - 16ms/step
Epoch 2/64

Epoch 2: val_loss improved from 0.08014 to 0.07979, saving model to /p/scratch/deepacf/kiste/patakchiyousefi1//HPT/mse_16_0.001_1e-14_0.5_2_2_8_0.1_64.h5
10781/10781 - 155s - loss: 0.0949 - mse: 0.2321 - val_loss: 0.0798 - val_mse: 0.1995 - lr: 0.0010 - 155s/epoch - 14ms/step
Epoch 3/64

Epoch 3: val_loss improved from 0.07979 to 0.07916, saving model to /p/scratch/deepacf/kiste/patakchiyousefi1//HPT/mse_16_0.001_1e-14_0.5_2_2_8_0.1_64.h5
10781/10781 - 164s - loss: 0.0930 - mse: 0.2275 - val_loss: 0.0792 - val_mse: 0.1979 - lr: 0.0010 - 164s/epoch - 15ms/step
Epoch 4/64

Epoch 4: val_loss did not improve from 0.07916
10781/10781 - 156s - loss: 0.0915 - mse: 0.2239 - val_loss: 0.0819 - val_mse: 0.2049 - lr: 0.0010 - 156s/epoch - 14ms/step
Epoch 5/64

Epoch 5: val_loss did not improve from 0.07916
10781/10781 - 153s - loss: 0.0903 - mse: 0.2210 - val_loss: 0.0814 - val_mse: 0.2035 - lr: 0.0010 - 153s/epoch - 14ms/step
Epoch 6/64

Epoch 6: val_loss did not improve from 0.07916
10781/10781 - 152s - loss: 0.0879 - mse: 0.2151 - val_loss: 0.0809 - val_mse: 0.2023 - lr: 5.0000e-04 - 152s/epoch - 14ms/step
Epoch 7/64

Epoch 7: val_loss did not improve from 0.07916
10781/10781 - 155s - loss: 0.0871 - mse: 0.2131 - val_loss: 0.0805 - val_mse: 0.2012 - lr: 5.0000e-04 - 155s/epoch - 14ms/step
Epoch 8/64

Epoch 8: val_loss did not improve from 0.07916
10781/10781 - 156s - loss: 0.0853 - mse: 0.2088 - val_loss: 0.0806 - val_mse: 0.2015 - lr: 2.5000e-04 - 156s/epoch - 15ms/step
Epoch 9/64

Epoch 9: val_loss did not improve from 0.07916
10781/10781 - 155s - loss: 0.0848 - mse: 0.2075 - val_loss: 0.0813 - val_mse: 0.2034 - lr: 2.5000e-04 - 155s/epoch - 14ms/step
Epoch 10/64

Epoch 10: val_loss did not improve from 0.07916
10781/10781 - 155s - loss: 0.0833 - mse: 0.2038 - val_loss: 0.0811 - val_mse: 0.2029 - lr: 1.2500e-04 - 155s/epoch - 14ms/step
Epoch 11/64

Epoch 11: val_loss did not improve from 0.07916
10781/10781 - 157s - loss: 0.0830 - mse: 0.2030 - val_loss: 0.0809 - val_mse: 0.2022 - lr: 1.2500e-04 - 157s/epoch - 15ms/step
Saving and plotting the results...
