train_data_hourly_pr_['HRES']_['HSAF']_MM_6__spatiotemporal_128.256_2020-07-01T13_2023-03-26T23_no_na_intensity
Data is available already
Loading training data...
mse_16_0.0001_1e-14_0.5_2_16_8_0.1_64
Training the model...
Epoch 1/64

Epoch 1: val_loss improved from inf to 0.08845, saving model to /p/scratch/deepacf/kiste/patakchiyousefi1//HPT_intensity/mse_16_0.0001_1e-14_0.5_2_16_8_0.1_64.h5
1348/1348 - 64s - loss: 0.0830 - mse: 0.8667 - val_loss: 0.0885 - val_mse: 0.8828 - lr: 1.0000e-04 - 64s/epoch - 47ms/step
Epoch 2/64

Epoch 2: val_loss improved from 0.08845 to 0.08455, saving model to /p/scratch/deepacf/kiste/patakchiyousefi1//HPT_intensity/mse_16_0.0001_1e-14_0.5_2_16_8_0.1_64.h5
1348/1348 - 42s - loss: 0.0759 - mse: 0.7925 - val_loss: 0.0846 - val_mse: 0.8438 - lr: 1.0000e-04 - 42s/epoch - 31ms/step
Epoch 3/64

Epoch 3: val_loss improved from 0.08455 to 0.08196, saving model to /p/scratch/deepacf/kiste/patakchiyousefi1//HPT_intensity/mse_16_0.0001_1e-14_0.5_2_16_8_0.1_64.h5
1348/1348 - 42s - loss: 0.0747 - mse: 0.7800 - val_loss: 0.0820 - val_mse: 0.8179 - lr: 1.0000e-04 - 42s/epoch - 31ms/step
Epoch 4/64

Epoch 4: val_loss improved from 0.08196 to 0.08111, saving model to /p/scratch/deepacf/kiste/patakchiyousefi1//HPT_intensity/mse_16_0.0001_1e-14_0.5_2_16_8_0.1_64.h5
1348/1348 - 42s - loss: 0.0739 - mse: 0.7721 - val_loss: 0.0811 - val_mse: 0.8095 - lr: 1.0000e-04 - 42s/epoch - 31ms/step
Epoch 5/64

Epoch 5: val_loss did not improve from 0.08111
1348/1348 - 41s - loss: 0.0730 - mse: 0.7620 - val_loss: 0.0829 - val_mse: 0.8269 - lr: 1.0000e-04 - 41s/epoch - 30ms/step
Epoch 6/64

Epoch 6: val_loss did not improve from 0.08111
1348/1348 - 42s - loss: 0.0720 - mse: 0.7516 - val_loss: 0.0821 - val_mse: 0.8196 - lr: 1.0000e-04 - 42s/epoch - 31ms/step
Epoch 7/64

Epoch 7: val_loss did not improve from 0.08111
1348/1348 - 42s - loss: 0.0696 - mse: 0.7269 - val_loss: 0.0849 - val_mse: 0.8472 - lr: 5.0000e-05 - 42s/epoch - 31ms/step
Epoch 8/64

Epoch 8: val_loss did not improve from 0.08111
1348/1348 - 42s - loss: 0.0682 - mse: 0.7127 - val_loss: 0.0886 - val_mse: 0.8843 - lr: 5.0000e-05 - 42s/epoch - 31ms/step
Epoch 9/64

Epoch 9: val_loss did not improve from 0.08111
1348/1348 - 42s - loss: 0.0651 - mse: 0.6803 - val_loss: 0.0867 - val_mse: 0.8653 - lr: 2.5000e-05 - 42s/epoch - 31ms/step
Epoch 10/64

Epoch 10: val_loss did not improve from 0.08111
1348/1348 - 42s - loss: 0.0644 - mse: 0.6721 - val_loss: 0.0866 - val_mse: 0.8640 - lr: 2.5000e-05 - 42s/epoch - 31ms/step
Epoch 11/64

Epoch 11: val_loss did not improve from 0.08111
1348/1348 - 42s - loss: 0.0628 - mse: 0.6561 - val_loss: 0.0877 - val_mse: 0.8750 - lr: 1.2500e-05 - 42s/epoch - 31ms/step
Epoch 12/64

Epoch 12: val_loss did not improve from 0.08111
1348/1348 - 42s - loss: 0.0622 - mse: 0.6493 - val_loss: 0.0859 - val_mse: 0.8574 - lr: 1.2500e-05 - 42s/epoch - 31ms/step
Saving and plotting the results...
