Looking in indexes: https://pypi.org/simple, https://pypi.ngc.nvidia.com
Requirement already satisfied: xskillscore in /p/project/deepacf/kiste/patakchiyousefi1/SC_VENV/envs/prc_env/lib/python3.8/site-packages (0.0.24)
Requirement already satisfied: cftime in /p/project/deepacf/kiste/patakchiyousefi1/SC_VENV/envs/prc_env/lib/python3.8/site-packages (from xskillscore) (1.6.2)
Requirement already satisfied: xhistogram>=0.3.0 in /p/project/deepacf/kiste/patakchiyousefi1/SC_VENV/envs/prc_env/lib/python3.8/site-packages (from xskillscore) (0.3.2)
Requirement already satisfied: dask in /p/project/deepacf/kiste/patakchiyousefi1/SC_VENV/envs/prc_env/lib/python3.8/site-packages (from xskillscore) (2022.12.1)
Requirement already satisfied: numba>=0.52 in /p/project/deepacf/kiste/patakchiyousefi1/SC_VENV/envs/prc_env/lib/python3.8/site-packages (from xskillscore) (0.56.4)
Requirement already satisfied: scipy in /p/project/deepacf/kiste/patakchiyousefi1/SC_VENV/envs/prc_env/lib/python3.8/site-packages (from xskillscore) (1.9.3)
Requirement already satisfied: properscoring in /p/project/deepacf/kiste/patakchiyousefi1/SC_VENV/envs/prc_env/lib/python3.8/site-packages (from xskillscore) (0.1)
Requirement already satisfied: bottleneck in /p/project/deepacf/kiste/patakchiyousefi1/SC_VENV/envs/prc_env/lib/python3.8/site-packages (from xskillscore) (1.3.7)
Requirement already satisfied: xarray>=0.16.1 in /p/project/deepacf/kiste/patakchiyousefi1/SC_VENV/envs/prc_env/lib/python3.8/site-packages (from xskillscore) (2022.12.0)
Requirement already satisfied: scikit-learn in /p/project/deepacf/kiste/patakchiyousefi1/SC_VENV/envs/prc_env/lib/python3.8/site-packages (from xskillscore) (1.2.0)
Requirement already satisfied: toolz in /p/project/deepacf/kiste/patakchiyousefi1/SC_VENV/envs/prc_env/lib/python3.8/site-packages (from xskillscore) (0.12.0)
Requirement already satisfied: numpy in /p/project/deepacf/kiste/patakchiyousefi1/SC_VENV/envs/prc_env/lib/python3.8/site-packages (from xskillscore) (1.23.5)
Requirement already satisfied: importlib-metadata in /p/project/deepacf/kiste/patakchiyousefi1/SC_VENV/envs/prc_env/lib/python3.8/site-packages (from numba>=0.52->xskillscore) (5.1.0)
Requirement already satisfied: setuptools in /p/project/deepacf/kiste/patakchiyousefi1/SC_VENV/envs/prc_env/lib/python3.8/site-packages (from numba>=0.52->xskillscore) (60.10.0)
Requirement already satisfied: llvmlite<0.40,>=0.39.0dev0 in /p/project/deepacf/kiste/patakchiyousefi1/SC_VENV/envs/prc_env/lib/python3.8/site-packages (from numba>=0.52->xskillscore) (0.39.1)
Requirement already satisfied: packaging>=21.3 in /p/project/deepacf/kiste/patakchiyousefi1/SC_VENV/envs/prc_env/lib/python3.8/site-packages (from xarray>=0.16.1->xskillscore) (22.0)
Requirement already satisfied: pandas>=1.3 in /p/project/deepacf/kiste/patakchiyousefi1/SC_VENV/envs/prc_env/lib/python3.8/site-packages (from xarray>=0.16.1->xskillscore) (1.5.2)
Requirement already satisfied: fsspec>=0.6.0 in /p/project/deepacf/kiste/patakchiyousefi1/SC_VENV/envs/prc_env/lib/python3.8/site-packages (from dask->xskillscore) (2022.11.0)
Requirement already satisfied: pyyaml>=5.3.1 in /p/project/deepacf/kiste/patakchiyousefi1/SC_VENV/envs/prc_env/lib/python3.8/site-packages (from dask->xskillscore) (6.0)
Requirement already satisfied: click>=7.0 in /p/project/deepacf/kiste/patakchiyousefi1/SC_VENV/envs/prc_env/lib/python3.8/site-packages (from dask->xskillscore) (8.1.3)
Requirement already satisfied: partd>=0.3.10 in /p/project/deepacf/kiste/patakchiyousefi1/SC_VENV/envs/prc_env/lib/python3.8/site-packages (from dask->xskillscore) (1.3.0)
Requirement already satisfied: cloudpickle>=1.1.1 in /p/project/deepacf/kiste/patakchiyousefi1/SC_VENV/envs/prc_env/lib/python3.8/site-packages (from dask->xskillscore) (2.2.0)
Requirement already satisfied: joblib>=1.1.1 in /p/project/deepacf/kiste/patakchiyousefi1/SC_VENV/envs/prc_env/lib/python3.8/site-packages (from scikit-learn->xskillscore) (1.2.0)
Requirement already satisfied: threadpoolctl>=2.0.0 in /p/project/deepacf/kiste/patakchiyousefi1/SC_VENV/envs/prc_env/lib/python3.8/site-packages (from scikit-learn->xskillscore) (3.1.0)
Requirement already satisfied: pytz>=2020.1 in /p/project/deepacf/kiste/patakchiyousefi1/SC_VENV/envs/prc_env/lib/python3.8/site-packages (from pandas>=1.3->xarray>=0.16.1->xskillscore) (2022.6)
Requirement already satisfied: python-dateutil>=2.8.1 in /p/project/deepacf/kiste/patakchiyousefi1/SC_VENV/envs/prc_env/lib/python3.8/site-packages (from pandas>=1.3->xarray>=0.16.1->xskillscore) (2.8.2)
Requirement already satisfied: locket in /p/project/deepacf/kiste/patakchiyousefi1/SC_VENV/envs/prc_env/lib/python3.8/site-packages (from partd>=0.3.10->dask->xskillscore) (1.0.0)
Requirement already satisfied: zipp>=0.5 in /p/project/deepacf/kiste/patakchiyousefi1/SC_VENV/envs/prc_env/lib/python3.8/site-packages (from importlib-metadata->numba>=0.52->xskillscore) (3.11.0)
Requirement already satisfied: six>=1.5 in /p/project/deepacf/kiste/patakchiyousefi1/SC_VENV/envs/prc_env/lib/python3.8/site-packages (from python-dateutil>=2.8.1->pandas>=1.3->xarray>=0.16.1->xskillscore) (1.16.0)
