train_data_hourly_pr_['HRES']_['HSAF']_MM_6__spatiotemporal_128.256_2020-07-01T13_2023-03-26T23_no_na
Data is available already
Loading training data...
mse_16_0.0001_1e-14_0.5_2_16_8_0.1_64
Training the model...
Epoch 1/64

Epoch 1: val_loss improved from inf to 0.08371, saving model to /p/scratch/deepacf/kiste/patakchiyousefi1//HPT/mse_16_0.0001_1e-14_0.5_2_16_8_0.1_64.h5
1348/1348 - 67s - loss: 0.1043 - mse: 0.2551 - val_loss: 0.0837 - val_mse: 0.2093 - lr: 1.0000e-04 - 67s/epoch - 50ms/step
Epoch 2/64

Epoch 2: val_loss improved from 0.08371 to 0.08048, saving model to /p/scratch/deepacf/kiste/patakchiyousefi1//HPT/mse_16_0.0001_1e-14_0.5_2_16_8_0.1_64.h5
1348/1348 - 41s - loss: 0.0892 - mse: 0.2183 - val_loss: 0.0805 - val_mse: 0.2012 - lr: 1.0000e-04 - 41s/epoch - 30ms/step
Epoch 3/64

Epoch 3: val_loss improved from 0.08048 to 0.07845, saving model to /p/scratch/deepacf/kiste/patakchiyousefi1//HPT/mse_16_0.0001_1e-14_0.5_2_16_8_0.1_64.h5
1348/1348 - 42s - loss: 0.0872 - mse: 0.2133 - val_loss: 0.0784 - val_mse: 0.1961 - lr: 1.0000e-04 - 42s/epoch - 31ms/step
Epoch 4/64

Epoch 4: val_loss did not improve from 0.07845
1348/1348 - 42s - loss: 0.0859 - mse: 0.2103 - val_loss: 0.0798 - val_mse: 0.1996 - lr: 1.0000e-04 - 42s/epoch - 31ms/step
Epoch 5/64

Epoch 5: val_loss improved from 0.07845 to 0.07764, saving model to /p/scratch/deepacf/kiste/patakchiyousefi1//HPT/mse_16_0.0001_1e-14_0.5_2_16_8_0.1_64.h5
1348/1348 - 42s - loss: 0.0847 - mse: 0.2073 - val_loss: 0.0776 - val_mse: 0.1941 - lr: 1.0000e-04 - 42s/epoch - 31ms/step
Epoch 6/64

Epoch 6: val_loss did not improve from 0.07764
1348/1348 - 41s - loss: 0.0833 - mse: 0.2039 - val_loss: 0.0803 - val_mse: 0.2007 - lr: 1.0000e-04 - 41s/epoch - 31ms/step
Epoch 7/64

Epoch 7: val_loss did not improve from 0.07764
1348/1348 - 41s - loss: 0.0826 - mse: 0.2021 - val_loss: 0.0795 - val_mse: 0.1989 - lr: 1.0000e-04 - 41s/epoch - 31ms/step
Epoch 8/64

Epoch 8: val_loss did not improve from 0.07764
1348/1348 - 41s - loss: 0.0794 - mse: 0.1943 - val_loss: 0.0778 - val_mse: 0.1945 - lr: 5.0000e-05 - 41s/epoch - 31ms/step
Epoch 9/64

Epoch 9: val_loss did not improve from 0.07764
1348/1348 - 41s - loss: 0.0776 - mse: 0.1898 - val_loss: 0.0786 - val_mse: 0.1966 - lr: 5.0000e-05 - 41s/epoch - 30ms/step
Epoch 10/64

Epoch 10: val_loss did not improve from 0.07764
1348/1348 - 41s - loss: 0.0748 - mse: 0.1830 - val_loss: 0.0788 - val_mse: 0.1971 - lr: 2.5000e-05 - 41s/epoch - 31ms/step
Epoch 11/64

Epoch 11: val_loss did not improve from 0.07764
1348/1348 - 41s - loss: 0.0738 - mse: 0.1805 - val_loss: 0.0779 - val_mse: 0.1948 - lr: 2.5000e-05 - 41s/epoch - 31ms/step
Epoch 12/64

Epoch 12: val_loss did not improve from 0.07764
1348/1348 - 41s - loss: 0.0726 - mse: 0.1776 - val_loss: 0.0786 - val_mse: 0.1966 - lr: 1.2500e-05 - 41s/epoch - 30ms/step
Epoch 13/64

Epoch 13: val_loss did not improve from 0.07764
1348/1348 - 41s - loss: 0.0720 - mse: 0.1763 - val_loss: 0.0780 - val_mse: 0.1949 - lr: 1.2500e-05 - 41s/epoch - 30ms/step
Saving and plotting the results...
