train_data_hourly_pr_['HRES']_['HSAF']_MM_6__spatiotemporal_128.256_2020-07-01T13_2023-03-26T23_no_na
Data is available already
Loading training data...
mse_32_0.0001_1e-14_0.5_2_8_8_0.1_64
Training the model...
Epoch 1/64

Epoch 1: val_loss improved from inf to 0.08734, saving model to /p/scratch/deepacf/kiste/patakchiyousefi1//HPT/mse_32_0.0001_1e-14_0.5_2_8_8_0.1_64.h5
2696/2696 - 99s - loss: 0.0944 - mse: 0.2309 - val_loss: 0.0873 - val_mse: 0.2184 - lr: 1.0000e-04 - 99s/epoch - 37ms/step
Epoch 2/64

Epoch 2: val_loss improved from 0.08734 to 0.07797, saving model to /p/scratch/deepacf/kiste/patakchiyousefi1//HPT/mse_32_0.0001_1e-14_0.5_2_8_8_0.1_64.h5
2696/2696 - 75s - loss: 0.0879 - mse: 0.2152 - val_loss: 0.0780 - val_mse: 0.1949 - lr: 1.0000e-04 - 75s/epoch - 28ms/step
Epoch 3/64

Epoch 3: val_loss did not improve from 0.07797
2696/2696 - 77s - loss: 0.0868 - mse: 0.2125 - val_loss: 0.0794 - val_mse: 0.1985 - lr: 1.0000e-04 - 77s/epoch - 29ms/step
Epoch 4/64

Epoch 4: val_loss improved from 0.07797 to 0.07795, saving model to /p/scratch/deepacf/kiste/patakchiyousefi1//HPT/mse_32_0.0001_1e-14_0.5_2_8_8_0.1_64.h5
2696/2696 - 77s - loss: 0.0860 - mse: 0.2103 - val_loss: 0.0780 - val_mse: 0.1949 - lr: 1.0000e-04 - 77s/epoch - 29ms/step
Epoch 5/64

Epoch 5: val_loss improved from 0.07795 to 0.07792, saving model to /p/scratch/deepacf/kiste/patakchiyousefi1//HPT/mse_32_0.0001_1e-14_0.5_2_8_8_0.1_64.h5
2696/2696 - 76s - loss: 0.0849 - mse: 0.2078 - val_loss: 0.0779 - val_mse: 0.1948 - lr: 1.0000e-04 - 76s/epoch - 28ms/step
Epoch 6/64

Epoch 6: val_loss improved from 0.07792 to 0.07700, saving model to /p/scratch/deepacf/kiste/patakchiyousefi1//HPT/mse_32_0.0001_1e-14_0.5_2_8_8_0.1_64.h5
2696/2696 - 76s - loss: 0.0840 - mse: 0.2056 - val_loss: 0.0770 - val_mse: 0.1925 - lr: 1.0000e-04 - 76s/epoch - 28ms/step
Epoch 7/64

Epoch 7: val_loss did not improve from 0.07700
2696/2696 - 76s - loss: 0.0829 - mse: 0.2028 - val_loss: 0.0776 - val_mse: 0.1942 - lr: 1.0000e-04 - 76s/epoch - 28ms/step
Epoch 8/64

Epoch 8: val_loss improved from 0.07700 to 0.07664, saving model to /p/scratch/deepacf/kiste/patakchiyousefi1//HPT/mse_32_0.0001_1e-14_0.5_2_8_8_0.1_64.h5
2696/2696 - 76s - loss: 0.0813 - mse: 0.1990 - val_loss: 0.0766 - val_mse: 0.1916 - lr: 1.0000e-04 - 76s/epoch - 28ms/step
Epoch 9/64

Epoch 9: val_loss improved from 0.07664 to 0.07651, saving model to /p/scratch/deepacf/kiste/patakchiyousefi1//HPT/mse_32_0.0001_1e-14_0.5_2_8_8_0.1_64.h5
2696/2696 - 76s - loss: 0.0803 - mse: 0.1964 - val_loss: 0.0765 - val_mse: 0.1913 - lr: 1.0000e-04 - 76s/epoch - 28ms/step
Epoch 10/64

Epoch 10: val_loss improved from 0.07651 to 0.07636, saving model to /p/scratch/deepacf/kiste/patakchiyousefi1//HPT/mse_32_0.0001_1e-14_0.5_2_8_8_0.1_64.h5
2696/2696 - 76s - loss: 0.0784 - mse: 0.1919 - val_loss: 0.0764 - val_mse: 0.1909 - lr: 1.0000e-04 - 76s/epoch - 28ms/step
Epoch 11/64

Epoch 11: val_loss improved from 0.07636 to 0.07631, saving model to /p/scratch/deepacf/kiste/patakchiyousefi1//HPT/mse_32_0.0001_1e-14_0.5_2_8_8_0.1_64.h5
2696/2696 - 76s - loss: 0.0769 - mse: 0.1881 - val_loss: 0.0763 - val_mse: 0.1908 - lr: 1.0000e-04 - 76s/epoch - 28ms/step
Epoch 12/64

Epoch 12: val_loss did not improve from 0.07631
2696/2696 - 75s - loss: 0.0754 - mse: 0.1846 - val_loss: 0.0771 - val_mse: 0.1928 - lr: 1.0000e-04 - 75s/epoch - 28ms/step
Epoch 13/64

Epoch 13: val_loss improved from 0.07631 to 0.07621, saving model to /p/scratch/deepacf/kiste/patakchiyousefi1//HPT/mse_32_0.0001_1e-14_0.5_2_8_8_0.1_64.h5
2696/2696 - 76s - loss: 0.0744 - mse: 0.1820 - val_loss: 0.0762 - val_mse: 0.1906 - lr: 1.0000e-04 - 76s/epoch - 28ms/step
Epoch 14/64

Epoch 14: val_loss did not improve from 0.07621
2696/2696 - 75s - loss: 0.0738 - mse: 0.1806 - val_loss: 0.0762 - val_mse: 0.1906 - lr: 1.0000e-04 - 75s/epoch - 28ms/step
Epoch 15/64

Epoch 15: val_loss did not improve from 0.07621
2696/2696 - 75s - loss: 0.0715 - mse: 0.1750 - val_loss: 0.0775 - val_mse: 0.1938 - lr: 1.0000e-04 - 75s/epoch - 28ms/step
Epoch 16/64

Epoch 16: val_loss did not improve from 0.07621
2696/2696 - 75s - loss: 0.0680 - mse: 0.1663 - val_loss: 0.0785 - val_mse: 0.1963 - lr: 5.0000e-05 - 75s/epoch - 28ms/step
Epoch 17/64

Epoch 17: val_loss did not improve from 0.07621
2696/2696 - 75s - loss: 0.0665 - mse: 0.1627 - val_loss: 0.0779 - val_mse: 0.1948 - lr: 5.0000e-05 - 75s/epoch - 28ms/step
Epoch 18/64

Epoch 18: val_loss did not improve from 0.07621
2696/2696 - 75s - loss: 0.0643 - mse: 0.1574 - val_loss: 0.0779 - val_mse: 0.1948 - lr: 2.5000e-05 - 75s/epoch - 28ms/step
Epoch 19/64

Epoch 19: val_loss did not improve from 0.07621
2696/2696 - 75s - loss: 0.0631 - mse: 0.1544 - val_loss: 0.0785 - val_mse: 0.1963 - lr: 2.5000e-05 - 75s/epoch - 28ms/step
Epoch 20/64

Epoch 20: val_loss did not improve from 0.07621
2696/2696 - 75s - loss: 0.0618 - mse: 0.1512 - val_loss: 0.0780 - val_mse: 0.1950 - lr: 1.2500e-05 - 75s/epoch - 28ms/step
Epoch 21/64

Epoch 21: val_loss did not improve from 0.07621
2696/2696 - 75s - loss: 0.0611 - mse: 0.1494 - val_loss: 0.0781 - val_mse: 0.1952 - lr: 1.2500e-05 - 75s/epoch - 28ms/step
Saving and plotting the results...
