train_data_hourly_pr_['HRES']_['HSAF']_MM_6__spatiotemporal_128.256_2020-07-01T13_2023-03-26T23_no_na
Data is available already
Loading training data...
mse_64_0.01_1e-14_0.5_2_16_8_0.1_64
Training the model...
Epoch 1/64

Epoch 1: val_loss improved from inf to 0.08181, saving model to /p/scratch/deepacf/kiste/patakchiyousefi1//HPT/mse_64_0.01_1e-14_0.5_2_16_8_0.1_64.h5
1348/1348 - 154s - loss: 0.1148 - mse: 0.2808 - val_loss: 0.0818 - val_mse: 0.2046 - lr: 0.0100 - 154s/epoch - 114ms/step
Epoch 2/64

Epoch 2: val_loss did not improve from 0.08181
1348/1348 - 127s - loss: 0.0895 - mse: 0.2191 - val_loss: 0.0833 - val_mse: 0.2082 - lr: 0.0100 - 127s/epoch - 95ms/step
Epoch 3/64

Epoch 3: val_loss did not improve from 0.08181
1348/1348 - 128s - loss: 0.0876 - mse: 0.2143 - val_loss: 0.0861 - val_mse: 0.2153 - lr: 0.0100 - 128s/epoch - 95ms/step
Epoch 4/64

Epoch 4: val_loss improved from 0.08181 to 0.07880, saving model to /p/scratch/deepacf/kiste/patakchiyousefi1//HPT/mse_64_0.01_1e-14_0.5_2_16_8_0.1_64.h5
1348/1348 - 128s - loss: 0.0860 - mse: 0.2105 - val_loss: 0.0788 - val_mse: 0.1970 - lr: 0.0050 - 128s/epoch - 95ms/step
Epoch 5/64

Epoch 5: val_loss improved from 0.07880 to 0.07789, saving model to /p/scratch/deepacf/kiste/patakchiyousefi1//HPT/mse_64_0.01_1e-14_0.5_2_16_8_0.1_64.h5
1348/1348 - 127s - loss: 0.0856 - mse: 0.2095 - val_loss: 0.0779 - val_mse: 0.1947 - lr: 0.0050 - 127s/epoch - 94ms/step
Epoch 6/64

Epoch 6: val_loss did not improve from 0.07789
1348/1348 - 126s - loss: 0.0853 - mse: 0.2087 - val_loss: 0.0786 - val_mse: 0.1966 - lr: 0.0050 - 126s/epoch - 94ms/step
Epoch 7/64

Epoch 7: val_loss did not improve from 0.07789
1348/1348 - 126s - loss: 0.0858 - mse: 0.2099 - val_loss: 0.0803 - val_mse: 0.2007 - lr: 0.0050 - 126s/epoch - 94ms/step
Epoch 8/64

Epoch 8: val_loss did not improve from 0.07789
1348/1348 - 126s - loss: 0.0854 - mse: 0.2091 - val_loss: 0.0782 - val_mse: 0.1956 - lr: 0.0025 - 126s/epoch - 94ms/step
Epoch 9/64

Epoch 9: val_loss improved from 0.07789 to 0.07698, saving model to /p/scratch/deepacf/kiste/patakchiyousefi1//HPT/mse_64_0.01_1e-14_0.5_2_16_8_0.1_64.h5
1348/1348 - 129s - loss: 0.0847 - mse: 0.2073 - val_loss: 0.0770 - val_mse: 0.1925 - lr: 0.0025 - 129s/epoch - 96ms/step
Epoch 10/64

Epoch 10: val_loss did not improve from 0.07698
1348/1348 - 126s - loss: 0.0843 - mse: 0.2063 - val_loss: 0.0777 - val_mse: 0.1943 - lr: 0.0025 - 126s/epoch - 93ms/step
Epoch 11/64

Epoch 11: val_loss did not improve from 0.07698
1348/1348 - 126s - loss: 0.0846 - mse: 0.2070 - val_loss: 0.0773 - val_mse: 0.1934 - lr: 0.0025 - 126s/epoch - 94ms/step
Epoch 12/64

Epoch 12: val_loss did not improve from 0.07698
1348/1348 - 126s - loss: 0.0836 - mse: 0.2045 - val_loss: 0.0790 - val_mse: 0.1976 - lr: 0.0012 - 126s/epoch - 94ms/step
Epoch 13/64

Epoch 13: val_loss improved from 0.07698 to 0.07606, saving model to /p/scratch/deepacf/kiste/patakchiyousefi1//HPT/mse_64_0.01_1e-14_0.5_2_16_8_0.1_64.h5
1348/1348 - 127s - loss: 0.0831 - mse: 0.2033 - val_loss: 0.0761 - val_mse: 0.1902 - lr: 0.0012 - 127s/epoch - 94ms/step
Epoch 14/64

Epoch 14: val_loss improved from 0.07606 to 0.07575, saving model to /p/scratch/deepacf/kiste/patakchiyousefi1//HPT/mse_64_0.01_1e-14_0.5_2_16_8_0.1_64.h5
1348/1348 - 127s - loss: 0.0828 - mse: 0.2025 - val_loss: 0.0758 - val_mse: 0.1894 - lr: 0.0012 - 127s/epoch - 94ms/step
Epoch 15/64

Epoch 15: val_loss did not improve from 0.07575
1348/1348 - 127s - loss: 0.0825 - mse: 0.2019 - val_loss: 0.0771 - val_mse: 0.1927 - lr: 0.0012 - 127s/epoch - 94ms/step
Epoch 16/64

Epoch 16: val_loss did not improve from 0.07575
1348/1348 - 126s - loss: 0.0832 - mse: 0.2035 - val_loss: 0.0788 - val_mse: 0.1971 - lr: 0.0012 - 126s/epoch - 94ms/step
Epoch 17/64

Epoch 17: val_loss did not improve from 0.07575
1348/1348 - 126s - loss: 0.0850 - mse: 0.2080 - val_loss: 0.0777 - val_mse: 0.1942 - lr: 6.2500e-04 - 126s/epoch - 94ms/step
Epoch 18/64

Epoch 18: val_loss did not improve from 0.07575
1348/1348 - 127s - loss: 0.0841 - mse: 0.2058 - val_loss: 0.0775 - val_mse: 0.1938 - lr: 6.2500e-04 - 127s/epoch - 94ms/step
Epoch 19/64

Epoch 19: val_loss did not improve from 0.07575
1348/1348 - 126s - loss: 0.0833 - mse: 0.2038 - val_loss: 0.0765 - val_mse: 0.1912 - lr: 3.1250e-04 - 126s/epoch - 94ms/step
Epoch 20/64

Epoch 20: val_loss did not improve from 0.07575
1348/1348 - 127s - loss: 0.0830 - mse: 0.2030 - val_loss: 0.0825 - val_mse: 0.2063 - lr: 3.1250e-04 - 127s/epoch - 94ms/step
Epoch 21/64

Epoch 21: val_loss did not improve from 0.07575
1348/1348 - 127s - loss: 0.0835 - mse: 0.2042 - val_loss: 0.0760 - val_mse: 0.1901 - lr: 1.5625e-04 - 127s/epoch - 94ms/step
Epoch 22/64

Epoch 22: val_loss did not improve from 0.07575
1348/1348 - 127s - loss: 0.0831 - mse: 0.2034 - val_loss: 0.0759 - val_mse: 0.1897 - lr: 1.5625e-04 - 127s/epoch - 94ms/step
Saving and plotting the results...
