train_data_hourly_pr_['HRES']_['HSAF']_MM_6__spatiotemporal_128.256_2020-07-01T13_2023-03-26T23_no_na
Data is available already
Loading training data...
mse_32_0.01_1e-14_0.5_2_8_8_0.1_64
Training the model...
Epoch 1/64

Epoch 1: val_loss improved from inf to 0.08763, saving model to /p/scratch/deepacf/kiste/patakchiyousefi1//HPT/mse_32_0.01_1e-14_0.5_2_8_8_0.1_64.h5
2696/2696 - 96s - loss: 0.0982 - mse: 0.2403 - val_loss: 0.0876 - val_mse: 0.2191 - lr: 0.0100 - 96s/epoch - 36ms/step
Epoch 2/64

Epoch 2: val_loss improved from 0.08763 to 0.08019, saving model to /p/scratch/deepacf/kiste/patakchiyousefi1//HPT/mse_32_0.01_1e-14_0.5_2_8_8_0.1_64.h5
2696/2696 - 75s - loss: 0.0905 - mse: 0.2215 - val_loss: 0.0802 - val_mse: 0.2005 - lr: 0.0100 - 75s/epoch - 28ms/step
Epoch 3/64

Epoch 3: val_loss did not improve from 0.08019
2696/2696 - 76s - loss: 0.0891 - mse: 0.2179 - val_loss: 0.0821 - val_mse: 0.2053 - lr: 0.0100 - 76s/epoch - 28ms/step
Epoch 4/64

Epoch 4: val_loss did not improve from 0.08019
2696/2696 - 74s - loss: 0.0884 - mse: 0.2163 - val_loss: 0.0832 - val_mse: 0.2081 - lr: 0.0100 - 74s/epoch - 28ms/step
Epoch 5/64

Epoch 5: val_loss improved from 0.08019 to 0.08000, saving model to /p/scratch/deepacf/kiste/patakchiyousefi1//HPT/mse_32_0.01_1e-14_0.5_2_8_8_0.1_64.h5
2696/2696 - 75s - loss: 0.0873 - mse: 0.2136 - val_loss: 0.0800 - val_mse: 0.2000 - lr: 0.0050 - 75s/epoch - 28ms/step
Epoch 6/64

Epoch 6: val_loss did not improve from 0.08000
2696/2696 - 75s - loss: 0.0869 - mse: 0.2127 - val_loss: 0.0814 - val_mse: 0.2035 - lr: 0.0050 - 75s/epoch - 28ms/step
Epoch 7/64

Epoch 7: val_loss improved from 0.08000 to 0.07784, saving model to /p/scratch/deepacf/kiste/patakchiyousefi1//HPT/mse_32_0.01_1e-14_0.5_2_8_8_0.1_64.h5
2696/2696 - 75s - loss: 0.0865 - mse: 0.2117 - val_loss: 0.0778 - val_mse: 0.1946 - lr: 0.0050 - 75s/epoch - 28ms/step
Epoch 8/64

Epoch 8: val_loss did not improve from 0.07784
2696/2696 - 77s - loss: 0.0862 - mse: 0.2110 - val_loss: 0.0785 - val_mse: 0.1962 - lr: 0.0050 - 77s/epoch - 28ms/step
Epoch 9/64

Epoch 9: val_loss did not improve from 0.07784
2696/2696 - 75s - loss: 0.0859 - mse: 0.2101 - val_loss: 0.0795 - val_mse: 0.1987 - lr: 0.0050 - 75s/epoch - 28ms/step
Epoch 10/64

Epoch 10: val_loss did not improve from 0.07784
2696/2696 - 76s - loss: 0.0848 - mse: 0.2074 - val_loss: 0.0790 - val_mse: 0.1975 - lr: 0.0025 - 76s/epoch - 28ms/step
Epoch 11/64

Epoch 11: val_loss improved from 0.07784 to 0.07638, saving model to /p/scratch/deepacf/kiste/patakchiyousefi1//HPT/mse_32_0.01_1e-14_0.5_2_8_8_0.1_64.h5
2696/2696 - 76s - loss: 0.0843 - mse: 0.2062 - val_loss: 0.0764 - val_mse: 0.1910 - lr: 0.0025 - 76s/epoch - 28ms/step
Epoch 12/64

Epoch 12: val_loss did not improve from 0.07638
2696/2696 - 77s - loss: 0.0839 - mse: 0.2052 - val_loss: 0.0795 - val_mse: 0.1987 - lr: 0.0025 - 77s/epoch - 29ms/step
Epoch 13/64

Epoch 13: val_loss did not improve from 0.07638
2696/2696 - 77s - loss: 0.0833 - mse: 0.2037 - val_loss: 0.0770 - val_mse: 0.1925 - lr: 0.0025 - 77s/epoch - 28ms/step
Epoch 14/64

Epoch 14: val_loss did not improve from 0.07638
2696/2696 - 76s - loss: 0.0820 - mse: 0.2006 - val_loss: 0.0786 - val_mse: 0.1966 - lr: 0.0012 - 76s/epoch - 28ms/step
Epoch 15/64

Epoch 15: val_loss did not improve from 0.07638
2696/2696 - 76s - loss: 0.0812 - mse: 0.1986 - val_loss: 0.0778 - val_mse: 0.1944 - lr: 0.0012 - 76s/epoch - 28ms/step
Epoch 16/64

Epoch 16: val_loss did not improve from 0.07638
2696/2696 - 75s - loss: 0.0800 - mse: 0.1958 - val_loss: 0.0775 - val_mse: 0.1937 - lr: 6.2500e-04 - 75s/epoch - 28ms/step
Epoch 17/64

Epoch 17: val_loss did not improve from 0.07638
2696/2696 - 74s - loss: 0.0799 - mse: 0.1955 - val_loss: 0.0775 - val_mse: 0.1937 - lr: 6.2500e-04 - 74s/epoch - 28ms/step
Epoch 18/64

Epoch 18: val_loss did not improve from 0.07638
2696/2696 - 75s - loss: 0.0787 - mse: 0.1925 - val_loss: 0.0777 - val_mse: 0.1942 - lr: 3.1250e-04 - 75s/epoch - 28ms/step
Epoch 19/64

Epoch 19: val_loss did not improve from 0.07638
2696/2696 - 76s - loss: 0.0783 - mse: 0.1915 - val_loss: 0.0773 - val_mse: 0.1933 - lr: 3.1250e-04 - 76s/epoch - 28ms/step
Saving and plotting the results...
