train_data_hourly_pr_['HRES']_['HSAF']_MM_6__spatiotemporal_128.256_2020-07-01T13_2023-03-26T23_no_na
Data is available already
Loading training data...
mse_64_0.0001_1e-14_0.5_2_16_8_0.1_64
Training the model...
Epoch 1/64

Epoch 1: val_loss improved from inf to 0.08057, saving model to /p/scratch/deepacf/kiste/patakchiyousefi1//HPT/mse_64_0.0001_1e-14_0.5_2_16_8_0.1_64.h5
1348/1348 - 164s - loss: 0.0947 - mse: 0.2318 - val_loss: 0.0806 - val_mse: 0.2015 - lr: 1.0000e-04 - 164s/epoch - 122ms/step
Epoch 2/64

Epoch 2: val_loss did not improve from 0.08057
1348/1348 - 128s - loss: 0.0862 - mse: 0.2109 - val_loss: 0.0850 - val_mse: 0.2126 - lr: 1.0000e-04 - 128s/epoch - 95ms/step
Epoch 3/64

Epoch 3: val_loss improved from 0.08057 to 0.07940, saving model to /p/scratch/deepacf/kiste/patakchiyousefi1//HPT/mse_64_0.0001_1e-14_0.5_2_16_8_0.1_64.h5
1348/1348 - 128s - loss: 0.0853 - mse: 0.2086 - val_loss: 0.0794 - val_mse: 0.1985 - lr: 1.0000e-04 - 128s/epoch - 95ms/step
Epoch 4/64

Epoch 4: val_loss improved from 0.07940 to 0.07929, saving model to /p/scratch/deepacf/kiste/patakchiyousefi1//HPT/mse_64_0.0001_1e-14_0.5_2_16_8_0.1_64.h5
1348/1348 - 133s - loss: 0.0841 - mse: 0.2059 - val_loss: 0.0793 - val_mse: 0.1983 - lr: 1.0000e-04 - 133s/epoch - 99ms/step
Epoch 5/64

Epoch 5: val_loss did not improve from 0.07929
1348/1348 - 128s - loss: 0.0834 - mse: 0.2041 - val_loss: 0.0910 - val_mse: 0.2275 - lr: 1.0000e-04 - 128s/epoch - 95ms/step
Epoch 6/64

Epoch 6: val_loss improved from 0.07929 to 0.07590, saving model to /p/scratch/deepacf/kiste/patakchiyousefi1//HPT/mse_64_0.0001_1e-14_0.5_2_16_8_0.1_64.h5
1348/1348 - 128s - loss: 0.0829 - mse: 0.2029 - val_loss: 0.0759 - val_mse: 0.1898 - lr: 1.0000e-04 - 128s/epoch - 95ms/step
Epoch 7/64

Epoch 7: val_loss did not improve from 0.07590
1348/1348 - 128s - loss: 0.0817 - mse: 0.2000 - val_loss: 0.0781 - val_mse: 0.1953 - lr: 1.0000e-04 - 128s/epoch - 95ms/step
Epoch 8/64

Epoch 8: val_loss did not improve from 0.07590
1348/1348 - 128s - loss: 0.0807 - mse: 0.1975 - val_loss: 0.0767 - val_mse: 0.1918 - lr: 1.0000e-04 - 128s/epoch - 95ms/step
Epoch 9/64

Epoch 9: val_loss did not improve from 0.07590
1348/1348 - 128s - loss: 0.0771 - mse: 0.1887 - val_loss: 0.0785 - val_mse: 0.1963 - lr: 5.0000e-05 - 128s/epoch - 95ms/step
Epoch 10/64

Epoch 10: val_loss did not improve from 0.07590
1348/1348 - 128s - loss: 0.0752 - mse: 0.1841 - val_loss: 0.0765 - val_mse: 0.1914 - lr: 5.0000e-05 - 128s/epoch - 95ms/step
Epoch 11/64

Epoch 11: val_loss did not improve from 0.07590
1348/1348 - 128s - loss: 0.0720 - mse: 0.1761 - val_loss: 0.0799 - val_mse: 0.1998 - lr: 2.5000e-05 - 128s/epoch - 95ms/step
Epoch 12/64

Epoch 12: val_loss did not improve from 0.07590
1348/1348 - 128s - loss: 0.0702 - mse: 0.1719 - val_loss: 0.0786 - val_mse: 0.1966 - lr: 2.5000e-05 - 128s/epoch - 95ms/step
Epoch 13/64

Epoch 13: val_loss did not improve from 0.07590
1348/1348 - 127s - loss: 0.0684 - mse: 0.1674 - val_loss: 0.0795 - val_mse: 0.1988 - lr: 1.2500e-05 - 127s/epoch - 95ms/step
Epoch 14/64

Epoch 14: val_loss did not improve from 0.07590
1348/1348 - 128s - loss: 0.0676 - mse: 0.1654 - val_loss: 0.0773 - val_mse: 0.1933 - lr: 1.2500e-05 - 128s/epoch - 95ms/step
Saving and plotting the results...
