train_data_hourly_pr_['HRES']_['HSAF']_MM_6__spatiotemporal_128.256_2020-07-01T13_2023-03-26T23_no_na
Data is available already
Loading training data...
mse_32_0.0001_1e-14_0.5_2_2_8_0.1_64
Training the model...
Epoch 1/64

Epoch 1: val_loss improved from inf to 0.08042, saving model to /p/scratch/deepacf/kiste/patakchiyousefi1//HPT/mse_32_0.0001_1e-14_0.5_2_2_8_0.1_64.h5
10781/10781 - 175s - loss: 0.0984 - mse: 0.2407 - val_loss: 0.0804 - val_mse: 0.2011 - lr: 1.0000e-04 - 175s/epoch - 16ms/step
Epoch 2/64

Epoch 2: val_loss did not improve from 0.08042
10781/10781 - 161s - loss: 0.0931 - mse: 0.2278 - val_loss: 0.0814 - val_mse: 0.2034 - lr: 1.0000e-04 - 161s/epoch - 15ms/step
Epoch 3/64

Epoch 3: val_loss improved from 0.08042 to 0.07950, saving model to /p/scratch/deepacf/kiste/patakchiyousefi1//HPT/mse_32_0.0001_1e-14_0.5_2_2_8_0.1_64.h5
10781/10781 - 153s - loss: 0.0905 - mse: 0.2216 - val_loss: 0.0795 - val_mse: 0.1988 - lr: 1.0000e-04 - 153s/epoch - 14ms/step
Epoch 4/64

Epoch 4: val_loss did not improve from 0.07950
10781/10781 - 164s - loss: 0.0893 - mse: 0.2186 - val_loss: 0.0797 - val_mse: 0.1993 - lr: 1.0000e-04 - 164s/epoch - 15ms/step
Epoch 5/64

Epoch 5: val_loss did not improve from 0.07950
10781/10781 - 158s - loss: 0.0878 - mse: 0.2149 - val_loss: 0.0800 - val_mse: 0.2001 - lr: 1.0000e-04 - 158s/epoch - 15ms/step
Epoch 6/64

Epoch 6: val_loss improved from 0.07950 to 0.07832, saving model to /p/scratch/deepacf/kiste/patakchiyousefi1//HPT/mse_32_0.0001_1e-14_0.5_2_2_8_0.1_64.h5
10781/10781 - 161s - loss: 0.0847 - mse: 0.2072 - val_loss: 0.0783 - val_mse: 0.1958 - lr: 5.0000e-05 - 161s/epoch - 15ms/step
Epoch 7/64

Epoch 7: val_loss did not improve from 0.07832
10781/10781 - 162s - loss: 0.0831 - mse: 0.2032 - val_loss: 0.0826 - val_mse: 0.2065 - lr: 5.0000e-05 - 162s/epoch - 15ms/step
Epoch 8/64

Epoch 8: val_loss did not improve from 0.07832
10781/10781 - 155s - loss: 0.0815 - mse: 0.1994 - val_loss: 0.0802 - val_mse: 0.2006 - lr: 5.0000e-05 - 155s/epoch - 14ms/step
Epoch 9/64

Epoch 9: val_loss improved from 0.07832 to 0.07777, saving model to /p/scratch/deepacf/kiste/patakchiyousefi1//HPT/mse_32_0.0001_1e-14_0.5_2_2_8_0.1_64.h5
10781/10781 - 157s - loss: 0.0788 - mse: 0.1929 - val_loss: 0.0778 - val_mse: 0.1944 - lr: 2.5000e-05 - 157s/epoch - 15ms/step
Epoch 10/64

Epoch 10: val_loss did not improve from 0.07777
10781/10781 - 152s - loss: 0.0775 - mse: 0.1896 - val_loss: 0.0788 - val_mse: 0.1969 - lr: 2.5000e-05 - 152s/epoch - 14ms/step
Epoch 11/64

Epoch 11: val_loss improved from 0.07777 to 0.07730, saving model to /p/scratch/deepacf/kiste/patakchiyousefi1//HPT/mse_32_0.0001_1e-14_0.5_2_2_8_0.1_64.h5
10781/10781 - 165s - loss: 0.0767 - mse: 0.1876 - val_loss: 0.0773 - val_mse: 0.1933 - lr: 2.5000e-05 - 165s/epoch - 15ms/step
Epoch 12/64

Epoch 12: val_loss did not improve from 0.07730
10781/10781 - 168s - loss: 0.0760 - mse: 0.1858 - val_loss: 0.0782 - val_mse: 0.1956 - lr: 2.5000e-05 - 168s/epoch - 16ms/step
Epoch 13/64

Epoch 13: val_loss did not improve from 0.07730
10781/10781 - 158s - loss: 0.0751 - mse: 0.1837 - val_loss: 0.0915 - val_mse: 0.2287 - lr: 2.5000e-05 - 158s/epoch - 15ms/step
Epoch 14/64

Epoch 14: val_loss did not improve from 0.07730
10781/10781 - 157s - loss: 0.0732 - mse: 0.1792 - val_loss: 0.0818 - val_mse: 0.2046 - lr: 1.2500e-05 - 157s/epoch - 15ms/step
Epoch 15/64

Epoch 15: val_loss did not improve from 0.07730
10781/10781 - 154s - loss: 0.0726 - mse: 0.1777 - val_loss: 0.0801 - val_mse: 0.2002 - lr: 1.2500e-05 - 154s/epoch - 14ms/step
Epoch 16/64

Epoch 16: val_loss did not improve from 0.07730
10781/10781 - 157s - loss: 0.0715 - mse: 0.1749 - val_loss: 0.0817 - val_mse: 0.2042 - lr: 6.2500e-06 - 157s/epoch - 15ms/step
Epoch 17/64

Epoch 17: val_loss did not improve from 0.07730
10781/10781 - 159s - loss: 0.0711 - mse: 0.1739 - val_loss: 0.0813 - val_mse: 0.2034 - lr: 6.2500e-06 - 159s/epoch - 15ms/step
Epoch 18/64

Epoch 18: val_loss did not improve from 0.07730
10781/10781 - 163s - loss: 0.0704 - mse: 0.1723 - val_loss: 0.0800 - val_mse: 0.2000 - lr: 3.1250e-06 - 163s/epoch - 15ms/step
Epoch 19/64

Epoch 19: val_loss did not improve from 0.07730
10781/10781 - 162s - loss: 0.0702 - mse: 0.1717 - val_loss: 0.0836 - val_mse: 0.2091 - lr: 3.1250e-06 - 162s/epoch - 15ms/step
Saving and plotting the results...
