train_data_hourly_pr_['HRES']_['HSAF']_MM_6__spatiotemporal_128.256_2020-07-01T13_2023-03-26T23_no_na
Data is available already
Loading training data...
mse_16_0.0001_1e-14_0.5_2_2_8_0.1_64
Training the model...
Epoch 1/64

Epoch 1: val_loss improved from inf to 0.08148, saving model to /p/scratch/deepacf/kiste/patakchiyousefi1//HPT/mse_16_0.0001_1e-14_0.5_2_2_8_0.1_64.h5
10781/10781 - 174s - loss: 0.1006 - mse: 0.2461 - val_loss: 0.0815 - val_mse: 0.2037 - lr: 1.0000e-04 - 174s/epoch - 16ms/step
Epoch 2/64

Epoch 2: val_loss improved from 0.08148 to 0.07959, saving model to /p/scratch/deepacf/kiste/patakchiyousefi1//HPT/mse_16_0.0001_1e-14_0.5_2_2_8_0.1_64.h5
10781/10781 - 157s - loss: 0.0943 - mse: 0.2308 - val_loss: 0.0796 - val_mse: 0.1990 - lr: 1.0000e-04 - 157s/epoch - 15ms/step
Epoch 3/64

Epoch 3: val_loss did not improve from 0.07959
10781/10781 - 156s - loss: 0.0921 - mse: 0.2254 - val_loss: 0.0801 - val_mse: 0.2002 - lr: 1.0000e-04 - 156s/epoch - 15ms/step
Epoch 4/64

Epoch 4: val_loss did not improve from 0.07959
10781/10781 - 160s - loss: 0.0904 - mse: 0.2213 - val_loss: 0.0828 - val_mse: 0.2069 - lr: 1.0000e-04 - 160s/epoch - 15ms/step
Epoch 5/64

Epoch 5: val_loss improved from 0.07959 to 0.07948, saving model to /p/scratch/deepacf/kiste/patakchiyousefi1//HPT/mse_16_0.0001_1e-14_0.5_2_2_8_0.1_64.h5
10781/10781 - 156s - loss: 0.0875 - mse: 0.2142 - val_loss: 0.0795 - val_mse: 0.1987 - lr: 5.0000e-05 - 156s/epoch - 15ms/step
Epoch 6/64

Epoch 6: val_loss did not improve from 0.07948
10781/10781 - 155s - loss: 0.0855 - mse: 0.2093 - val_loss: 0.0809 - val_mse: 0.2023 - lr: 5.0000e-05 - 155s/epoch - 14ms/step
Epoch 7/64

Epoch 7: val_loss did not improve from 0.07948
10781/10781 - 158s - loss: 0.0843 - mse: 0.2062 - val_loss: 0.0803 - val_mse: 0.2007 - lr: 5.0000e-05 - 158s/epoch - 15ms/step
Epoch 8/64

Epoch 8: val_loss did not improve from 0.07948
10781/10781 - 155s - loss: 0.0817 - mse: 0.2000 - val_loss: 0.0816 - val_mse: 0.2041 - lr: 2.5000e-05 - 155s/epoch - 14ms/step
Epoch 9/64

Epoch 9: val_loss did not improve from 0.07948
10781/10781 - 157s - loss: 0.0803 - mse: 0.1964 - val_loss: 0.0836 - val_mse: 0.2090 - lr: 2.5000e-05 - 157s/epoch - 15ms/step
Epoch 10/64

Epoch 10: val_loss did not improve from 0.07948
10781/10781 - 157s - loss: 0.0784 - mse: 0.1918 - val_loss: 0.0816 - val_mse: 0.2041 - lr: 1.2500e-05 - 157s/epoch - 15ms/step
Epoch 11/64

Epoch 11: val_loss did not improve from 0.07948
10781/10781 - 156s - loss: 0.0778 - mse: 0.1905 - val_loss: 0.0801 - val_mse: 0.2004 - lr: 1.2500e-05 - 156s/epoch - 15ms/step
Epoch 12/64

Epoch 12: val_loss did not improve from 0.07948
10781/10781 - 156s - loss: 0.0768 - mse: 0.1879 - val_loss: 0.0811 - val_mse: 0.2027 - lr: 6.2500e-06 - 156s/epoch - 14ms/step
Epoch 13/64

Epoch 13: val_loss did not improve from 0.07948
10781/10781 - 157s - loss: 0.0761 - mse: 0.1863 - val_loss: 0.0816 - val_mse: 0.2041 - lr: 6.2500e-06 - 157s/epoch - 15ms/step
Saving and plotting the results...
