train_data_hourly_pr_['HRES']_['HSAF']_MM_6__spatiotemporal_128.256_2020-07-01T13_2023-03-26T23_no_na
Data is available already
Loading training data...
mse_32_0.0001_1e-14_0.5_2_16_8_0.1_64
Training the model...
Epoch 1/64

Epoch 1: val_loss improved from inf to 0.08208, saving model to /p/scratch/deepacf/kiste/patakchiyousefi1//HPT/mse_32_0.0001_1e-14_0.5_2_16_8_0.1_64.h5
1348/1348 - 96s - loss: 0.0972 - mse: 0.2379 - val_loss: 0.0821 - val_mse: 0.2052 - lr: 1.0000e-04 - 96s/epoch - 71ms/step
Epoch 2/64

Epoch 2: val_loss improved from 0.08208 to 0.08041, saving model to /p/scratch/deepacf/kiste/patakchiyousefi1//HPT/mse_32_0.0001_1e-14_0.5_2_16_8_0.1_64.h5
1348/1348 - 69s - loss: 0.0873 - mse: 0.2136 - val_loss: 0.0804 - val_mse: 0.2011 - lr: 1.0000e-04 - 69s/epoch - 51ms/step
Epoch 3/64

Epoch 3: val_loss did not improve from 0.08041
1348/1348 - 70s - loss: 0.0859 - mse: 0.2101 - val_loss: 0.0811 - val_mse: 0.2029 - lr: 1.0000e-04 - 70s/epoch - 52ms/step
Epoch 4/64

Epoch 4: val_loss improved from 0.08041 to 0.07916, saving model to /p/scratch/deepacf/kiste/patakchiyousefi1//HPT/mse_32_0.0001_1e-14_0.5_2_16_8_0.1_64.h5
1348/1348 - 70s - loss: 0.0846 - mse: 0.2071 - val_loss: 0.0792 - val_mse: 0.1979 - lr: 1.0000e-04 - 70s/epoch - 52ms/step
Epoch 5/64

Epoch 5: val_loss improved from 0.07916 to 0.07845, saving model to /p/scratch/deepacf/kiste/patakchiyousefi1//HPT/mse_32_0.0001_1e-14_0.5_2_16_8_0.1_64.h5
1348/1348 - 69s - loss: 0.0837 - mse: 0.2047 - val_loss: 0.0784 - val_mse: 0.1961 - lr: 1.0000e-04 - 69s/epoch - 51ms/step
Epoch 6/64

Epoch 6: val_loss did not improve from 0.07845
1348/1348 - 70s - loss: 0.0829 - mse: 0.2029 - val_loss: 0.0798 - val_mse: 0.1995 - lr: 1.0000e-04 - 70s/epoch - 52ms/step
Epoch 7/64

Epoch 7: val_loss did not improve from 0.07845
1348/1348 - 69s - loss: 0.0816 - mse: 0.1998 - val_loss: 0.0813 - val_mse: 0.2032 - lr: 1.0000e-04 - 69s/epoch - 51ms/step
Epoch 8/64

Epoch 8: val_loss did not improve from 0.07845
1348/1348 - 70s - loss: 0.0778 - mse: 0.1905 - val_loss: 0.0794 - val_mse: 0.1986 - lr: 5.0000e-05 - 70s/epoch - 52ms/step
Epoch 9/64

Epoch 9: val_loss did not improve from 0.07845
1348/1348 - 70s - loss: 0.0758 - mse: 0.1856 - val_loss: 0.0808 - val_mse: 0.2020 - lr: 5.0000e-05 - 70s/epoch - 52ms/step
Epoch 10/64

Epoch 10: val_loss did not improve from 0.07845
1348/1348 - 69s - loss: 0.0726 - mse: 0.1777 - val_loss: 0.0800 - val_mse: 0.2000 - lr: 2.5000e-05 - 69s/epoch - 51ms/step
Epoch 11/64

Epoch 11: val_loss did not improve from 0.07845
1348/1348 - 69s - loss: 0.0714 - mse: 0.1747 - val_loss: 0.0800 - val_mse: 0.2000 - lr: 2.5000e-05 - 69s/epoch - 51ms/step
Epoch 12/64

Epoch 12: val_loss did not improve from 0.07845
1348/1348 - 69s - loss: 0.0695 - mse: 0.1701 - val_loss: 0.0838 - val_mse: 0.2096 - lr: 1.2500e-05 - 69s/epoch - 51ms/step
Epoch 13/64

Epoch 13: val_loss did not improve from 0.07845
1348/1348 - 69s - loss: 0.0688 - mse: 0.1683 - val_loss: 0.0814 - val_mse: 0.2035 - lr: 1.2500e-05 - 69s/epoch - 51ms/step
Saving and plotting the results...
