train_data_hourly_pr_['HRES']_['HSAF']_MM_6__spatiotemporal_128.256_2020-07-01T13_2023-03-26T23_no_na
Data is available already
Loading training data...
mse_32_0.001_1e-14_0.5_2_16_8_0.1_64
Training the model...
Epoch 1/64

Epoch 1: val_loss improved from inf to 0.07956, saving model to /p/scratch/deepacf/kiste/patakchiyousefi1//HPT/mse_32_0.001_1e-14_0.5_2_16_8_0.1_64.h5
1348/1348 - 91s - loss: 0.0923 - mse: 0.2258 - val_loss: 0.0796 - val_mse: 0.1989 - lr: 0.0010 - 91s/epoch - 68ms/step
Epoch 2/64

Epoch 2: val_loss did not improve from 0.07956
1348/1348 - 69s - loss: 0.0868 - mse: 0.2124 - val_loss: 0.0801 - val_mse: 0.2004 - lr: 0.0010 - 69s/epoch - 51ms/step
Epoch 3/64

Epoch 3: val_loss did not improve from 0.07956
1348/1348 - 69s - loss: 0.0860 - mse: 0.2104 - val_loss: 0.0808 - val_mse: 0.2020 - lr: 0.0010 - 69s/epoch - 51ms/step
Epoch 4/64

Epoch 4: val_loss improved from 0.07956 to 0.07624, saving model to /p/scratch/deepacf/kiste/patakchiyousefi1//HPT/mse_32_0.001_1e-14_0.5_2_16_8_0.1_64.h5
1348/1348 - 69s - loss: 0.0847 - mse: 0.2072 - val_loss: 0.0762 - val_mse: 0.1906 - lr: 5.0000e-04 - 69s/epoch - 51ms/step
Epoch 5/64

Epoch 5: val_loss improved from 0.07624 to 0.07606, saving model to /p/scratch/deepacf/kiste/patakchiyousefi1//HPT/mse_32_0.001_1e-14_0.5_2_16_8_0.1_64.h5
1348/1348 - 69s - loss: 0.0842 - mse: 0.2061 - val_loss: 0.0761 - val_mse: 0.1902 - lr: 5.0000e-04 - 69s/epoch - 51ms/step
Epoch 6/64

Epoch 6: val_loss did not improve from 0.07606
1348/1348 - 69s - loss: 0.0841 - mse: 0.2057 - val_loss: 0.0774 - val_mse: 0.1935 - lr: 5.0000e-04 - 69s/epoch - 51ms/step
Epoch 7/64

Epoch 7: val_loss did not improve from 0.07606
1348/1348 - 69s - loss: 0.0837 - mse: 0.2048 - val_loss: 0.0762 - val_mse: 0.1905 - lr: 5.0000e-04 - 69s/epoch - 51ms/step
Epoch 8/64

Epoch 8: val_loss did not improve from 0.07606
1348/1348 - 69s - loss: 0.0824 - mse: 0.2015 - val_loss: 0.0770 - val_mse: 0.1925 - lr: 2.5000e-04 - 69s/epoch - 51ms/step
Epoch 9/64

Epoch 9: val_loss did not improve from 0.07606
1348/1348 - 69s - loss: 0.0814 - mse: 0.1991 - val_loss: 0.0767 - val_mse: 0.1917 - lr: 2.5000e-04 - 69s/epoch - 51ms/step
Epoch 10/64

Epoch 10: val_loss improved from 0.07606 to 0.07573, saving model to /p/scratch/deepacf/kiste/patakchiyousefi1//HPT/mse_32_0.001_1e-14_0.5_2_16_8_0.1_64.h5
1348/1348 - 69s - loss: 0.0800 - mse: 0.1957 - val_loss: 0.0757 - val_mse: 0.1894 - lr: 1.2500e-04 - 69s/epoch - 52ms/step
Epoch 11/64

Epoch 11: val_loss did not improve from 0.07573
1348/1348 - 69s - loss: 0.0788 - mse: 0.1927 - val_loss: 0.0784 - val_mse: 0.1959 - lr: 1.2500e-04 - 69s/epoch - 51ms/step
Epoch 12/64

Epoch 12: val_loss did not improve from 0.07573
1348/1348 - 69s - loss: 0.0780 - mse: 0.1909 - val_loss: 0.0760 - val_mse: 0.1901 - lr: 1.2500e-04 - 69s/epoch - 51ms/step
Epoch 13/64

Epoch 13: val_loss did not improve from 0.07573
1348/1348 - 68s - loss: 0.0764 - mse: 0.1870 - val_loss: 0.0778 - val_mse: 0.1946 - lr: 6.2500e-05 - 68s/epoch - 51ms/step
Epoch 14/64

Epoch 14: val_loss did not improve from 0.07573
1348/1348 - 68s - loss: 0.0757 - mse: 0.1852 - val_loss: 0.0771 - val_mse: 0.1929 - lr: 6.2500e-05 - 68s/epoch - 51ms/step
Epoch 15/64

Epoch 15: val_loss did not improve from 0.07573
1348/1348 - 69s - loss: 0.0747 - mse: 0.1829 - val_loss: 0.0771 - val_mse: 0.1929 - lr: 3.1250e-05 - 69s/epoch - 51ms/step
Epoch 16/64

Epoch 16: val_loss did not improve from 0.07573
1348/1348 - 68s - loss: 0.0740 - mse: 0.1811 - val_loss: 0.0773 - val_mse: 0.1933 - lr: 3.1250e-05 - 68s/epoch - 51ms/step
Epoch 17/64

Epoch 17: val_loss did not improve from 0.07573
1348/1348 - 69s - loss: 0.0736 - mse: 0.1801 - val_loss: 0.0775 - val_mse: 0.1939 - lr: 1.5625e-05 - 69s/epoch - 51ms/step
Epoch 18/64

Epoch 18: val_loss did not improve from 0.07573
1348/1348 - 69s - loss: 0.0734 - mse: 0.1797 - val_loss: 0.0768 - val_mse: 0.1921 - lr: 1.5625e-05 - 69s/epoch - 51ms/step
Saving and plotting the results...
