train_data_hourly_pr_['HRES']_['HSAF']_MM_6__spatiotemporal_128.256_2020-07-01T13_2023-03-26T23_no_na
Data is available already
Loading training data...
mse_64_0.001_1e-14_0.5_2_8_8_0.1_64
Training the model...
Epoch 1/64

Epoch 1: val_loss improved from inf to 0.07847, saving model to /p/scratch/deepacf/kiste/patakchiyousefi1//HPT/mse_64_0.001_1e-14_0.5_2_8_8_0.1_64.h5
2696/2696 - 168s - loss: 0.0949 - mse: 0.2323 - val_loss: 0.0785 - val_mse: 0.1962 - lr: 0.0010 - 168s/epoch - 62ms/step
Epoch 2/64

Epoch 2: val_loss did not improve from 0.07847
2696/2696 - 146s - loss: 0.0885 - mse: 0.2166 - val_loss: 0.0867 - val_mse: 0.2167 - lr: 0.0010 - 146s/epoch - 54ms/step
Epoch 3/64

Epoch 3: val_loss did not improve from 0.07847
2696/2696 - 147s - loss: 0.0876 - mse: 0.2143 - val_loss: 0.0789 - val_mse: 0.1973 - lr: 0.0010 - 147s/epoch - 55ms/step
Epoch 4/64

Epoch 4: val_loss improved from 0.07847 to 0.07641, saving model to /p/scratch/deepacf/kiste/patakchiyousefi1//HPT/mse_64_0.001_1e-14_0.5_2_8_8_0.1_64.h5
2696/2696 - 148s - loss: 0.0861 - mse: 0.2107 - val_loss: 0.0764 - val_mse: 0.1911 - lr: 5.0000e-04 - 148s/epoch - 55ms/step
Epoch 5/64

Epoch 5: val_loss did not improve from 0.07641
2696/2696 - 148s - loss: 0.0859 - mse: 0.2101 - val_loss: 0.0772 - val_mse: 0.1930 - lr: 5.0000e-04 - 148s/epoch - 55ms/step
Epoch 6/64

Epoch 6: val_loss did not improve from 0.07641
2696/2696 - 148s - loss: 0.0855 - mse: 0.2092 - val_loss: 0.0765 - val_mse: 0.1913 - lr: 5.0000e-04 - 148s/epoch - 55ms/step
Epoch 7/64

Epoch 7: val_loss did not improve from 0.07641
2696/2696 - 147s - loss: 0.0838 - mse: 0.2051 - val_loss: 0.0767 - val_mse: 0.1917 - lr: 2.5000e-04 - 147s/epoch - 55ms/step
Epoch 8/64

Epoch 8: val_loss improved from 0.07641 to 0.07633, saving model to /p/scratch/deepacf/kiste/patakchiyousefi1//HPT/mse_64_0.001_1e-14_0.5_2_8_8_0.1_64.h5
2696/2696 - 148s - loss: 0.0831 - mse: 0.2033 - val_loss: 0.0763 - val_mse: 0.1909 - lr: 2.5000e-04 - 148s/epoch - 55ms/step
Epoch 9/64

Epoch 9: val_loss improved from 0.07633 to 0.07592, saving model to /p/scratch/deepacf/kiste/patakchiyousefi1//HPT/mse_64_0.001_1e-14_0.5_2_8_8_0.1_64.h5
2696/2696 - 147s - loss: 0.0827 - mse: 0.2025 - val_loss: 0.0759 - val_mse: 0.1898 - lr: 2.5000e-04 - 147s/epoch - 55ms/step
Epoch 10/64

Epoch 10: val_loss did not improve from 0.07592
2696/2696 - 148s - loss: 0.0821 - mse: 0.2008 - val_loss: 0.0761 - val_mse: 0.1904 - lr: 2.5000e-04 - 148s/epoch - 55ms/step
Epoch 11/64

Epoch 11: val_loss did not improve from 0.07592
2696/2696 - 148s - loss: 0.0817 - mse: 0.2000 - val_loss: 0.0766 - val_mse: 0.1915 - lr: 2.5000e-04 - 148s/epoch - 55ms/step
Epoch 12/64

Epoch 12: val_loss did not improve from 0.07592
2696/2696 - 148s - loss: 0.0798 - mse: 0.1954 - val_loss: 0.0767 - val_mse: 0.1918 - lr: 1.2500e-04 - 148s/epoch - 55ms/step
Epoch 13/64

Epoch 13: val_loss did not improve from 0.07592
2696/2696 - 148s - loss: 0.0789 - mse: 0.1930 - val_loss: 0.0781 - val_mse: 0.1953 - lr: 1.2500e-04 - 148s/epoch - 55ms/step
Epoch 14/64

Epoch 14: val_loss did not improve from 0.07592
2696/2696 - 148s - loss: 0.0774 - mse: 0.1895 - val_loss: 0.0776 - val_mse: 0.1941 - lr: 6.2500e-05 - 148s/epoch - 55ms/step
Epoch 15/64

Epoch 15: val_loss did not improve from 0.07592
2696/2696 - 148s - loss: 0.0771 - mse: 0.1886 - val_loss: 0.0768 - val_mse: 0.1919 - lr: 6.2500e-05 - 148s/epoch - 55ms/step
Epoch 16/64

Epoch 16: val_loss did not improve from 0.07592
2696/2696 - 148s - loss: 0.0756 - mse: 0.1850 - val_loss: 0.0770 - val_mse: 0.1925 - lr: 3.1250e-05 - 148s/epoch - 55ms/step
Epoch 17/64

Epoch 17: val_loss did not improve from 0.07592
2696/2696 - 147s - loss: 0.0754 - mse: 0.1844 - val_loss: 0.0767 - val_mse: 0.1917 - lr: 3.1250e-05 - 147s/epoch - 55ms/step
Saving and plotting the results...
