train_data_hourly_pr_['HRES']_['HSAF']_MM_6__spatiotemporal_128.256_2020-07-01T13_2023-03-26T23_no_na
Data is available already
Loading training data...
mse_32_0.001_1e-14_0.5_2_4_8_0.1_64
Training the model...
Epoch 1/64

Epoch 1: val_loss improved from inf to 0.08019, saving model to /p/scratch/deepacf/kiste/patakchiyousefi1//HPT/mse_32_0.001_1e-14_0.5_2_4_8_0.1_64.h5
5391/5391 - 121s - loss: 0.0944 - mse: 0.2310 - val_loss: 0.0802 - val_mse: 0.2005 - lr: 0.0010 - 121s/epoch - 23ms/step
Epoch 2/64

Epoch 2: val_loss improved from 0.08019 to 0.07959, saving model to /p/scratch/deepacf/kiste/patakchiyousefi1//HPT/mse_32_0.001_1e-14_0.5_2_4_8_0.1_64.h5
5391/5391 - 99s - loss: 0.0913 - mse: 0.2234 - val_loss: 0.0796 - val_mse: 0.1990 - lr: 0.0010 - 99s/epoch - 18ms/step
Epoch 3/64

Epoch 3: val_loss improved from 0.07959 to 0.07833, saving model to /p/scratch/deepacf/kiste/patakchiyousefi1//HPT/mse_32_0.001_1e-14_0.5_2_4_8_0.1_64.h5
5391/5391 - 98s - loss: 0.0899 - mse: 0.2200 - val_loss: 0.0783 - val_mse: 0.1958 - lr: 0.0010 - 98s/epoch - 18ms/step
Epoch 4/64

Epoch 4: val_loss improved from 0.07833 to 0.07765, saving model to /p/scratch/deepacf/kiste/patakchiyousefi1//HPT/mse_32_0.001_1e-14_0.5_2_4_8_0.1_64.h5
5391/5391 - 99s - loss: 0.0889 - mse: 0.2174 - val_loss: 0.0776 - val_mse: 0.1941 - lr: 0.0010 - 99s/epoch - 18ms/step
Epoch 5/64

Epoch 5: val_loss improved from 0.07765 to 0.07740, saving model to /p/scratch/deepacf/kiste/patakchiyousefi1//HPT/mse_32_0.001_1e-14_0.5_2_4_8_0.1_64.h5
5391/5391 - 98s - loss: 0.0884 - mse: 0.2163 - val_loss: 0.0774 - val_mse: 0.1935 - lr: 0.0010 - 98s/epoch - 18ms/step
Epoch 6/64

Epoch 6: val_loss did not improve from 0.07740
5391/5391 - 98s - loss: 0.0875 - mse: 0.2141 - val_loss: 0.0790 - val_mse: 0.1975 - lr: 0.0010 - 98s/epoch - 18ms/step
Epoch 7/64

Epoch 7: val_loss improved from 0.07740 to 0.07647, saving model to /p/scratch/deepacf/kiste/patakchiyousefi1//HPT/mse_32_0.001_1e-14_0.5_2_4_8_0.1_64.h5
5391/5391 - 99s - loss: 0.0867 - mse: 0.2122 - val_loss: 0.0765 - val_mse: 0.1912 - lr: 0.0010 - 99s/epoch - 18ms/step
Epoch 8/64

Epoch 8: val_loss did not improve from 0.07647
5391/5391 - 99s - loss: 0.0859 - mse: 0.2102 - val_loss: 0.0769 - val_mse: 0.1922 - lr: 0.0010 - 99s/epoch - 18ms/step
Epoch 9/64

Epoch 9: val_loss did not improve from 0.07647
5391/5391 - 99s - loss: 0.0852 - mse: 0.2085 - val_loss: 0.0778 - val_mse: 0.1945 - lr: 0.0010 - 99s/epoch - 18ms/step
Epoch 10/64

Epoch 10: val_loss did not improve from 0.07647
5391/5391 - 100s - loss: 0.0829 - mse: 0.2029 - val_loss: 0.0782 - val_mse: 0.1956 - lr: 5.0000e-04 - 100s/epoch - 19ms/step
Epoch 11/64

Epoch 11: val_loss did not improve from 0.07647
5391/5391 - 99s - loss: 0.0820 - mse: 0.2006 - val_loss: 0.0775 - val_mse: 0.1938 - lr: 5.0000e-04 - 99s/epoch - 18ms/step
Epoch 12/64

Epoch 12: val_loss did not improve from 0.07647
5391/5391 - 101s - loss: 0.0798 - mse: 0.1953 - val_loss: 0.0772 - val_mse: 0.1930 - lr: 2.5000e-04 - 101s/epoch - 19ms/step
Epoch 13/64

Epoch 13: val_loss did not improve from 0.07647
5391/5391 - 102s - loss: 0.0788 - mse: 0.1929 - val_loss: 0.0773 - val_mse: 0.1933 - lr: 2.5000e-04 - 102s/epoch - 19ms/step
Epoch 14/64

Epoch 14: val_loss did not improve from 0.07647
5391/5391 - 102s - loss: 0.0773 - mse: 0.1891 - val_loss: 0.0772 - val_mse: 0.1929 - lr: 1.2500e-04 - 102s/epoch - 19ms/step
Epoch 15/64

Epoch 15: val_loss did not improve from 0.07647
5391/5391 - 102s - loss: 0.0768 - mse: 0.1880 - val_loss: 0.0769 - val_mse: 0.1922 - lr: 1.2500e-04 - 102s/epoch - 19ms/step
Saving and plotting the results...
