train_data_hourly_pr_['HRES']_['HSAF']_MM_6__spatiotemporal_128.256_2020-07-01T13_2023-03-26T23_no_na
Data is available already
Loading training data...
mse_64_0.001_1e-14_0.5_2_4_8_0.1_64
Training the model...
Epoch 1/64

Epoch 1: val_loss improved from inf to 0.08044, saving model to /p/scratch/deepacf/kiste/patakchiyousefi1//HPT/mse_64_0.001_1e-14_0.5_2_4_8_0.1_64.h5
5391/5391 - 192s - loss: 0.0954 - mse: 0.2333 - val_loss: 0.0804 - val_mse: 0.2011 - lr: 0.0010 - 192s/epoch - 36ms/step
Epoch 2/64

Epoch 2: val_loss improved from 0.08044 to 0.07862, saving model to /p/scratch/deepacf/kiste/patakchiyousefi1//HPT/mse_64_0.001_1e-14_0.5_2_4_8_0.1_64.h5
5391/5391 - 164s - loss: 0.0913 - mse: 0.2233 - val_loss: 0.0786 - val_mse: 0.1966 - lr: 0.0010 - 164s/epoch - 30ms/step
Epoch 3/64

Epoch 3: val_loss did not improve from 0.07862
5391/5391 - 166s - loss: 0.0905 - mse: 0.2216 - val_loss: 0.0789 - val_mse: 0.1974 - lr: 0.0010 - 166s/epoch - 31ms/step
Epoch 4/64

Epoch 4: val_loss improved from 0.07862 to 0.07755, saving model to /p/scratch/deepacf/kiste/patakchiyousefi1//HPT/mse_64_0.001_1e-14_0.5_2_4_8_0.1_64.h5
5391/5391 - 166s - loss: 0.0892 - mse: 0.2183 - val_loss: 0.0775 - val_mse: 0.1939 - lr: 0.0010 - 166s/epoch - 31ms/step
Epoch 5/64

Epoch 5: val_loss did not improve from 0.07755
5391/5391 - 166s - loss: 0.0883 - mse: 0.2160 - val_loss: 0.0809 - val_mse: 0.2024 - lr: 0.0010 - 166s/epoch - 31ms/step
Epoch 6/64

Epoch 6: val_loss did not improve from 0.07755
5391/5391 - 165s - loss: 0.0877 - mse: 0.2146 - val_loss: 0.0778 - val_mse: 0.1945 - lr: 0.0010 - 165s/epoch - 31ms/step
Epoch 7/64

Epoch 7: val_loss improved from 0.07755 to 0.07716, saving model to /p/scratch/deepacf/kiste/patakchiyousefi1//HPT/mse_64_0.001_1e-14_0.5_2_4_8_0.1_64.h5
5391/5391 - 163s - loss: 0.0856 - mse: 0.2095 - val_loss: 0.0772 - val_mse: 0.1929 - lr: 5.0000e-04 - 163s/epoch - 30ms/step
Epoch 8/64

Epoch 8: val_loss did not improve from 0.07716
5391/5391 - 164s - loss: 0.0847 - mse: 0.2073 - val_loss: 0.0778 - val_mse: 0.1945 - lr: 5.0000e-04 - 164s/epoch - 30ms/step
Epoch 9/64

Epoch 9: val_loss did not improve from 0.07716
5391/5391 - 166s - loss: 0.0839 - mse: 0.2054 - val_loss: 0.0790 - val_mse: 0.1975 - lr: 5.0000e-04 - 166s/epoch - 31ms/step
Epoch 10/64

Epoch 10: val_loss did not improve from 0.07716
5391/5391 - 165s - loss: 0.0826 - mse: 0.2022 - val_loss: 0.0797 - val_mse: 0.1992 - lr: 2.5000e-04 - 165s/epoch - 31ms/step
Epoch 11/64

Epoch 11: val_loss did not improve from 0.07716
5391/5391 - 166s - loss: 0.0817 - mse: 0.1999 - val_loss: 0.0772 - val_mse: 0.1929 - lr: 2.5000e-04 - 166s/epoch - 31ms/step
Epoch 12/64

Epoch 12: val_loss did not improve from 0.07716
5391/5391 - 165s - loss: 0.0802 - mse: 0.1963 - val_loss: 0.0809 - val_mse: 0.2022 - lr: 1.2500e-04 - 165s/epoch - 31ms/step
Epoch 13/64

Epoch 13: val_loss did not improve from 0.07716
5391/5391 - 167s - loss: 0.0794 - mse: 0.1943 - val_loss: 0.0817 - val_mse: 0.2043 - lr: 1.2500e-04 - 167s/epoch - 31ms/step
Epoch 14/64

Epoch 14: val_loss did not improve from 0.07716
5391/5391 - 167s - loss: 0.0782 - mse: 0.1913 - val_loss: 0.0807 - val_mse: 0.2017 - lr: 6.2500e-05 - 167s/epoch - 31ms/step
Epoch 15/64

Epoch 15: val_loss did not improve from 0.07716
5391/5391 - 168s - loss: 0.0781 - mse: 0.1912 - val_loss: 0.0802 - val_mse: 0.2004 - lr: 6.2500e-05 - 168s/epoch - 31ms/step
Saving and plotting the results...
