train_data_hourly_pr_['HRES']_['HSAF']_MM_6__spatiotemporal_128.256_2020-07-01T13_2023-03-26T23_no_na
Data is available already
Loading training data...
mse_16_0.001_1e-14_0.5_2_8_8_0.1_64
Training the model...
Epoch 1/64

Epoch 1: val_loss improved from inf to 0.07905, saving model to /p/scratch/deepacf/kiste/patakchiyousefi1//HPT/mse_16_0.001_1e-14_0.5_2_8_8_0.1_64.h5
2696/2696 - 74s - loss: 0.0922 - mse: 0.2256 - val_loss: 0.0791 - val_mse: 0.1977 - lr: 0.0010 - 74s/epoch - 27ms/step
Epoch 2/64

Epoch 2: val_loss improved from 0.07905 to 0.07854, saving model to /p/scratch/deepacf/kiste/patakchiyousefi1//HPT/mse_16_0.001_1e-14_0.5_2_8_8_0.1_64.h5
2696/2696 - 53s - loss: 0.0880 - mse: 0.2154 - val_loss: 0.0785 - val_mse: 0.1964 - lr: 0.0010 - 53s/epoch - 20ms/step
Epoch 3/64

Epoch 3: val_loss did not improve from 0.07854
2696/2696 - 54s - loss: 0.0875 - mse: 0.2141 - val_loss: 0.0788 - val_mse: 0.1970 - lr: 0.0010 - 54s/epoch - 20ms/step
Epoch 4/64

Epoch 4: val_loss improved from 0.07854 to 0.07853, saving model to /p/scratch/deepacf/kiste/patakchiyousefi1//HPT/mse_16_0.001_1e-14_0.5_2_8_8_0.1_64.h5
2696/2696 - 56s - loss: 0.0869 - mse: 0.2127 - val_loss: 0.0785 - val_mse: 0.1963 - lr: 0.0010 - 56s/epoch - 21ms/step
Epoch 5/64

Epoch 5: val_loss did not improve from 0.07853
2696/2696 - 54s - loss: 0.0866 - mse: 0.2119 - val_loss: 0.0810 - val_mse: 0.2026 - lr: 0.0010 - 54s/epoch - 20ms/step
Epoch 6/64

Epoch 6: val_loss did not improve from 0.07853
2696/2696 - 54s - loss: 0.0859 - mse: 0.2102 - val_loss: 0.0804 - val_mse: 0.2009 - lr: 0.0010 - 54s/epoch - 20ms/step
Epoch 7/64

Epoch 7: val_loss improved from 0.07853 to 0.07763, saving model to /p/scratch/deepacf/kiste/patakchiyousefi1//HPT/mse_16_0.001_1e-14_0.5_2_8_8_0.1_64.h5
2696/2696 - 54s - loss: 0.0846 - mse: 0.2071 - val_loss: 0.0776 - val_mse: 0.1941 - lr: 5.0000e-04 - 54s/epoch - 20ms/step
Epoch 8/64

Epoch 8: val_loss did not improve from 0.07763
2696/2696 - 53s - loss: 0.0839 - mse: 0.2053 - val_loss: 0.0779 - val_mse: 0.1949 - lr: 5.0000e-04 - 53s/epoch - 20ms/step
Epoch 9/64

Epoch 9: val_loss improved from 0.07763 to 0.07718, saving model to /p/scratch/deepacf/kiste/patakchiyousefi1//HPT/mse_16_0.001_1e-14_0.5_2_8_8_0.1_64.h5
2696/2696 - 54s - loss: 0.0835 - mse: 0.2042 - val_loss: 0.0772 - val_mse: 0.1930 - lr: 5.0000e-04 - 54s/epoch - 20ms/step
Epoch 10/64

Epoch 10: val_loss did not improve from 0.07718
2696/2696 - 53s - loss: 0.0828 - mse: 0.2025 - val_loss: 0.0789 - val_mse: 0.1972 - lr: 5.0000e-04 - 53s/epoch - 20ms/step
Epoch 11/64

Epoch 11: val_loss improved from 0.07718 to 0.07713, saving model to /p/scratch/deepacf/kiste/patakchiyousefi1//HPT/mse_16_0.001_1e-14_0.5_2_8_8_0.1_64.h5
2696/2696 - 54s - loss: 0.0823 - mse: 0.2013 - val_loss: 0.0771 - val_mse: 0.1928 - lr: 5.0000e-04 - 54s/epoch - 20ms/step
Epoch 12/64

Epoch 12: val_loss did not improve from 0.07713
2696/2696 - 53s - loss: 0.0816 - mse: 0.1996 - val_loss: 0.0805 - val_mse: 0.2012 - lr: 5.0000e-04 - 53s/epoch - 20ms/step
Epoch 13/64

Epoch 13: val_loss did not improve from 0.07713
2696/2696 - 54s - loss: 0.0808 - mse: 0.1976 - val_loss: 0.0813 - val_mse: 0.2032 - lr: 5.0000e-04 - 54s/epoch - 20ms/step
Epoch 14/64

Epoch 14: val_loss did not improve from 0.07713
2696/2696 - 54s - loss: 0.0790 - mse: 0.1933 - val_loss: 0.0793 - val_mse: 0.1983 - lr: 2.5000e-04 - 54s/epoch - 20ms/step
Epoch 15/64

Epoch 15: val_loss did not improve from 0.07713
2696/2696 - 53s - loss: 0.0781 - mse: 0.1912 - val_loss: 0.0779 - val_mse: 0.1948 - lr: 2.5000e-04 - 53s/epoch - 20ms/step
Epoch 16/64

Epoch 16: val_loss did not improve from 0.07713
2696/2696 - 54s - loss: 0.0766 - mse: 0.1874 - val_loss: 0.0792 - val_mse: 0.1981 - lr: 1.2500e-04 - 54s/epoch - 20ms/step
Epoch 17/64

Epoch 17: val_loss did not improve from 0.07713
2696/2696 - 53s - loss: 0.0761 - mse: 0.1861 - val_loss: 0.0802 - val_mse: 0.2006 - lr: 1.2500e-04 - 53s/epoch - 20ms/step
Epoch 18/64

Epoch 18: val_loss did not improve from 0.07713
2696/2696 - 54s - loss: 0.0753 - mse: 0.1843 - val_loss: 0.0787 - val_mse: 0.1968 - lr: 6.2500e-05 - 54s/epoch - 20ms/step
Epoch 19/64

Epoch 19: val_loss did not improve from 0.07713
2696/2696 - 53s - loss: 0.0749 - mse: 0.1834 - val_loss: 0.0799 - val_mse: 0.1999 - lr: 6.2500e-05 - 53s/epoch - 20ms/step
Saving and plotting the results...
