train_data_hourly_pr_['HRES']_['HSAF']_MM_6__spatiotemporal_128.256_2020-07-01T13_2023-03-26T23_no_na
Data is available already
Loading training data...
mse_16_0.01_1e-14_0.5_2_16_8_0.1_64
Training the model...
Epoch 1/64

Epoch 1: val_loss improved from inf to 0.08474, saving model to /p/scratch/deepacf/kiste/patakchiyousefi1//HPT/mse_16_0.01_1e-14_0.5_2_16_8_0.1_64.h5
1348/1348 - 73s - loss: 0.0931 - mse: 0.2279 - val_loss: 0.0847 - val_mse: 0.2119 - lr: 0.0100 - 73s/epoch - 54ms/step
Epoch 2/64

Epoch 2: val_loss improved from 0.08474 to 0.08157, saving model to /p/scratch/deepacf/kiste/patakchiyousefi1//HPT/mse_16_0.01_1e-14_0.5_2_16_8_0.1_64.h5
1348/1348 - 42s - loss: 0.0882 - mse: 0.2157 - val_loss: 0.0816 - val_mse: 0.2040 - lr: 0.0100 - 42s/epoch - 31ms/step
Epoch 3/64

Epoch 3: val_loss did not improve from 0.08157
1348/1348 - 41s - loss: 0.0873 - mse: 0.2135 - val_loss: 0.0903 - val_mse: 0.2257 - lr: 0.0100 - 41s/epoch - 30ms/step
Epoch 4/64

Epoch 4: val_loss did not improve from 0.08157
1348/1348 - 42s - loss: 0.0868 - mse: 0.2124 - val_loss: 0.0825 - val_mse: 0.2064 - lr: 0.0100 - 42s/epoch - 31ms/step
Epoch 5/64

Epoch 5: val_loss improved from 0.08157 to 0.07991, saving model to /p/scratch/deepacf/kiste/patakchiyousefi1//HPT/mse_16_0.01_1e-14_0.5_2_16_8_0.1_64.h5
1348/1348 - 41s - loss: 0.0856 - mse: 0.2095 - val_loss: 0.0799 - val_mse: 0.1998 - lr: 0.0050 - 41s/epoch - 30ms/step
Epoch 6/64

Epoch 6: val_loss did not improve from 0.07991
1348/1348 - 41s - loss: 0.0853 - mse: 0.2088 - val_loss: 0.0833 - val_mse: 0.2082 - lr: 0.0050 - 41s/epoch - 31ms/step
Epoch 7/64

Epoch 7: val_loss improved from 0.07991 to 0.07804, saving model to /p/scratch/deepacf/kiste/patakchiyousefi1//HPT/mse_16_0.01_1e-14_0.5_2_16_8_0.1_64.h5
1348/1348 - 42s - loss: 0.0849 - mse: 0.2077 - val_loss: 0.0780 - val_mse: 0.1951 - lr: 0.0050 - 42s/epoch - 31ms/step
Epoch 8/64

Epoch 8: val_loss did not improve from 0.07804
1348/1348 - 40s - loss: 0.0846 - mse: 0.2071 - val_loss: 0.0853 - val_mse: 0.2132 - lr: 0.0050 - 40s/epoch - 30ms/step
Epoch 9/64

Epoch 9: val_loss improved from 0.07804 to 0.07784, saving model to /p/scratch/deepacf/kiste/patakchiyousefi1//HPT/mse_16_0.01_1e-14_0.5_2_16_8_0.1_64.h5
1348/1348 - 41s - loss: 0.0843 - mse: 0.2064 - val_loss: 0.0778 - val_mse: 0.1946 - lr: 0.0050 - 41s/epoch - 30ms/step
Epoch 10/64

Epoch 10: val_loss did not improve from 0.07784
1348/1348 - 40s - loss: 0.0841 - mse: 0.2057 - val_loss: 0.0779 - val_mse: 0.1947 - lr: 0.0050 - 40s/epoch - 30ms/step
Epoch 11/64

Epoch 11: val_loss did not improve from 0.07784
1348/1348 - 41s - loss: 0.0838 - mse: 0.2050 - val_loss: 0.0799 - val_mse: 0.1997 - lr: 0.0050 - 41s/epoch - 30ms/step
Epoch 12/64

Epoch 12: val_loss did not improve from 0.07784
1348/1348 - 41s - loss: 0.0827 - mse: 0.2024 - val_loss: 0.0807 - val_mse: 0.2017 - lr: 0.0025 - 41s/epoch - 30ms/step
Epoch 13/64

Epoch 13: val_loss improved from 0.07784 to 0.07751, saving model to /p/scratch/deepacf/kiste/patakchiyousefi1//HPT/mse_16_0.01_1e-14_0.5_2_16_8_0.1_64.h5
1348/1348 - 41s - loss: 0.0822 - mse: 0.2012 - val_loss: 0.0775 - val_mse: 0.1938 - lr: 0.0025 - 41s/epoch - 30ms/step
Epoch 14/64

Epoch 14: val_loss did not improve from 0.07751
1348/1348 - 41s - loss: 0.0819 - mse: 0.2004 - val_loss: 0.0777 - val_mse: 0.1942 - lr: 0.0025 - 41s/epoch - 30ms/step
Epoch 15/64

Epoch 15: val_loss did not improve from 0.07751
1348/1348 - 41s - loss: 0.0830 - mse: 0.2030 - val_loss: 0.0787 - val_mse: 0.1968 - lr: 0.0025 - 41s/epoch - 31ms/step
Epoch 16/64

Epoch 16: val_loss did not improve from 0.07751
1348/1348 - 40s - loss: 0.0833 - mse: 0.2039 - val_loss: 0.0781 - val_mse: 0.1953 - lr: 0.0012 - 40s/epoch - 30ms/step
Epoch 17/64

Epoch 17: val_loss did not improve from 0.07751
1348/1348 - 41s - loss: 0.0813 - mse: 0.1989 - val_loss: 0.0776 - val_mse: 0.1940 - lr: 0.0012 - 41s/epoch - 30ms/step
Epoch 18/64

Epoch 18: val_loss did not improve from 0.07751
1348/1348 - 40s - loss: 0.0798 - mse: 0.1952 - val_loss: 0.0783 - val_mse: 0.1958 - lr: 6.2500e-04 - 40s/epoch - 30ms/step
Epoch 19/64

Epoch 19: val_loss did not improve from 0.07751
1348/1348 - 41s - loss: 0.0794 - mse: 0.1943 - val_loss: 0.0783 - val_mse: 0.1959 - lr: 6.2500e-04 - 41s/epoch - 30ms/step
Epoch 20/64

Epoch 20: val_loss did not improve from 0.07751
1348/1348 - 40s - loss: 0.0787 - mse: 0.1927 - val_loss: 0.0779 - val_mse: 0.1947 - lr: 3.1250e-04 - 40s/epoch - 30ms/step
Epoch 21/64

Epoch 21: val_loss did not improve from 0.07751
1348/1348 - 41s - loss: 0.0785 - mse: 0.1921 - val_loss: 0.0775 - val_mse: 0.1939 - lr: 3.1250e-04 - 41s/epoch - 30ms/step
Saving and plotting the results...
