train_data_hourly_pr_['HRES']_['HSAF']_MM_6__spatiotemporal_128.256_2020-07-01T13_2023-03-26T23_no_na
Data is available already
Loading training data...
mse_64_0.01_1e-14_0.5_2_4_8_0.1_64
Training the model...
Epoch 1/64

Epoch 1: val_loss improved from inf to 0.08209, saving model to /p/scratch/deepacf/kiste/patakchiyousefi1//HPT/mse_64_0.01_1e-14_0.5_2_4_8_0.1_64.h5
5391/5391 - 187s - loss: 0.0973 - mse: 0.2380 - val_loss: 0.0821 - val_mse: 0.2053 - lr: 0.0100 - 187s/epoch - 35ms/step
Epoch 2/64

Epoch 2: val_loss improved from 0.08209 to 0.08094, saving model to /p/scratch/deepacf/kiste/patakchiyousefi1//HPT/mse_64_0.01_1e-14_0.5_2_4_8_0.1_64.h5
5391/5391 - 165s - loss: 0.0921 - mse: 0.2254 - val_loss: 0.0809 - val_mse: 0.2024 - lr: 0.0100 - 165s/epoch - 31ms/step
Epoch 3/64

Epoch 3: val_loss did not improve from 0.08094
5391/5391 - 166s - loss: 0.0915 - mse: 0.2240 - val_loss: 0.0812 - val_mse: 0.2030 - lr: 0.0100 - 166s/epoch - 31ms/step
Epoch 4/64

Epoch 4: val_loss improved from 0.08094 to 0.07918, saving model to /p/scratch/deepacf/kiste/patakchiyousefi1//HPT/mse_64_0.01_1e-14_0.5_2_4_8_0.1_64.h5
5391/5391 - 166s - loss: 0.0912 - mse: 0.2232 - val_loss: 0.0792 - val_mse: 0.1980 - lr: 0.0100 - 166s/epoch - 31ms/step
Epoch 5/64

Epoch 5: val_loss did not improve from 0.07918
5391/5391 - 167s - loss: 0.0907 - mse: 0.2219 - val_loss: 0.0912 - val_mse: 0.2281 - lr: 0.0100 - 167s/epoch - 31ms/step
Epoch 6/64

Epoch 6: val_loss did not improve from 0.07918
5391/5391 - 164s - loss: 0.0906 - mse: 0.2216 - val_loss: 0.0799 - val_mse: 0.1997 - lr: 0.0100 - 164s/epoch - 30ms/step
Epoch 7/64

Epoch 7: val_loss did not improve from 0.07918
5391/5391 - 164s - loss: 0.0890 - mse: 0.2178 - val_loss: 0.0801 - val_mse: 0.2003 - lr: 0.0050 - 164s/epoch - 30ms/step
Epoch 8/64

Epoch 8: val_loss did not improve from 0.07918
5391/5391 - 166s - loss: 0.0886 - mse: 0.2168 - val_loss: 0.0812 - val_mse: 0.2031 - lr: 0.0050 - 166s/epoch - 31ms/step
Epoch 9/64

Epoch 9: val_loss improved from 0.07918 to 0.07863, saving model to /p/scratch/deepacf/kiste/patakchiyousefi1//HPT/mse_64_0.01_1e-14_0.5_2_4_8_0.1_64.h5
5391/5391 - 165s - loss: 0.0887 - mse: 0.2170 - val_loss: 0.0786 - val_mse: 0.1966 - lr: 0.0025 - 165s/epoch - 31ms/step
Epoch 10/64

Epoch 10: val_loss did not improve from 0.07863
5391/5391 - 166s - loss: 0.0875 - mse: 0.2140 - val_loss: 0.0790 - val_mse: 0.1975 - lr: 0.0025 - 166s/epoch - 31ms/step
Epoch 11/64

Epoch 11: val_loss improved from 0.07863 to 0.07835, saving model to /p/scratch/deepacf/kiste/patakchiyousefi1//HPT/mse_64_0.01_1e-14_0.5_2_4_8_0.1_64.h5
5391/5391 - 167s - loss: 0.0869 - mse: 0.2127 - val_loss: 0.0784 - val_mse: 0.1959 - lr: 0.0025 - 167s/epoch - 31ms/step
Epoch 12/64

Epoch 12: val_loss improved from 0.07835 to 0.07825, saving model to /p/scratch/deepacf/kiste/patakchiyousefi1//HPT/mse_64_0.01_1e-14_0.5_2_4_8_0.1_64.h5
5391/5391 - 167s - loss: 0.0864 - mse: 0.2113 - val_loss: 0.0782 - val_mse: 0.1956 - lr: 0.0025 - 167s/epoch - 31ms/step
Epoch 13/64

Epoch 13: val_loss did not improve from 0.07825
5391/5391 - 167s - loss: 0.0862 - mse: 0.2109 - val_loss: 0.0799 - val_mse: 0.1997 - lr: 0.0025 - 167s/epoch - 31ms/step
Epoch 14/64

Epoch 14: val_loss did not improve from 0.07825
5391/5391 - 166s - loss: 0.0854 - mse: 0.2090 - val_loss: 0.0783 - val_mse: 0.1958 - lr: 0.0025 - 166s/epoch - 31ms/step
Epoch 15/64

Epoch 15: val_loss improved from 0.07825 to 0.07753, saving model to /p/scratch/deepacf/kiste/patakchiyousefi1//HPT/mse_64_0.01_1e-14_0.5_2_4_8_0.1_64.h5
5391/5391 - 168s - loss: 0.0843 - mse: 0.2062 - val_loss: 0.0775 - val_mse: 0.1939 - lr: 0.0012 - 168s/epoch - 31ms/step
Epoch 16/64

Epoch 16: val_loss did not improve from 0.07753
5391/5391 - 167s - loss: 0.0852 - mse: 0.2084 - val_loss: 0.0788 - val_mse: 0.1970 - lr: 0.0012 - 167s/epoch - 31ms/step
Epoch 17/64

Epoch 17: val_loss did not improve from 0.07753
5391/5391 - 167s - loss: 0.0841 - mse: 0.2057 - val_loss: 0.0776 - val_mse: 0.1941 - lr: 0.0012 - 167s/epoch - 31ms/step
Epoch 18/64

Epoch 18: val_loss did not improve from 0.07753
5391/5391 - 168s - loss: 0.0828 - mse: 0.2026 - val_loss: 0.0778 - val_mse: 0.1946 - lr: 6.2500e-04 - 168s/epoch - 31ms/step
Epoch 19/64

Epoch 19: val_loss did not improve from 0.07753
5391/5391 - 168s - loss: 0.0827 - mse: 0.2023 - val_loss: 0.0777 - val_mse: 0.1944 - lr: 6.2500e-04 - 168s/epoch - 31ms/step
Epoch 20/64

Epoch 20: val_loss did not improve from 0.07753
5391/5391 - 167s - loss: 0.0820 - mse: 0.2006 - val_loss: 0.0783 - val_mse: 0.1959 - lr: 3.1250e-04 - 167s/epoch - 31ms/step
Epoch 21/64

Epoch 21: val_loss did not improve from 0.07753
5391/5391 - 167s - loss: 0.0818 - mse: 0.2001 - val_loss: 0.0785 - val_mse: 0.1963 - lr: 3.1250e-04 - 167s/epoch - 31ms/step
Epoch 22/64

Epoch 22: val_loss did not improve from 0.07753
5391/5391 - 167s - loss: 0.0815 - mse: 0.1993 - val_loss: 0.0786 - val_mse: 0.1964 - lr: 1.5625e-04 - 167s/epoch - 31ms/step
Epoch 23/64

Epoch 23: val_loss did not improve from 0.07753
5391/5391 - 167s - loss: 0.0812 - mse: 0.1987 - val_loss: 0.0784 - val_mse: 0.1960 - lr: 1.5625e-04 - 167s/epoch - 31ms/step
Saving and plotting the results...
