train_data_hourly_pr_['HRES']_['HSAF']_MM_6__spatiotemporal_128.256_2020-07-01T13_2023-03-26T23_no_na
Data is available already
Loading training data...
mse_16_0.0001_1e-14_0.5_2_4_8_0.1_64
Training the model...
Epoch 1/64

Epoch 1: val_loss improved from inf to 0.08131, saving model to /p/scratch/deepacf/kiste/patakchiyousefi1//HPT/mse_16_0.0001_1e-14_0.5_2_4_8_0.1_64.h5
5391/5391 - 112s - loss: 0.0989 - mse: 0.2420 - val_loss: 0.0813 - val_mse: 0.2033 - lr: 1.0000e-04 - 112s/epoch - 21ms/step
Epoch 2/64

Epoch 2: val_loss did not improve from 0.08131
5391/5391 - 94s - loss: 0.0916 - mse: 0.2241 - val_loss: 0.0821 - val_mse: 0.2053 - lr: 1.0000e-04 - 94s/epoch - 17ms/step
Epoch 3/64

Epoch 3: val_loss improved from 0.08131 to 0.07913, saving model to /p/scratch/deepacf/kiste/patakchiyousefi1//HPT/mse_16_0.0001_1e-14_0.5_2_4_8_0.1_64.h5
5391/5391 - 95s - loss: 0.0901 - mse: 0.2204 - val_loss: 0.0791 - val_mse: 0.1978 - lr: 1.0000e-04 - 95s/epoch - 18ms/step
Epoch 4/64

Epoch 4: val_loss did not improve from 0.07913
5391/5391 - 95s - loss: 0.0890 - mse: 0.2177 - val_loss: 0.0804 - val_mse: 0.2011 - lr: 1.0000e-04 - 95s/epoch - 18ms/step
Epoch 5/64

Epoch 5: val_loss did not improve from 0.07913
5391/5391 - 94s - loss: 0.0878 - mse: 0.2149 - val_loss: 0.0796 - val_mse: 0.1992 - lr: 1.0000e-04 - 94s/epoch - 17ms/step
Epoch 6/64

Epoch 6: val_loss did not improve from 0.07913
5391/5391 - 93s - loss: 0.0851 - mse: 0.2082 - val_loss: 0.0793 - val_mse: 0.1983 - lr: 5.0000e-05 - 93s/epoch - 17ms/step
Epoch 7/64

Epoch 7: val_loss improved from 0.07913 to 0.07897, saving model to /p/scratch/deepacf/kiste/patakchiyousefi1//HPT/mse_16_0.0001_1e-14_0.5_2_4_8_0.1_64.h5
5391/5391 - 98s - loss: 0.0839 - mse: 0.2054 - val_loss: 0.0790 - val_mse: 0.1975 - lr: 5.0000e-05 - 98s/epoch - 18ms/step
Epoch 8/64

Epoch 8: val_loss improved from 0.07897 to 0.07821, saving model to /p/scratch/deepacf/kiste/patakchiyousefi1//HPT/mse_16_0.0001_1e-14_0.5_2_4_8_0.1_64.h5
5391/5391 - 95s - loss: 0.0825 - mse: 0.2020 - val_loss: 0.0782 - val_mse: 0.1955 - lr: 5.0000e-05 - 95s/epoch - 18ms/step
Epoch 9/64

Epoch 9: val_loss improved from 0.07821 to 0.07785, saving model to /p/scratch/deepacf/kiste/patakchiyousefi1//HPT/mse_16_0.0001_1e-14_0.5_2_4_8_0.1_64.h5
5391/5391 - 95s - loss: 0.0814 - mse: 0.1991 - val_loss: 0.0779 - val_mse: 0.1947 - lr: 5.0000e-05 - 95s/epoch - 18ms/step
Epoch 10/64

Epoch 10: val_loss did not improve from 0.07785
5391/5391 - 95s - loss: 0.0801 - mse: 0.1960 - val_loss: 0.0783 - val_mse: 0.1959 - lr: 5.0000e-05 - 95s/epoch - 18ms/step
Epoch 11/64

Epoch 11: val_loss did not improve from 0.07785
5391/5391 - 95s - loss: 0.0788 - mse: 0.1929 - val_loss: 0.0780 - val_mse: 0.1951 - lr: 5.0000e-05 - 95s/epoch - 18ms/step
Epoch 12/64

Epoch 12: val_loss did not improve from 0.07785
5391/5391 - 95s - loss: 0.0764 - mse: 0.1869 - val_loss: 0.0789 - val_mse: 0.1972 - lr: 2.5000e-05 - 95s/epoch - 18ms/step
Epoch 13/64

Epoch 13: val_loss did not improve from 0.07785
5391/5391 - 96s - loss: 0.0755 - mse: 0.1847 - val_loss: 0.0785 - val_mse: 0.1962 - lr: 2.5000e-05 - 96s/epoch - 18ms/step
Epoch 14/64

Epoch 14: val_loss did not improve from 0.07785
5391/5391 - 95s - loss: 0.0737 - mse: 0.1804 - val_loss: 0.0792 - val_mse: 0.1981 - lr: 1.2500e-05 - 95s/epoch - 18ms/step
Epoch 15/64

Epoch 15: val_loss did not improve from 0.07785
5391/5391 - 94s - loss: 0.0731 - mse: 0.1789 - val_loss: 0.0801 - val_mse: 0.2004 - lr: 1.2500e-05 - 94s/epoch - 17ms/step
Epoch 16/64

Epoch 16: val_loss did not improve from 0.07785
5391/5391 - 96s - loss: 0.0724 - mse: 0.1773 - val_loss: 0.0787 - val_mse: 0.1968 - lr: 6.2500e-06 - 96s/epoch - 18ms/step
Epoch 17/64

Epoch 17: val_loss did not improve from 0.07785
5391/5391 - 94s - loss: 0.0720 - mse: 0.1762 - val_loss: 0.0793 - val_mse: 0.1982 - lr: 6.2500e-06 - 94s/epoch - 17ms/step
Saving and plotting the results...
