train_data_hourly_pr_['HRES']_['HSAF']_MM_6__spatiotemporal_128.256_2020-07-01T13_2023-03-26T23_no_na
Data is available already
Loading training data...
mse_64_0.0001_1e-14_0.5_2_4_8_0.1_64
Training the model...
Epoch 1/64

Epoch 1: val_loss improved from inf to 0.08071, saving model to /p/scratch/deepacf/kiste/patakchiyousefi1//HPT/mse_64_0.0001_1e-14_0.5_2_4_8_0.1_64.h5
5391/5391 - 192s - loss: 0.0940 - mse: 0.2299 - val_loss: 0.0807 - val_mse: 0.2018 - lr: 1.0000e-04 - 192s/epoch - 36ms/step
Epoch 2/64

Epoch 2: val_loss improved from 0.08071 to 0.07797, saving model to /p/scratch/deepacf/kiste/patakchiyousefi1//HPT/mse_64_0.0001_1e-14_0.5_2_4_8_0.1_64.h5
5391/5391 - 165s - loss: 0.0904 - mse: 0.2213 - val_loss: 0.0780 - val_mse: 0.1950 - lr: 1.0000e-04 - 165s/epoch - 31ms/step
Epoch 3/64

Epoch 3: val_loss did not improve from 0.07797
5391/5391 - 164s - loss: 0.0893 - mse: 0.2185 - val_loss: 0.0783 - val_mse: 0.1958 - lr: 1.0000e-04 - 164s/epoch - 31ms/step
Epoch 4/64

Epoch 4: val_loss improved from 0.07797 to 0.07667, saving model to /p/scratch/deepacf/kiste/patakchiyousefi1//HPT/mse_64_0.0001_1e-14_0.5_2_4_8_0.1_64.h5
5391/5391 - 165s - loss: 0.0882 - mse: 0.2159 - val_loss: 0.0767 - val_mse: 0.1917 - lr: 1.0000e-04 - 165s/epoch - 31ms/step
Epoch 5/64

Epoch 5: val_loss did not improve from 0.07667
5391/5391 - 164s - loss: 0.0870 - mse: 0.2129 - val_loss: 0.0785 - val_mse: 0.1962 - lr: 1.0000e-04 - 164s/epoch - 30ms/step
Epoch 6/64

Epoch 6: val_loss did not improve from 0.07667
5391/5391 - 164s - loss: 0.0861 - mse: 0.2107 - val_loss: 0.0774 - val_mse: 0.1935 - lr: 1.0000e-04 - 164s/epoch - 30ms/step
Epoch 7/64

Epoch 7: val_loss did not improve from 0.07667
5391/5391 - 164s - loss: 0.0828 - mse: 0.2026 - val_loss: 0.0768 - val_mse: 0.1921 - lr: 5.0000e-05 - 164s/epoch - 30ms/step
Epoch 8/64

Epoch 8: val_loss did not improve from 0.07667
5391/5391 - 164s - loss: 0.0808 - mse: 0.1977 - val_loss: 0.0810 - val_mse: 0.2025 - lr: 5.0000e-05 - 164s/epoch - 30ms/step
Epoch 9/64

Epoch 9: val_loss did not improve from 0.07667
5391/5391 - 164s - loss: 0.0775 - mse: 0.1895 - val_loss: 0.0772 - val_mse: 0.1931 - lr: 2.5000e-05 - 164s/epoch - 30ms/step
Epoch 10/64

Epoch 10: val_loss did not improve from 0.07667
5391/5391 - 163s - loss: 0.0762 - mse: 0.1865 - val_loss: 0.0791 - val_mse: 0.1978 - lr: 2.5000e-05 - 163s/epoch - 30ms/step
Epoch 11/64

Epoch 11: val_loss did not improve from 0.07667
5391/5391 - 163s - loss: 0.0739 - mse: 0.1809 - val_loss: 0.0784 - val_mse: 0.1959 - lr: 1.2500e-05 - 163s/epoch - 30ms/step
Epoch 12/64

Epoch 12: val_loss did not improve from 0.07667
5391/5391 - 164s - loss: 0.0733 - mse: 0.1793 - val_loss: 0.0780 - val_mse: 0.1949 - lr: 1.2500e-05 - 164s/epoch - 30ms/step
Saving and plotting the results...
