train_data_hourly_pr_['HRES']_['HSAF']_MM_6__spatiotemporal_128.256_2020-07-01T13_2023-03-26T23_no_na_intensity
Data is available already
Loading training data...
mse_32_0.001_1e-14_0.5_2_2_8_0.1_64
Training the model...
Epoch 1/64

Epoch 1: val_loss improved from inf to 0.08344, saving model to /p/scratch/deepacf/kiste/patakchiyousefi1//HPT_intensity/mse_32_0.001_1e-14_0.5_2_2_8_0.1_64.h5
10781/10781 - 173s - loss: 0.0832 - mse: 0.8685 - val_loss: 0.0834 - val_mse: 0.8327 - lr: 0.0010 - 173s/epoch - 16ms/step
Epoch 2/64

Epoch 2: val_loss did not improve from 0.08344
10781/10781 - 149s - loss: 0.0804 - mse: 0.8393 - val_loss: 0.0850 - val_mse: 0.8483 - lr: 0.0010 - 149s/epoch - 14ms/step
Epoch 3/64

Epoch 3: val_loss improved from 0.08344 to 0.08246, saving model to /p/scratch/deepacf/kiste/patakchiyousefi1//HPT_intensity/mse_32_0.001_1e-14_0.5_2_2_8_0.1_64.h5
10781/10781 - 158s - loss: 0.0790 - mse: 0.8250 - val_loss: 0.0825 - val_mse: 0.8229 - lr: 0.0010 - 158s/epoch - 15ms/step
Epoch 4/64

Epoch 4: val_loss improved from 0.08246 to 0.08220, saving model to /p/scratch/deepacf/kiste/patakchiyousefi1//HPT_intensity/mse_32_0.001_1e-14_0.5_2_2_8_0.1_64.h5
10781/10781 - 159s - loss: 0.0780 - mse: 0.8144 - val_loss: 0.0822 - val_mse: 0.8204 - lr: 0.0010 - 159s/epoch - 15ms/step
Epoch 5/64

Epoch 5: val_loss did not improve from 0.08220
10781/10781 - 151s - loss: 0.0774 - mse: 0.8085 - val_loss: 0.0825 - val_mse: 0.8228 - lr: 0.0010 - 151s/epoch - 14ms/step
Epoch 6/64

Epoch 6: val_loss did not improve from 0.08220
10781/10781 - 151s - loss: 0.0772 - mse: 0.8056 - val_loss: 0.0824 - val_mse: 0.8223 - lr: 0.0010 - 151s/epoch - 14ms/step
Epoch 7/64

Epoch 7: val_loss improved from 0.08220 to 0.08159, saving model to /p/scratch/deepacf/kiste/patakchiyousefi1//HPT_intensity/mse_32_0.001_1e-14_0.5_2_2_8_0.1_64.h5
10781/10781 - 152s - loss: 0.0755 - mse: 0.7884 - val_loss: 0.0816 - val_mse: 0.8143 - lr: 5.0000e-04 - 152s/epoch - 14ms/step
Epoch 8/64

Epoch 8: val_loss improved from 0.08159 to 0.08139, saving model to /p/scratch/deepacf/kiste/patakchiyousefi1//HPT_intensity/mse_32_0.001_1e-14_0.5_2_2_8_0.1_64.h5
10781/10781 - 153s - loss: 0.0749 - mse: 0.7819 - val_loss: 0.0814 - val_mse: 0.8122 - lr: 5.0000e-04 - 153s/epoch - 14ms/step
Epoch 9/64

Epoch 9: val_loss improved from 0.08139 to 0.08118, saving model to /p/scratch/deepacf/kiste/patakchiyousefi1//HPT_intensity/mse_32_0.001_1e-14_0.5_2_2_8_0.1_64.h5
10781/10781 - 151s - loss: 0.0745 - mse: 0.7783 - val_loss: 0.0812 - val_mse: 0.8102 - lr: 5.0000e-04 - 151s/epoch - 14ms/step
Epoch 10/64

Epoch 10: val_loss did not improve from 0.08118
10781/10781 - 160s - loss: 0.0743 - mse: 0.7761 - val_loss: 0.0813 - val_mse: 0.8109 - lr: 5.0000e-04 - 160s/epoch - 15ms/step
Epoch 11/64

Epoch 11: val_loss did not improve from 0.08118
10781/10781 - 176s - loss: 0.0744 - mse: 0.7769 - val_loss: 0.0823 - val_mse: 0.8217 - lr: 5.0000e-04 - 176s/epoch - 16ms/step
Epoch 12/64

Epoch 12: val_loss improved from 0.08118 to 0.08065, saving model to /p/scratch/deepacf/kiste/patakchiyousefi1//HPT_intensity/mse_32_0.001_1e-14_0.5_2_2_8_0.1_64.h5
10781/10781 - 180s - loss: 0.0727 - mse: 0.7592 - val_loss: 0.0806 - val_mse: 0.8048 - lr: 2.5000e-04 - 180s/epoch - 17ms/step
Epoch 13/64

Epoch 13: val_loss did not improve from 0.08065
10781/10781 - 178s - loss: 0.0720 - mse: 0.7519 - val_loss: 0.0816 - val_mse: 0.8140 - lr: 2.5000e-04 - 178s/epoch - 17ms/step
Epoch 14/64

Epoch 14: val_loss did not improve from 0.08065
10781/10781 - 170s - loss: 0.0718 - mse: 0.7500 - val_loss: 0.0814 - val_mse: 0.8127 - lr: 2.5000e-04 - 170s/epoch - 16ms/step
Epoch 15/64

Epoch 15: val_loss did not improve from 0.08065
10781/10781 - 166s - loss: 0.0704 - mse: 0.7348 - val_loss: 0.0820 - val_mse: 0.8185 - lr: 1.2500e-04 - 166s/epoch - 15ms/step
Epoch 16/64

Epoch 16: val_loss did not improve from 0.08065
10781/10781 - 165s - loss: 0.0701 - mse: 0.7319 - val_loss: 0.0818 - val_mse: 0.8163 - lr: 1.2500e-04 - 165s/epoch - 15ms/step
Epoch 17/64

Epoch 17: val_loss did not improve from 0.08065
10781/10781 - 165s - loss: 0.0696 - mse: 0.7266 - val_loss: 0.0819 - val_mse: 0.8177 - lr: 6.2500e-05 - 165s/epoch - 15ms/step
Epoch 18/64

Epoch 18: val_loss did not improve from 0.08065
10781/10781 - 170s - loss: 0.0693 - mse: 0.7238 - val_loss: 0.0813 - val_mse: 0.8112 - lr: 6.2500e-05 - 170s/epoch - 16ms/step
Epoch 19/64

Epoch 19: val_loss did not improve from 0.08065
10781/10781 - 169s - loss: 0.0688 - mse: 0.7187 - val_loss: 0.0820 - val_mse: 0.8179 - lr: 3.1250e-05 - 169s/epoch - 16ms/step
Epoch 20/64

Epoch 20: val_loss did not improve from 0.08065
10781/10781 - 168s - loss: 0.0685 - mse: 0.7151 - val_loss: 0.0822 - val_mse: 0.8203 - lr: 3.1250e-05 - 168s/epoch - 16ms/step
Saving and plotting the results...
