train_data_hourly_pr_['HRES']_['HSAF']_MM_6__spatiotemporal_128.256_2020-07-01T13_2023-03-26T23_no_na_intensity
Data is available already
Loading training data...
mse_64_0.001_1e-14_0.5_2_16_8_0.1_64
Training the model...
Epoch 1/64

Epoch 1: val_loss improved from inf to 0.08420, saving model to /p/scratch/deepacf/kiste/patakchiyousefi1//HPT_intensity/mse_64_0.001_1e-14_0.5_2_16_8_0.1_64.h5
1348/1348 - 161s - loss: 0.0813 - mse: 0.8492 - val_loss: 0.0842 - val_mse: 0.8403 - lr: 0.0010 - 161s/epoch - 120ms/step
Epoch 2/64

Epoch 2: val_loss improved from 0.08420 to 0.08130, saving model to /p/scratch/deepacf/kiste/patakchiyousefi1//HPT_intensity/mse_64_0.001_1e-14_0.5_2_16_8_0.1_64.h5
1348/1348 - 128s - loss: 0.0763 - mse: 0.7966 - val_loss: 0.0813 - val_mse: 0.8114 - lr: 0.0010 - 128s/epoch - 95ms/step
Epoch 3/64

Epoch 3: val_loss improved from 0.08130 to 0.07985, saving model to /p/scratch/deepacf/kiste/patakchiyousefi1//HPT_intensity/mse_64_0.001_1e-14_0.5_2_16_8_0.1_64.h5
1348/1348 - 127s - loss: 0.0753 - mse: 0.7858 - val_loss: 0.0798 - val_mse: 0.7968 - lr: 0.0010 - 127s/epoch - 95ms/step
Epoch 4/64

Epoch 4: val_loss did not improve from 0.07985
1348/1348 - 127s - loss: 0.0751 - mse: 0.7844 - val_loss: 0.0802 - val_mse: 0.8006 - lr: 0.0010 - 127s/epoch - 94ms/step
Epoch 5/64

Epoch 5: val_loss did not improve from 0.07985
1348/1348 - 127s - loss: 0.0744 - mse: 0.7766 - val_loss: 0.0812 - val_mse: 0.8104 - lr: 0.0010 - 127s/epoch - 94ms/step
Epoch 6/64

Epoch 6: val_loss did not improve from 0.07985
1348/1348 - 127s - loss: 0.0730 - mse: 0.7623 - val_loss: 0.0817 - val_mse: 0.8149 - lr: 5.0000e-04 - 127s/epoch - 94ms/step
Epoch 7/64

Epoch 7: val_loss did not improve from 0.07985
1348/1348 - 127s - loss: 0.0731 - mse: 0.7634 - val_loss: 0.0808 - val_mse: 0.8065 - lr: 5.0000e-04 - 127s/epoch - 94ms/step
Epoch 8/64

Epoch 8: val_loss improved from 0.07985 to 0.07932, saving model to /p/scratch/deepacf/kiste/patakchiyousefi1//HPT_intensity/mse_64_0.001_1e-14_0.5_2_16_8_0.1_64.h5
1348/1348 - 127s - loss: 0.0720 - mse: 0.7519 - val_loss: 0.0793 - val_mse: 0.7916 - lr: 2.5000e-04 - 127s/epoch - 94ms/step
Epoch 9/64

Epoch 9: val_loss improved from 0.07932 to 0.07907, saving model to /p/scratch/deepacf/kiste/patakchiyousefi1//HPT_intensity/mse_64_0.001_1e-14_0.5_2_16_8_0.1_64.h5
1348/1348 - 127s - loss: 0.0716 - mse: 0.7478 - val_loss: 0.0791 - val_mse: 0.7891 - lr: 2.5000e-04 - 127s/epoch - 94ms/step
Epoch 10/64

Epoch 10: val_loss improved from 0.07907 to 0.07862, saving model to /p/scratch/deepacf/kiste/patakchiyousefi1//HPT_intensity/mse_64_0.001_1e-14_0.5_2_16_8_0.1_64.h5
1348/1348 - 127s - loss: 0.0714 - mse: 0.7455 - val_loss: 0.0786 - val_mse: 0.7846 - lr: 2.5000e-04 - 127s/epoch - 94ms/step
Epoch 11/64

Epoch 11: val_loss did not improve from 0.07862
1348/1348 - 127s - loss: 0.0707 - mse: 0.7383 - val_loss: 0.0790 - val_mse: 0.7887 - lr: 2.5000e-04 - 127s/epoch - 94ms/step
Epoch 12/64

Epoch 12: val_loss improved from 0.07862 to 0.07772, saving model to /p/scratch/deepacf/kiste/patakchiyousefi1//HPT_intensity/mse_64_0.001_1e-14_0.5_2_16_8_0.1_64.h5
1348/1348 - 127s - loss: 0.0706 - mse: 0.7377 - val_loss: 0.0777 - val_mse: 0.7756 - lr: 2.5000e-04 - 127s/epoch - 94ms/step
Epoch 13/64

Epoch 13: val_loss did not improve from 0.07772
1348/1348 - 127s - loss: 0.0707 - mse: 0.7383 - val_loss: 0.0815 - val_mse: 0.8129 - lr: 2.5000e-04 - 127s/epoch - 94ms/step
Epoch 14/64

Epoch 14: val_loss did not improve from 0.07772
1348/1348 - 127s - loss: 0.0702 - mse: 0.7328 - val_loss: 0.0806 - val_mse: 0.8039 - lr: 2.5000e-04 - 127s/epoch - 94ms/step
Epoch 15/64

Epoch 15: val_loss did not improve from 0.07772
1348/1348 - 127s - loss: 0.0695 - mse: 0.7254 - val_loss: 0.0800 - val_mse: 0.7987 - lr: 1.2500e-04 - 127s/epoch - 94ms/step
Epoch 16/64

Epoch 16: val_loss did not improve from 0.07772
1348/1348 - 127s - loss: 0.0684 - mse: 0.7142 - val_loss: 0.0803 - val_mse: 0.8011 - lr: 1.2500e-04 - 127s/epoch - 94ms/step
Epoch 17/64

Epoch 17: val_loss did not improve from 0.07772
1348/1348 - 127s - loss: 0.0674 - mse: 0.7036 - val_loss: 0.0796 - val_mse: 0.7944 - lr: 6.2500e-05 - 127s/epoch - 94ms/step
Epoch 18/64

Epoch 18: val_loss did not improve from 0.07772
1348/1348 - 127s - loss: 0.0670 - mse: 0.6993 - val_loss: 0.0786 - val_mse: 0.7840 - lr: 6.2500e-05 - 127s/epoch - 94ms/step
Epoch 19/64

Epoch 19: val_loss did not improve from 0.07772
1348/1348 - 127s - loss: 0.0658 - mse: 0.6867 - val_loss: 0.0796 - val_mse: 0.7943 - lr: 3.1250e-05 - 127s/epoch - 94ms/step
Epoch 20/64

Epoch 20: val_loss did not improve from 0.07772
1348/1348 - 127s - loss: 0.0653 - mse: 0.6821 - val_loss: 0.0785 - val_mse: 0.7832 - lr: 3.1250e-05 - 127s/epoch - 94ms/step
Saving and plotting the results...
