train_data_hourly_pr_['HRES']_['HSAF']_MM_6__spatiotemporal_128.256_2020-07-01T13_2023-03-26T23_no_na_intensity
Data is available already
Loading training data...
mse_64_0.0001_1e-14_0.5_2_8_8_0.1_64
Training the model...
Epoch 1/64

Epoch 1: val_loss improved from inf to 0.08518, saving model to /p/scratch/deepacf/kiste/patakchiyousefi1//HPT_intensity/mse_64_0.0001_1e-14_0.5_2_8_8_0.1_64.h5
2696/2696 - 167s - loss: 0.0794 - mse: 0.8294 - val_loss: 0.0852 - val_mse: 0.8500 - lr: 1.0000e-04 - 167s/epoch - 62ms/step
Epoch 2/64

Epoch 2: val_loss did not improve from 0.08518
2696/2696 - 144s - loss: 0.0760 - mse: 0.7933 - val_loss: 0.0855 - val_mse: 0.8529 - lr: 1.0000e-04 - 144s/epoch - 53ms/step
Epoch 3/64

Epoch 3: val_loss improved from 0.08518 to 0.08444, saving model to /p/scratch/deepacf/kiste/patakchiyousefi1//HPT_intensity/mse_64_0.0001_1e-14_0.5_2_8_8_0.1_64.h5
2696/2696 - 145s - loss: 0.0750 - mse: 0.7831 - val_loss: 0.0844 - val_mse: 0.8427 - lr: 1.0000e-04 - 145s/epoch - 54ms/step
Epoch 4/64

Epoch 4: val_loss did not improve from 0.08444
2696/2696 - 144s - loss: 0.0741 - mse: 0.7734 - val_loss: 0.0850 - val_mse: 0.8481 - lr: 1.0000e-04 - 144s/epoch - 53ms/step
Epoch 5/64

Epoch 5: val_loss improved from 0.08444 to 0.08214, saving model to /p/scratch/deepacf/kiste/patakchiyousefi1//HPT_intensity/mse_64_0.0001_1e-14_0.5_2_8_8_0.1_64.h5
2696/2696 - 145s - loss: 0.0734 - mse: 0.7666 - val_loss: 0.0821 - val_mse: 0.8197 - lr: 1.0000e-04 - 145s/epoch - 54ms/step
Epoch 6/64

Epoch 6: val_loss did not improve from 0.08214
2696/2696 - 144s - loss: 0.0726 - mse: 0.7580 - val_loss: 0.0879 - val_mse: 0.8770 - lr: 1.0000e-04 - 144s/epoch - 53ms/step
Epoch 7/64

Epoch 7: val_loss improved from 0.08214 to 0.08063, saving model to /p/scratch/deepacf/kiste/patakchiyousefi1//HPT_intensity/mse_64_0.0001_1e-14_0.5_2_8_8_0.1_64.h5
2696/2696 - 144s - loss: 0.0721 - mse: 0.7525 - val_loss: 0.0806 - val_mse: 0.8047 - lr: 1.0000e-04 - 144s/epoch - 54ms/step
Epoch 8/64

Epoch 8: val_loss improved from 0.08063 to 0.08037, saving model to /p/scratch/deepacf/kiste/patakchiyousefi1//HPT_intensity/mse_64_0.0001_1e-14_0.5_2_8_8_0.1_64.h5
2696/2696 - 145s - loss: 0.0713 - mse: 0.7443 - val_loss: 0.0804 - val_mse: 0.8020 - lr: 1.0000e-04 - 145s/epoch - 54ms/step
Epoch 9/64

Epoch 9: val_loss improved from 0.08037 to 0.07771, saving model to /p/scratch/deepacf/kiste/patakchiyousefi1//HPT_intensity/mse_64_0.0001_1e-14_0.5_2_8_8_0.1_64.h5
2696/2696 - 144s - loss: 0.0702 - mse: 0.7330 - val_loss: 0.0777 - val_mse: 0.7756 - lr: 1.0000e-04 - 144s/epoch - 54ms/step
Epoch 10/64

Epoch 10: val_loss did not improve from 0.07771
2696/2696 - 144s - loss: 0.0693 - mse: 0.7236 - val_loss: 0.0865 - val_mse: 0.8630 - lr: 1.0000e-04 - 144s/epoch - 53ms/step
Epoch 11/64

Epoch 11: val_loss did not improve from 0.07771
2696/2696 - 144s - loss: 0.0679 - mse: 0.7085 - val_loss: 0.0823 - val_mse: 0.8209 - lr: 1.0000e-04 - 144s/epoch - 53ms/step
Epoch 12/64

Epoch 12: val_loss did not improve from 0.07771
2696/2696 - 144s - loss: 0.0643 - mse: 0.6710 - val_loss: 0.0817 - val_mse: 0.8152 - lr: 5.0000e-05 - 144s/epoch - 53ms/step
Epoch 13/64

Epoch 13: val_loss did not improve from 0.07771
2696/2696 - 144s - loss: 0.0629 - mse: 0.6563 - val_loss: 0.0822 - val_mse: 0.8202 - lr: 5.0000e-05 - 144s/epoch - 53ms/step
Epoch 14/64

Epoch 14: val_loss did not improve from 0.07771
2696/2696 - 144s - loss: 0.0604 - mse: 0.6302 - val_loss: 0.0796 - val_mse: 0.7948 - lr: 2.5000e-05 - 144s/epoch - 54ms/step
Epoch 15/64

Epoch 15: val_loss did not improve from 0.07771
2696/2696 - 144s - loss: 0.0591 - mse: 0.6176 - val_loss: 0.0803 - val_mse: 0.8015 - lr: 2.5000e-05 - 144s/epoch - 54ms/step
Epoch 16/64

Epoch 16: val_loss did not improve from 0.07771
2696/2696 - 144s - loss: 0.0579 - mse: 0.6043 - val_loss: 0.0808 - val_mse: 0.8064 - lr: 1.2500e-05 - 144s/epoch - 53ms/step
Epoch 17/64

Epoch 17: val_loss did not improve from 0.07771
2696/2696 - 144s - loss: 0.0573 - mse: 0.5978 - val_loss: 0.0812 - val_mse: 0.8099 - lr: 1.2500e-05 - 144s/epoch - 53ms/step
Saving and plotting the results...
