train_data_hourly_pr_['HRES']_['HSAF']_MM_6__spatiotemporal_128.256_2020-07-01T13_2023-03-26T23_no_na_intensity
Data is available already
Loading training data...
mse_64_0.01_1e-14_0.5_2_2_8_0.1_64
Training the model...
Epoch 1/64

Epoch 1: val_loss improved from inf to 0.08732, saving model to /p/scratch/deepacf/kiste/patakchiyousefi1//HPT_intensity/mse_64_0.01_1e-14_0.5_2_2_8_0.1_64.h5
10781/10781 - 226s - loss: 0.0852 - mse: 0.8892 - val_loss: 0.0873 - val_mse: 0.8714 - lr: 0.0100 - 226s/epoch - 21ms/step
Epoch 2/64

Epoch 2: val_loss improved from 0.08732 to 0.08386, saving model to /p/scratch/deepacf/kiste/patakchiyousefi1//HPT_intensity/mse_64_0.01_1e-14_0.5_2_2_8_0.1_64.h5
10781/10781 - 208s - loss: 0.0816 - mse: 0.8516 - val_loss: 0.0839 - val_mse: 0.8369 - lr: 0.0100 - 208s/epoch - 19ms/step
Epoch 3/64

Epoch 3: val_loss improved from 0.08386 to 0.08243, saving model to /p/scratch/deepacf/kiste/patakchiyousefi1//HPT_intensity/mse_64_0.01_1e-14_0.5_2_2_8_0.1_64.h5
10781/10781 - 207s - loss: 0.0801 - mse: 0.8366 - val_loss: 0.0824 - val_mse: 0.8226 - lr: 0.0100 - 207s/epoch - 19ms/step
Epoch 4/64

Epoch 4: val_loss did not improve from 0.08243
10781/10781 - 207s - loss: 0.0793 - mse: 0.8279 - val_loss: 0.0842 - val_mse: 0.8406 - lr: 0.0100 - 207s/epoch - 19ms/step
Epoch 5/64

Epoch 5: val_loss improved from 0.08243 to 0.08182, saving model to /p/scratch/deepacf/kiste/patakchiyousefi1//HPT_intensity/mse_64_0.01_1e-14_0.5_2_2_8_0.1_64.h5
10781/10781 - 208s - loss: 0.0786 - mse: 0.8206 - val_loss: 0.0818 - val_mse: 0.8166 - lr: 0.0100 - 208s/epoch - 19ms/step
Epoch 6/64

Epoch 6: val_loss did not improve from 0.08182
10781/10781 - 206s - loss: 0.0782 - mse: 0.8167 - val_loss: 0.0834 - val_mse: 0.8328 - lr: 0.0100 - 206s/epoch - 19ms/step
Epoch 7/64

Epoch 7: val_loss did not improve from 0.08182
10781/10781 - 208s - loss: 0.0774 - mse: 0.8086 - val_loss: 0.0830 - val_mse: 0.8281 - lr: 0.0100 - 208s/epoch - 19ms/step
Epoch 8/64

Epoch 8: val_loss did not improve from 0.08182
10781/10781 - 211s - loss: 0.0755 - mse: 0.7883 - val_loss: 0.0830 - val_mse: 0.8280 - lr: 0.0050 - 211s/epoch - 20ms/step
Epoch 9/64

Epoch 9: val_loss did not improve from 0.08182
10781/10781 - 210s - loss: 0.0757 - mse: 0.7904 - val_loss: 0.0836 - val_mse: 0.8345 - lr: 0.0050 - 210s/epoch - 19ms/step
Epoch 10/64

Epoch 10: val_loss improved from 0.08182 to 0.08103, saving model to /p/scratch/deepacf/kiste/patakchiyousefi1//HPT_intensity/mse_64_0.01_1e-14_0.5_2_2_8_0.1_64.h5
10781/10781 - 210s - loss: 0.0764 - mse: 0.7979 - val_loss: 0.0810 - val_mse: 0.8086 - lr: 0.0025 - 210s/epoch - 19ms/step
Epoch 11/64

Epoch 11: val_loss did not improve from 0.08103
10781/10781 - 210s - loss: 0.0748 - mse: 0.7806 - val_loss: 0.0833 - val_mse: 0.8313 - lr: 0.0025 - 210s/epoch - 19ms/step
Epoch 12/64

Epoch 12: val_loss did not improve from 0.08103
10781/10781 - 210s - loss: 0.0739 - mse: 0.7716 - val_loss: 0.0836 - val_mse: 0.8339 - lr: 0.0025 - 210s/epoch - 19ms/step
Epoch 13/64

Epoch 13: val_loss did not improve from 0.08103
10781/10781 - 210s - loss: 0.0731 - mse: 0.7629 - val_loss: 0.0812 - val_mse: 0.8101 - lr: 0.0012 - 210s/epoch - 19ms/step
Epoch 14/64

Epoch 14: val_loss did not improve from 0.08103
10781/10781 - 210s - loss: 0.0727 - mse: 0.7593 - val_loss: 0.0833 - val_mse: 0.8316 - lr: 0.0012 - 210s/epoch - 20ms/step
Epoch 15/64

Epoch 15: val_loss improved from 0.08103 to 0.08099, saving model to /p/scratch/deepacf/kiste/patakchiyousefi1//HPT_intensity/mse_64_0.01_1e-14_0.5_2_2_8_0.1_64.h5
10781/10781 - 210s - loss: 0.0720 - mse: 0.7519 - val_loss: 0.0810 - val_mse: 0.8083 - lr: 6.2500e-04 - 210s/epoch - 19ms/step
Epoch 16/64

Epoch 16: val_loss did not improve from 0.08099
10781/10781 - 210s - loss: 0.0719 - mse: 0.7503 - val_loss: 0.0819 - val_mse: 0.8177 - lr: 6.2500e-04 - 210s/epoch - 19ms/step
Epoch 17/64

Epoch 17: val_loss did not improve from 0.08099
10781/10781 - 209s - loss: 0.0716 - mse: 0.7480 - val_loss: 0.0818 - val_mse: 0.8168 - lr: 6.2500e-04 - 209s/epoch - 19ms/step
Epoch 18/64

Epoch 18: val_loss did not improve from 0.08099
10781/10781 - 209s - loss: 0.0714 - mse: 0.7457 - val_loss: 0.0827 - val_mse: 0.8250 - lr: 3.1250e-04 - 209s/epoch - 19ms/step
Epoch 19/64

Epoch 19: val_loss did not improve from 0.08099
10781/10781 - 208s - loss: 0.0711 - mse: 0.7429 - val_loss: 0.0825 - val_mse: 0.8231 - lr: 3.1250e-04 - 208s/epoch - 19ms/step
Epoch 20/64

Epoch 20: val_loss did not improve from 0.08099
10781/10781 - 207s - loss: 0.0711 - mse: 0.7426 - val_loss: 0.0816 - val_mse: 0.8139 - lr: 1.5625e-04 - 207s/epoch - 19ms/step
Epoch 21/64

Epoch 21: val_loss improved from 0.08099 to 0.08099, saving model to /p/scratch/deepacf/kiste/patakchiyousefi1//HPT_intensity/mse_64_0.01_1e-14_0.5_2_2_8_0.1_64.h5
10781/10781 - 208s - loss: 0.0709 - mse: 0.7409 - val_loss: 0.0810 - val_mse: 0.8083 - lr: 1.5625e-04 - 208s/epoch - 19ms/step
Epoch 22/64

Epoch 22: val_loss did not improve from 0.08099
10781/10781 - 207s - loss: 0.0709 - mse: 0.7407 - val_loss: 0.0814 - val_mse: 0.8122 - lr: 1.5625e-04 - 207s/epoch - 19ms/step
Epoch 23/64

Epoch 23: val_loss did not improve from 0.08099
10781/10781 - 207s - loss: 0.0707 - mse: 0.7379 - val_loss: 0.0817 - val_mse: 0.8151 - lr: 1.5625e-04 - 207s/epoch - 19ms/step
Epoch 24/64

Epoch 24: val_loss did not improve from 0.08099
10781/10781 - 206s - loss: 0.0705 - mse: 0.7366 - val_loss: 0.0823 - val_mse: 0.8211 - lr: 7.8125e-05 - 206s/epoch - 19ms/step
Epoch 25/64

Epoch 25: val_loss did not improve from 0.08099
10781/10781 - 207s - loss: 0.0705 - mse: 0.7363 - val_loss: 0.0820 - val_mse: 0.8180 - lr: 7.8125e-05 - 207s/epoch - 19ms/step
Epoch 26/64

Epoch 26: val_loss did not improve from 0.08099
10781/10781 - 209s - loss: 0.0706 - mse: 0.7367 - val_loss: 0.0815 - val_mse: 0.8131 - lr: 3.9062e-05 - 209s/epoch - 19ms/step
Epoch 27/64

Epoch 27: val_loss did not improve from 0.08099
10781/10781 - 207s - loss: 0.0704 - mse: 0.7356 - val_loss: 0.0815 - val_mse: 0.8137 - lr: 3.9062e-05 - 207s/epoch - 19ms/step
Epoch 28/64

Epoch 28: val_loss did not improve from 0.08099
10781/10781 - 208s - loss: 0.0706 - mse: 0.7374 - val_loss: 0.0820 - val_mse: 0.8185 - lr: 1.9531e-05 - 208s/epoch - 19ms/step
Epoch 29/64

Epoch 29: val_loss did not improve from 0.08099
10781/10781 - 208s - loss: 0.0705 - mse: 0.7358 - val_loss: 0.0814 - val_mse: 0.8128 - lr: 1.9531e-05 - 208s/epoch - 19ms/step
Saving and plotting the results...
