train_data_hourly_pr_['HRES']_['HSAF']_MM_6__spatiotemporal_128.256_2020-07-01T13_2023-03-26T23_no_na_intensity
Data is available already
Loading training data...
mse_32_0.01_1e-14_0.5_2_4_8_0.1_64
Training the model...
Epoch 1/64

Epoch 1: val_loss improved from inf to 0.08522, saving model to /p/scratch/deepacf/kiste/patakchiyousefi1//HPT_intensity/mse_32_0.01_1e-14_0.5_2_4_8_0.1_64.h5
5391/5391 - 115s - loss: 0.0829 - mse: 0.8657 - val_loss: 0.0852 - val_mse: 0.8505 - lr: 0.0100 - 115s/epoch - 21ms/step
Epoch 2/64

Epoch 2: val_loss improved from 0.08522 to 0.08484, saving model to /p/scratch/deepacf/kiste/patakchiyousefi1//HPT_intensity/mse_32_0.01_1e-14_0.5_2_4_8_0.1_64.h5
5391/5391 - 96s - loss: 0.0792 - mse: 0.8266 - val_loss: 0.0848 - val_mse: 0.8467 - lr: 0.0100 - 96s/epoch - 18ms/step
Epoch 3/64

Epoch 3: val_loss improved from 0.08484 to 0.08149, saving model to /p/scratch/deepacf/kiste/patakchiyousefi1//HPT_intensity/mse_32_0.01_1e-14_0.5_2_4_8_0.1_64.h5
5391/5391 - 96s - loss: 0.0786 - mse: 0.8207 - val_loss: 0.0815 - val_mse: 0.8132 - lr: 0.0100 - 96s/epoch - 18ms/step
Epoch 4/64

Epoch 4: val_loss did not improve from 0.08149
5391/5391 - 98s - loss: 0.0782 - mse: 0.8169 - val_loss: 0.0822 - val_mse: 0.8202 - lr: 0.0100 - 98s/epoch - 18ms/step
Epoch 5/64

Epoch 5: val_loss did not improve from 0.08149
5391/5391 - 98s - loss: 0.0778 - mse: 0.8128 - val_loss: 0.0828 - val_mse: 0.8264 - lr: 0.0100 - 98s/epoch - 18ms/step
Epoch 6/64

Epoch 6: val_loss did not improve from 0.08149
5391/5391 - 97s - loss: 0.0773 - mse: 0.8075 - val_loss: 0.0853 - val_mse: 0.8516 - lr: 0.0050 - 97s/epoch - 18ms/step
Epoch 7/64

Epoch 7: val_loss did not improve from 0.08149
5391/5391 - 96s - loss: 0.0773 - mse: 0.8069 - val_loss: 0.0834 - val_mse: 0.8326 - lr: 0.0050 - 96s/epoch - 18ms/step
Epoch 8/64

Epoch 8: val_loss did not improve from 0.08149
5391/5391 - 105s - loss: 0.0762 - mse: 0.7962 - val_loss: 0.0816 - val_mse: 0.8139 - lr: 0.0025 - 105s/epoch - 19ms/step
Epoch 9/64

Epoch 9: val_loss improved from 0.08149 to 0.08057, saving model to /p/scratch/deepacf/kiste/patakchiyousefi1//HPT_intensity/mse_32_0.01_1e-14_0.5_2_4_8_0.1_64.h5
5391/5391 - 107s - loss: 0.0760 - mse: 0.7936 - val_loss: 0.0806 - val_mse: 0.8041 - lr: 0.0025 - 107s/epoch - 20ms/step
Epoch 10/64

Epoch 10: val_loss did not improve from 0.08057
5391/5391 - 106s - loss: 0.0757 - mse: 0.7909 - val_loss: 0.0808 - val_mse: 0.8062 - lr: 0.0025 - 106s/epoch - 20ms/step
Epoch 11/64

Epoch 11: val_loss did not improve from 0.08057
5391/5391 - 107s - loss: 0.0757 - mse: 0.7909 - val_loss: 0.0814 - val_mse: 0.8128 - lr: 0.0025 - 107s/epoch - 20ms/step
Epoch 12/64

Epoch 12: val_loss did not improve from 0.08057
5391/5391 - 106s - loss: 0.0753 - mse: 0.7864 - val_loss: 0.0811 - val_mse: 0.8097 - lr: 0.0012 - 106s/epoch - 20ms/step
Epoch 13/64

Epoch 13: val_loss did not improve from 0.08057
5391/5391 - 101s - loss: 0.0748 - mse: 0.7809 - val_loss: 0.0806 - val_mse: 0.8043 - lr: 0.0012 - 101s/epoch - 19ms/step
Epoch 14/64

Epoch 14: val_loss did not improve from 0.08057
5391/5391 - 108s - loss: 0.0744 - mse: 0.7768 - val_loss: 0.0808 - val_mse: 0.8065 - lr: 6.2500e-04 - 108s/epoch - 20ms/step
Epoch 15/64

Epoch 15: val_loss did not improve from 0.08057
5391/5391 - 108s - loss: 0.0742 - mse: 0.7747 - val_loss: 0.0814 - val_mse: 0.8127 - lr: 6.2500e-04 - 108s/epoch - 20ms/step
Epoch 16/64

Epoch 16: val_loss did not improve from 0.08057
5391/5391 - 110s - loss: 0.0741 - mse: 0.7741 - val_loss: 0.0814 - val_mse: 0.8127 - lr: 3.1250e-04 - 110s/epoch - 20ms/step
Epoch 17/64

Epoch 17: val_loss did not improve from 0.08057
5391/5391 - 100s - loss: 0.0739 - mse: 0.7718 - val_loss: 0.0822 - val_mse: 0.8203 - lr: 3.1250e-04 - 100s/epoch - 19ms/step
Saving and plotting the results...
