train_data_hourly_pr_['HRES']_['HSAF']_MM_6__spatiotemporal_128.256_2020-07-01T13_2023-03-26T23_no_na_intensity
Data is available already
Loading training data...
mse_64_0.0001_1e-14_0.5_2_4_8_0.1_64
Training the model...
Epoch 1/64

Epoch 1: val_loss improved from inf to 0.08548, saving model to /p/scratch/deepacf/kiste/patakchiyousefi1//HPT_intensity/mse_64_0.0001_1e-14_0.5_2_4_8_0.1_64.h5
5391/5391 - 186s - loss: 0.0804 - mse: 0.8399 - val_loss: 0.0855 - val_mse: 0.8531 - lr: 1.0000e-04 - 186s/epoch - 34ms/step
Epoch 2/64

Epoch 2: val_loss improved from 0.08548 to 0.08121, saving model to /p/scratch/deepacf/kiste/patakchiyousefi1//HPT_intensity/mse_64_0.0001_1e-14_0.5_2_4_8_0.1_64.h5
5391/5391 - 165s - loss: 0.0781 - mse: 0.8152 - val_loss: 0.0812 - val_mse: 0.8104 - lr: 1.0000e-04 - 165s/epoch - 31ms/step
Epoch 3/64

Epoch 3: val_loss did not improve from 0.08121
5391/5391 - 164s - loss: 0.0768 - mse: 0.8020 - val_loss: 0.0824 - val_mse: 0.8219 - lr: 1.0000e-04 - 164s/epoch - 30ms/step
Epoch 4/64

Epoch 4: val_loss improved from 0.08121 to 0.08110, saving model to /p/scratch/deepacf/kiste/patakchiyousefi1//HPT_intensity/mse_64_0.0001_1e-14_0.5_2_4_8_0.1_64.h5
5391/5391 - 163s - loss: 0.0761 - mse: 0.7948 - val_loss: 0.0811 - val_mse: 0.8093 - lr: 1.0000e-04 - 163s/epoch - 30ms/step
Epoch 5/64

Epoch 5: val_loss improved from 0.08110 to 0.08004, saving model to /p/scratch/deepacf/kiste/patakchiyousefi1//HPT_intensity/mse_64_0.0001_1e-14_0.5_2_4_8_0.1_64.h5
5391/5391 - 163s - loss: 0.0757 - mse: 0.7907 - val_loss: 0.0800 - val_mse: 0.7988 - lr: 1.0000e-04 - 163s/epoch - 30ms/step
Epoch 6/64

Epoch 6: val_loss did not improve from 0.08004
5391/5391 - 163s - loss: 0.0748 - mse: 0.7807 - val_loss: 0.0818 - val_mse: 0.8164 - lr: 1.0000e-04 - 163s/epoch - 30ms/step
Epoch 7/64

Epoch 7: val_loss did not improve from 0.08004
5391/5391 - 164s - loss: 0.0743 - mse: 0.7762 - val_loss: 0.0804 - val_mse: 0.8028 - lr: 1.0000e-04 - 164s/epoch - 30ms/step
Epoch 8/64

Epoch 8: val_loss improved from 0.08004 to 0.07993, saving model to /p/scratch/deepacf/kiste/patakchiyousefi1//HPT_intensity/mse_64_0.0001_1e-14_0.5_2_4_8_0.1_64.h5
5391/5391 - 168s - loss: 0.0726 - mse: 0.7583 - val_loss: 0.0799 - val_mse: 0.7977 - lr: 5.0000e-05 - 168s/epoch - 31ms/step
Epoch 9/64

Epoch 9: val_loss did not improve from 0.07993
5391/5391 - 165s - loss: 0.0720 - mse: 0.7519 - val_loss: 0.0809 - val_mse: 0.8071 - lr: 5.0000e-05 - 165s/epoch - 31ms/step
Epoch 10/64

Epoch 10: val_loss did not improve from 0.07993
5391/5391 - 164s - loss: 0.0716 - mse: 0.7477 - val_loss: 0.0801 - val_mse: 0.7998 - lr: 5.0000e-05 - 164s/epoch - 30ms/step
Epoch 11/64

Epoch 11: val_loss did not improve from 0.07993
5391/5391 - 164s - loss: 0.0698 - mse: 0.7290 - val_loss: 0.0881 - val_mse: 0.8796 - lr: 2.5000e-05 - 164s/epoch - 30ms/step
Epoch 12/64

Epoch 12: val_loss improved from 0.07993 to 0.07990, saving model to /p/scratch/deepacf/kiste/patakchiyousefi1//HPT_intensity/mse_64_0.0001_1e-14_0.5_2_4_8_0.1_64.h5
5391/5391 - 164s - loss: 0.0690 - mse: 0.7206 - val_loss: 0.0799 - val_mse: 0.7974 - lr: 2.5000e-05 - 164s/epoch - 30ms/step
Epoch 13/64

Epoch 13: val_loss did not improve from 0.07990
5391/5391 - 164s - loss: 0.0683 - mse: 0.7134 - val_loss: 0.0814 - val_mse: 0.8125 - lr: 2.5000e-05 - 164s/epoch - 30ms/step
Epoch 14/64

Epoch 14: val_loss did not improve from 0.07990
5391/5391 - 163s - loss: 0.0674 - mse: 0.7034 - val_loss: 0.0825 - val_mse: 0.8230 - lr: 2.5000e-05 - 163s/epoch - 30ms/step
Epoch 15/64

Epoch 15: val_loss did not improve from 0.07990
5391/5391 - 164s - loss: 0.0658 - mse: 0.6868 - val_loss: 0.0803 - val_mse: 0.8015 - lr: 1.2500e-05 - 164s/epoch - 30ms/step
Epoch 16/64

Epoch 16: val_loss improved from 0.07990 to 0.07987, saving model to /p/scratch/deepacf/kiste/patakchiyousefi1//HPT_intensity/mse_64_0.0001_1e-14_0.5_2_4_8_0.1_64.h5
5391/5391 - 164s - loss: 0.0649 - mse: 0.6781 - val_loss: 0.0799 - val_mse: 0.7971 - lr: 1.2500e-05 - 164s/epoch - 30ms/step
Epoch 17/64

Epoch 17: val_loss improved from 0.07987 to 0.07875, saving model to /p/scratch/deepacf/kiste/patakchiyousefi1//HPT_intensity/mse_64_0.0001_1e-14_0.5_2_4_8_0.1_64.h5
5391/5391 - 164s - loss: 0.0648 - mse: 0.6762 - val_loss: 0.0787 - val_mse: 0.7859 - lr: 1.2500e-05 - 164s/epoch - 30ms/step
Epoch 18/64

Epoch 18: val_loss did not improve from 0.07875
5391/5391 - 163s - loss: 0.0643 - mse: 0.6718 - val_loss: 0.0828 - val_mse: 0.8264 - lr: 1.2500e-05 - 163s/epoch - 30ms/step
Epoch 19/64

Epoch 19: val_loss did not improve from 0.07875
5391/5391 - 163s - loss: 0.0640 - mse: 0.6682 - val_loss: 0.0790 - val_mse: 0.7882 - lr: 1.2500e-05 - 163s/epoch - 30ms/step
Epoch 20/64

Epoch 20: val_loss did not improve from 0.07875
5391/5391 - 163s - loss: 0.0633 - mse: 0.6614 - val_loss: 0.0800 - val_mse: 0.7981 - lr: 6.2500e-06 - 163s/epoch - 30ms/step
Epoch 21/64

Epoch 21: val_loss did not improve from 0.07875
5391/5391 - 163s - loss: 0.0627 - mse: 0.6550 - val_loss: 0.0794 - val_mse: 0.7919 - lr: 6.2500e-06 - 163s/epoch - 30ms/step
Epoch 22/64

Epoch 22: val_loss did not improve from 0.07875
5391/5391 - 163s - loss: 0.0623 - mse: 0.6502 - val_loss: 0.0796 - val_mse: 0.7939 - lr: 3.1250e-06 - 163s/epoch - 30ms/step
Epoch 23/64

Epoch 23: val_loss did not improve from 0.07875
5391/5391 - 164s - loss: 0.0621 - mse: 0.6484 - val_loss: 0.0794 - val_mse: 0.7920 - lr: 3.1250e-06 - 164s/epoch - 30ms/step
Epoch 24/64

Epoch 24: val_loss did not improve from 0.07875
5391/5391 - 164s - loss: 0.0620 - mse: 0.6474 - val_loss: 0.0796 - val_mse: 0.7941 - lr: 1.5625e-06 - 164s/epoch - 30ms/step
Epoch 25/64

Epoch 25: val_loss did not improve from 0.07875
5391/5391 - 164s - loss: 0.0619 - mse: 0.6460 - val_loss: 0.0798 - val_mse: 0.7963 - lr: 1.5625e-06 - 164s/epoch - 30ms/step
Saving and plotting the results...
