train_data_hourly_pr_['HRES']_['HSAF']_MM_6__spatiotemporal_128.256_2020-07-01T13_2023-03-26T23_no_na_intensity
Data is available already
Loading training data...
mse_16_0.01_1e-14_0.5_2_8_8_0.1_64
Training the model...
Epoch 1/64

Epoch 1: val_loss improved from inf to 0.08492, saving model to /p/scratch/deepacf/kiste/patakchiyousefi1//HPT_intensity/mse_16_0.01_1e-14_0.5_2_8_8_0.1_64.h5
2696/2696 - 80s - loss: 0.0811 - mse: 0.8470 - val_loss: 0.0849 - val_mse: 0.8475 - lr: 0.0100 - 80s/epoch - 30ms/step
Epoch 2/64

Epoch 2: val_loss did not improve from 0.08492
2696/2696 - 55s - loss: 0.0788 - mse: 0.8232 - val_loss: 0.0905 - val_mse: 0.9034 - lr: 0.0100 - 55s/epoch - 20ms/step
Epoch 3/64

Epoch 3: val_loss improved from 0.08492 to 0.08389, saving model to /p/scratch/deepacf/kiste/patakchiyousefi1//HPT_intensity/mse_16_0.01_1e-14_0.5_2_8_8_0.1_64.h5
2696/2696 - 59s - loss: 0.0778 - mse: 0.8123 - val_loss: 0.0839 - val_mse: 0.8372 - lr: 0.0100 - 59s/epoch - 22ms/step
Epoch 4/64

Epoch 4: val_loss did not improve from 0.08389
2696/2696 - 59s - loss: 0.0778 - mse: 0.8120 - val_loss: 0.0872 - val_mse: 0.8703 - lr: 0.0100 - 59s/epoch - 22ms/step
Epoch 5/64

Epoch 5: val_loss did not improve from 0.08389
2696/2696 - 57s - loss: 0.0770 - mse: 0.8037 - val_loss: 0.0867 - val_mse: 0.8649 - lr: 0.0100 - 57s/epoch - 21ms/step
Epoch 6/64

Epoch 6: val_loss did not improve from 0.08389
2696/2696 - 55s - loss: 0.0763 - mse: 0.7964 - val_loss: 0.0840 - val_mse: 0.8387 - lr: 0.0050 - 55s/epoch - 20ms/step
Epoch 7/64

Epoch 7: val_loss improved from 0.08389 to 0.08224, saving model to /p/scratch/deepacf/kiste/patakchiyousefi1//HPT_intensity/mse_16_0.01_1e-14_0.5_2_8_8_0.1_64.h5
2696/2696 - 57s - loss: 0.0765 - mse: 0.7984 - val_loss: 0.0822 - val_mse: 0.8207 - lr: 0.0050 - 57s/epoch - 21ms/step
Epoch 8/64

Epoch 8: val_loss improved from 0.08224 to 0.08132, saving model to /p/scratch/deepacf/kiste/patakchiyousefi1//HPT_intensity/mse_16_0.01_1e-14_0.5_2_8_8_0.1_64.h5
2696/2696 - 58s - loss: 0.0763 - mse: 0.7964 - val_loss: 0.0813 - val_mse: 0.8115 - lr: 0.0050 - 58s/epoch - 22ms/step
Epoch 9/64

Epoch 9: val_loss improved from 0.08132 to 0.08083, saving model to /p/scratch/deepacf/kiste/patakchiyousefi1//HPT_intensity/mse_16_0.01_1e-14_0.5_2_8_8_0.1_64.h5
2696/2696 - 58s - loss: 0.0755 - mse: 0.7884 - val_loss: 0.0808 - val_mse: 0.8067 - lr: 0.0050 - 58s/epoch - 21ms/step
Epoch 10/64

Epoch 10: val_loss did not improve from 0.08083
2696/2696 - 55s - loss: 0.0754 - mse: 0.7877 - val_loss: 0.0833 - val_mse: 0.8315 - lr: 0.0050 - 55s/epoch - 20ms/step
Epoch 11/64

Epoch 11: val_loss did not improve from 0.08083
2696/2696 - 55s - loss: 0.0751 - mse: 0.7840 - val_loss: 0.0827 - val_mse: 0.8257 - lr: 0.0050 - 55s/epoch - 20ms/step
Epoch 12/64

Epoch 12: val_loss did not improve from 0.08083
2696/2696 - 54s - loss: 0.0744 - mse: 0.7767 - val_loss: 0.0845 - val_mse: 0.8430 - lr: 0.0025 - 54s/epoch - 20ms/step
Epoch 13/64

Epoch 13: val_loss did not improve from 0.08083
2696/2696 - 55s - loss: 0.0742 - mse: 0.7750 - val_loss: 0.0820 - val_mse: 0.8179 - lr: 0.0025 - 55s/epoch - 20ms/step
Epoch 14/64

Epoch 14: val_loss did not improve from 0.08083
2696/2696 - 56s - loss: 0.0736 - mse: 0.7685 - val_loss: 0.0813 - val_mse: 0.8113 - lr: 0.0012 - 56s/epoch - 21ms/step
Epoch 15/64

Epoch 15: val_loss did not improve from 0.08083
2696/2696 - 56s - loss: 0.0733 - mse: 0.7658 - val_loss: 0.0818 - val_mse: 0.8160 - lr: 0.0012 - 56s/epoch - 21ms/step
Epoch 16/64

Epoch 16: val_loss improved from 0.08083 to 0.08066, saving model to /p/scratch/deepacf/kiste/patakchiyousefi1//HPT_intensity/mse_16_0.01_1e-14_0.5_2_8_8_0.1_64.h5
2696/2696 - 55s - loss: 0.0731 - mse: 0.7632 - val_loss: 0.0807 - val_mse: 0.8050 - lr: 6.2500e-04 - 55s/epoch - 21ms/step
Epoch 17/64

Epoch 17: val_loss did not improve from 0.08066
2696/2696 - 54s - loss: 0.0728 - mse: 0.7607 - val_loss: 0.0817 - val_mse: 0.8149 - lr: 6.2500e-04 - 54s/epoch - 20ms/step
Epoch 18/64

Epoch 18: val_loss did not improve from 0.08066
2696/2696 - 54s - loss: 0.0728 - mse: 0.7600 - val_loss: 0.0809 - val_mse: 0.8078 - lr: 6.2500e-04 - 54s/epoch - 20ms/step
Epoch 19/64

Epoch 19: val_loss did not improve from 0.08066
2696/2696 - 55s - loss: 0.0725 - mse: 0.7574 - val_loss: 0.0815 - val_mse: 0.8130 - lr: 3.1250e-04 - 55s/epoch - 20ms/step
Epoch 20/64

Epoch 20: val_loss did not improve from 0.08066
2696/2696 - 55s - loss: 0.0724 - mse: 0.7560 - val_loss: 0.0814 - val_mse: 0.8128 - lr: 3.1250e-04 - 55s/epoch - 20ms/step
Epoch 21/64

Epoch 21: val_loss did not improve from 0.08066
2696/2696 - 54s - loss: 0.0724 - mse: 0.7561 - val_loss: 0.0807 - val_mse: 0.8054 - lr: 1.5625e-04 - 54s/epoch - 20ms/step
Epoch 22/64

Epoch 22: val_loss did not improve from 0.08066
2696/2696 - 54s - loss: 0.0723 - mse: 0.7550 - val_loss: 0.0812 - val_mse: 0.8100 - lr: 1.5625e-04 - 54s/epoch - 20ms/step
Epoch 23/64

Epoch 23: val_loss did not improve from 0.08066
2696/2696 - 54s - loss: 0.0722 - mse: 0.7544 - val_loss: 0.0812 - val_mse: 0.8100 - lr: 7.8125e-05 - 54s/epoch - 20ms/step
Epoch 24/64

Epoch 24: val_loss did not improve from 0.08066
2696/2696 - 54s - loss: 0.0722 - mse: 0.7541 - val_loss: 0.0811 - val_mse: 0.8098 - lr: 7.8125e-05 - 54s/epoch - 20ms/step
Saving and plotting the results...
