train_data_hourly_pr_['HRES']_['HSAF']_MM_6__spatiotemporal_128.256_2020-07-01T13_2023-03-26T23_no_na_intensity
Data is available already
Loading training data...
mse_32_0.0001_1e-14_0.5_2_16_8_0.1_64
Training the model...
Epoch 1/64

Epoch 1: val_loss improved from inf to 0.08375, saving model to /p/scratch/deepacf/kiste/patakchiyousefi1//HPT_intensity/mse_32_0.0001_1e-14_0.5_2_16_8_0.1_64.h5
1348/1348 - 92s - loss: 0.0803 - mse: 0.8386 - val_loss: 0.0837 - val_mse: 0.8358 - lr: 1.0000e-04 - 92s/epoch - 68ms/step
Epoch 2/64

Epoch 2: val_loss improved from 0.08375 to 0.08064, saving model to /p/scratch/deepacf/kiste/patakchiyousefi1//HPT_intensity/mse_32_0.0001_1e-14_0.5_2_16_8_0.1_64.h5
1348/1348 - 69s - loss: 0.0752 - mse: 0.7853 - val_loss: 0.0806 - val_mse: 0.8048 - lr: 1.0000e-04 - 69s/epoch - 51ms/step
Epoch 3/64

Epoch 3: val_loss improved from 0.08064 to 0.08004, saving model to /p/scratch/deepacf/kiste/patakchiyousefi1//HPT_intensity/mse_32_0.0001_1e-14_0.5_2_16_8_0.1_64.h5
1348/1348 - 69s - loss: 0.0742 - mse: 0.7749 - val_loss: 0.0800 - val_mse: 0.7988 - lr: 1.0000e-04 - 69s/epoch - 51ms/step
Epoch 4/64

Epoch 4: val_loss did not improve from 0.08004
1348/1348 - 68s - loss: 0.0733 - mse: 0.7654 - val_loss: 0.0802 - val_mse: 0.8000 - lr: 1.0000e-04 - 68s/epoch - 51ms/step
Epoch 5/64

Epoch 5: val_loss did not improve from 0.08004
1348/1348 - 68s - loss: 0.0726 - mse: 0.7581 - val_loss: 0.0801 - val_mse: 0.7990 - lr: 1.0000e-04 - 68s/epoch - 50ms/step
Epoch 6/64

Epoch 6: val_loss did not improve from 0.08004
1348/1348 - 68s - loss: 0.0706 - mse: 0.7367 - val_loss: 0.0806 - val_mse: 0.8044 - lr: 5.0000e-05 - 68s/epoch - 51ms/step
Epoch 7/64

Epoch 7: val_loss did not improve from 0.08004
1348/1348 - 68s - loss: 0.0694 - mse: 0.7245 - val_loss: 0.0825 - val_mse: 0.8234 - lr: 5.0000e-05 - 68s/epoch - 51ms/step
Epoch 8/64

Epoch 8: val_loss did not improve from 0.08004
1348/1348 - 68s - loss: 0.0660 - mse: 0.6893 - val_loss: 0.0840 - val_mse: 0.8383 - lr: 2.5000e-05 - 68s/epoch - 51ms/step
Epoch 9/64

Epoch 9: val_loss did not improve from 0.08004
1348/1348 - 68s - loss: 0.0640 - mse: 0.6685 - val_loss: 0.0840 - val_mse: 0.8387 - lr: 2.5000e-05 - 68s/epoch - 51ms/step
Epoch 10/64

Epoch 10: val_loss did not improve from 0.08004
1348/1348 - 68s - loss: 0.0615 - mse: 0.6426 - val_loss: 0.0861 - val_mse: 0.8592 - lr: 1.2500e-05 - 68s/epoch - 51ms/step
Epoch 11/64

Epoch 11: val_loss did not improve from 0.08004
1348/1348 - 68s - loss: 0.0606 - mse: 0.6332 - val_loss: 0.0846 - val_mse: 0.8442 - lr: 1.2500e-05 - 68s/epoch - 51ms/step
Saving and plotting the results...
