train_data_hourly_pr_['HRES']_['HSAF']_MM_6__spatiotemporal_128.256_2020-07-01T13_2023-03-26T23_no_na_intensity
Data is available already
Loading training data...
mse_16_0.001_1e-14_0.5_2_4_8_0.1_64
Training the model...
Epoch 1/64

Epoch 1: val_loss improved from inf to 0.08528, saving model to /p/scratch/deepacf/kiste/patakchiyousefi1//HPT_intensity/mse_16_0.001_1e-14_0.5_2_4_8_0.1_64.h5
5391/5391 - 114s - loss: 0.0818 - mse: 0.8541 - val_loss: 0.0853 - val_mse: 0.8511 - lr: 0.0010 - 114s/epoch - 21ms/step
Epoch 2/64

Epoch 2: val_loss improved from 0.08528 to 0.08265, saving model to /p/scratch/deepacf/kiste/patakchiyousefi1//HPT_intensity/mse_16_0.001_1e-14_0.5_2_4_8_0.1_64.h5
5391/5391 - 95s - loss: 0.0785 - mse: 0.8197 - val_loss: 0.0827 - val_mse: 0.8249 - lr: 0.0010 - 95s/epoch - 18ms/step
Epoch 3/64

Epoch 3: val_loss did not improve from 0.08265
5391/5391 - 99s - loss: 0.0772 - mse: 0.8065 - val_loss: 0.1002 - val_mse: 1.0000 - lr: 0.0010 - 99s/epoch - 18ms/step
Epoch 4/64

Epoch 4: val_loss improved from 0.08265 to 0.08110, saving model to /p/scratch/deepacf/kiste/patakchiyousefi1//HPT_intensity/mse_16_0.001_1e-14_0.5_2_4_8_0.1_64.h5
5391/5391 - 103s - loss: 0.0764 - mse: 0.7977 - val_loss: 0.0811 - val_mse: 0.8094 - lr: 0.0010 - 103s/epoch - 19ms/step
Epoch 5/64

Epoch 5: val_loss did not improve from 0.08110
5391/5391 - 104s - loss: 0.0760 - mse: 0.7940 - val_loss: 0.0835 - val_mse: 0.8336 - lr: 0.0010 - 104s/epoch - 19ms/step
Epoch 6/64

Epoch 6: val_loss did not improve from 0.08110
5391/5391 - 98s - loss: 0.0760 - mse: 0.7937 - val_loss: 0.0820 - val_mse: 0.8185 - lr: 0.0010 - 98s/epoch - 18ms/step
Epoch 7/64

Epoch 7: val_loss did not improve from 0.08110
5391/5391 - 100s - loss: 0.0749 - mse: 0.7820 - val_loss: 0.0854 - val_mse: 0.8526 - lr: 5.0000e-04 - 100s/epoch - 19ms/step
Epoch 8/64

Epoch 8: val_loss improved from 0.08110 to 0.08008, saving model to /p/scratch/deepacf/kiste/patakchiyousefi1//HPT_intensity/mse_16_0.001_1e-14_0.5_2_4_8_0.1_64.h5
5391/5391 - 103s - loss: 0.0747 - mse: 0.7799 - val_loss: 0.0801 - val_mse: 0.7992 - lr: 5.0000e-04 - 103s/epoch - 19ms/step
Epoch 9/64

Epoch 9: val_loss did not improve from 0.08008
5391/5391 - 101s - loss: 0.0743 - mse: 0.7760 - val_loss: 0.0807 - val_mse: 0.8049 - lr: 5.0000e-04 - 101s/epoch - 19ms/step
Epoch 10/64

Epoch 10: val_loss did not improve from 0.08008
5391/5391 - 103s - loss: 0.0743 - mse: 0.7760 - val_loss: 0.0824 - val_mse: 0.8219 - lr: 5.0000e-04 - 103s/epoch - 19ms/step
Epoch 11/64

Epoch 11: val_loss did not improve from 0.08008
5391/5391 - 99s - loss: 0.0733 - mse: 0.7656 - val_loss: 0.0825 - val_mse: 0.8236 - lr: 2.5000e-04 - 99s/epoch - 18ms/step
Epoch 12/64

Epoch 12: val_loss did not improve from 0.08008
5391/5391 - 97s - loss: 0.0729 - mse: 0.7613 - val_loss: 0.0818 - val_mse: 0.8166 - lr: 2.5000e-04 - 97s/epoch - 18ms/step
Epoch 13/64

Epoch 13: val_loss did not improve from 0.08008
5391/5391 - 98s - loss: 0.0725 - mse: 0.7565 - val_loss: 0.0813 - val_mse: 0.8115 - lr: 1.2500e-04 - 98s/epoch - 18ms/step
Epoch 14/64

Epoch 14: val_loss did not improve from 0.08008
5391/5391 - 98s - loss: 0.0722 - mse: 0.7536 - val_loss: 0.0812 - val_mse: 0.8102 - lr: 1.2500e-04 - 98s/epoch - 18ms/step
Epoch 15/64

Epoch 15: val_loss did not improve from 0.08008
5391/5391 - 98s - loss: 0.0718 - mse: 0.7498 - val_loss: 0.0816 - val_mse: 0.8139 - lr: 6.2500e-05 - 98s/epoch - 18ms/step
Epoch 16/64

Epoch 16: val_loss did not improve from 0.08008
5391/5391 - 100s - loss: 0.0717 - mse: 0.7488 - val_loss: 0.0831 - val_mse: 0.8289 - lr: 6.2500e-05 - 100s/epoch - 19ms/step
Saving and plotting the results...
