train_data_hourly_pr_['HRES']_['HSAF']_MM_6__spatiotemporal_128.256_2020-07-01T13_2023-03-26T23_no_na_intensity
Data is available already
Loading training data...
mse_32_0.0001_1e-14_0.5_2_8_8_0.1_64
Training the model...
Epoch 1/64

Epoch 1: val_loss improved from inf to 0.08706, saving model to /p/scratch/deepacf/kiste/patakchiyousefi1//HPT_intensity/mse_32_0.0001_1e-14_0.5_2_8_8_0.1_64.h5
2696/2696 - 95s - loss: 0.0802 - mse: 0.8371 - val_loss: 0.0871 - val_mse: 0.8689 - lr: 1.0000e-04 - 95s/epoch - 35ms/step
Epoch 2/64

Epoch 2: val_loss improved from 0.08706 to 0.08327, saving model to /p/scratch/deepacf/kiste/patakchiyousefi1//HPT_intensity/mse_32_0.0001_1e-14_0.5_2_8_8_0.1_64.h5
2696/2696 - 75s - loss: 0.0761 - mse: 0.7947 - val_loss: 0.0833 - val_mse: 0.8310 - lr: 1.0000e-04 - 75s/epoch - 28ms/step
Epoch 3/64

Epoch 3: val_loss improved from 0.08327 to 0.08057, saving model to /p/scratch/deepacf/kiste/patakchiyousefi1//HPT_intensity/mse_32_0.0001_1e-14_0.5_2_8_8_0.1_64.h5
2696/2696 - 77s - loss: 0.0753 - mse: 0.7864 - val_loss: 0.0806 - val_mse: 0.8041 - lr: 1.0000e-04 - 77s/epoch - 29ms/step
Epoch 4/64

Epoch 4: val_loss did not improve from 0.08057
2696/2696 - 75s - loss: 0.0745 - mse: 0.7782 - val_loss: 0.0809 - val_mse: 0.8071 - lr: 1.0000e-04 - 75s/epoch - 28ms/step
Epoch 5/64

Epoch 5: val_loss did not improve from 0.08057
2696/2696 - 76s - loss: 0.0737 - mse: 0.7694 - val_loss: 0.0994 - val_mse: 0.9920 - lr: 1.0000e-04 - 76s/epoch - 28ms/step
Epoch 6/64

Epoch 6: val_loss improved from 0.08057 to 0.08010, saving model to /p/scratch/deepacf/kiste/patakchiyousefi1//HPT_intensity/mse_32_0.0001_1e-14_0.5_2_8_8_0.1_64.h5
2696/2696 - 76s - loss: 0.0717 - mse: 0.7487 - val_loss: 0.0801 - val_mse: 0.7994 - lr: 5.0000e-05 - 76s/epoch - 28ms/step
Epoch 7/64

Epoch 7: val_loss did not improve from 0.08010
2696/2696 - 75s - loss: 0.0706 - mse: 0.7368 - val_loss: 0.0807 - val_mse: 0.8054 - lr: 5.0000e-05 - 75s/epoch - 28ms/step
Epoch 8/64

Epoch 8: val_loss did not improve from 0.08010
2696/2696 - 76s - loss: 0.0690 - mse: 0.7202 - val_loss: 0.0824 - val_mse: 0.8221 - lr: 5.0000e-05 - 76s/epoch - 28ms/step
Epoch 9/64

Epoch 9: val_loss did not improve from 0.08010
2696/2696 - 77s - loss: 0.0660 - mse: 0.6896 - val_loss: 0.0822 - val_mse: 0.8202 - lr: 2.5000e-05 - 77s/epoch - 28ms/step
Epoch 10/64

Epoch 10: val_loss did not improve from 0.08010
2696/2696 - 78s - loss: 0.0646 - mse: 0.6750 - val_loss: 0.0844 - val_mse: 0.8424 - lr: 2.5000e-05 - 78s/epoch - 29ms/step
Epoch 11/64

Epoch 11: val_loss did not improve from 0.08010
2696/2696 - 78s - loss: 0.0629 - mse: 0.6567 - val_loss: 0.0830 - val_mse: 0.8283 - lr: 1.2500e-05 - 78s/epoch - 29ms/step
Epoch 12/64

Epoch 12: val_loss did not improve from 0.08010
2696/2696 - 78s - loss: 0.0619 - mse: 0.6465 - val_loss: 0.0841 - val_mse: 0.8394 - lr: 1.2500e-05 - 78s/epoch - 29ms/step
Epoch 13/64

Epoch 13: val_loss did not improve from 0.08010
2696/2696 - 77s - loss: 0.0609 - mse: 0.6357 - val_loss: 0.0841 - val_mse: 0.8391 - lr: 6.2500e-06 - 77s/epoch - 29ms/step
Epoch 14/64

Epoch 14: val_loss did not improve from 0.08010
2696/2696 - 77s - loss: 0.0607 - mse: 0.6342 - val_loss: 0.0841 - val_mse: 0.8398 - lr: 6.2500e-06 - 77s/epoch - 29ms/step
Saving and plotting the results...
