train_data_hourly_pr_['HRES']_['HSAF']_MM_6__spatiotemporal_128.256_2020-07-01T13_2023-03-26T23_no_na_intensity
Data is available already
Loading training data...
mse_64_0.001_1e-14_0.5_2_4_8_0.1_64
Training the model...
Epoch 1/64

Epoch 1: val_loss improved from inf to 0.08907, saving model to /p/scratch/deepacf/kiste/patakchiyousefi1//HPT_intensity/mse_64_0.001_1e-14_0.5_2_4_8_0.1_64.h5
5391/5391 - 192s - loss: 0.0821 - mse: 0.8574 - val_loss: 0.0891 - val_mse: 0.8889 - lr: 0.0010 - 192s/epoch - 36ms/step
Epoch 2/64

Epoch 2: val_loss improved from 0.08907 to 0.08698, saving model to /p/scratch/deepacf/kiste/patakchiyousefi1//HPT_intensity/mse_64_0.001_1e-14_0.5_2_4_8_0.1_64.h5
5391/5391 - 165s - loss: 0.0793 - mse: 0.8283 - val_loss: 0.0870 - val_mse: 0.8680 - lr: 0.0010 - 165s/epoch - 31ms/step
Epoch 3/64

Epoch 3: val_loss improved from 0.08698 to 0.08582, saving model to /p/scratch/deepacf/kiste/patakchiyousefi1//HPT_intensity/mse_64_0.001_1e-14_0.5_2_4_8_0.1_64.h5
5391/5391 - 165s - loss: 0.0782 - mse: 0.8163 - val_loss: 0.0858 - val_mse: 0.8564 - lr: 0.0010 - 165s/epoch - 31ms/step
Epoch 4/64

Epoch 4: val_loss improved from 0.08582 to 0.08188, saving model to /p/scratch/deepacf/kiste/patakchiyousefi1//HPT_intensity/mse_64_0.001_1e-14_0.5_2_4_8_0.1_64.h5
5391/5391 - 165s - loss: 0.0774 - mse: 0.8084 - val_loss: 0.0819 - val_mse: 0.8172 - lr: 0.0010 - 165s/epoch - 31ms/step
Epoch 5/64

Epoch 5: val_loss improved from 0.08188 to 0.08108, saving model to /p/scratch/deepacf/kiste/patakchiyousefi1//HPT_intensity/mse_64_0.001_1e-14_0.5_2_4_8_0.1_64.h5
5391/5391 - 165s - loss: 0.0768 - mse: 0.8023 - val_loss: 0.0811 - val_mse: 0.8092 - lr: 0.0010 - 165s/epoch - 31ms/step
Epoch 6/64

Epoch 6: val_loss did not improve from 0.08108
5391/5391 - 166s - loss: 0.0762 - mse: 0.7956 - val_loss: 0.0817 - val_mse: 0.8152 - lr: 0.0010 - 166s/epoch - 31ms/step
Epoch 7/64

Epoch 7: val_loss improved from 0.08108 to 0.08106, saving model to /p/scratch/deepacf/kiste/patakchiyousefi1//HPT_intensity/mse_64_0.001_1e-14_0.5_2_4_8_0.1_64.h5
5391/5391 - 167s - loss: 0.0754 - mse: 0.7878 - val_loss: 0.0811 - val_mse: 0.8090 - lr: 0.0010 - 167s/epoch - 31ms/step
Epoch 8/64

Epoch 8: val_loss improved from 0.08106 to 0.07935, saving model to /p/scratch/deepacf/kiste/patakchiyousefi1//HPT_intensity/mse_64_0.001_1e-14_0.5_2_4_8_0.1_64.h5
5391/5391 - 168s - loss: 0.0751 - mse: 0.7847 - val_loss: 0.0793 - val_mse: 0.7919 - lr: 0.0010 - 168s/epoch - 31ms/step
Epoch 9/64

Epoch 9: val_loss did not improve from 0.07935
5391/5391 - 165s - loss: 0.0746 - mse: 0.7792 - val_loss: 0.0819 - val_mse: 0.8169 - lr: 0.0010 - 165s/epoch - 31ms/step
Epoch 10/64

Epoch 10: val_loss did not improve from 0.07935
5391/5391 - 168s - loss: 0.0745 - mse: 0.7783 - val_loss: 0.0810 - val_mse: 0.8087 - lr: 0.0010 - 168s/epoch - 31ms/step
Epoch 11/64

Epoch 11: val_loss did not improve from 0.07935
5391/5391 - 169s - loss: 0.0729 - mse: 0.7615 - val_loss: 0.0800 - val_mse: 0.7985 - lr: 5.0000e-04 - 169s/epoch - 31ms/step
Epoch 12/64

Epoch 12: val_loss did not improve from 0.07935
5391/5391 - 167s - loss: 0.0722 - mse: 0.7539 - val_loss: 0.0815 - val_mse: 0.8134 - lr: 5.0000e-04 - 167s/epoch - 31ms/step
Epoch 13/64

Epoch 13: val_loss did not improve from 0.07935
5391/5391 - 168s - loss: 0.0710 - mse: 0.7411 - val_loss: 0.0810 - val_mse: 0.8085 - lr: 2.5000e-04 - 168s/epoch - 31ms/step
Epoch 14/64

Epoch 14: val_loss did not improve from 0.07935
5391/5391 - 170s - loss: 0.0704 - mse: 0.7347 - val_loss: 0.0801 - val_mse: 0.7994 - lr: 2.5000e-04 - 170s/epoch - 31ms/step
Epoch 15/64

Epoch 15: val_loss did not improve from 0.07935
5391/5391 - 170s - loss: 0.0695 - mse: 0.7255 - val_loss: 0.0818 - val_mse: 0.8159 - lr: 1.2500e-04 - 170s/epoch - 32ms/step
Epoch 16/64

Epoch 16: val_loss did not improve from 0.07935
5391/5391 - 169s - loss: 0.0689 - mse: 0.7192 - val_loss: 0.0816 - val_mse: 0.8146 - lr: 1.2500e-04 - 169s/epoch - 31ms/step
Saving and plotting the results...
