train_data_hourly_pr_['HRES']_['HSAF']_MM_6__spatiotemporal_128.256_2020-07-01T13_2023-03-26T23_no_na_intensity
Data is available already
Loading training data...
mse_64_0.0001_1e-14_0.5_2_2_8_0.1_64
Training the model...
Epoch 1/64

Epoch 1: val_loss improved from inf to 0.08685, saving model to /p/scratch/deepacf/kiste/patakchiyousefi1//HPT_intensity/mse_64_0.0001_1e-14_0.5_2_2_8_0.1_64.h5
10781/10781 - 228s - loss: 0.0821 - mse: 0.8569 - val_loss: 0.0868 - val_mse: 0.8667 - lr: 1.0000e-04 - 228s/epoch - 21ms/step
Epoch 2/64

Epoch 2: val_loss improved from 0.08685 to 0.08461, saving model to /p/scratch/deepacf/kiste/patakchiyousefi1//HPT_intensity/mse_64_0.0001_1e-14_0.5_2_2_8_0.1_64.h5
10781/10781 - 208s - loss: 0.0793 - mse: 0.8283 - val_loss: 0.0846 - val_mse: 0.8444 - lr: 1.0000e-04 - 208s/epoch - 19ms/step
Epoch 3/64

Epoch 3: val_loss improved from 0.08461 to 0.08370, saving model to /p/scratch/deepacf/kiste/patakchiyousefi1//HPT_intensity/mse_64_0.0001_1e-14_0.5_2_2_8_0.1_64.h5
10781/10781 - 208s - loss: 0.0783 - mse: 0.8175 - val_loss: 0.0837 - val_mse: 0.8353 - lr: 1.0000e-04 - 208s/epoch - 19ms/step
Epoch 4/64

Epoch 4: val_loss improved from 0.08370 to 0.08157, saving model to /p/scratch/deepacf/kiste/patakchiyousefi1//HPT_intensity/mse_64_0.0001_1e-14_0.5_2_2_8_0.1_64.h5
10781/10781 - 209s - loss: 0.0771 - mse: 0.8053 - val_loss: 0.0816 - val_mse: 0.8140 - lr: 1.0000e-04 - 209s/epoch - 19ms/step
Epoch 5/64

Epoch 5: val_loss did not improve from 0.08157
10781/10781 - 207s - loss: 0.0760 - mse: 0.7937 - val_loss: 0.0837 - val_mse: 0.8356 - lr: 1.0000e-04 - 207s/epoch - 19ms/step
Epoch 6/64

Epoch 6: val_loss improved from 0.08157 to 0.08047, saving model to /p/scratch/deepacf/kiste/patakchiyousefi1//HPT_intensity/mse_64_0.0001_1e-14_0.5_2_2_8_0.1_64.h5
10781/10781 - 208s - loss: 0.0753 - mse: 0.7859 - val_loss: 0.0805 - val_mse: 0.8031 - lr: 1.0000e-04 - 208s/epoch - 19ms/step
Epoch 7/64

Epoch 7: val_loss did not improve from 0.08047
10781/10781 - 208s - loss: 0.0745 - mse: 0.7777 - val_loss: 0.0896 - val_mse: 0.8941 - lr: 1.0000e-04 - 208s/epoch - 19ms/step
Epoch 8/64

Epoch 8: val_loss improved from 0.08047 to 0.07970, saving model to /p/scratch/deepacf/kiste/patakchiyousefi1//HPT_intensity/mse_64_0.0001_1e-14_0.5_2_2_8_0.1_64.h5
10781/10781 - 208s - loss: 0.0737 - mse: 0.7691 - val_loss: 0.0797 - val_mse: 0.7954 - lr: 1.0000e-04 - 208s/epoch - 19ms/step
Epoch 9/64

Epoch 9: val_loss did not improve from 0.07970
10781/10781 - 207s - loss: 0.0730 - mse: 0.7621 - val_loss: 0.0820 - val_mse: 0.8184 - lr: 1.0000e-04 - 207s/epoch - 19ms/step
Epoch 10/64

Epoch 10: val_loss improved from 0.07970 to 0.07942, saving model to /p/scratch/deepacf/kiste/patakchiyousefi1//HPT_intensity/mse_64_0.0001_1e-14_0.5_2_2_8_0.1_64.h5
10781/10781 - 208s - loss: 0.0719 - mse: 0.7510 - val_loss: 0.0794 - val_mse: 0.7926 - lr: 1.0000e-04 - 208s/epoch - 19ms/step
Epoch 11/64

Epoch 11: val_loss did not improve from 0.07942
10781/10781 - 207s - loss: 0.0710 - mse: 0.7411 - val_loss: 0.0799 - val_mse: 0.7971 - lr: 1.0000e-04 - 207s/epoch - 19ms/step
Epoch 12/64

Epoch 12: val_loss did not improve from 0.07942
10781/10781 - 207s - loss: 0.0700 - mse: 0.7304 - val_loss: 0.0796 - val_mse: 0.7943 - lr: 1.0000e-04 - 207s/epoch - 19ms/step
Epoch 13/64

Epoch 13: val_loss did not improve from 0.07942
10781/10781 - 208s - loss: 0.0664 - mse: 0.6933 - val_loss: 0.0813 - val_mse: 0.8117 - lr: 5.0000e-05 - 208s/epoch - 19ms/step
Epoch 14/64

Epoch 14: val_loss improved from 0.07942 to 0.07936, saving model to /p/scratch/deepacf/kiste/patakchiyousefi1//HPT_intensity/mse_64_0.0001_1e-14_0.5_2_2_8_0.1_64.h5
10781/10781 - 207s - loss: 0.0653 - mse: 0.6818 - val_loss: 0.0794 - val_mse: 0.7920 - lr: 5.0000e-05 - 207s/epoch - 19ms/step
Epoch 15/64

Epoch 15: val_loss did not improve from 0.07936
10781/10781 - 207s - loss: 0.0643 - mse: 0.6720 - val_loss: 0.0796 - val_mse: 0.7944 - lr: 5.0000e-05 - 207s/epoch - 19ms/step
Epoch 16/64

Epoch 16: val_loss improved from 0.07936 to 0.07799, saving model to /p/scratch/deepacf/kiste/patakchiyousefi1//HPT_intensity/mse_64_0.0001_1e-14_0.5_2_2_8_0.1_64.h5
10781/10781 - 210s - loss: 0.0638 - mse: 0.6664 - val_loss: 0.0780 - val_mse: 0.7784 - lr: 5.0000e-05 - 210s/epoch - 19ms/step
Epoch 17/64

Epoch 17: val_loss did not improve from 0.07799
10781/10781 - 208s - loss: 0.0630 - mse: 0.6579 - val_loss: 0.0798 - val_mse: 0.7963 - lr: 5.0000e-05 - 208s/epoch - 19ms/step
Epoch 18/64

Epoch 18: val_loss did not improve from 0.07799
10781/10781 - 207s - loss: 0.0623 - mse: 0.6500 - val_loss: 0.0789 - val_mse: 0.7870 - lr: 5.0000e-05 - 207s/epoch - 19ms/step
Epoch 19/64

Epoch 19: val_loss did not improve from 0.07799
10781/10781 - 209s - loss: 0.0601 - mse: 0.6273 - val_loss: 0.0794 - val_mse: 0.7924 - lr: 2.5000e-05 - 209s/epoch - 19ms/step
Epoch 20/64

Epoch 20: val_loss did not improve from 0.07799
10781/10781 - 210s - loss: 0.0594 - mse: 0.6200 - val_loss: 0.0810 - val_mse: 0.8081 - lr: 2.5000e-05 - 210s/epoch - 20ms/step
Epoch 21/64

Epoch 21: val_loss did not improve from 0.07799
10781/10781 - 210s - loss: 0.0583 - mse: 0.6085 - val_loss: 0.0804 - val_mse: 0.8019 - lr: 1.2500e-05 - 210s/epoch - 19ms/step
Epoch 22/64

Epoch 22: val_loss did not improve from 0.07799
10781/10781 - 212s - loss: 0.0578 - mse: 0.6037 - val_loss: 0.0799 - val_mse: 0.7972 - lr: 1.2500e-05 - 212s/epoch - 20ms/step
Epoch 23/64

Epoch 23: val_loss did not improve from 0.07799
10781/10781 - 210s - loss: 0.0571 - mse: 0.5963 - val_loss: 0.0815 - val_mse: 0.8138 - lr: 6.2500e-06 - 210s/epoch - 19ms/step
Epoch 24/64

Epoch 24: val_loss did not improve from 0.07799
10781/10781 - 213s - loss: 0.0569 - mse: 0.5945 - val_loss: 0.0806 - val_mse: 0.8045 - lr: 6.2500e-06 - 213s/epoch - 20ms/step
Saving and plotting the results...
