train_data_hourly_pr_['HRES']_['HSAF']_MM_6__spatiotemporal_128.256_2020-07-01T13_2023-03-26T23_no_na_intensity
Data is available already
Loading training data...
mse_64_0.001_1e-14_0.5_2_2_8_0.1_64
Training the model...
Epoch 1/64

Epoch 1: val_loss improved from inf to 0.08627, saving model to /p/scratch/deepacf/kiste/patakchiyousefi1//HPT_intensity/mse_64_0.001_1e-14_0.5_2_2_8_0.1_64.h5
10781/10781 - 227s - loss: 0.0841 - mse: 0.8777 - val_loss: 0.0863 - val_mse: 0.8609 - lr: 0.0010 - 227s/epoch - 21ms/step
Epoch 2/64

Epoch 2: val_loss improved from 0.08627 to 0.08434, saving model to /p/scratch/deepacf/kiste/patakchiyousefi1//HPT_intensity/mse_64_0.001_1e-14_0.5_2_2_8_0.1_64.h5
10781/10781 - 206s - loss: 0.0807 - mse: 0.8423 - val_loss: 0.0843 - val_mse: 0.8417 - lr: 0.0010 - 206s/epoch - 19ms/step
Epoch 3/64

Epoch 3: val_loss did not improve from 0.08434
10781/10781 - 205s - loss: 0.0791 - mse: 0.8255 - val_loss: 0.0845 - val_mse: 0.8431 - lr: 0.0010 - 205s/epoch - 19ms/step
Epoch 4/64

Epoch 4: val_loss did not improve from 0.08434
10781/10781 - 206s - loss: 0.0787 - mse: 0.8215 - val_loss: 0.0851 - val_mse: 0.8491 - lr: 0.0010 - 206s/epoch - 19ms/step
Epoch 5/64

Epoch 5: val_loss improved from 0.08434 to 0.08332, saving model to /p/scratch/deepacf/kiste/patakchiyousefi1//HPT_intensity/mse_64_0.001_1e-14_0.5_2_2_8_0.1_64.h5
10781/10781 - 206s - loss: 0.0775 - mse: 0.8088 - val_loss: 0.0833 - val_mse: 0.8316 - lr: 5.0000e-04 - 206s/epoch - 19ms/step
Epoch 6/64

Epoch 6: val_loss did not improve from 0.08332
10781/10781 - 206s - loss: 0.0770 - mse: 0.8037 - val_loss: 0.0874 - val_mse: 0.8718 - lr: 5.0000e-04 - 206s/epoch - 19ms/step
Epoch 7/64

Epoch 7: val_loss improved from 0.08332 to 0.08305, saving model to /p/scratch/deepacf/kiste/patakchiyousefi1//HPT_intensity/mse_64_0.001_1e-14_0.5_2_2_8_0.1_64.h5
10781/10781 - 211s - loss: 0.0766 - mse: 0.7999 - val_loss: 0.0831 - val_mse: 0.8288 - lr: 5.0000e-04 - 211s/epoch - 20ms/step
Epoch 8/64

Epoch 8: val_loss did not improve from 0.08305
10781/10781 - 209s - loss: 0.0762 - mse: 0.7958 - val_loss: 0.0835 - val_mse: 0.8333 - lr: 5.0000e-04 - 209s/epoch - 19ms/step
Epoch 9/64

Epoch 9: val_loss improved from 0.08305 to 0.08247, saving model to /p/scratch/deepacf/kiste/patakchiyousefi1//HPT_intensity/mse_64_0.001_1e-14_0.5_2_2_8_0.1_64.h5
10781/10781 - 207s - loss: 0.0764 - mse: 0.7977 - val_loss: 0.0825 - val_mse: 0.8230 - lr: 5.0000e-04 - 207s/epoch - 19ms/step
Epoch 10/64

Epoch 10: val_loss did not improve from 0.08247
10781/10781 - 208s - loss: 0.0755 - mse: 0.7884 - val_loss: 0.0826 - val_mse: 0.8239 - lr: 5.0000e-04 - 208s/epoch - 19ms/step
Epoch 11/64

Epoch 11: val_loss did not improve from 0.08247
10781/10781 - 207s - loss: 0.0750 - mse: 0.7836 - val_loss: 0.0826 - val_mse: 0.8248 - lr: 5.0000e-04 - 207s/epoch - 19ms/step
Epoch 12/64

Epoch 12: val_loss improved from 0.08247 to 0.08218, saving model to /p/scratch/deepacf/kiste/patakchiyousefi1//HPT_intensity/mse_64_0.001_1e-14_0.5_2_2_8_0.1_64.h5
10781/10781 - 209s - loss: 0.0739 - mse: 0.7715 - val_loss: 0.0822 - val_mse: 0.8201 - lr: 2.5000e-04 - 209s/epoch - 19ms/step
Epoch 13/64

Epoch 13: val_loss did not improve from 0.08218
10781/10781 - 208s - loss: 0.0735 - mse: 0.7678 - val_loss: 0.0842 - val_mse: 0.8406 - lr: 2.5000e-04 - 208s/epoch - 19ms/step
Epoch 14/64

Epoch 14: val_loss did not improve from 0.08218
10781/10781 - 207s - loss: 0.0732 - mse: 0.7641 - val_loss: 0.0835 - val_mse: 0.8333 - lr: 2.5000e-04 - 207s/epoch - 19ms/step
Epoch 15/64

Epoch 15: val_loss did not improve from 0.08218
10781/10781 - 208s - loss: 0.0722 - mse: 0.7542 - val_loss: 0.0855 - val_mse: 0.8531 - lr: 1.2500e-04 - 208s/epoch - 19ms/step
Epoch 16/64

Epoch 16: val_loss did not improve from 0.08218
10781/10781 - 207s - loss: 0.0718 - mse: 0.7501 - val_loss: 0.0831 - val_mse: 0.8290 - lr: 1.2500e-04 - 207s/epoch - 19ms/step
Epoch 17/64

Epoch 17: val_loss did not improve from 0.08218
10781/10781 - 207s - loss: 0.0713 - mse: 0.7449 - val_loss: 0.0836 - val_mse: 0.8340 - lr: 6.2500e-05 - 207s/epoch - 19ms/step
Epoch 18/64

Epoch 18: val_loss did not improve from 0.08218
10781/10781 - 207s - loss: 0.0713 - mse: 0.7446 - val_loss: 0.0831 - val_mse: 0.8289 - lr: 6.2500e-05 - 207s/epoch - 19ms/step
Epoch 19/64

Epoch 19: val_loss did not improve from 0.08218
10781/10781 - 208s - loss: 0.0708 - mse: 0.7396 - val_loss: 0.0837 - val_mse: 0.8355 - lr: 3.1250e-05 - 208s/epoch - 19ms/step
Epoch 20/64

Epoch 20: val_loss did not improve from 0.08218
10781/10781 - 207s - loss: 0.0707 - mse: 0.7379 - val_loss: 0.0838 - val_mse: 0.8367 - lr: 3.1250e-05 - 207s/epoch - 19ms/step
Saving and plotting the results...
