train_data_hourly_pr_['HRES']_['HSAF']_MM_6__spatiotemporal_128.256_2020-07-01T13_2023-03-26T23_no_na_intensity
Data is available already
Loading training data...
mse_64_0.001_1e-14_0.5_2_8_8_0.1_64
Training the model...
Epoch 1/64

Epoch 1: val_loss improved from inf to 0.08996, saving model to /p/scratch/deepacf/kiste/patakchiyousefi1//HPT_intensity/mse_64_0.001_1e-14_0.5_2_8_8_0.1_64.h5
2696/2696 - 168s - loss: 0.0809 - mse: 0.8451 - val_loss: 0.0900 - val_mse: 0.8978 - lr: 0.0010 - 168s/epoch - 62ms/step
Epoch 2/64

Epoch 2: val_loss improved from 0.08996 to 0.08151, saving model to /p/scratch/deepacf/kiste/patakchiyousefi1//HPT_intensity/mse_64_0.001_1e-14_0.5_2_8_8_0.1_64.h5
2696/2696 - 145s - loss: 0.0774 - mse: 0.8079 - val_loss: 0.0815 - val_mse: 0.8134 - lr: 0.0010 - 145s/epoch - 54ms/step
Epoch 3/64

Epoch 3: val_loss improved from 0.08151 to 0.08082, saving model to /p/scratch/deepacf/kiste/patakchiyousefi1//HPT_intensity/mse_64_0.001_1e-14_0.5_2_8_8_0.1_64.h5
2696/2696 - 144s - loss: 0.0764 - mse: 0.7973 - val_loss: 0.0808 - val_mse: 0.8066 - lr: 0.0010 - 144s/epoch - 54ms/step
Epoch 4/64

Epoch 4: val_loss did not improve from 0.08082
2696/2696 - 143s - loss: 0.0756 - mse: 0.7890 - val_loss: 0.0826 - val_mse: 0.8248 - lr: 0.0010 - 143s/epoch - 53ms/step
Epoch 5/64

Epoch 5: val_loss improved from 0.08082 to 0.08053, saving model to /p/scratch/deepacf/kiste/patakchiyousefi1//HPT_intensity/mse_64_0.001_1e-14_0.5_2_8_8_0.1_64.h5
2696/2696 - 145s - loss: 0.0750 - mse: 0.7833 - val_loss: 0.0805 - val_mse: 0.8037 - lr: 0.0010 - 145s/epoch - 54ms/step
Epoch 6/64

Epoch 6: val_loss improved from 0.08053 to 0.07984, saving model to /p/scratch/deepacf/kiste/patakchiyousefi1//HPT_intensity/mse_64_0.001_1e-14_0.5_2_8_8_0.1_64.h5
2696/2696 - 144s - loss: 0.0750 - mse: 0.7831 - val_loss: 0.0798 - val_mse: 0.7968 - lr: 0.0010 - 144s/epoch - 54ms/step
Epoch 7/64

Epoch 7: val_loss did not improve from 0.07984
2696/2696 - 144s - loss: 0.0745 - mse: 0.7779 - val_loss: 0.0802 - val_mse: 0.7999 - lr: 0.0010 - 144s/epoch - 53ms/step
Epoch 8/64

Epoch 8: val_loss did not improve from 0.07984
2696/2696 - 144s - loss: 0.0740 - mse: 0.7725 - val_loss: 0.0807 - val_mse: 0.8052 - lr: 0.0010 - 144s/epoch - 53ms/step
Epoch 9/64

Epoch 9: val_loss improved from 0.07984 to 0.07886, saving model to /p/scratch/deepacf/kiste/patakchiyousefi1//HPT_intensity/mse_64_0.001_1e-14_0.5_2_8_8_0.1_64.h5
2696/2696 - 144s - loss: 0.0728 - mse: 0.7603 - val_loss: 0.0789 - val_mse: 0.7870 - lr: 5.0000e-04 - 144s/epoch - 54ms/step
Epoch 10/64

Epoch 10: val_loss improved from 0.07886 to 0.07837, saving model to /p/scratch/deepacf/kiste/patakchiyousefi1//HPT_intensity/mse_64_0.001_1e-14_0.5_2_8_8_0.1_64.h5
2696/2696 - 144s - loss: 0.0726 - mse: 0.7579 - val_loss: 0.0784 - val_mse: 0.7821 - lr: 5.0000e-04 - 144s/epoch - 54ms/step
Epoch 11/64

Epoch 11: val_loss did not improve from 0.07837
2696/2696 - 144s - loss: 0.0724 - mse: 0.7557 - val_loss: 0.0788 - val_mse: 0.7864 - lr: 5.0000e-04 - 144s/epoch - 54ms/step
Epoch 12/64

Epoch 12: val_loss did not improve from 0.07837
2696/2696 - 144s - loss: 0.0721 - mse: 0.7528 - val_loss: 0.0796 - val_mse: 0.7947 - lr: 5.0000e-04 - 144s/epoch - 53ms/step
Epoch 13/64

Epoch 13: val_loss did not improve from 0.07837
2696/2696 - 144s - loss: 0.0707 - mse: 0.7380 - val_loss: 0.0793 - val_mse: 0.7909 - lr: 2.5000e-04 - 144s/epoch - 53ms/step
Epoch 14/64

Epoch 14: val_loss improved from 0.07837 to 0.07830, saving model to /p/scratch/deepacf/kiste/patakchiyousefi1//HPT_intensity/mse_64_0.001_1e-14_0.5_2_8_8_0.1_64.h5
2696/2696 - 144s - loss: 0.0701 - mse: 0.7323 - val_loss: 0.0783 - val_mse: 0.7814 - lr: 2.5000e-04 - 144s/epoch - 54ms/step
Epoch 15/64

Epoch 15: val_loss did not improve from 0.07830
2696/2696 - 144s - loss: 0.0693 - mse: 0.7236 - val_loss: 0.0816 - val_mse: 0.8140 - lr: 2.5000e-04 - 144s/epoch - 53ms/step
Epoch 16/64

Epoch 16: val_loss did not improve from 0.07830
2696/2696 - 144s - loss: 0.0691 - mse: 0.7211 - val_loss: 0.0810 - val_mse: 0.8086 - lr: 2.5000e-04 - 144s/epoch - 54ms/step
Epoch 17/64

Epoch 17: val_loss did not improve from 0.07830
2696/2696 - 144s - loss: 0.0678 - mse: 0.7081 - val_loss: 0.0819 - val_mse: 0.8172 - lr: 1.2500e-04 - 144s/epoch - 53ms/step
Epoch 18/64

Epoch 18: val_loss improved from 0.07830 to 0.07791, saving model to /p/scratch/deepacf/kiste/patakchiyousefi1//HPT_intensity/mse_64_0.001_1e-14_0.5_2_8_8_0.1_64.h5
2696/2696 - 145s - loss: 0.0672 - mse: 0.7015 - val_loss: 0.0779 - val_mse: 0.7775 - lr: 1.2500e-04 - 145s/epoch - 54ms/step
Epoch 19/64

Epoch 19: val_loss did not improve from 0.07791
2696/2696 - 144s - loss: 0.0663 - mse: 0.6928 - val_loss: 0.0795 - val_mse: 0.7930 - lr: 1.2500e-04 - 144s/epoch - 53ms/step
Epoch 20/64

Epoch 20: val_loss did not improve from 0.07791
2696/2696 - 144s - loss: 0.0663 - mse: 0.6924 - val_loss: 0.0792 - val_mse: 0.7900 - lr: 1.2500e-04 - 144s/epoch - 53ms/step
Epoch 21/64

Epoch 21: val_loss did not improve from 0.07791
2696/2696 - 144s - loss: 0.0654 - mse: 0.6826 - val_loss: 0.0795 - val_mse: 0.7932 - lr: 6.2500e-05 - 144s/epoch - 54ms/step
Epoch 22/64

Epoch 22: val_loss did not improve from 0.07791
2696/2696 - 145s - loss: 0.0649 - mse: 0.6775 - val_loss: 0.0816 - val_mse: 0.8140 - lr: 6.2500e-05 - 145s/epoch - 54ms/step
Epoch 23/64

Epoch 23: val_loss did not improve from 0.07791
2696/2696 - 144s - loss: 0.0645 - mse: 0.6733 - val_loss: 0.0795 - val_mse: 0.7936 - lr: 3.1250e-05 - 144s/epoch - 53ms/step
Epoch 24/64

Epoch 24: val_loss did not improve from 0.07791
2696/2696 - 144s - loss: 0.0647 - mse: 0.6758 - val_loss: 0.0792 - val_mse: 0.7905 - lr: 3.1250e-05 - 144s/epoch - 53ms/step
Epoch 25/64

Epoch 25: val_loss did not improve from 0.07791
2696/2696 - 144s - loss: 0.0642 - mse: 0.6706 - val_loss: 0.0797 - val_mse: 0.7956 - lr: 1.5625e-05 - 144s/epoch - 53ms/step
Epoch 26/64

Epoch 26: val_loss did not improve from 0.07791
2696/2696 - 144s - loss: 0.0642 - mse: 0.6702 - val_loss: 0.0795 - val_mse: 0.7930 - lr: 1.5625e-05 - 144s/epoch - 53ms/step
Saving and plotting the results...
