train_data_hourly_pr_['HRES']_['HSAF']_MM_6__spatiotemporal_128.256_2020-07-01T13_2023-03-26T23_no_na_intensity
Data is available already
Loading training data...
mse_64_0.01_1e-14_0.5_2_8_8_0.1_64
Training the model...
Epoch 1/64

Epoch 1: val_loss improved from inf to 0.10358, saving model to /p/scratch/deepacf/kiste/patakchiyousefi1//HPT_intensity/mse_64_0.01_1e-14_0.5_2_8_8_0.1_64.h5
2696/2696 - 170s - loss: 0.0934 - mse: 0.9751 - val_loss: 0.1036 - val_mse: 1.0337 - lr: 0.0100 - 170s/epoch - 63ms/step
Epoch 2/64

Epoch 2: val_loss improved from 0.10358 to 0.08915, saving model to /p/scratch/deepacf/kiste/patakchiyousefi1//HPT_intensity/mse_64_0.01_1e-14_0.5_2_8_8_0.1_64.h5
2696/2696 - 148s - loss: 0.0789 - mse: 0.8241 - val_loss: 0.0891 - val_mse: 0.8897 - lr: 0.0100 - 148s/epoch - 55ms/step
Epoch 3/64

Epoch 3: val_loss improved from 0.08915 to 0.08367, saving model to /p/scratch/deepacf/kiste/patakchiyousefi1//HPT_intensity/mse_64_0.01_1e-14_0.5_2_8_8_0.1_64.h5
2696/2696 - 147s - loss: 0.0777 - mse: 0.8115 - val_loss: 0.0837 - val_mse: 0.8350 - lr: 0.0100 - 147s/epoch - 55ms/step
Epoch 4/64

Epoch 4: val_loss improved from 0.08367 to 0.08161, saving model to /p/scratch/deepacf/kiste/patakchiyousefi1//HPT_intensity/mse_64_0.01_1e-14_0.5_2_8_8_0.1_64.h5
2696/2696 - 146s - loss: 0.0777 - mse: 0.8110 - val_loss: 0.0816 - val_mse: 0.8144 - lr: 0.0100 - 146s/epoch - 54ms/step
Epoch 5/64

Epoch 5: val_loss did not improve from 0.08161
2696/2696 - 145s - loss: 0.0768 - mse: 0.8016 - val_loss: 0.0839 - val_mse: 0.8374 - lr: 0.0100 - 145s/epoch - 54ms/step
Epoch 6/64

Epoch 6: val_loss did not improve from 0.08161
2696/2696 - 146s - loss: 0.0768 - mse: 0.8023 - val_loss: 0.0832 - val_mse: 0.8300 - lr: 0.0100 - 146s/epoch - 54ms/step
Epoch 7/64

Epoch 7: val_loss did not improve from 0.08161
2696/2696 - 146s - loss: 0.0759 - mse: 0.7927 - val_loss: 0.0817 - val_mse: 0.8151 - lr: 0.0050 - 146s/epoch - 54ms/step
Epoch 8/64

Epoch 8: val_loss did not improve from 0.08161
2696/2696 - 148s - loss: 0.0756 - mse: 0.7897 - val_loss: 0.0827 - val_mse: 0.8257 - lr: 0.0050 - 148s/epoch - 55ms/step
Epoch 9/64

Epoch 9: val_loss improved from 0.08161 to 0.08107, saving model to /p/scratch/deepacf/kiste/patakchiyousefi1//HPT_intensity/mse_64_0.01_1e-14_0.5_2_8_8_0.1_64.h5
2696/2696 - 149s - loss: 0.0753 - mse: 0.7867 - val_loss: 0.0811 - val_mse: 0.8090 - lr: 0.0025 - 149s/epoch - 55ms/step
Epoch 10/64

Epoch 10: val_loss did not improve from 0.08107
2696/2696 - 148s - loss: 0.0759 - mse: 0.7922 - val_loss: 0.0817 - val_mse: 0.8151 - lr: 0.0025 - 148s/epoch - 55ms/step
Epoch 11/64

Epoch 11: val_loss improved from 0.08107 to 0.08085, saving model to /p/scratch/deepacf/kiste/patakchiyousefi1//HPT_intensity/mse_64_0.01_1e-14_0.5_2_8_8_0.1_64.h5
2696/2696 - 148s - loss: 0.0747 - mse: 0.7805 - val_loss: 0.0808 - val_mse: 0.8069 - lr: 0.0025 - 148s/epoch - 55ms/step
Epoch 12/64

Epoch 12: val_loss did not improve from 0.08085
2696/2696 - 147s - loss: 0.0746 - mse: 0.7788 - val_loss: 0.0810 - val_mse: 0.8080 - lr: 0.0025 - 147s/epoch - 55ms/step
Epoch 13/64

Epoch 13: val_loss improved from 0.08085 to 0.08005, saving model to /p/scratch/deepacf/kiste/patakchiyousefi1//HPT_intensity/mse_64_0.01_1e-14_0.5_2_8_8_0.1_64.h5
2696/2696 - 147s - loss: 0.0744 - mse: 0.7771 - val_loss: 0.0800 - val_mse: 0.7988 - lr: 0.0025 - 147s/epoch - 55ms/step
Epoch 14/64

Epoch 14: val_loss did not improve from 0.08005
2696/2696 - 147s - loss: 0.0746 - mse: 0.7788 - val_loss: 0.0826 - val_mse: 0.8246 - lr: 0.0025 - 147s/epoch - 54ms/step
Epoch 15/64

Epoch 15: val_loss did not improve from 0.08005
2696/2696 - 147s - loss: 0.0742 - mse: 0.7750 - val_loss: 0.0826 - val_mse: 0.8246 - lr: 0.0025 - 147s/epoch - 54ms/step
Epoch 16/64

Epoch 16: val_loss did not improve from 0.08005
2696/2696 - 147s - loss: 0.0738 - mse: 0.7706 - val_loss: 0.0803 - val_mse: 0.8017 - lr: 0.0012 - 147s/epoch - 55ms/step
Epoch 17/64

Epoch 17: val_loss improved from 0.08005 to 0.07998, saving model to /p/scratch/deepacf/kiste/patakchiyousefi1//HPT_intensity/mse_64_0.01_1e-14_0.5_2_8_8_0.1_64.h5
2696/2696 - 148s - loss: 0.0736 - mse: 0.7682 - val_loss: 0.0800 - val_mse: 0.7982 - lr: 0.0012 - 148s/epoch - 55ms/step
Epoch 18/64

Epoch 18: val_loss did not improve from 0.07998
2696/2696 - 147s - loss: 0.0735 - mse: 0.7670 - val_loss: 0.0825 - val_mse: 0.8229 - lr: 0.0012 - 147s/epoch - 55ms/step
Epoch 19/64

Epoch 19: val_loss did not improve from 0.07998
2696/2696 - 147s - loss: 0.0734 - mse: 0.7668 - val_loss: 0.0801 - val_mse: 0.7995 - lr: 0.0012 - 147s/epoch - 54ms/step
Epoch 20/64

Epoch 20: val_loss improved from 0.07998 to 0.07979, saving model to /p/scratch/deepacf/kiste/patakchiyousefi1//HPT_intensity/mse_64_0.01_1e-14_0.5_2_8_8_0.1_64.h5
2696/2696 - 147s - loss: 0.0731 - mse: 0.7629 - val_loss: 0.0798 - val_mse: 0.7963 - lr: 6.2500e-04 - 147s/epoch - 55ms/step
Epoch 21/64

Epoch 21: val_loss did not improve from 0.07979
2696/2696 - 147s - loss: 0.0730 - mse: 0.7626 - val_loss: 0.0810 - val_mse: 0.8079 - lr: 6.2500e-04 - 147s/epoch - 54ms/step
Epoch 22/64

Epoch 22: val_loss did not improve from 0.07979
2696/2696 - 146s - loss: 0.0729 - mse: 0.7617 - val_loss: 0.0798 - val_mse: 0.7967 - lr: 6.2500e-04 - 146s/epoch - 54ms/step
Epoch 23/64

Epoch 23: val_loss did not improve from 0.07979
2696/2696 - 147s - loss: 0.0725 - mse: 0.7570 - val_loss: 0.0801 - val_mse: 0.7998 - lr: 3.1250e-04 - 147s/epoch - 54ms/step
Epoch 24/64

Epoch 24: val_loss did not improve from 0.07979
2696/2696 - 147s - loss: 0.0727 - mse: 0.7592 - val_loss: 0.0805 - val_mse: 0.8035 - lr: 3.1250e-04 - 147s/epoch - 54ms/step
Epoch 25/64

Epoch 25: val_loss did not improve from 0.07979
2696/2696 - 147s - loss: 0.0725 - mse: 0.7567 - val_loss: 0.0805 - val_mse: 0.8035 - lr: 1.5625e-04 - 147s/epoch - 54ms/step
Epoch 26/64

Epoch 26: val_loss did not improve from 0.07979
2696/2696 - 146s - loss: 0.0724 - mse: 0.7562 - val_loss: 0.0807 - val_mse: 0.8049 - lr: 1.5625e-04 - 146s/epoch - 54ms/step
Epoch 27/64

Epoch 27: val_loss did not improve from 0.07979
2696/2696 - 146s - loss: 0.0724 - mse: 0.7555 - val_loss: 0.0803 - val_mse: 0.8016 - lr: 7.8125e-05 - 146s/epoch - 54ms/step
Epoch 28/64

Epoch 28: val_loss did not improve from 0.07979
2696/2696 - 147s - loss: 0.0725 - mse: 0.7568 - val_loss: 0.0805 - val_mse: 0.8029 - lr: 7.8125e-05 - 147s/epoch - 54ms/step
Saving and plotting the results...
