train_data_hourly_pr_['HRES']_['HSAF']_MM_6__spatiotemporal_128.256_2020-07-01T13_2023-03-26T23_no_na_intensity
Data is available already
Loading training data...
mse_16_0.0001_1e-14_0.5_2_2_8_0.1_64
Training the model...
Epoch 1/64

Epoch 1: val_loss improved from inf to 0.08595, saving model to /p/scratch/deepacf/kiste/patakchiyousefi1//HPT_intensity/mse_16_0.0001_1e-14_0.5_2_2_8_0.1_64.h5
10781/10781 - 174s - loss: 0.0832 - mse: 0.8691 - val_loss: 0.0859 - val_mse: 0.8578 - lr: 1.0000e-04 - 174s/epoch - 16ms/step
Epoch 2/64

Epoch 2: val_loss improved from 0.08595 to 0.08521, saving model to /p/scratch/deepacf/kiste/patakchiyousefi1//HPT_intensity/mse_16_0.0001_1e-14_0.5_2_2_8_0.1_64.h5
10781/10781 - 156s - loss: 0.0797 - mse: 0.8323 - val_loss: 0.0852 - val_mse: 0.8504 - lr: 1.0000e-04 - 156s/epoch - 14ms/step
Epoch 3/64

Epoch 3: val_loss did not improve from 0.08521
10781/10781 - 155s - loss: 0.0785 - mse: 0.8196 - val_loss: 0.0853 - val_mse: 0.8516 - lr: 1.0000e-04 - 155s/epoch - 14ms/step
Epoch 4/64

Epoch 4: val_loss improved from 0.08521 to 0.08280, saving model to /p/scratch/deepacf/kiste/patakchiyousefi1//HPT_intensity/mse_16_0.0001_1e-14_0.5_2_2_8_0.1_64.h5
10781/10781 - 156s - loss: 0.0777 - mse: 0.8109 - val_loss: 0.0828 - val_mse: 0.8263 - lr: 1.0000e-04 - 156s/epoch - 14ms/step
Epoch 5/64

Epoch 5: val_loss did not improve from 0.08280
10781/10781 - 156s - loss: 0.0769 - mse: 0.8028 - val_loss: 0.0844 - val_mse: 0.8419 - lr: 1.0000e-04 - 156s/epoch - 14ms/step
Epoch 6/64

Epoch 6: val_loss did not improve from 0.08280
10781/10781 - 156s - loss: 0.0758 - mse: 0.7911 - val_loss: 0.0865 - val_mse: 0.8631 - lr: 1.0000e-04 - 156s/epoch - 14ms/step
Epoch 7/64

Epoch 7: val_loss improved from 0.08280 to 0.08265, saving model to /p/scratch/deepacf/kiste/patakchiyousefi1//HPT_intensity/mse_16_0.0001_1e-14_0.5_2_2_8_0.1_64.h5
10781/10781 - 151s - loss: 0.0729 - mse: 0.7612 - val_loss: 0.0827 - val_mse: 0.8248 - lr: 5.0000e-05 - 151s/epoch - 14ms/step
Epoch 8/64

Epoch 8: val_loss did not improve from 0.08265
10781/10781 - 153s - loss: 0.0717 - mse: 0.7487 - val_loss: 0.1437 - val_mse: 1.4337 - lr: 5.0000e-05 - 153s/epoch - 14ms/step
Epoch 9/64

Epoch 9: val_loss did not improve from 0.08265
10781/10781 - 155s - loss: 0.0703 - mse: 0.7339 - val_loss: 0.0837 - val_mse: 0.8354 - lr: 5.0000e-05 - 155s/epoch - 14ms/step
Epoch 10/64

Epoch 10: val_loss did not improve from 0.08265
10781/10781 - 153s - loss: 0.0677 - mse: 0.7067 - val_loss: 0.0853 - val_mse: 0.8516 - lr: 2.5000e-05 - 153s/epoch - 14ms/step
Epoch 11/64

Epoch 11: val_loss improved from 0.08265 to 0.08170, saving model to /p/scratch/deepacf/kiste/patakchiyousefi1//HPT_intensity/mse_16_0.0001_1e-14_0.5_2_2_8_0.1_64.h5
10781/10781 - 154s - loss: 0.0666 - mse: 0.6959 - val_loss: 0.0817 - val_mse: 0.8153 - lr: 2.5000e-05 - 154s/epoch - 14ms/step
Epoch 12/64

Epoch 12: val_loss did not improve from 0.08170
10781/10781 - 156s - loss: 0.0660 - mse: 0.6895 - val_loss: 0.0853 - val_mse: 0.8517 - lr: 2.5000e-05 - 156s/epoch - 14ms/step
Epoch 13/64

Epoch 13: val_loss did not improve from 0.08170
10781/10781 - 154s - loss: 0.0653 - mse: 0.6821 - val_loss: 0.0822 - val_mse: 0.8199 - lr: 2.5000e-05 - 154s/epoch - 14ms/step
Epoch 14/64

Epoch 14: val_loss did not improve from 0.08170
10781/10781 - 157s - loss: 0.0638 - mse: 0.6662 - val_loss: 0.0846 - val_mse: 0.8448 - lr: 1.2500e-05 - 157s/epoch - 15ms/step
Epoch 15/64

Epoch 15: val_loss did not improve from 0.08170
10781/10781 - 156s - loss: 0.0634 - mse: 0.6624 - val_loss: 0.0821 - val_mse: 0.8192 - lr: 1.2500e-05 - 156s/epoch - 15ms/step
Epoch 16/64

Epoch 16: val_loss did not improve from 0.08170
10781/10781 - 155s - loss: 0.0626 - mse: 0.6538 - val_loss: 0.0833 - val_mse: 0.8310 - lr: 6.2500e-06 - 155s/epoch - 14ms/step
Epoch 17/64

Epoch 17: val_loss did not improve from 0.08170
10781/10781 - 156s - loss: 0.0625 - mse: 0.6523 - val_loss: 0.0847 - val_mse: 0.8453 - lr: 6.2500e-06 - 156s/epoch - 14ms/step
Epoch 18/64

Epoch 18: val_loss did not improve from 0.08170
10781/10781 - 155s - loss: 0.0621 - mse: 0.6481 - val_loss: 0.0828 - val_mse: 0.8267 - lr: 3.1250e-06 - 155s/epoch - 14ms/step
Epoch 19/64

Epoch 19: val_loss did not improve from 0.08170
10781/10781 - 155s - loss: 0.0620 - mse: 0.6469 - val_loss: 0.0832 - val_mse: 0.8302 - lr: 3.1250e-06 - 155s/epoch - 14ms/step
Saving and plotting the results...
