train_data_hourly_pr_['HRES']_['HSAF']_MM_6__spatiotemporal_128.256_2020-07-01T13_2023-03-26T23_no_na_intensity
Data is available already
Loading training data...
mse_64_0.0001_1e-14_0.5_2_16_8_0.1_64
Training the model...
Epoch 1/64

Epoch 1: val_loss improved from inf to 0.08231, saving model to /p/scratch/deepacf/kiste/patakchiyousefi1//HPT_intensity/mse_64_0.0001_1e-14_0.5_2_16_8_0.1_64.h5
1348/1348 - 154s - loss: 0.0793 - mse: 0.8277 - val_loss: 0.0823 - val_mse: 0.8214 - lr: 1.0000e-04 - 154s/epoch - 114ms/step
Epoch 2/64

Epoch 2: val_loss improved from 0.08231 to 0.08158, saving model to /p/scratch/deepacf/kiste/patakchiyousefi1//HPT_intensity/mse_64_0.0001_1e-14_0.5_2_16_8_0.1_64.h5
1348/1348 - 127s - loss: 0.0748 - mse: 0.7811 - val_loss: 0.0816 - val_mse: 0.8141 - lr: 1.0000e-04 - 127s/epoch - 94ms/step
Epoch 3/64

Epoch 3: val_loss did not improve from 0.08158
1348/1348 - 127s - loss: 0.0738 - mse: 0.7708 - val_loss: 0.0846 - val_mse: 0.8446 - lr: 1.0000e-04 - 127s/epoch - 94ms/step
Epoch 4/64

Epoch 4: val_loss did not improve from 0.08158
1348/1348 - 127s - loss: 0.0732 - mse: 0.7649 - val_loss: 0.0858 - val_mse: 0.8562 - lr: 1.0000e-04 - 127s/epoch - 94ms/step
Epoch 5/64

Epoch 5: val_loss did not improve from 0.08158
1348/1348 - 127s - loss: 0.0717 - mse: 0.7484 - val_loss: 0.0839 - val_mse: 0.8374 - lr: 5.0000e-05 - 127s/epoch - 94ms/step
Epoch 6/64

Epoch 6: val_loss improved from 0.08158 to 0.07994, saving model to /p/scratch/deepacf/kiste/patakchiyousefi1//HPT_intensity/mse_64_0.0001_1e-14_0.5_2_16_8_0.1_64.h5
1348/1348 - 127s - loss: 0.0706 - mse: 0.7377 - val_loss: 0.0799 - val_mse: 0.7978 - lr: 5.0000e-05 - 127s/epoch - 94ms/step
Epoch 7/64

Epoch 7: val_loss did not improve from 0.07994
1348/1348 - 126s - loss: 0.0698 - mse: 0.7284 - val_loss: 0.0826 - val_mse: 0.8242 - lr: 5.0000e-05 - 126s/epoch - 94ms/step
Epoch 8/64

Epoch 8: val_loss did not improve from 0.07994
1348/1348 - 126s - loss: 0.0687 - mse: 0.7171 - val_loss: 0.0860 - val_mse: 0.8581 - lr: 5.0000e-05 - 126s/epoch - 94ms/step
Epoch 9/64

Epoch 9: val_loss did not improve from 0.07994
1348/1348 - 127s - loss: 0.0646 - mse: 0.6744 - val_loss: 0.0838 - val_mse: 0.8363 - lr: 2.5000e-05 - 127s/epoch - 94ms/step
Epoch 10/64

Epoch 10: val_loss did not improve from 0.07994
1348/1348 - 126s - loss: 0.0627 - mse: 0.6550 - val_loss: 0.0857 - val_mse: 0.8556 - lr: 2.5000e-05 - 126s/epoch - 94ms/step
Epoch 11/64

Epoch 11: val_loss did not improve from 0.07994
1348/1348 - 126s - loss: 0.0603 - mse: 0.6298 - val_loss: 0.0858 - val_mse: 0.8567 - lr: 1.2500e-05 - 126s/epoch - 94ms/step
Epoch 12/64

Epoch 12: val_loss did not improve from 0.07994
1348/1348 - 126s - loss: 0.0591 - mse: 0.6175 - val_loss: 0.0854 - val_mse: 0.8528 - lr: 1.2500e-05 - 126s/epoch - 94ms/step
Epoch 13/64

Epoch 13: val_loss did not improve from 0.07994
1348/1348 - 126s - loss: 0.0578 - mse: 0.6037 - val_loss: 0.0858 - val_mse: 0.8564 - lr: 6.2500e-06 - 126s/epoch - 94ms/step
Epoch 14/64

Epoch 14: val_loss did not improve from 0.07994
1348/1348 - 127s - loss: 0.0572 - mse: 0.5971 - val_loss: 0.0846 - val_mse: 0.8439 - lr: 6.2500e-06 - 127s/epoch - 94ms/step
Saving and plotting the results...
