train_data_hourly_pr_['HRES']_['HSAF']_MM_6__spatiotemporal_128.256_2020-07-01T13_2023-03-26T23_no_na_intensity
Data is available already
Loading training data...
mse_32_0.001_1e-14_0.5_2_4_8_0.1_64
Training the model...
Epoch 1/64

Epoch 1: val_loss improved from inf to 0.08455, saving model to /p/scratch/deepacf/kiste/patakchiyousefi1//HPT_intensity/mse_32_0.001_1e-14_0.5_2_4_8_0.1_64.h5
5391/5391 - 124s - loss: 0.0815 - mse: 0.8512 - val_loss: 0.0846 - val_mse: 0.8438 - lr: 0.0010 - 124s/epoch - 23ms/step
Epoch 2/64

Epoch 2: val_loss improved from 0.08455 to 0.08451, saving model to /p/scratch/deepacf/kiste/patakchiyousefi1//HPT_intensity/mse_32_0.001_1e-14_0.5_2_4_8_0.1_64.h5
5391/5391 - 105s - loss: 0.0787 - mse: 0.8223 - val_loss: 0.0845 - val_mse: 0.8434 - lr: 0.0010 - 105s/epoch - 19ms/step
Epoch 3/64

Epoch 3: val_loss improved from 0.08451 to 0.08150, saving model to /p/scratch/deepacf/kiste/patakchiyousefi1//HPT_intensity/mse_32_0.001_1e-14_0.5_2_4_8_0.1_64.h5
5391/5391 - 99s - loss: 0.0780 - mse: 0.8140 - val_loss: 0.0815 - val_mse: 0.8133 - lr: 0.0010 - 99s/epoch - 18ms/step
Epoch 4/64

Epoch 4: val_loss did not improve from 0.08150
5391/5391 - 95s - loss: 0.0772 - mse: 0.8062 - val_loss: 0.0816 - val_mse: 0.8144 - lr: 0.0010 - 95s/epoch - 18ms/step
Epoch 5/64

Epoch 5: val_loss did not improve from 0.08150
5391/5391 - 96s - loss: 0.0766 - mse: 0.8004 - val_loss: 0.0824 - val_mse: 0.8223 - lr: 0.0010 - 96s/epoch - 18ms/step
Epoch 6/64

Epoch 6: val_loss improved from 0.08150 to 0.08070, saving model to /p/scratch/deepacf/kiste/patakchiyousefi1//HPT_intensity/mse_32_0.001_1e-14_0.5_2_4_8_0.1_64.h5
5391/5391 - 95s - loss: 0.0754 - mse: 0.7878 - val_loss: 0.0807 - val_mse: 0.8054 - lr: 5.0000e-04 - 95s/epoch - 18ms/step
Epoch 7/64

Epoch 7: val_loss improved from 0.08070 to 0.07961, saving model to /p/scratch/deepacf/kiste/patakchiyousefi1//HPT_intensity/mse_32_0.001_1e-14_0.5_2_4_8_0.1_64.h5
5391/5391 - 100s - loss: 0.0750 - mse: 0.7836 - val_loss: 0.0796 - val_mse: 0.7945 - lr: 5.0000e-04 - 100s/epoch - 18ms/step
Epoch 8/64

Epoch 8: val_loss did not improve from 0.07961
5391/5391 - 102s - loss: 0.0746 - mse: 0.7791 - val_loss: 0.0845 - val_mse: 0.8432 - lr: 5.0000e-04 - 102s/epoch - 19ms/step
Epoch 9/64

Epoch 9: val_loss did not improve from 0.07961
5391/5391 - 100s - loss: 0.0743 - mse: 0.7761 - val_loss: 0.0905 - val_mse: 0.9034 - lr: 5.0000e-04 - 100s/epoch - 18ms/step
Epoch 10/64

Epoch 10: val_loss did not improve from 0.07961
5391/5391 - 96s - loss: 0.0730 - mse: 0.7628 - val_loss: 0.0821 - val_mse: 0.8196 - lr: 2.5000e-04 - 96s/epoch - 18ms/step
Epoch 11/64

Epoch 11: val_loss did not improve from 0.07961
5391/5391 - 96s - loss: 0.0724 - mse: 0.7559 - val_loss: 0.0829 - val_mse: 0.8273 - lr: 2.5000e-04 - 96s/epoch - 18ms/step
Epoch 12/64

Epoch 12: val_loss did not improve from 0.07961
5391/5391 - 103s - loss: 0.0716 - mse: 0.7472 - val_loss: 0.0833 - val_mse: 0.8318 - lr: 1.2500e-04 - 103s/epoch - 19ms/step
Epoch 13/64

Epoch 13: val_loss did not improve from 0.07961
5391/5391 - 108s - loss: 0.0708 - mse: 0.7390 - val_loss: 0.0821 - val_mse: 0.8198 - lr: 1.2500e-04 - 108s/epoch - 20ms/step
Epoch 14/64

Epoch 14: val_loss did not improve from 0.07961
5391/5391 - 107s - loss: 0.0700 - mse: 0.7305 - val_loss: 0.0859 - val_mse: 0.8570 - lr: 6.2500e-05 - 107s/epoch - 20ms/step
Epoch 15/64

Epoch 15: val_loss did not improve from 0.07961
5391/5391 - 109s - loss: 0.0697 - mse: 0.7279 - val_loss: 0.0817 - val_mse: 0.8153 - lr: 6.2500e-05 - 109s/epoch - 20ms/step
Saving and plotting the results...
