train_data_hourly_pr_['HRES']_['HSAF']_MM_6__spatiotemporal_128.256_2020-07-01T13_2023-03-26T23_no_na_intensity
Data is available already
Loading training data...
mse_64_0.01_1e-14_0.5_2_16_8_0.1_64
Training the model...
Epoch 1/64

Epoch 1: val_loss improved from inf to 0.08985, saving model to /p/scratch/deepacf/kiste/patakchiyousefi1//HPT_intensity/mse_64_0.01_1e-14_0.5_2_16_8_0.1_64.h5
1348/1348 - 156s - loss: 0.1041 - mse: 1.0874 - val_loss: 0.0899 - val_mse: 0.8967 - lr: 0.0100 - 156s/epoch - 115ms/step
Epoch 2/64

Epoch 2: val_loss improved from 0.08985 to 0.08466, saving model to /p/scratch/deepacf/kiste/patakchiyousefi1//HPT_intensity/mse_64_0.01_1e-14_0.5_2_16_8_0.1_64.h5
1348/1348 - 128s - loss: 0.0799 - mse: 0.8339 - val_loss: 0.0847 - val_mse: 0.8449 - lr: 0.0100 - 128s/epoch - 95ms/step
Epoch 3/64

Epoch 3: val_loss improved from 0.08466 to 0.08323, saving model to /p/scratch/deepacf/kiste/patakchiyousefi1//HPT_intensity/mse_64_0.01_1e-14_0.5_2_16_8_0.1_64.h5
1348/1348 - 131s - loss: 0.0777 - mse: 0.8112 - val_loss: 0.0832 - val_mse: 0.8306 - lr: 0.0100 - 131s/epoch - 97ms/step
Epoch 4/64

Epoch 4: val_loss improved from 0.08323 to 0.08107, saving model to /p/scratch/deepacf/kiste/patakchiyousefi1//HPT_intensity/mse_64_0.01_1e-14_0.5_2_16_8_0.1_64.h5
1348/1348 - 128s - loss: 0.0766 - mse: 0.8000 - val_loss: 0.0811 - val_mse: 0.8090 - lr: 0.0100 - 128s/epoch - 95ms/step
Epoch 5/64

Epoch 5: val_loss did not improve from 0.08107
1348/1348 - 127s - loss: 0.0763 - mse: 0.7967 - val_loss: 0.0844 - val_mse: 0.8421 - lr: 0.0100 - 127s/epoch - 94ms/step
Epoch 6/64

Epoch 6: val_loss did not improve from 0.08107
1348/1348 - 127s - loss: 0.0762 - mse: 0.7952 - val_loss: 0.0823 - val_mse: 0.8214 - lr: 0.0100 - 127s/epoch - 95ms/step
Epoch 7/64

Epoch 7: val_loss did not improve from 0.08107
1348/1348 - 127s - loss: 0.0764 - mse: 0.7975 - val_loss: 0.0844 - val_mse: 0.8424 - lr: 0.0050 - 127s/epoch - 95ms/step
Epoch 8/64

Epoch 8: val_loss did not improve from 0.08107
1348/1348 - 128s - loss: 0.0758 - mse: 0.7912 - val_loss: 0.0816 - val_mse: 0.8139 - lr: 0.0050 - 128s/epoch - 95ms/step
Epoch 9/64

Epoch 9: val_loss did not improve from 0.08107
1348/1348 - 127s - loss: 0.0752 - mse: 0.7850 - val_loss: 0.0829 - val_mse: 0.8274 - lr: 0.0025 - 127s/epoch - 94ms/step
Epoch 10/64

Epoch 10: val_loss improved from 0.08107 to 0.07983, saving model to /p/scratch/deepacf/kiste/patakchiyousefi1//HPT_intensity/mse_64_0.01_1e-14_0.5_2_16_8_0.1_64.h5
1348/1348 - 128s - loss: 0.0745 - mse: 0.7776 - val_loss: 0.0798 - val_mse: 0.7967 - lr: 0.0025 - 128s/epoch - 95ms/step
Epoch 11/64

Epoch 11: val_loss did not improve from 0.07983
1348/1348 - 127s - loss: 0.0742 - mse: 0.7746 - val_loss: 0.0824 - val_mse: 0.8219 - lr: 0.0025 - 127s/epoch - 94ms/step
Epoch 12/64

Epoch 12: val_loss did not improve from 0.07983
1348/1348 - 127s - loss: 0.0741 - mse: 0.7743 - val_loss: 0.0802 - val_mse: 0.7999 - lr: 0.0025 - 127s/epoch - 94ms/step
Epoch 13/64

Epoch 13: val_loss did not improve from 0.07983
1348/1348 - 127s - loss: 0.0735 - mse: 0.7671 - val_loss: 0.0799 - val_mse: 0.7972 - lr: 0.0012 - 127s/epoch - 94ms/step
Epoch 14/64

Epoch 14: val_loss did not improve from 0.07983
1348/1348 - 127s - loss: 0.0734 - mse: 0.7665 - val_loss: 0.0810 - val_mse: 0.8083 - lr: 0.0012 - 127s/epoch - 94ms/step
Epoch 15/64

Epoch 15: val_loss improved from 0.07983 to 0.07965, saving model to /p/scratch/deepacf/kiste/patakchiyousefi1//HPT_intensity/mse_64_0.01_1e-14_0.5_2_16_8_0.1_64.h5
1348/1348 - 127s - loss: 0.0734 - mse: 0.7668 - val_loss: 0.0796 - val_mse: 0.7949 - lr: 6.2500e-04 - 127s/epoch - 94ms/step
Epoch 16/64

Epoch 16: val_loss did not improve from 0.07965
1348/1348 - 127s - loss: 0.0731 - mse: 0.7638 - val_loss: 0.0802 - val_mse: 0.8008 - lr: 6.2500e-04 - 127s/epoch - 94ms/step
Epoch 17/64

Epoch 17: val_loss improved from 0.07965 to 0.07915, saving model to /p/scratch/deepacf/kiste/patakchiyousefi1//HPT_intensity/mse_64_0.01_1e-14_0.5_2_16_8_0.1_64.h5
1348/1348 - 127s - loss: 0.0730 - mse: 0.7625 - val_loss: 0.0792 - val_mse: 0.7899 - lr: 6.2500e-04 - 127s/epoch - 94ms/step
Epoch 18/64

Epoch 18: val_loss improved from 0.07915 to 0.07908, saving model to /p/scratch/deepacf/kiste/patakchiyousefi1//HPT_intensity/mse_64_0.01_1e-14_0.5_2_16_8_0.1_64.h5
1348/1348 - 138s - loss: 0.0729 - mse: 0.7617 - val_loss: 0.0791 - val_mse: 0.7892 - lr: 6.2500e-04 - 138s/epoch - 102ms/step
Epoch 19/64

Epoch 19: val_loss did not improve from 0.07908
1348/1348 - 127s - loss: 0.0728 - mse: 0.7603 - val_loss: 0.0796 - val_mse: 0.7939 - lr: 6.2500e-04 - 127s/epoch - 94ms/step
Epoch 20/64

Epoch 20: val_loss did not improve from 0.07908
1348/1348 - 127s - loss: 0.0728 - mse: 0.7605 - val_loss: 0.0791 - val_mse: 0.7893 - lr: 6.2500e-04 - 127s/epoch - 94ms/step
Epoch 21/64

Epoch 21: val_loss improved from 0.07908 to 0.07904, saving model to /p/scratch/deepacf/kiste/patakchiyousefi1//HPT_intensity/mse_64_0.01_1e-14_0.5_2_16_8_0.1_64.h5
1348/1348 - 127s - loss: 0.0726 - mse: 0.7582 - val_loss: 0.0790 - val_mse: 0.7888 - lr: 3.1250e-04 - 127s/epoch - 94ms/step
Epoch 22/64

Epoch 22: val_loss improved from 0.07904 to 0.07884, saving model to /p/scratch/deepacf/kiste/patakchiyousefi1//HPT_intensity/mse_64_0.01_1e-14_0.5_2_16_8_0.1_64.h5
1348/1348 - 127s - loss: 0.0726 - mse: 0.7577 - val_loss: 0.0788 - val_mse: 0.7868 - lr: 3.1250e-04 - 127s/epoch - 94ms/step
Epoch 23/64

Epoch 23: val_loss improved from 0.07884 to 0.07852, saving model to /p/scratch/deepacf/kiste/patakchiyousefi1//HPT_intensity/mse_64_0.01_1e-14_0.5_2_16_8_0.1_64.h5
1348/1348 - 127s - loss: 0.0724 - mse: 0.7557 - val_loss: 0.0785 - val_mse: 0.7836 - lr: 3.1250e-04 - 127s/epoch - 94ms/step
Epoch 24/64

Epoch 24: val_loss did not improve from 0.07852
1348/1348 - 127s - loss: 0.0723 - mse: 0.7554 - val_loss: 0.0790 - val_mse: 0.7881 - lr: 3.1250e-04 - 127s/epoch - 94ms/step
Epoch 25/64

Epoch 25: val_loss did not improve from 0.07852
1348/1348 - 127s - loss: 0.0722 - mse: 0.7541 - val_loss: 0.0791 - val_mse: 0.7893 - lr: 3.1250e-04 - 127s/epoch - 94ms/step
Epoch 26/64

Epoch 26: val_loss did not improve from 0.07852
1348/1348 - 127s - loss: 0.0720 - mse: 0.7520 - val_loss: 0.0788 - val_mse: 0.7864 - lr: 1.5625e-04 - 127s/epoch - 94ms/step
Epoch 27/64

Epoch 27: val_loss did not improve from 0.07852
1348/1348 - 127s - loss: 0.0721 - mse: 0.7534 - val_loss: 0.0786 - val_mse: 0.7844 - lr: 1.5625e-04 - 127s/epoch - 94ms/step
Epoch 28/64

Epoch 28: val_loss did not improve from 0.07852
1348/1348 - 127s - loss: 0.0721 - mse: 0.7526 - val_loss: 0.0787 - val_mse: 0.7853 - lr: 7.8125e-05 - 127s/epoch - 94ms/step
Epoch 29/64

Epoch 29: val_loss improved from 0.07852 to 0.07851, saving model to /p/scratch/deepacf/kiste/patakchiyousefi1//HPT_intensity/mse_64_0.01_1e-14_0.5_2_16_8_0.1_64.h5
1348/1348 - 127s - loss: 0.0720 - mse: 0.7515 - val_loss: 0.0785 - val_mse: 0.7835 - lr: 7.8125e-05 - 127s/epoch - 94ms/step
Epoch 30/64

Epoch 30: val_loss did not improve from 0.07851
1348/1348 - 127s - loss: 0.0719 - mse: 0.7510 - val_loss: 0.0787 - val_mse: 0.7857 - lr: 7.8125e-05 - 127s/epoch - 94ms/step
Epoch 31/64

Epoch 31: val_loss did not improve from 0.07851
1348/1348 - 126s - loss: 0.0719 - mse: 0.7507 - val_loss: 0.0789 - val_mse: 0.7875 - lr: 7.8125e-05 - 126s/epoch - 94ms/step
Epoch 32/64

Epoch 32: val_loss did not improve from 0.07851
1348/1348 - 126s - loss: 0.0719 - mse: 0.7508 - val_loss: 0.0788 - val_mse: 0.7864 - lr: 3.9062e-05 - 126s/epoch - 94ms/step
Epoch 33/64

Epoch 33: val_loss did not improve from 0.07851
1348/1348 - 126s - loss: 0.0719 - mse: 0.7509 - val_loss: 0.0786 - val_mse: 0.7842 - lr: 3.9062e-05 - 126s/epoch - 94ms/step
Epoch 34/64

Epoch 34: val_loss did not improve from 0.07851
1348/1348 - 126s - loss: 0.0718 - mse: 0.7496 - val_loss: 0.0787 - val_mse: 0.7858 - lr: 1.9531e-05 - 126s/epoch - 93ms/step
Epoch 35/64

Epoch 35: val_loss did not improve from 0.07851
1348/1348 - 126s - loss: 0.0717 - mse: 0.7489 - val_loss: 0.0786 - val_mse: 0.7847 - lr: 1.9531e-05 - 126s/epoch - 94ms/step
Epoch 36/64

Epoch 36: val_loss did not improve from 0.07851
1348/1348 - 126s - loss: 0.0717 - mse: 0.7486 - val_loss: 0.0787 - val_mse: 0.7854 - lr: 9.7656e-06 - 126s/epoch - 94ms/step
Epoch 37/64

Epoch 37: val_loss did not improve from 0.07851
1348/1348 - 126s - loss: 0.0718 - mse: 0.7497 - val_loss: 0.0787 - val_mse: 0.7853 - lr: 9.7656e-06 - 126s/epoch - 94ms/step
Saving and plotting the results...
