train_data_hourly_pr_['HRES']_['HSAF']_MM_6__spatiotemporal_128.256_2020-07-01T13_2023-03-26T23_no_na_intensity
Data is available already
Loading training data...
mse_16_0.01_1e-14_0.5_2_4_8_0.1_64
Training the model...
Epoch 1/64

Epoch 1: val_loss improved from inf to 0.10145, saving model to /p/scratch/deepacf/kiste/patakchiyousefi1//HPT_intensity/mse_16_0.01_1e-14_0.5_2_4_8_0.1_64.h5
5391/5391 - 113s - loss: 0.0827 - mse: 0.8635 - val_loss: 0.1015 - val_mse: 1.0125 - lr: 0.0100 - 113s/epoch - 21ms/step
Epoch 2/64

Epoch 2: val_loss improved from 0.10145 to 0.08757, saving model to /p/scratch/deepacf/kiste/patakchiyousefi1//HPT_intensity/mse_16_0.01_1e-14_0.5_2_4_8_0.1_64.h5
5391/5391 - 94s - loss: 0.0798 - mse: 0.8331 - val_loss: 0.0876 - val_mse: 0.8739 - lr: 0.0100 - 94s/epoch - 17ms/step
Epoch 3/64

Epoch 3: val_loss improved from 0.08757 to 0.08575, saving model to /p/scratch/deepacf/kiste/patakchiyousefi1//HPT_intensity/mse_16_0.01_1e-14_0.5_2_4_8_0.1_64.h5
5391/5391 - 93s - loss: 0.0794 - mse: 0.8288 - val_loss: 0.0857 - val_mse: 0.8558 - lr: 0.0100 - 93s/epoch - 17ms/step
Epoch 4/64

Epoch 4: val_loss improved from 0.08575 to 0.08429, saving model to /p/scratch/deepacf/kiste/patakchiyousefi1//HPT_intensity/mse_16_0.01_1e-14_0.5_2_4_8_0.1_64.h5
5391/5391 - 91s - loss: 0.0786 - mse: 0.8210 - val_loss: 0.0843 - val_mse: 0.8412 - lr: 0.0100 - 91s/epoch - 17ms/step
Epoch 5/64

Epoch 5: val_loss did not improve from 0.08429
5391/5391 - 98s - loss: 0.0785 - mse: 0.8193 - val_loss: 0.0859 - val_mse: 0.8568 - lr: 0.0100 - 98s/epoch - 18ms/step
Epoch 6/64

Epoch 6: val_loss improved from 0.08429 to 0.08402, saving model to /p/scratch/deepacf/kiste/patakchiyousefi1//HPT_intensity/mse_16_0.01_1e-14_0.5_2_4_8_0.1_64.h5
5391/5391 - 100s - loss: 0.0781 - mse: 0.8158 - val_loss: 0.0840 - val_mse: 0.8385 - lr: 0.0100 - 100s/epoch - 19ms/step
Epoch 7/64

Epoch 7: val_loss improved from 0.08402 to 0.08345, saving model to /p/scratch/deepacf/kiste/patakchiyousefi1//HPT_intensity/mse_16_0.01_1e-14_0.5_2_4_8_0.1_64.h5
5391/5391 - 103s - loss: 0.0776 - mse: 0.8102 - val_loss: 0.0835 - val_mse: 0.8328 - lr: 0.0100 - 103s/epoch - 19ms/step
Epoch 8/64

Epoch 8: val_loss did not improve from 0.08345
5391/5391 - 101s - loss: 0.0772 - mse: 0.8059 - val_loss: 0.0860 - val_mse: 0.8586 - lr: 0.0100 - 101s/epoch - 19ms/step
Epoch 9/64

Epoch 9: val_loss did not improve from 0.08345
5391/5391 - 101s - loss: 0.0773 - mse: 0.8068 - val_loss: 0.0838 - val_mse: 0.8365 - lr: 0.0100 - 101s/epoch - 19ms/step
Epoch 10/64

Epoch 10: val_loss improved from 0.08345 to 0.08305, saving model to /p/scratch/deepacf/kiste/patakchiyousefi1//HPT_intensity/mse_16_0.01_1e-14_0.5_2_4_8_0.1_64.h5
5391/5391 - 103s - loss: 0.0758 - mse: 0.7918 - val_loss: 0.0831 - val_mse: 0.8289 - lr: 0.0050 - 103s/epoch - 19ms/step
Epoch 11/64

Epoch 11: val_loss improved from 0.08305 to 0.08284, saving model to /p/scratch/deepacf/kiste/patakchiyousefi1//HPT_intensity/mse_16_0.01_1e-14_0.5_2_4_8_0.1_64.h5
5391/5391 - 100s - loss: 0.0753 - mse: 0.7866 - val_loss: 0.0828 - val_mse: 0.8267 - lr: 0.0050 - 100s/epoch - 19ms/step
Epoch 12/64

Epoch 12: val_loss did not improve from 0.08284
5391/5391 - 99s - loss: 0.0755 - mse: 0.7882 - val_loss: 0.0838 - val_mse: 0.8367 - lr: 0.0050 - 99s/epoch - 18ms/step
Epoch 13/64

Epoch 13: val_loss improved from 0.08284 to 0.08109, saving model to /p/scratch/deepacf/kiste/patakchiyousefi1//HPT_intensity/mse_16_0.01_1e-14_0.5_2_4_8_0.1_64.h5
5391/5391 - 98s - loss: 0.0749 - mse: 0.7819 - val_loss: 0.0811 - val_mse: 0.8093 - lr: 0.0050 - 98s/epoch - 18ms/step
Epoch 14/64

Epoch 14: val_loss did not improve from 0.08109
5391/5391 - 98s - loss: 0.0747 - mse: 0.7797 - val_loss: 0.0847 - val_mse: 0.8452 - lr: 0.0050 - 98s/epoch - 18ms/step
Epoch 15/64

Epoch 15: val_loss improved from 0.08109 to 0.08073, saving model to /p/scratch/deepacf/kiste/patakchiyousefi1//HPT_intensity/mse_16_0.01_1e-14_0.5_2_4_8_0.1_64.h5
5391/5391 - 99s - loss: 0.0742 - mse: 0.7744 - val_loss: 0.0807 - val_mse: 0.8057 - lr: 0.0050 - 99s/epoch - 18ms/step
Epoch 16/64

Epoch 16: val_loss did not improve from 0.08073
5391/5391 - 100s - loss: 0.0741 - mse: 0.7735 - val_loss: 0.0841 - val_mse: 0.8389 - lr: 0.0050 - 100s/epoch - 19ms/step
Epoch 17/64

Epoch 17: val_loss did not improve from 0.08073
5391/5391 - 97s - loss: 0.0735 - mse: 0.7678 - val_loss: 0.0821 - val_mse: 0.8192 - lr: 0.0050 - 97s/epoch - 18ms/step
Epoch 18/64

Epoch 18: val_loss did not improve from 0.08073
5391/5391 - 96s - loss: 0.0719 - mse: 0.7506 - val_loss: 0.0810 - val_mse: 0.8083 - lr: 0.0025 - 96s/epoch - 18ms/step
Epoch 19/64

Epoch 19: val_loss did not improve from 0.08073
5391/5391 - 98s - loss: 0.0713 - mse: 0.7448 - val_loss: 0.0820 - val_mse: 0.8184 - lr: 0.0025 - 98s/epoch - 18ms/step
Epoch 20/64

Epoch 20: val_loss did not improve from 0.08073
5391/5391 - 100s - loss: 0.0703 - mse: 0.7344 - val_loss: 0.0817 - val_mse: 0.8155 - lr: 0.0012 - 100s/epoch - 18ms/step
Epoch 21/64

Epoch 21: val_loss did not improve from 0.08073
5391/5391 - 100s - loss: 0.0700 - mse: 0.7313 - val_loss: 0.0833 - val_mse: 0.8318 - lr: 0.0012 - 100s/epoch - 18ms/step
Epoch 22/64

Epoch 22: val_loss did not improve from 0.08073
5391/5391 - 99s - loss: 0.0695 - mse: 0.7253 - val_loss: 0.0823 - val_mse: 0.8216 - lr: 6.2500e-04 - 99s/epoch - 18ms/step
Epoch 23/64

Epoch 23: val_loss did not improve from 0.08073
5391/5391 - 100s - loss: 0.0691 - mse: 0.7217 - val_loss: 0.0822 - val_mse: 0.8199 - lr: 6.2500e-04 - 100s/epoch - 19ms/step
Saving and plotting the results...
