train_data_hourly_pr_['HRES']_['HSAF']_MM_6__spatiotemporal_128.256_2020-07-01T13_2023-03-26T23_no_na_intensity
Data is available already
Loading training data...
mse_16_0.0001_1e-14_0.5_2_8_8_0.1_64
Training the model...
Epoch 1/64

Epoch 1: val_loss improved from inf to 0.08446, saving model to /p/scratch/deepacf/kiste/patakchiyousefi1//HPT_intensity/mse_16_0.0001_1e-14_0.5_2_8_8_0.1_64.h5
2696/2696 - 75s - loss: 0.0834 - mse: 0.8714 - val_loss: 0.0845 - val_mse: 0.8429 - lr: 1.0000e-04 - 75s/epoch - 28ms/step
Epoch 2/64

Epoch 2: val_loss improved from 0.08446 to 0.08104, saving model to /p/scratch/deepacf/kiste/patakchiyousefi1//HPT_intensity/mse_16_0.0001_1e-14_0.5_2_8_8_0.1_64.h5
2696/2696 - 53s - loss: 0.0768 - mse: 0.8015 - val_loss: 0.0810 - val_mse: 0.8088 - lr: 1.0000e-04 - 53s/epoch - 20ms/step
Epoch 3/64

Epoch 3: val_loss did not improve from 0.08104
2696/2696 - 58s - loss: 0.0755 - mse: 0.7887 - val_loss: 0.0859 - val_mse: 0.8577 - lr: 1.0000e-04 - 58s/epoch - 21ms/step
Epoch 4/64

Epoch 4: val_loss did not improve from 0.08104
2696/2696 - 58s - loss: 0.0750 - mse: 0.7830 - val_loss: 0.0814 - val_mse: 0.8127 - lr: 1.0000e-04 - 58s/epoch - 22ms/step
Epoch 5/64

Epoch 5: val_loss did not improve from 0.08104
2696/2696 - 54s - loss: 0.0732 - mse: 0.7644 - val_loss: 0.0853 - val_mse: 0.8516 - lr: 5.0000e-05 - 54s/epoch - 20ms/step
Epoch 6/64

Epoch 6: val_loss did not improve from 0.08104
2696/2696 - 53s - loss: 0.0722 - mse: 0.7537 - val_loss: 0.0836 - val_mse: 0.8346 - lr: 5.0000e-05 - 53s/epoch - 20ms/step
Epoch 7/64

Epoch 7: val_loss did not improve from 0.08104
2696/2696 - 54s - loss: 0.0697 - mse: 0.7277 - val_loss: 0.0844 - val_mse: 0.8421 - lr: 2.5000e-05 - 54s/epoch - 20ms/step
Epoch 8/64

Epoch 8: val_loss did not improve from 0.08104
2696/2696 - 54s - loss: 0.0683 - mse: 0.7136 - val_loss: 0.0811 - val_mse: 0.8098 - lr: 2.5000e-05 - 54s/epoch - 20ms/step
Epoch 9/64

Epoch 9: val_loss did not improve from 0.08104
2696/2696 - 53s - loss: 0.0663 - mse: 0.6923 - val_loss: 0.0825 - val_mse: 0.8232 - lr: 1.2500e-05 - 53s/epoch - 20ms/step
Epoch 10/64

Epoch 10: val_loss did not improve from 0.08104
2696/2696 - 54s - loss: 0.0660 - mse: 0.6896 - val_loss: 0.0829 - val_mse: 0.8274 - lr: 1.2500e-05 - 54s/epoch - 20ms/step
Saving and plotting the results...
