train_data_hourly_pr_['HRES']_['HSAF']_MM_6__spatiotemporal_128.256_2020-07-01T13_2023-03-26T23_no_na_intensity
Data is available already
Loading training data...
mse_32_0.01_1e-14_0.5_2_8_8_0.1_64
Training the model...
Epoch 1/64

Epoch 1: val_loss improved from inf to 0.08778, saving model to /p/scratch/deepacf/kiste/patakchiyousefi1//HPT_intensity/mse_32_0.01_1e-14_0.5_2_8_8_0.1_64.h5
2696/2696 - 98s - loss: 0.0823 - mse: 0.8597 - val_loss: 0.0878 - val_mse: 0.8761 - lr: 0.0100 - 98s/epoch - 36ms/step
Epoch 2/64

Epoch 2: val_loss improved from 0.08778 to 0.08486, saving model to /p/scratch/deepacf/kiste/patakchiyousefi1//HPT_intensity/mse_32_0.01_1e-14_0.5_2_8_8_0.1_64.h5
2696/2696 - 75s - loss: 0.0778 - mse: 0.8122 - val_loss: 0.0849 - val_mse: 0.8468 - lr: 0.0100 - 75s/epoch - 28ms/step
Epoch 3/64

Epoch 3: val_loss improved from 0.08486 to 0.08375, saving model to /p/scratch/deepacf/kiste/patakchiyousefi1//HPT_intensity/mse_32_0.01_1e-14_0.5_2_8_8_0.1_64.h5
2696/2696 - 75s - loss: 0.0773 - mse: 0.8069 - val_loss: 0.0837 - val_mse: 0.8358 - lr: 0.0100 - 75s/epoch - 28ms/step
Epoch 4/64

Epoch 4: val_loss did not improve from 0.08375
2696/2696 - 75s - loss: 0.0770 - mse: 0.8036 - val_loss: 0.0871 - val_mse: 0.8696 - lr: 0.0100 - 75s/epoch - 28ms/step
Epoch 5/64

Epoch 5: val_loss improved from 0.08375 to 0.08229, saving model to /p/scratch/deepacf/kiste/patakchiyousefi1//HPT_intensity/mse_32_0.01_1e-14_0.5_2_8_8_0.1_64.h5
2696/2696 - 75s - loss: 0.0761 - mse: 0.7944 - val_loss: 0.0823 - val_mse: 0.8213 - lr: 0.0100 - 75s/epoch - 28ms/step
Epoch 6/64

Epoch 6: val_loss improved from 0.08229 to 0.08083, saving model to /p/scratch/deepacf/kiste/patakchiyousefi1//HPT_intensity/mse_32_0.01_1e-14_0.5_2_8_8_0.1_64.h5
2696/2696 - 76s - loss: 0.0757 - mse: 0.7905 - val_loss: 0.0808 - val_mse: 0.8067 - lr: 0.0100 - 76s/epoch - 28ms/step
Epoch 7/64

Epoch 7: val_loss improved from 0.08083 to 0.08031, saving model to /p/scratch/deepacf/kiste/patakchiyousefi1//HPT_intensity/mse_32_0.01_1e-14_0.5_2_8_8_0.1_64.h5
2696/2696 - 74s - loss: 0.0755 - mse: 0.7886 - val_loss: 0.0803 - val_mse: 0.8015 - lr: 0.0100 - 74s/epoch - 28ms/step
Epoch 8/64

Epoch 8: val_loss did not improve from 0.08031
2696/2696 - 74s - loss: 0.0754 - mse: 0.7870 - val_loss: 0.0805 - val_mse: 0.8032 - lr: 0.0100 - 74s/epoch - 27ms/step
Epoch 9/64

Epoch 9: val_loss improved from 0.08031 to 0.07984, saving model to /p/scratch/deepacf/kiste/patakchiyousefi1//HPT_intensity/mse_32_0.01_1e-14_0.5_2_8_8_0.1_64.h5
2696/2696 - 75s - loss: 0.0750 - mse: 0.7835 - val_loss: 0.0798 - val_mse: 0.7968 - lr: 0.0100 - 75s/epoch - 28ms/step
Epoch 10/64

Epoch 10: val_loss improved from 0.07984 to 0.07980, saving model to /p/scratch/deepacf/kiste/patakchiyousefi1//HPT_intensity/mse_32_0.01_1e-14_0.5_2_8_8_0.1_64.h5
2696/2696 - 75s - loss: 0.0744 - mse: 0.7770 - val_loss: 0.0798 - val_mse: 0.7963 - lr: 0.0100 - 75s/epoch - 28ms/step
Epoch 11/64

Epoch 11: val_loss did not improve from 0.07980
2696/2696 - 74s - loss: 0.0741 - mse: 0.7741 - val_loss: 0.0807 - val_mse: 0.8057 - lr: 0.0100 - 74s/epoch - 27ms/step
Epoch 12/64

Epoch 12: val_loss improved from 0.07980 to 0.07960, saving model to /p/scratch/deepacf/kiste/patakchiyousefi1//HPT_intensity/mse_32_0.01_1e-14_0.5_2_8_8_0.1_64.h5
2696/2696 - 74s - loss: 0.0737 - mse: 0.7696 - val_loss: 0.0796 - val_mse: 0.7944 - lr: 0.0100 - 74s/epoch - 28ms/step
Epoch 13/64

Epoch 13: val_loss did not improve from 0.07960
2696/2696 - 74s - loss: 0.0736 - mse: 0.7683 - val_loss: 0.0829 - val_mse: 0.8270 - lr: 0.0100 - 74s/epoch - 27ms/step
Epoch 14/64

Epoch 14: val_loss did not improve from 0.07960
2696/2696 - 76s - loss: 0.0734 - mse: 0.7663 - val_loss: 0.0806 - val_mse: 0.8046 - lr: 0.0100 - 76s/epoch - 28ms/step
Epoch 15/64

Epoch 15: val_loss improved from 0.07960 to 0.07875, saving model to /p/scratch/deepacf/kiste/patakchiyousefi1//HPT_intensity/mse_32_0.01_1e-14_0.5_2_8_8_0.1_64.h5
2696/2696 - 78s - loss: 0.0721 - mse: 0.7524 - val_loss: 0.0788 - val_mse: 0.7859 - lr: 0.0050 - 78s/epoch - 29ms/step
Epoch 16/64

Epoch 16: val_loss did not improve from 0.07875
2696/2696 - 77s - loss: 0.0714 - mse: 0.7453 - val_loss: 0.0793 - val_mse: 0.7915 - lr: 0.0050 - 77s/epoch - 29ms/step
Epoch 17/64

Epoch 17: val_loss improved from 0.07875 to 0.07843, saving model to /p/scratch/deepacf/kiste/patakchiyousefi1//HPT_intensity/mse_32_0.01_1e-14_0.5_2_8_8_0.1_64.h5
2696/2696 - 77s - loss: 0.0714 - mse: 0.7451 - val_loss: 0.0784 - val_mse: 0.7827 - lr: 0.0050 - 77s/epoch - 29ms/step
Epoch 18/64

Epoch 18: val_loss did not improve from 0.07843
2696/2696 - 77s - loss: 0.0706 - mse: 0.7377 - val_loss: 0.0812 - val_mse: 0.8101 - lr: 0.0050 - 77s/epoch - 28ms/step
Epoch 19/64

Epoch 19: val_loss did not improve from 0.07843
2696/2696 - 76s - loss: 0.0701 - mse: 0.7319 - val_loss: 0.0813 - val_mse: 0.8115 - lr: 0.0050 - 76s/epoch - 28ms/step
Epoch 20/64

Epoch 20: val_loss improved from 0.07843 to 0.07833, saving model to /p/scratch/deepacf/kiste/patakchiyousefi1//HPT_intensity/mse_32_0.01_1e-14_0.5_2_8_8_0.1_64.h5
2696/2696 - 77s - loss: 0.0682 - mse: 0.7124 - val_loss: 0.0783 - val_mse: 0.7817 - lr: 0.0025 - 77s/epoch - 29ms/step
Epoch 21/64

Epoch 21: val_loss did not improve from 0.07833
2696/2696 - 76s - loss: 0.0676 - mse: 0.7060 - val_loss: 0.0808 - val_mse: 0.8064 - lr: 0.0025 - 76s/epoch - 28ms/step
Epoch 22/64

Epoch 22: val_loss did not improve from 0.07833
2696/2696 - 76s - loss: 0.0672 - mse: 0.7013 - val_loss: 0.0795 - val_mse: 0.7934 - lr: 0.0025 - 76s/epoch - 28ms/step
Epoch 23/64

Epoch 23: val_loss did not improve from 0.07833
2696/2696 - 76s - loss: 0.0657 - mse: 0.6856 - val_loss: 0.0799 - val_mse: 0.7974 - lr: 0.0012 - 76s/epoch - 28ms/step
Epoch 24/64

Epoch 24: val_loss did not improve from 0.07833
2696/2696 - 76s - loss: 0.0653 - mse: 0.6815 - val_loss: 0.0790 - val_mse: 0.7884 - lr: 0.0012 - 76s/epoch - 28ms/step
Epoch 25/64

Epoch 25: val_loss did not improve from 0.07833
2696/2696 - 77s - loss: 0.0648 - mse: 0.6768 - val_loss: 0.0811 - val_mse: 0.8094 - lr: 6.2500e-04 - 77s/epoch - 29ms/step
Epoch 26/64

Epoch 26: val_loss did not improve from 0.07833
2696/2696 - 77s - loss: 0.0644 - mse: 0.6729 - val_loss: 0.0791 - val_mse: 0.7892 - lr: 6.2500e-04 - 77s/epoch - 29ms/step
Epoch 27/64

Epoch 27: val_loss did not improve from 0.07833
2696/2696 - 77s - loss: 0.0639 - mse: 0.6678 - val_loss: 0.0803 - val_mse: 0.8013 - lr: 3.1250e-04 - 77s/epoch - 29ms/step
Epoch 28/64

Epoch 28: val_loss did not improve from 0.07833
2696/2696 - 77s - loss: 0.0639 - mse: 0.6673 - val_loss: 0.0805 - val_mse: 0.8029 - lr: 3.1250e-04 - 77s/epoch - 28ms/step
Saving and plotting the results...
