train_data_hourly_pr_['HRES']_['HSAF']_MM_6__spatiotemporal_128.256_2020-07-01T13_2023-03-26T23_no_na_intensity
Data is available already
Loading training data...
mse_16_0.001_1e-14_0.5_2_8_8_0.1_64
Training the model...
Epoch 1/64

Epoch 1: val_loss improved from inf to 0.08375, saving model to /p/scratch/deepacf/kiste/patakchiyousefi1//HPT_intensity/mse_16_0.001_1e-14_0.5_2_8_8_0.1_64.h5
2696/2696 - 73s - loss: 0.0802 - mse: 0.8370 - val_loss: 0.0837 - val_mse: 0.8358 - lr: 0.0010 - 73s/epoch - 27ms/step
Epoch 2/64

Epoch 2: val_loss improved from 0.08375 to 0.08023, saving model to /p/scratch/deepacf/kiste/patakchiyousefi1//HPT_intensity/mse_16_0.001_1e-14_0.5_2_8_8_0.1_64.h5
2696/2696 - 52s - loss: 0.0770 - mse: 0.8035 - val_loss: 0.0802 - val_mse: 0.8007 - lr: 0.0010 - 52s/epoch - 19ms/step
Epoch 3/64

Epoch 3: val_loss did not improve from 0.08023
2696/2696 - 58s - loss: 0.0760 - mse: 0.7935 - val_loss: 0.0883 - val_mse: 0.8812 - lr: 0.0010 - 58s/epoch - 21ms/step
Epoch 4/64

Epoch 4: val_loss did not improve from 0.08023
2696/2696 - 57s - loss: 0.0754 - mse: 0.7872 - val_loss: 0.0828 - val_mse: 0.8260 - lr: 0.0010 - 57s/epoch - 21ms/step
Epoch 5/64

Epoch 5: val_loss did not improve from 0.08023
2696/2696 - 52s - loss: 0.0743 - mse: 0.7754 - val_loss: 0.0813 - val_mse: 0.8118 - lr: 5.0000e-04 - 52s/epoch - 19ms/step
Epoch 6/64

Epoch 6: val_loss did not improve from 0.08023
2696/2696 - 53s - loss: 0.0737 - mse: 0.7693 - val_loss: 0.0805 - val_mse: 0.8033 - lr: 5.0000e-04 - 53s/epoch - 20ms/step
Epoch 7/64

Epoch 7: val_loss improved from 0.08023 to 0.07864, saving model to /p/scratch/deepacf/kiste/patakchiyousefi1//HPT_intensity/mse_16_0.001_1e-14_0.5_2_8_8_0.1_64.h5
2696/2696 - 53s - loss: 0.0730 - mse: 0.7624 - val_loss: 0.0786 - val_mse: 0.7848 - lr: 2.5000e-04 - 53s/epoch - 20ms/step
Epoch 8/64

Epoch 8: val_loss did not improve from 0.07864
2696/2696 - 56s - loss: 0.0725 - mse: 0.7575 - val_loss: 0.0803 - val_mse: 0.8018 - lr: 2.5000e-04 - 56s/epoch - 21ms/step
Epoch 9/64

Epoch 9: val_loss did not improve from 0.07864
2696/2696 - 52s - loss: 0.0722 - mse: 0.7535 - val_loss: 0.0802 - val_mse: 0.8000 - lr: 2.5000e-04 - 52s/epoch - 19ms/step
Epoch 10/64

Epoch 10: val_loss did not improve from 0.07864
2696/2696 - 51s - loss: 0.0712 - mse: 0.7439 - val_loss: 0.0849 - val_mse: 0.8476 - lr: 1.2500e-04 - 51s/epoch - 19ms/step
Epoch 11/64

Epoch 11: val_loss did not improve from 0.07864
2696/2696 - 55s - loss: 0.0708 - mse: 0.7394 - val_loss: 0.0851 - val_mse: 0.8493 - lr: 1.2500e-04 - 55s/epoch - 20ms/step
Epoch 12/64

Epoch 12: val_loss did not improve from 0.07864
2696/2696 - 53s - loss: 0.0701 - mse: 0.7317 - val_loss: 0.0846 - val_mse: 0.8439 - lr: 6.2500e-05 - 53s/epoch - 19ms/step
Epoch 13/64

Epoch 13: val_loss did not improve from 0.07864
2696/2696 - 52s - loss: 0.0695 - mse: 0.7258 - val_loss: 0.0859 - val_mse: 0.8573 - lr: 6.2500e-05 - 52s/epoch - 19ms/step
Epoch 14/64

Epoch 14: val_loss did not improve from 0.07864
2696/2696 - 52s - loss: 0.0690 - mse: 0.7204 - val_loss: 0.0856 - val_mse: 0.8545 - lr: 3.1250e-05 - 52s/epoch - 19ms/step
Epoch 15/64

Epoch 15: val_loss did not improve from 0.07864
2696/2696 - 55s - loss: 0.0688 - mse: 0.7189 - val_loss: 0.0913 - val_mse: 0.9110 - lr: 3.1250e-05 - 55s/epoch - 20ms/step
Saving and plotting the results...
