train_data_hourly_pr_['HRES']_['HSAF']_MM_6__spatiotemporal_128.256_2020-07-01T13_2023-03-26T23_no_na_intensity
Data is available already
Loading training data...
mse_32_0.01_1e-14_0.5_2_2_8_0.1_64
Training the model...
Epoch 1/64

Epoch 1: val_loss improved from inf to 0.09531, saving model to /p/scratch/deepacf/kiste/patakchiyousefi1//HPT_intensity/mse_32_0.01_1e-14_0.5_2_2_8_0.1_64.h5
10781/10781 - 172s - loss: 0.0839 - mse: 0.8766 - val_loss: 0.0953 - val_mse: 0.9512 - lr: 0.0100 - 172s/epoch - 16ms/step
Epoch 2/64

Epoch 2: val_loss improved from 0.09531 to 0.08442, saving model to /p/scratch/deepacf/kiste/patakchiyousefi1//HPT_intensity/mse_32_0.01_1e-14_0.5_2_2_8_0.1_64.h5
10781/10781 - 163s - loss: 0.0809 - mse: 0.8452 - val_loss: 0.0844 - val_mse: 0.8424 - lr: 0.0100 - 163s/epoch - 15ms/step
Epoch 3/64

Epoch 3: val_loss improved from 0.08442 to 0.08338, saving model to /p/scratch/deepacf/kiste/patakchiyousefi1//HPT_intensity/mse_32_0.01_1e-14_0.5_2_2_8_0.1_64.h5
10781/10781 - 163s - loss: 0.0798 - mse: 0.8329 - val_loss: 0.0834 - val_mse: 0.8321 - lr: 0.0100 - 163s/epoch - 15ms/step
Epoch 4/64

Epoch 4: val_loss did not improve from 0.08338
10781/10781 - 163s - loss: 0.0792 - mse: 0.8267 - val_loss: 0.0836 - val_mse: 0.8343 - lr: 0.0100 - 163s/epoch - 15ms/step
Epoch 5/64

Epoch 5: val_loss did not improve from 0.08338
10781/10781 - 163s - loss: 0.0786 - mse: 0.8211 - val_loss: 0.0856 - val_mse: 0.8543 - lr: 0.0100 - 163s/epoch - 15ms/step
Epoch 6/64

Epoch 6: val_loss did not improve from 0.08338
10781/10781 - 164s - loss: 0.0769 - mse: 0.8032 - val_loss: 0.0839 - val_mse: 0.8373 - lr: 0.0050 - 164s/epoch - 15ms/step
Epoch 7/64

Epoch 7: val_loss did not improve from 0.08338
10781/10781 - 163s - loss: 0.0764 - mse: 0.7978 - val_loss: 0.0858 - val_mse: 0.8559 - lr: 0.0050 - 163s/epoch - 15ms/step
Epoch 8/64

Epoch 8: val_loss did not improve from 0.08338
10781/10781 - 158s - loss: 0.0752 - mse: 0.7857 - val_loss: 0.0858 - val_mse: 0.8558 - lr: 0.0025 - 158s/epoch - 15ms/step
Epoch 9/64

Epoch 9: val_loss improved from 0.08338 to 0.08295, saving model to /p/scratch/deepacf/kiste/patakchiyousefi1//HPT_intensity/mse_32_0.01_1e-14_0.5_2_2_8_0.1_64.h5
10781/10781 - 162s - loss: 0.0750 - mse: 0.7832 - val_loss: 0.0830 - val_mse: 0.8278 - lr: 0.0025 - 162s/epoch - 15ms/step
Epoch 10/64

Epoch 10: val_loss did not improve from 0.08295
10781/10781 - 166s - loss: 0.0747 - mse: 0.7797 - val_loss: 0.0845 - val_mse: 0.8432 - lr: 0.0025 - 166s/epoch - 15ms/step
Epoch 11/64

Epoch 11: val_loss did not improve from 0.08295
10781/10781 - 160s - loss: 0.0744 - mse: 0.7772 - val_loss: 0.0839 - val_mse: 0.8372 - lr: 0.0025 - 160s/epoch - 15ms/step
Epoch 12/64

Epoch 12: val_loss improved from 0.08295 to 0.08273, saving model to /p/scratch/deepacf/kiste/patakchiyousefi1//HPT_intensity/mse_32_0.01_1e-14_0.5_2_2_8_0.1_64.h5
10781/10781 - 159s - loss: 0.0735 - mse: 0.7672 - val_loss: 0.0827 - val_mse: 0.8256 - lr: 0.0012 - 159s/epoch - 15ms/step
Epoch 13/64

Epoch 13: val_loss did not improve from 0.08273
10781/10781 - 161s - loss: 0.0732 - mse: 0.7645 - val_loss: 0.0851 - val_mse: 0.8495 - lr: 0.0012 - 161s/epoch - 15ms/step
Epoch 14/64

Epoch 14: val_loss did not improve from 0.08273
10781/10781 - 161s - loss: 0.0731 - mse: 0.7629 - val_loss: 0.0840 - val_mse: 0.8382 - lr: 0.0012 - 161s/epoch - 15ms/step
Epoch 15/64

Epoch 15: val_loss did not improve from 0.08273
10781/10781 - 165s - loss: 0.0725 - mse: 0.7573 - val_loss: 0.0835 - val_mse: 0.8333 - lr: 6.2500e-04 - 165s/epoch - 15ms/step
Epoch 16/64

Epoch 16: val_loss did not improve from 0.08273
10781/10781 - 163s - loss: 0.0722 - mse: 0.7539 - val_loss: 0.0850 - val_mse: 0.8482 - lr: 6.2500e-04 - 163s/epoch - 15ms/step
Epoch 17/64

Epoch 17: val_loss did not improve from 0.08273
10781/10781 - 172s - loss: 0.0717 - mse: 0.7489 - val_loss: 0.0864 - val_mse: 0.8623 - lr: 3.1250e-04 - 172s/epoch - 16ms/step
Epoch 18/64

Epoch 18: val_loss did not improve from 0.08273
10781/10781 - 168s - loss: 0.0717 - mse: 0.7487 - val_loss: 0.0852 - val_mse: 0.8505 - lr: 3.1250e-04 - 168s/epoch - 16ms/step
Epoch 19/64

Epoch 19: val_loss did not improve from 0.08273
10781/10781 - 170s - loss: 0.0716 - mse: 0.7472 - val_loss: 0.0854 - val_mse: 0.8519 - lr: 1.5625e-04 - 170s/epoch - 16ms/step
Epoch 20/64

Epoch 20: val_loss did not improve from 0.08273
10781/10781 - 171s - loss: 0.0713 - mse: 0.7448 - val_loss: 0.0857 - val_mse: 0.8553 - lr: 1.5625e-04 - 171s/epoch - 16ms/step
Saving and plotting the results...
