train_data_hourly_pr_['HRES']_['HSAF']_MM_6__spatiotemporal_128.256_2020-07-01T13_2023-03-26T23_no_na
Data is available already
Loading training data...
mse_16_1e-06_None_0.5_2_16_8_0.5_64
Training the model...
Epoch 1/64

Epoch 1: val_loss improved from inf to 0.53746, saving model to /p/scratch/deepacf/kiste/patakchiyousefi1//HPT/mse_16_1e-06_None_0.5_2_16_8_0.5_64.h5
749/749 - 42s - loss: 0.6679 - val_loss: 0.5375 - lr: 1.0000e-06 - 42s/epoch - 56ms/step
Epoch 2/64

Epoch 2: val_loss improved from 0.53746 to 0.29687, saving model to /p/scratch/deepacf/kiste/patakchiyousefi1//HPT/mse_16_1e-06_None_0.5_2_16_8_0.5_64.h5
749/749 - 21s - loss: 0.3018 - val_loss: 0.2969 - lr: 1.0000e-06 - 21s/epoch - 28ms/step
Epoch 3/64

Epoch 3: val_loss improved from 0.29687 to 0.21495, saving model to /p/scratch/deepacf/kiste/patakchiyousefi1//HPT/mse_16_1e-06_None_0.5_2_16_8_0.5_64.h5
749/749 - 21s - loss: 0.2020 - val_loss: 0.2150 - lr: 1.0000e-06 - 21s/epoch - 29ms/step
Epoch 4/64

Epoch 4: val_loss improved from 0.21495 to 0.17638, saving model to /p/scratch/deepacf/kiste/patakchiyousefi1//HPT/mse_16_1e-06_None_0.5_2_16_8_0.5_64.h5
749/749 - 22s - loss: 0.1612 - val_loss: 0.1764 - lr: 1.0000e-06 - 22s/epoch - 30ms/step
Epoch 5/64

Epoch 5: val_loss improved from 0.17638 to 0.15531, saving model to /p/scratch/deepacf/kiste/patakchiyousefi1//HPT/mse_16_1e-06_None_0.5_2_16_8_0.5_64.h5
749/749 - 22s - loss: 0.1401 - val_loss: 0.1553 - lr: 1.0000e-06 - 22s/epoch - 29ms/step
Epoch 6/64

Epoch 6: val_loss improved from 0.15531 to 0.14251, saving model to /p/scratch/deepacf/kiste/patakchiyousefi1//HPT/mse_16_1e-06_None_0.5_2_16_8_0.5_64.h5
749/749 - 22s - loss: 0.1279 - val_loss: 0.1425 - lr: 1.0000e-06 - 22s/epoch - 29ms/step
Epoch 7/64

Epoch 7: val_loss improved from 0.14251 to 0.13407, saving model to /p/scratch/deepacf/kiste/patakchiyousefi1//HPT/mse_16_1e-06_None_0.5_2_16_8_0.5_64.h5
749/749 - 22s - loss: 0.1199 - val_loss: 0.1341 - lr: 1.0000e-06 - 22s/epoch - 29ms/step
Epoch 8/64

Epoch 8: val_loss improved from 0.13407 to 0.12816, saving model to /p/scratch/deepacf/kiste/patakchiyousefi1//HPT/mse_16_1e-06_None_0.5_2_16_8_0.5_64.h5
749/749 - 21s - loss: 0.1145 - val_loss: 0.1282 - lr: 1.0000e-06 - 21s/epoch - 29ms/step
Epoch 9/64

Epoch 9: val_loss improved from 0.12816 to 0.12385, saving model to /p/scratch/deepacf/kiste/patakchiyousefi1//HPT/mse_16_1e-06_None_0.5_2_16_8_0.5_64.h5
749/749 - 22s - loss: 0.1106 - val_loss: 0.1239 - lr: 1.0000e-06 - 22s/epoch - 29ms/step
Epoch 10/64

Epoch 10: val_loss improved from 0.12385 to 0.12060, saving model to /p/scratch/deepacf/kiste/patakchiyousefi1//HPT/mse_16_1e-06_None_0.5_2_16_8_0.5_64.h5
749/749 - 21s - loss: 0.1076 - val_loss: 0.1206 - lr: 1.0000e-06 - 21s/epoch - 28ms/step
Epoch 11/64

Epoch 11: val_loss improved from 0.12060 to 0.11805, saving model to /p/scratch/deepacf/kiste/patakchiyousefi1//HPT/mse_16_1e-06_None_0.5_2_16_8_0.5_64.h5
749/749 - 22s - loss: 0.1053 - val_loss: 0.1181 - lr: 1.0000e-06 - 22s/epoch - 29ms/step
Epoch 12/64

Epoch 12: val_loss improved from 0.11805 to 0.11602, saving model to /p/scratch/deepacf/kiste/patakchiyousefi1//HPT/mse_16_1e-06_None_0.5_2_16_8_0.5_64.h5
749/749 - 21s - loss: 0.1035 - val_loss: 0.1160 - lr: 1.0000e-06 - 21s/epoch - 29ms/step
Epoch 13/64

Epoch 13: val_loss improved from 0.11602 to 0.11438, saving model to /p/scratch/deepacf/kiste/patakchiyousefi1//HPT/mse_16_1e-06_None_0.5_2_16_8_0.5_64.h5
749/749 - 21s - loss: 0.1020 - val_loss: 0.1144 - lr: 1.0000e-06 - 21s/epoch - 28ms/step
Epoch 14/64

Epoch 14: val_loss improved from 0.11438 to 0.11302, saving model to /p/scratch/deepacf/kiste/patakchiyousefi1//HPT/mse_16_1e-06_None_0.5_2_16_8_0.5_64.h5
749/749 - 21s - loss: 0.1008 - val_loss: 0.1130 - lr: 1.0000e-06 - 21s/epoch - 28ms/step
Epoch 15/64

Epoch 15: val_loss improved from 0.11302 to 0.11188, saving model to /p/scratch/deepacf/kiste/patakchiyousefi1//HPT/mse_16_1e-06_None_0.5_2_16_8_0.5_64.h5
749/749 - 21s - loss: 0.0998 - val_loss: 0.1119 - lr: 1.0000e-06 - 21s/epoch - 28ms/step
Epoch 16/64

Epoch 16: val_loss improved from 0.11188 to 0.11092, saving model to /p/scratch/deepacf/kiste/patakchiyousefi1//HPT/mse_16_1e-06_None_0.5_2_16_8_0.5_64.h5
749/749 - 21s - loss: 0.0989 - val_loss: 0.1109 - lr: 1.0000e-06 - 21s/epoch - 28ms/step
Epoch 17/64

Epoch 17: val_loss improved from 0.11092 to 0.11009, saving model to /p/scratch/deepacf/kiste/patakchiyousefi1//HPT/mse_16_1e-06_None_0.5_2_16_8_0.5_64.h5
749/749 - 21s - loss: 0.0982 - val_loss: 0.1101 - lr: 1.0000e-06 - 21s/epoch - 28ms/step
Epoch 18/64

Epoch 18: val_loss improved from 0.11009 to 0.10937, saving model to /p/scratch/deepacf/kiste/patakchiyousefi1//HPT/mse_16_1e-06_None_0.5_2_16_8_0.5_64.h5
749/749 - 28s - loss: 0.0975 - val_loss: 0.1094 - lr: 1.0000e-06 - 28s/epoch - 37ms/step
Epoch 19/64

Epoch 19: val_loss improved from 0.10937 to 0.10875, saving model to /p/scratch/deepacf/kiste/patakchiyousefi1//HPT/mse_16_1e-06_None_0.5_2_16_8_0.5_64.h5
749/749 - 27s - loss: 0.0969 - val_loss: 0.1087 - lr: 1.0000e-06 - 27s/epoch - 36ms/step
Epoch 20/64

Epoch 20: val_loss improved from 0.10875 to 0.10818, saving model to /p/scratch/deepacf/kiste/patakchiyousefi1//HPT/mse_16_1e-06_None_0.5_2_16_8_0.5_64.h5
749/749 - 22s - loss: 0.0964 - val_loss: 0.1082 - lr: 1.0000e-06 - 22s/epoch - 29ms/step
Epoch 21/64

Epoch 21: val_loss improved from 0.10818 to 0.10768, saving model to /p/scratch/deepacf/kiste/patakchiyousefi1//HPT/mse_16_1e-06_None_0.5_2_16_8_0.5_64.h5
749/749 - 21s - loss: 0.0959 - val_loss: 0.1077 - lr: 1.0000e-06 - 21s/epoch - 29ms/step
Epoch 22/64

Epoch 22: val_loss improved from 0.10768 to 0.10722, saving model to /p/scratch/deepacf/kiste/patakchiyousefi1//HPT/mse_16_1e-06_None_0.5_2_16_8_0.5_64.h5
749/749 - 21s - loss: 0.0955 - val_loss: 0.1072 - lr: 1.0000e-06 - 21s/epoch - 28ms/step
Epoch 23/64

Epoch 23: val_loss improved from 0.10722 to 0.10680, saving model to /p/scratch/deepacf/kiste/patakchiyousefi1//HPT/mse_16_1e-06_None_0.5_2_16_8_0.5_64.h5
749/749 - 22s - loss: 0.0951 - val_loss: 0.1068 - lr: 1.0000e-06 - 22s/epoch - 29ms/step
Epoch 24/64

Epoch 24: val_loss improved from 0.10680 to 0.10643, saving model to /p/scratch/deepacf/kiste/patakchiyousefi1//HPT/mse_16_1e-06_None_0.5_2_16_8_0.5_64.h5
749/749 - 21s - loss: 0.0947 - val_loss: 0.1064 - lr: 1.0000e-06 - 21s/epoch - 28ms/step
Epoch 25/64

Epoch 25: val_loss improved from 0.10643 to 0.10608, saving model to /p/scratch/deepacf/kiste/patakchiyousefi1//HPT/mse_16_1e-06_None_0.5_2_16_8_0.5_64.h5
749/749 - 25s - loss: 0.0944 - val_loss: 0.1061 - lr: 1.0000e-06 - 25s/epoch - 34ms/step
Epoch 26/64

Epoch 26: val_loss improved from 0.10608 to 0.10575, saving model to /p/scratch/deepacf/kiste/patakchiyousefi1//HPT/mse_16_1e-06_None_0.5_2_16_8_0.5_64.h5
749/749 - 21s - loss: 0.0941 - val_loss: 0.1058 - lr: 1.0000e-06 - 21s/epoch - 29ms/step
Epoch 27/64

Epoch 27: val_loss improved from 0.10575 to 0.10546, saving model to /p/scratch/deepacf/kiste/patakchiyousefi1//HPT/mse_16_1e-06_None_0.5_2_16_8_0.5_64.h5
749/749 - 22s - loss: 0.0937 - val_loss: 0.1055 - lr: 1.0000e-06 - 22s/epoch - 29ms/step
Epoch 28/64

Epoch 28: val_loss improved from 0.10546 to 0.10519, saving model to /p/scratch/deepacf/kiste/patakchiyousefi1//HPT/mse_16_1e-06_None_0.5_2_16_8_0.5_64.h5
749/749 - 22s - loss: 0.0934 - val_loss: 0.1052 - lr: 1.0000e-06 - 22s/epoch - 29ms/step
Epoch 29/64

Epoch 29: val_loss improved from 0.10519 to 0.10495, saving model to /p/scratch/deepacf/kiste/patakchiyousefi1//HPT/mse_16_1e-06_None_0.5_2_16_8_0.5_64.h5
749/749 - 21s - loss: 0.0932 - val_loss: 0.1049 - lr: 1.0000e-06 - 21s/epoch - 28ms/step
Epoch 30/64

Epoch 30: val_loss improved from 0.10495 to 0.10473, saving model to /p/scratch/deepacf/kiste/patakchiyousefi1//HPT/mse_16_1e-06_None_0.5_2_16_8_0.5_64.h5
749/749 - 22s - loss: 0.0929 - val_loss: 0.1047 - lr: 1.0000e-06 - 22s/epoch - 29ms/step
Epoch 31/64

Epoch 31: val_loss improved from 0.10473 to 0.10455, saving model to /p/scratch/deepacf/kiste/patakchiyousefi1//HPT/mse_16_1e-06_None_0.5_2_16_8_0.5_64.h5
749/749 - 22s - loss: 0.0926 - val_loss: 0.1045 - lr: 1.0000e-06 - 22s/epoch - 29ms/step
Epoch 32/64

Epoch 32: val_loss improved from 0.10455 to 0.10439, saving model to /p/scratch/deepacf/kiste/patakchiyousefi1//HPT/mse_16_1e-06_None_0.5_2_16_8_0.5_64.h5
749/749 - 22s - loss: 0.0923 - val_loss: 0.1044 - lr: 1.0000e-06 - 22s/epoch - 29ms/step
Epoch 33/64

Epoch 33: val_loss improved from 0.10439 to 0.10426, saving model to /p/scratch/deepacf/kiste/patakchiyousefi1//HPT/mse_16_1e-06_None_0.5_2_16_8_0.5_64.h5
749/749 - 21s - loss: 0.0921 - val_loss: 0.1043 - lr: 1.0000e-06 - 21s/epoch - 29ms/step
Epoch 34/64

Epoch 34: val_loss improved from 0.10426 to 0.10415, saving model to /p/scratch/deepacf/kiste/patakchiyousefi1//HPT/mse_16_1e-06_None_0.5_2_16_8_0.5_64.h5
749/749 - 22s - loss: 0.0918 - val_loss: 0.1042 - lr: 1.0000e-06 - 22s/epoch - 29ms/step
Epoch 35/64

Epoch 35: val_loss improved from 0.10415 to 0.10407, saving model to /p/scratch/deepacf/kiste/patakchiyousefi1//HPT/mse_16_1e-06_None_0.5_2_16_8_0.5_64.h5
749/749 - 22s - loss: 0.0916 - val_loss: 0.1041 - lr: 1.0000e-06 - 22s/epoch - 29ms/step
Epoch 36/64

Epoch 36: val_loss improved from 0.10407 to 0.10402, saving model to /p/scratch/deepacf/kiste/patakchiyousefi1//HPT/mse_16_1e-06_None_0.5_2_16_8_0.5_64.h5
749/749 - 21s - loss: 0.0913 - val_loss: 0.1040 - lr: 1.0000e-06 - 21s/epoch - 29ms/step
Epoch 37/64

Epoch 37: val_loss improved from 0.10402 to 0.10397, saving model to /p/scratch/deepacf/kiste/patakchiyousefi1//HPT/mse_16_1e-06_None_0.5_2_16_8_0.5_64.h5
749/749 - 21s - loss: 0.0911 - val_loss: 0.1040 - lr: 1.0000e-06 - 21s/epoch - 29ms/step
Epoch 38/64

Epoch 38: val_loss improved from 0.10397 to 0.10396, saving model to /p/scratch/deepacf/kiste/patakchiyousefi1//HPT/mse_16_1e-06_None_0.5_2_16_8_0.5_64.h5
749/749 - 21s - loss: 0.0909 - val_loss: 0.1040 - lr: 1.0000e-06 - 21s/epoch - 29ms/step
Epoch 39/64

Epoch 39: val_loss improved from 0.10396 to 0.10394, saving model to /p/scratch/deepacf/kiste/patakchiyousefi1//HPT/mse_16_1e-06_None_0.5_2_16_8_0.5_64.h5
749/749 - 21s - loss: 0.0906 - val_loss: 0.1039 - lr: 1.0000e-06 - 21s/epoch - 28ms/step
Epoch 40/64

Epoch 40: val_loss did not improve from 0.10394
749/749 - 21s - loss: 0.0904 - val_loss: 0.1040 - lr: 1.0000e-06 - 21s/epoch - 28ms/step
Epoch 41/64

Epoch 41: val_loss did not improve from 0.10394
749/749 - 21s - loss: 0.0902 - val_loss: 0.1040 - lr: 1.0000e-06 - 21s/epoch - 29ms/step
Epoch 42/64

Epoch 42: val_loss did not improve from 0.10394
749/749 - 21s - loss: 0.0899 - val_loss: 0.1040 - lr: 1.0000e-06 - 21s/epoch - 28ms/step
Epoch 43/64

Epoch 43: val_loss did not improve from 0.10394
749/749 - 22s - loss: 0.0897 - val_loss: 0.1040 - lr: 1.0000e-06 - 22s/epoch - 29ms/step
Epoch 44/64

Epoch 44: val_loss did not improve from 0.10394
749/749 - 22s - loss: 0.0895 - val_loss: 0.1041 - lr: 1.0000e-06 - 22s/epoch - 29ms/step
Epoch 45/64

Epoch 45: val_loss did not improve from 0.10394
749/749 - 22s - loss: 0.0893 - val_loss: 0.1041 - lr: 1.0000e-06 - 22s/epoch - 29ms/step
Epoch 46/64

Epoch 46: val_loss did not improve from 0.10394
749/749 - 21s - loss: 0.0891 - val_loss: 0.1041 - lr: 1.0000e-06 - 21s/epoch - 28ms/step
Epoch 47/64

Epoch 47: val_loss did not improve from 0.10394
749/749 - 21s - loss: 0.0888 - val_loss: 0.1042 - lr: 1.0000e-06 - 21s/epoch - 29ms/step
Saving and plotting the results...
