train_data_hourly_pr_['HRES']_['HSAF']_MM_6__spatiotemporal_128.256_2020-07-01T13_2023-03-26T23_no_na
Data is available already
Loading training data...
mse_32_0.01_1e-08_0.1_2_64_8_0.5_64
Training the model...
Epoch 1/64

Epoch 1: val_loss improved from inf to 0.10658, saving model to /p/scratch/deepacf/kiste/patakchiyousefi1//HPT/mse_32_0.01_1e-08_0.1_2_64_8_0.5_64.h5
188/188 - 59s - loss: 0.1229 - mse: 215279.4375 - val_loss: 0.1066 - val_mse: 231628.4375 - lr: 0.0100 - 59s/epoch - 316ms/step
Epoch 2/64

Epoch 2: val_loss improved from 0.10658 to 0.10188, saving model to /p/scratch/deepacf/kiste/patakchiyousefi1//HPT/mse_32_0.01_1e-08_0.1_2_64_8_0.5_64.h5
188/188 - 29s - loss: 0.0871 - mse: 215279.5938 - val_loss: 0.1019 - val_mse: 231570.4375 - lr: 0.0100 - 29s/epoch - 154ms/step
Epoch 3/64

Epoch 3: val_loss improved from 0.10188 to 0.09653, saving model to /p/scratch/deepacf/kiste/patakchiyousefi1//HPT/mse_32_0.01_1e-08_0.1_2_64_8_0.5_64.h5
188/188 - 30s - loss: 0.0841 - mse: 215280.3750 - val_loss: 0.0965 - val_mse: 231611.8281 - lr: 0.0100 - 30s/epoch - 160ms/step
Epoch 4/64

Epoch 4: val_loss improved from 0.09653 to 0.09423, saving model to /p/scratch/deepacf/kiste/patakchiyousefi1//HPT/mse_32_0.01_1e-08_0.1_2_64_8_0.5_64.h5
188/188 - 30s - loss: 0.0809 - mse: 215282.6094 - val_loss: 0.0942 - val_mse: 231579.2656 - lr: 0.0100 - 30s/epoch - 161ms/step
Epoch 5/64

Epoch 5: val_loss improved from 0.09423 to 0.09268, saving model to /p/scratch/deepacf/kiste/patakchiyousefi1//HPT/mse_32_0.01_1e-08_0.1_2_64_8_0.5_64.h5
188/188 - 29s - loss: 0.0795 - mse: 215282.0625 - val_loss: 0.0927 - val_mse: 231626.8750 - lr: 0.0100 - 29s/epoch - 155ms/step
Epoch 6/64

Epoch 6: val_loss improved from 0.09268 to 0.09195, saving model to /p/scratch/deepacf/kiste/patakchiyousefi1//HPT/mse_32_0.01_1e-08_0.1_2_64_8_0.5_64.h5
188/188 - 31s - loss: 0.0791 - mse: 215283.3125 - val_loss: 0.0919 - val_mse: 231607.2812 - lr: 0.0100 - 31s/epoch - 166ms/step
Epoch 7/64

Epoch 7: val_loss improved from 0.09195 to 0.09085, saving model to /p/scratch/deepacf/kiste/patakchiyousefi1//HPT/mse_32_0.01_1e-08_0.1_2_64_8_0.5_64.h5
188/188 - 29s - loss: 0.0788 - mse: 215283.2812 - val_loss: 0.0908 - val_mse: 231613.8281 - lr: 0.0100 - 29s/epoch - 155ms/step
Epoch 8/64

Epoch 8: val_loss did not improve from 0.09085
188/188 - 31s - loss: 0.0778 - mse: 215282.4375 - val_loss: 0.0929 - val_mse: 231606.1562 - lr: 0.0100 - 31s/epoch - 164ms/step
Epoch 9/64

Epoch 9: val_loss improved from 0.09085 to 0.09037, saving model to /p/scratch/deepacf/kiste/patakchiyousefi1//HPT/mse_32_0.01_1e-08_0.1_2_64_8_0.5_64.h5
188/188 - 29s - loss: 0.0768 - mse: 215284.1250 - val_loss: 0.0904 - val_mse: 231587.4062 - lr: 0.0100 - 29s/epoch - 154ms/step
Epoch 10/64

Epoch 10: val_loss did not improve from 0.09037
188/188 - 32s - loss: 0.0762 - mse: 215283.7344 - val_loss: 0.0946 - val_mse: 231612.8438 - lr: 0.0100 - 32s/epoch - 168ms/step
Epoch 11/64

Epoch 11: val_loss did not improve from 0.09037
188/188 - 29s - loss: 0.0760 - mse: 215283.0781 - val_loss: 0.0966 - val_mse: 231604.1406 - lr: 0.0100 - 29s/epoch - 156ms/step
Epoch 12/64

Epoch 12: val_loss improved from 0.09037 to 0.08921, saving model to /p/scratch/deepacf/kiste/patakchiyousefi1//HPT/mse_32_0.01_1e-08_0.1_2_64_8_0.5_64.h5
188/188 - 31s - loss: 0.0734 - mse: 215283.2812 - val_loss: 0.0892 - val_mse: 231596.9219 - lr: 1.0000e-03 - 31s/epoch - 165ms/step
Epoch 13/64

Epoch 13: val_loss improved from 0.08921 to 0.08906, saving model to /p/scratch/deepacf/kiste/patakchiyousefi1//HPT/mse_32_0.01_1e-08_0.1_2_64_8_0.5_64.h5
188/188 - 29s - loss: 0.0726 - mse: 215283.6094 - val_loss: 0.0891 - val_mse: 231600.2656 - lr: 1.0000e-03 - 29s/epoch - 156ms/step
Epoch 14/64
