train_data_hourly_pr_['HRES']_['HSAF']_MM_6__spatiotemporal_128.256_2020-07-01T13_2023-03-26T23_no_na
Data is available already
Loading training data...
mse_64_0.1_1e-05_0.1_2_8_8_0.5_64
Training the model...
Epoch 1/64

Epoch 1: val_loss improved from inf to 0.04941, saving model to /p/scratch/deepacf/kiste/patakchiyousefi1//HPT/mse_64_0.1_1e-05_0.1_2_8_8_0.5_64.h5
1498/1498 - 106s - loss: 2463.8999 - mse: 590944.3750 - val_loss: 0.0494 - val_mse: 600178.8750 - lr: 0.1000 - 106s/epoch - 71ms/step
Epoch 2/64

Epoch 2: val_loss improved from 0.04941 to 0.00866, saving model to /p/scratch/deepacf/kiste/patakchiyousefi1//HPT/mse_64_0.1_1e-05_0.1_2_8_8_0.5_64.h5
1498/1498 - 74s - loss: 0.0118 - mse: 598474.6875 - val_loss: 0.0087 - val_mse: 603276.6875 - lr: 0.1000 - 74s/epoch - 49ms/step
Epoch 3/64

Epoch 3: val_loss did not improve from 0.00866
1498/1498 - 75s - loss: 0.0042 - mse: 599408.2500 - val_loss: 0.7470 - val_mse: 606342.8750 - lr: 0.1000 - 75s/epoch - 50ms/step
Epoch 4/64

Epoch 4: val_loss did not improve from 0.00866
1498/1498 - 75s - loss: 0.3910 - mse: 599024.6875 - val_loss: 0.1118 - val_mse: 592018.0625 - lr: 0.1000 - 75s/epoch - 50ms/step
Epoch 5/64

Epoch 5: val_loss improved from 0.00866 to 0.00094, saving model to /p/scratch/deepacf/kiste/patakchiyousefi1//HPT/mse_64_0.1_1e-05_0.1_2_8_8_0.5_64.h5
1498/1498 - 76s - loss: 0.0013 - mse: 597953.5625 - val_loss: 9.4056e-04 - val_mse: 604050.4375 - lr: 0.0100 - 76s/epoch - 51ms/step
Epoch 6/64

Epoch 6: val_loss improved from 0.00094 to 0.00068, saving model to /p/scratch/deepacf/kiste/patakchiyousefi1//HPT/mse_64_0.1_1e-05_0.1_2_8_8_0.5_64.h5
1498/1498 - 75s - loss: 9.3961e-04 - mse: 598288.9375 - val_loss: 6.7697e-04 - val_mse: 604517.0625 - lr: 0.0100 - 75s/epoch - 50ms/step
Epoch 7/64

Epoch 7: val_loss did not improve from 0.00068
1498/1498 - 75s - loss: 0.0128 - mse: 598420.3750 - val_loss: 0.2130 - val_mse: 606914.5000 - lr: 0.0100 - 75s/epoch - 50ms/step
Epoch 8/64

Epoch 8: val_loss improved from 0.00068 to 0.00027, saving model to /p/scratch/deepacf/kiste/patakchiyousefi1//HPT/mse_64_0.1_1e-05_0.1_2_8_8_0.5_64.h5
1498/1498 - 75s - loss: 0.1566 - mse: 597562.8750 - val_loss: 2.7496e-04 - val_mse: 602972.3750 - lr: 0.0100 - 75s/epoch - 50ms/step
Epoch 9/64

Epoch 9: val_loss did not improve from 0.00027
1498/1498 - 76s - loss: 0.3184 - mse: 597569.1875 - val_loss: 0.0889 - val_mse: 604842.6250 - lr: 0.0100 - 76s/epoch - 51ms/step
Epoch 10/64

Epoch 10: val_loss did not improve from 0.00027
1498/1498 - 76s - loss: 0.0039 - mse: 597806.1875 - val_loss: 0.5765 - val_mse: 607867.5000 - lr: 0.0100 - 76s/epoch - 51ms/step
Epoch 11/64

Epoch 11: val_loss did not improve from 0.00027
1498/1498 - 76s - loss: 7.7946e-04 - mse: 597645.9375 - val_loss: 2.9531e-04 - val_mse: 604222.7500 - lr: 1.0000e-03 - 76s/epoch - 51ms/step
Epoch 12/64

Epoch 12: val_loss did not improve from 0.00027
1498/1498 - 75s - loss: 7.3579e-04 - mse: 597813.9375 - val_loss: 0.0067 - val_mse: 604306.7500 - lr: 1.0000e-03 - 75s/epoch - 50ms/step
Epoch 13/64

Epoch 13: val_loss did not improve from 0.00027
1498/1498 - 76s - loss: 3.7810e-04 - mse: 597881.5000 - val_loss: 0.0014 - val_mse: 605173.5625 - lr: 1.0000e-04 - 76s/epoch - 51ms/step
Epoch 14/64

Epoch 14: val_loss did not improve from 0.00027
1498/1498 - 75s - loss: 4.3652e-04 - mse: 597903.8125 - val_loss: 0.0012 - val_mse: 605029.1250 - lr: 1.0000e-04 - 75s/epoch - 50ms/step
Epoch 15/64

Epoch 15: val_loss did not improve from 0.00027
1498/1498 - 76s - loss: 3.2668e-04 - mse: 597918.5000 - val_loss: 6.7937e-04 - val_mse: 604847.1250 - lr: 1.0000e-05 - 76s/epoch - 51ms/step
Epoch 16/64

Epoch 16: val_loss did not improve from 0.00027
1498/1498 - 76s - loss: 3.2098e-04 - mse: 597921.6250 - val_loss: 3.2843e-04 - val_mse: 604922.1250 - lr: 1.0000e-05 - 76s/epoch - 51ms/step
Saving and plotting the results...
