train_data_hourly_pr_['HRES']_['HSAF']_MM_6__spatiotemporal_128.256_2020-07-01T13_2023-03-26T23_no_na
Data is available already
Loading training data...
mse_16_0.1_1e-05_0.9_2_1_8_0.5_64
Training the model...
Epoch 1/64

Epoch 1: val_loss improved from inf to 13.38331, saving model to /p/scratch/deepacf/kiste/patakchiyousefi1//HPT/mse_16_0.1_1e-05_0.9_2_1_8_0.5_64.h5
11982/11982 - 149s - loss: 513.0582 - mse: 601932.3750 - val_loss: 13.3833 - val_mse: 565620.8750 - lr: 0.1000 - 149s/epoch - 12ms/step
Epoch 2/64

Epoch 2: val_loss improved from 13.38331 to 0.27877, saving model to /p/scratch/deepacf/kiste/patakchiyousefi1//HPT/mse_16_0.1_1e-05_0.9_2_1_8_0.5_64.h5
11982/11982 - 130s - loss: 14.3190 - mse: 585620.4375 - val_loss: 0.2788 - val_mse: 562560.3750 - lr: 0.1000 - 130s/epoch - 11ms/step
Epoch 3/64

Epoch 3: val_loss did not improve from 0.27877
11982/11982 - 130s - loss: 19.6948 - mse: 579030.0000 - val_loss: 5.7752 - val_mse: 564589.6875 - lr: 0.1000 - 130s/epoch - 11ms/step
Epoch 4/64

Epoch 4: val_loss did not improve from 0.27877
11982/11982 - 129s - loss: 11.6737 - mse: 576708.9375 - val_loss: 4.4379 - val_mse: 572914.1250 - lr: 0.1000 - 129s/epoch - 11ms/step
Epoch 5/64

Epoch 5: val_loss did not improve from 0.27877
11982/11982 - 128s - loss: 8.9501 - mse: 576025.4375 - val_loss: 2.1043 - val_mse: 571437.5000 - lr: 0.0900 - 128s/epoch - 11ms/step
Epoch 6/64

Epoch 6: val_loss did not improve from 0.27877
11982/11982 - 130s - loss: 6.0473 - mse: 577124.3750 - val_loss: 0.5648 - val_mse: 567280.5625 - lr: 0.0900 - 130s/epoch - 11ms/step
Epoch 7/64

Epoch 7: val_loss improved from 0.27877 to 0.01327, saving model to /p/scratch/deepacf/kiste/patakchiyousefi1//HPT/mse_16_0.1_1e-05_0.9_2_1_8_0.5_64.h5
11982/11982 - 131s - loss: 12.1402 - mse: 583114.9375 - val_loss: 0.0133 - val_mse: 575087.5000 - lr: 0.0810 - 131s/epoch - 11ms/step
Epoch 8/64

Epoch 8: val_loss did not improve from 0.01327
11982/11982 - 130s - loss: 6.8777 - mse: 590897.0000 - val_loss: 2.1329 - val_mse: 578420.2500 - lr: 0.0810 - 130s/epoch - 11ms/step
Epoch 9/64
