train_data_hourly_pr_['HRES']_['HSAF']_MM_6__spatiotemporal_128.256_2020-07-01T13_2023-03-26T23_no_na
Data is available already
Loading training data...
mse_8_0.01_1e-08_0.5_2_64_8_0.5_64
Training the model...
Epoch 1/64

Epoch 1: val_loss improved from inf to 0.10107, saving model to /p/scratch/deepacf/kiste/patakchiyousefi1//HPT/mse_8_0.01_1e-08_0.5_2_64_8_0.5_64.h5
188/188 - 37s - loss: 0.0926 - mse: 215282.6094 - val_loss: 0.1011 - val_mse: 231617.2344 - lr: 0.0100 - 37s/epoch - 194ms/step
Epoch 2/64

Epoch 2: val_loss improved from 0.10107 to 0.09727, saving model to /p/scratch/deepacf/kiste/patakchiyousefi1//HPT/mse_8_0.01_1e-08_0.5_2_64_8_0.5_64.h5
188/188 - 14s - loss: 0.0804 - mse: 215283.5469 - val_loss: 0.0973 - val_mse: 231587.4375 - lr: 0.0100 - 14s/epoch - 73ms/step
Epoch 3/64

Epoch 3: val_loss improved from 0.09727 to 0.09207, saving model to /p/scratch/deepacf/kiste/patakchiyousefi1//HPT/mse_8_0.01_1e-08_0.5_2_64_8_0.5_64.h5
188/188 - 14s - loss: 0.0788 - mse: 215283.9219 - val_loss: 0.0921 - val_mse: 231611.3125 - lr: 0.0100 - 14s/epoch - 73ms/step
Epoch 4/64

Epoch 4: val_loss did not improve from 0.09207
188/188 - 13s - loss: 0.0781 - mse: 215284.0156 - val_loss: 0.0940 - val_mse: 231629.6719 - lr: 0.0100 - 13s/epoch - 71ms/step
Epoch 5/64

Epoch 5: val_loss did not improve from 0.09207
188/188 - 13s - loss: 0.0771 - mse: 215283.7500 - val_loss: 0.0938 - val_mse: 231613.8438 - lr: 0.0100 - 13s/epoch - 70ms/step
Epoch 6/64

Epoch 6: val_loss improved from 0.09207 to 0.09001, saving model to /p/scratch/deepacf/kiste/patakchiyousefi1//HPT/mse_8_0.01_1e-08_0.5_2_64_8_0.5_64.h5
188/188 - 14s - loss: 0.0760 - mse: 215284.0781 - val_loss: 0.0900 - val_mse: 231602.2656 - lr: 0.0050 - 14s/epoch - 74ms/step
Epoch 7/64

Epoch 7: val_loss did not improve from 0.09001
188/188 - 14s - loss: 0.0755 - mse: 215283.5156 - val_loss: 0.0928 - val_mse: 231617.7500 - lr: 0.0050 - 14s/epoch - 74ms/step
Epoch 8/64

Epoch 8: val_loss did not improve from 0.09001
188/188 - 13s - loss: 0.0754 - mse: 215283.1406 - val_loss: 0.1091 - val_mse: 231611.3125 - lr: 0.0050 - 13s/epoch - 71ms/step
Epoch 9/64

Epoch 9: val_loss improved from 0.09001 to 0.08929, saving model to /p/scratch/deepacf/kiste/patakchiyousefi1//HPT/mse_8_0.01_1e-08_0.5_2_64_8_0.5_64.h5
188/188 - 13s - loss: 0.0743 - mse: 215284.1250 - val_loss: 0.0893 - val_mse: 231604.0312 - lr: 0.0025 - 13s/epoch - 71ms/step
Epoch 10/64

Epoch 10: val_loss did not improve from 0.08929
188/188 - 13s - loss: 0.0739 - mse: 215283.7500 - val_loss: 0.0901 - val_mse: 231596.2188 - lr: 0.0025 - 13s/epoch - 70ms/step
Epoch 11/64

Epoch 11: val_loss did not improve from 0.08929
188/188 - 14s - loss: 0.0733 - mse: 215283.6250 - val_loss: 0.0895 - val_mse: 231607.2188 - lr: 0.0025 - 14s/epoch - 75ms/step
Epoch 12/64

Epoch 12: val_loss did not improve from 0.08929
188/188 - 13s - loss: 0.0719 - mse: 215283.5625 - val_loss: 0.0903 - val_mse: 231593.2344 - lr: 0.0012 - 13s/epoch - 72ms/step
Epoch 13/64

Epoch 13: val_loss did not improve from 0.08929
188/188 - 13s - loss: 0.0718 - mse: 215283.2031 - val_loss: 0.0901 - val_mse: 231610.8750 - lr: 0.0012 - 13s/epoch - 70ms/step
Epoch 14/64

Epoch 14: val_loss improved from 0.08929 to 0.08918, saving model to /p/scratch/deepacf/kiste/patakchiyousefi1//HPT/mse_8_0.01_1e-08_0.5_2_64_8_0.5_64.h5
188/188 - 13s - loss: 0.0702 - mse: 215283.6875 - val_loss: 0.0892 - val_mse: 231590.4688 - lr: 6.2500e-04 - 13s/epoch - 70ms/step
Epoch 15/64

Epoch 15: val_loss improved from 0.08918 to 0.08892, saving model to /p/scratch/deepacf/kiste/patakchiyousefi1//HPT/mse_8_0.01_1e-08_0.5_2_64_8_0.5_64.h5
188/188 - 14s - loss: 0.0697 - mse: 215284.0625 - val_loss: 0.0889 - val_mse: 231600.4844 - lr: 6.2500e-04 - 14s/epoch - 75ms/step
Epoch 16/64

Epoch 16: val_loss did not improve from 0.08892
188/188 - 13s - loss: 0.0694 - mse: 215283.3906 - val_loss: 0.1024 - val_mse: 231600.6406 - lr: 6.2500e-04 - 13s/epoch - 70ms/step
Epoch 17/64

Epoch 17: val_loss did not improve from 0.08892
188/188 - 13s - loss: 0.0691 - mse: 215284.1562 - val_loss: 0.0892 - val_mse: 231602.9219 - lr: 6.2500e-04 - 13s/epoch - 70ms/step
Epoch 18/64

Epoch 18: val_loss did not improve from 0.08892
188/188 - 13s - loss: 0.0679 - mse: 215284.4375 - val_loss: 0.0899 - val_mse: 231602.0469 - lr: 3.1250e-04 - 13s/epoch - 70ms/step
Epoch 19/64

Epoch 19: val_loss did not improve from 0.08892
188/188 - 13s - loss: 0.0673 - mse: 215284.3594 - val_loss: 0.0889 - val_mse: 231602.4688 - lr: 3.1250e-04 - 13s/epoch - 71ms/step
Epoch 20/64

Epoch 20: val_loss did not improve from 0.08892
188/188 - 14s - loss: 0.0668 - mse: 215284.0938 - val_loss: 0.0892 - val_mse: 231599.7188 - lr: 1.5625e-04 - 14s/epoch - 75ms/step
Epoch 21/64

Epoch 21: val_loss did not improve from 0.08892
188/188 - 13s - loss: 0.0668 - mse: 215284.2656 - val_loss: 0.0892 - val_mse: 231603.8906 - lr: 1.5625e-04 - 13s/epoch - 69ms/step
Epoch 22/64
