train_data_hourly_pr_['HRES']_['HSAF']_MM_6__spatiotemporal_128.256_2020-07-01T13_2023-03-26T23_no_na
Data is available already
Loading training data...
mse_128_0.001_1e-14_0.5_2_8_8_0.1_64
Training the model...
Epoch 1/64

Epoch 1: val_loss improved from inf to 0.08476, saving model to /p/scratch/deepacf/kiste/patakchiyousefi1//HPT/mse_128_0.001_1e-14_0.5_2_8_8_0.1_64.h5
2696/2696 - 358s - loss: 0.1007 - mse: 0.2463 - val_loss: 0.0848 - val_mse: 0.2119 - lr: 0.0010 - 358s/epoch - 133ms/step
Epoch 2/64

Epoch 2: val_loss improved from 0.08476 to 0.07797, saving model to /p/scratch/deepacf/kiste/patakchiyousefi1//HPT/mse_128_0.001_1e-14_0.5_2_8_8_0.1_64.h5
2696/2696 - 330s - loss: 0.0897 - mse: 0.2195 - val_loss: 0.0780 - val_mse: 0.1949 - lr: 0.0010 - 330s/epoch - 122ms/step
Epoch 3/64

Epoch 3: val_loss did not improve from 0.07797
2696/2696 - 327s - loss: 0.0893 - mse: 0.2184 - val_loss: 0.0826 - val_mse: 0.2066 - lr: 0.0010 - 327s/epoch - 121ms/step
Epoch 4/64

Epoch 4: val_loss did not improve from 0.07797
2696/2696 - 326s - loss: 0.0885 - mse: 0.2166 - val_loss: 0.0793 - val_mse: 0.1982 - lr: 0.0010 - 326s/epoch - 121ms/step
Epoch 5/64

Epoch 5: val_loss improved from 0.07797 to 0.07703, saving model to /p/scratch/deepacf/kiste/patakchiyousefi1//HPT/mse_128_0.001_1e-14_0.5_2_8_8_0.1_64.h5
2696/2696 - 327s - loss: 0.0866 - mse: 0.2120 - val_loss: 0.0770 - val_mse: 0.1926 - lr: 5.0000e-04 - 327s/epoch - 121ms/step
Epoch 6/64

Epoch 6: val_loss did not improve from 0.07703
2696/2696 - 328s - loss: 0.0862 - mse: 0.2108 - val_loss: 0.0784 - val_mse: 0.1959 - lr: 5.0000e-04 - 328s/epoch - 122ms/step
Epoch 7/64

Epoch 7: val_loss improved from 0.07703 to 0.07628, saving model to /p/scratch/deepacf/kiste/patakchiyousefi1//HPT/mse_128_0.001_1e-14_0.5_2_8_8_0.1_64.h5
2696/2696 - 328s - loss: 0.0856 - mse: 0.2095 - val_loss: 0.0763 - val_mse: 0.1907 - lr: 5.0000e-04 - 328s/epoch - 122ms/step
Epoch 8/64

Epoch 8: val_loss did not improve from 0.07628
2696/2696 - 327s - loss: 0.0850 - mse: 0.2080 - val_loss: 0.0776 - val_mse: 0.1941 - lr: 5.0000e-04 - 327s/epoch - 121ms/step
Epoch 9/64

Epoch 9: val_loss did not improve from 0.07628
2696/2696 - 328s - loss: 0.0846 - mse: 0.2069 - val_loss: 0.0770 - val_mse: 0.1924 - lr: 5.0000e-04 - 328s/epoch - 122ms/step
Epoch 10/64

Epoch 10: val_loss did not improve from 0.07628
2696/2696 - 327s - loss: 0.0827 - mse: 0.2024 - val_loss: 0.0766 - val_mse: 0.1916 - lr: 2.5000e-04 - 327s/epoch - 121ms/step
Epoch 11/64

Epoch 11: val_loss did not improve from 0.07628
2696/2696 - 327s - loss: 0.0817 - mse: 0.2000 - val_loss: 0.0768 - val_mse: 0.1920 - lr: 2.5000e-04 - 327s/epoch - 121ms/step
Epoch 12/64

Epoch 12: val_loss did not improve from 0.07628
2696/2696 - 327s - loss: 0.0800 - mse: 0.1957 - val_loss: 0.0781 - val_mse: 0.1953 - lr: 1.2500e-04 - 327s/epoch - 121ms/step
Epoch 13/64

Epoch 13: val_loss did not improve from 0.07628
2696/2696 - 328s - loss: 0.0788 - mse: 0.1929 - val_loss: 0.0777 - val_mse: 0.1942 - lr: 1.2500e-04 - 328s/epoch - 122ms/step
Epoch 14/64

Epoch 14: val_loss improved from 0.07628 to 0.07592, saving model to /p/scratch/deepacf/kiste/patakchiyousefi1//HPT/mse_128_0.001_1e-14_0.5_2_8_8_0.1_64.h5
2696/2696 - 328s - loss: 0.0775 - mse: 0.1896 - val_loss: 0.0759 - val_mse: 0.1898 - lr: 6.2500e-05 - 328s/epoch - 122ms/step
Epoch 15/64

Epoch 15: val_loss did not improve from 0.07592
2696/2696 - 327s - loss: 0.0769 - mse: 0.1882 - val_loss: 0.0773 - val_mse: 0.1932 - lr: 6.2500e-05 - 327s/epoch - 121ms/step
Epoch 16/64

Epoch 16: val_loss did not improve from 0.07592
2696/2696 - 327s - loss: 0.0765 - mse: 0.1871 - val_loss: 0.0769 - val_mse: 0.1923 - lr: 6.2500e-05 - 327s/epoch - 121ms/step
Epoch 17/64

Epoch 17: val_loss did not improve from 0.07592
2696/2696 - 326s - loss: 0.0754 - mse: 0.1846 - val_loss: 0.0769 - val_mse: 0.1923 - lr: 3.1250e-05 - 326s/epoch - 121ms/step
Epoch 18/64

Epoch 18: val_loss did not improve from 0.07592
2696/2696 - 327s - loss: 0.0749 - mse: 0.1832 - val_loss: 0.0780 - val_mse: 0.1951 - lr: 3.1250e-05 - 327s/epoch - 121ms/step
Epoch 19/64

Epoch 19: val_loss did not improve from 0.07592
2696/2696 - 326s - loss: 0.0746 - mse: 0.1825 - val_loss: 0.0783 - val_mse: 0.1958 - lr: 1.5625e-05 - 326s/epoch - 121ms/step
Epoch 20/64

Epoch 20: val_loss did not improve from 0.07592
2696/2696 - 326s - loss: 0.0743 - mse: 0.1819 - val_loss: 0.0777 - val_mse: 0.1944 - lr: 1.5625e-05 - 326s/epoch - 121ms/step
Epoch 21/64

Epoch 21: val_loss did not improve from 0.07592
2696/2696 - 326s - loss: 0.0740 - mse: 0.1810 - val_loss: 0.0777 - val_mse: 0.1944 - lr: 7.8125e-06 - 326s/epoch - 121ms/step
Epoch 22/64

Epoch 22: val_loss did not improve from 0.07592
2696/2696 - 328s - loss: 0.0741 - mse: 0.1813 - val_loss: 0.0773 - val_mse: 0.1932 - lr: 7.8125e-06 - 328s/epoch - 122ms/step
Saving and plotting the results...
