train_data_hourly_pr_['HRES']_['HSAF']_MM_6__spatiotemporal_128.256_2020-07-01T13_2023-03-26T23_no_na
Data is available already
Loading training data...
mse_16_0.01_1e-08_0.9_2_4_8_0.5_64
Training the model...
Epoch 1/64

Epoch 1: val_loss improved from inf to 0.09534, saving model to /p/scratch/deepacf/kiste/patakchiyousefi1//HPT/mse_16_0.01_1e-08_0.9_2_4_8_0.5_64.h5
2996/2996 - 64s - loss: 0.0887 - mse: 215286.2969 - val_loss: 0.0953 - val_mse: 231630.7656 - lr: 0.0100 - 64s/epoch - 21ms/step
Epoch 2/64

Epoch 2: val_loss improved from 0.09534 to 0.09322, saving model to /p/scratch/deepacf/kiste/patakchiyousefi1//HPT/mse_16_0.01_1e-08_0.9_2_4_8_0.5_64.h5
2996/2996 - 43s - loss: 0.0844 - mse: 215286.2500 - val_loss: 0.0932 - val_mse: 231589.0156 - lr: 0.0100 - 43s/epoch - 14ms/step
Epoch 3/64

Epoch 3: val_loss improved from 0.09322 to 0.09278, saving model to /p/scratch/deepacf/kiste/patakchiyousefi1//HPT/mse_16_0.01_1e-08_0.9_2_4_8_0.5_64.h5
2996/2996 - 42s - loss: 0.0837 - mse: 215286.2812 - val_loss: 0.0928 - val_mse: 231615.2969 - lr: 0.0100 - 42s/epoch - 14ms/step
Epoch 4/64

Epoch 4: val_loss did not improve from 0.09278
2996/2996 - 41s - loss: 0.0834 - mse: 215286.2188 - val_loss: 0.1090 - val_mse: 231588.2188 - lr: 0.0100 - 41s/epoch - 14ms/step
Epoch 5/64

Epoch 5: val_loss improved from 0.09278 to 0.09143, saving model to /p/scratch/deepacf/kiste/patakchiyousefi1//HPT/mse_16_0.01_1e-08_0.9_2_4_8_0.5_64.h5
2996/2996 - 41s - loss: 0.0833 - mse: 215286.3594 - val_loss: 0.0914 - val_mse: 231577.4531 - lr: 0.0100 - 41s/epoch - 14ms/step
Epoch 6/64

Epoch 6: val_loss did not improve from 0.09143
2996/2996 - 41s - loss: 0.0828 - mse: 215286.1250 - val_loss: 0.0931 - val_mse: 231606.1719 - lr: 0.0100 - 41s/epoch - 14ms/step
Epoch 7/64

Epoch 7: val_loss did not improve from 0.09143
2996/2996 - 41s - loss: 0.0820 - mse: 215285.7188 - val_loss: 0.0916 - val_mse: 231623.0469 - lr: 0.0100 - 41s/epoch - 14ms/step
Epoch 8/64

Epoch 8: val_loss did not improve from 0.09143
2996/2996 - 41s - loss: 0.0817 - mse: 215286.3906 - val_loss: 0.1214 - val_mse: 231590.7188 - lr: 0.0090 - 41s/epoch - 14ms/step
Epoch 9/64

Epoch 9: val_loss improved from 0.09143 to 0.09122, saving model to /p/scratch/deepacf/kiste/patakchiyousefi1//HPT/mse_16_0.01_1e-08_0.9_2_4_8_0.5_64.h5
2996/2996 - 41s - loss: 0.0812 - mse: 215286.3438 - val_loss: 0.0912 - val_mse: 231611.7188 - lr: 0.0090 - 41s/epoch - 14ms/step
Epoch 10/64

Epoch 10: val_loss improved from 0.09122 to 0.09046, saving model to /p/scratch/deepacf/kiste/patakchiyousefi1//HPT/mse_16_0.01_1e-08_0.9_2_4_8_0.5_64.h5
2996/2996 - 40s - loss: 0.0805 - mse: 215286.9375 - val_loss: 0.0905 - val_mse: 231582.2188 - lr: 0.0090 - 40s/epoch - 13ms/step
Epoch 11/64

Epoch 11: val_loss did not improve from 0.09046
2996/2996 - 39s - loss: 0.0805 - mse: 215286.2188 - val_loss: 0.0917 - val_mse: 231615.0625 - lr: 0.0090 - 39s/epoch - 13ms/step
Epoch 12/64

Epoch 12: val_loss did not improve from 0.09046
2996/2996 - 41s - loss: 0.0798 - mse: 215286.4219 - val_loss: 0.1028 - val_mse: 231603.3438 - lr: 0.0090 - 41s/epoch - 14ms/step
Epoch 13/64

Epoch 13: val_loss did not improve from 0.09046
2996/2996 - 41s - loss: 0.0789 - mse: 215286.5000 - val_loss: 0.0916 - val_mse: 231577.2656 - lr: 0.0081 - 41s/epoch - 14ms/step
Epoch 14/64

Epoch 14: val_loss did not improve from 0.09046
2996/2996 - 43s - loss: 0.0788 - mse: 215286.2500 - val_loss: 0.0956 - val_mse: 231644.2344 - lr: 0.0081 - 43s/epoch - 14ms/step
Epoch 15/64

Epoch 15: val_loss improved from 0.09046 to 0.08910, saving model to /p/scratch/deepacf/kiste/patakchiyousefi1//HPT/mse_16_0.01_1e-08_0.9_2_4_8_0.5_64.h5
2996/2996 - 43s - loss: 0.0771 - mse: 215286.5000 - val_loss: 0.0891 - val_mse: 231599.7656 - lr: 0.0073 - 43s/epoch - 14ms/step
Epoch 16/64

Epoch 16: val_loss did not improve from 0.08910
2996/2996 - 43s - loss: 0.0763 - mse: 215285.7812 - val_loss: 0.0910 - val_mse: 231622.2031 - lr: 0.0073 - 43s/epoch - 14ms/step
Epoch 17/64

Epoch 17: val_loss did not improve from 0.08910
2996/2996 - 41s - loss: 0.0753 - mse: 215287.1406 - val_loss: 0.0907 - val_mse: 231617.1094 - lr: 0.0073 - 41s/epoch - 14ms/step
Epoch 18/64

Epoch 18: val_loss did not improve from 0.08910
2996/2996 - 39s - loss: 0.0746 - mse: 215287.1094 - val_loss: 0.0940 - val_mse: 231629.0000 - lr: 0.0066 - 39s/epoch - 13ms/step
Epoch 19/64

Epoch 19: val_loss did not improve from 0.08910
2996/2996 - 39s - loss: 0.0741 - mse: 215287.3750 - val_loss: 0.0940 - val_mse: 231647.0312 - lr: 0.0066 - 39s/epoch - 13ms/step
Epoch 20/64

Epoch 20: val_loss did not improve from 0.08910
2996/2996 - 39s - loss: 0.0726 - mse: 215287.7500 - val_loss: 0.0954 - val_mse: 231595.4062 - lr: 0.0059 - 39s/epoch - 13ms/step
Epoch 21/64

Epoch 21: val_loss did not improve from 0.08910
2996/2996 - 39s - loss: 0.0717 - mse: 215287.4375 - val_loss: 0.0906 - val_mse: 231610.0312 - lr: 0.0059 - 39s/epoch - 13ms/step
Epoch 22/64
