train_data_hourly_pr_['HRES']_['HSAF']_MM_6__spatiotemporal_128.256_2020-07-01T13_2023-03-26T23_no_na
Data is available already
Loading training data...
mse_64_0.01_1e-08_0.1_2_1_8_0.5_64
Training the model...
Epoch 1/64

Epoch 1: val_loss improved from inf to 0.22489, saving model to /p/scratch/deepacf/kiste/patakchiyousefi1//HPT/mse_64_0.01_1e-08_0.1_2_1_8_0.5_64.h5
11982/11982 - 190s - loss: 0.1027 - mse: 215289.1250 - val_loss: 0.2249 - val_mse: 231472.8906 - lr: 0.0100 - 190s/epoch - 16ms/step
Epoch 2/64

Epoch 2: val_loss improved from 0.22489 to 0.16997, saving model to /p/scratch/deepacf/kiste/patakchiyousefi1//HPT/mse_64_0.01_1e-08_0.1_2_1_8_0.5_64.h5
11982/11982 - 171s - loss: 0.0944 - mse: 215290.8438 - val_loss: 0.1700 - val_mse: 231616.2188 - lr: 0.0100 - 171s/epoch - 14ms/step
Epoch 3/64

Epoch 3: val_loss did not improve from 0.16997
11982/11982 - 170s - loss: 0.0933 - mse: 215291.8906 - val_loss: 0.1799 - val_mse: 231609.8281 - lr: 0.0100 - 170s/epoch - 14ms/step
Epoch 4/64

Epoch 4: val_loss did not improve from 0.16997
11982/11982 - 170s - loss: 0.0919 - mse: 215292.5000 - val_loss: 0.2174 - val_mse: 231641.2656 - lr: 0.0100 - 170s/epoch - 14ms/step
Epoch 5/64

Epoch 5: val_loss improved from 0.16997 to 0.16241, saving model to /p/scratch/deepacf/kiste/patakchiyousefi1//HPT/mse_64_0.01_1e-08_0.1_2_1_8_0.5_64.h5
11982/11982 - 170s - loss: 0.0880 - mse: 215292.9062 - val_loss: 0.1624 - val_mse: 231666.7969 - lr: 1.0000e-03 - 170s/epoch - 14ms/step
Epoch 6/64

Epoch 6: val_loss improved from 0.16241 to 0.16049, saving model to /p/scratch/deepacf/kiste/patakchiyousefi1//HPT/mse_64_0.01_1e-08_0.1_2_1_8_0.5_64.h5
11982/11982 - 170s - loss: 0.0867 - mse: 215289.9375 - val_loss: 0.1605 - val_mse: 231665.3594 - lr: 1.0000e-03 - 170s/epoch - 14ms/step
Epoch 7/64

Epoch 7: val_loss improved from 0.16049 to 0.15330, saving model to /p/scratch/deepacf/kiste/patakchiyousefi1//HPT/mse_64_0.01_1e-08_0.1_2_1_8_0.5_64.h5
11982/11982 - 173s - loss: 0.0856 - mse: 215287.7812 - val_loss: 0.1533 - val_mse: 231649.0312 - lr: 1.0000e-03 - 173s/epoch - 14ms/step
Epoch 8/64

Epoch 8: val_loss did not improve from 0.15330
11982/11982 - 173s - loss: 0.0847 - mse: 215287.9688 - val_loss: 0.1558 - val_mse: 231624.8281 - lr: 1.0000e-03 - 173s/epoch - 14ms/step
Epoch 9/64

Epoch 9: val_loss did not improve from 0.15330
11982/11982 - 175s - loss: 0.0840 - mse: 215287.4375 - val_loss: 0.1588 - val_mse: 231683.1406 - lr: 1.0000e-03 - 175s/epoch - 15ms/step
Epoch 10/64

Epoch 10: val_loss improved from 0.15330 to 0.14419, saving model to /p/scratch/deepacf/kiste/patakchiyousefi1//HPT/mse_64_0.01_1e-08_0.1_2_1_8_0.5_64.h5
11982/11982 - 176s - loss: 0.0823 - mse: 215287.5625 - val_loss: 0.1442 - val_mse: 231659.1250 - lr: 1.0000e-04 - 176s/epoch - 15ms/step
Epoch 11/64

Epoch 11: val_loss improved from 0.14419 to 0.14206, saving model to /p/scratch/deepacf/kiste/patakchiyousefi1//HPT/mse_64_0.01_1e-08_0.1_2_1_8_0.5_64.h5
11982/11982 - 175s - loss: 0.0819 - mse: 215286.4531 - val_loss: 0.1421 - val_mse: 231670.4219 - lr: 1.0000e-04 - 175s/epoch - 15ms/step
Epoch 12/64

Epoch 12: val_loss improved from 0.14206 to 0.14131, saving model to /p/scratch/deepacf/kiste/patakchiyousefi1//HPT/mse_64_0.01_1e-08_0.1_2_1_8_0.5_64.h5
11982/11982 - 174s - loss: 0.0817 - mse: 215286.8125 - val_loss: 0.1413 - val_mse: 231635.8594 - lr: 1.0000e-04 - 174s/epoch - 14ms/step
Epoch 13/64

Epoch 13: val_loss did not improve from 0.14131
11982/11982 - 175s - loss: 0.0815 - mse: 215287.4375 - val_loss: 0.1429 - val_mse: 231645.1719 - lr: 1.0000e-04 - 175s/epoch - 15ms/step
Epoch 14/64

Epoch 14: val_loss improved from 0.14131 to 0.14100, saving model to /p/scratch/deepacf/kiste/patakchiyousefi1//HPT/mse_64_0.01_1e-08_0.1_2_1_8_0.5_64.h5
11982/11982 - 174s - loss: 0.0812 - mse: 215286.8750 - val_loss: 0.1410 - val_mse: 231642.3750 - lr: 1.0000e-04 - 174s/epoch - 15ms/step
Epoch 15/64

Epoch 15: val_loss improved from 0.14100 to 0.14083, saving model to /p/scratch/deepacf/kiste/patakchiyousefi1//HPT/mse_64_0.01_1e-08_0.1_2_1_8_0.5_64.h5
11982/11982 - 173s - loss: 0.0810 - mse: 215286.1250 - val_loss: 0.1408 - val_mse: 231647.0469 - lr: 1.0000e-04 - 173s/epoch - 14ms/step
Epoch 16/64

Epoch 16: val_loss improved from 0.14083 to 0.13893, saving model to /p/scratch/deepacf/kiste/patakchiyousefi1//HPT/mse_64_0.01_1e-08_0.1_2_1_8_0.5_64.h5
11982/11982 - 174s - loss: 0.0808 - mse: 215287.1406 - val_loss: 0.1389 - val_mse: 231650.4062 - lr: 1.0000e-04 - 174s/epoch - 15ms/step
Epoch 17/64

Epoch 17: val_loss improved from 0.13893 to 0.13792, saving model to /p/scratch/deepacf/kiste/patakchiyousefi1//HPT/mse_64_0.01_1e-08_0.1_2_1_8_0.5_64.h5
11982/11982 - 174s - loss: 0.0807 - mse: 215286.1562 - val_loss: 0.1379 - val_mse: 231652.4375 - lr: 1.0000e-04 - 174s/epoch - 15ms/step
Epoch 18/64

Epoch 18: val_loss did not improve from 0.13792
11982/11982 - 173s - loss: 0.0805 - mse: 215286.7969 - val_loss: 0.1392 - val_mse: 231644.9062 - lr: 1.0000e-04 - 173s/epoch - 14ms/step
Epoch 19/64

Epoch 19: val_loss did not improve from 0.13792
11982/11982 - 172s - loss: 0.0803 - mse: 215287.1406 - val_loss: 0.1429 - val_mse: 231636.2969 - lr: 1.0000e-04 - 172s/epoch - 14ms/step
Epoch 20/64

Epoch 20: val_loss did not improve from 0.13792
11982/11982 - 172s - loss: 0.0799 - mse: 215286.8750 - val_loss: 0.1386 - val_mse: 231646.1562 - lr: 1.0000e-05 - 172s/epoch - 14ms/step
Epoch 21/64

Epoch 21: val_loss did not improve from 0.13792
11982/11982 - 173s - loss: 0.0798 - mse: 215287.1719 - val_loss: 0.1387 - val_mse: 231635.7188 - lr: 1.0000e-05 - 173s/epoch - 14ms/step
Epoch 22/64

Epoch 22: val_loss improved from 0.13792 to 0.13694, saving model to /p/scratch/deepacf/kiste/patakchiyousefi1//HPT/mse_64_0.01_1e-08_0.1_2_1_8_0.5_64.h5
11982/11982 - 172s - loss: 0.0798 - mse: 215285.9844 - val_loss: 0.1369 - val_mse: 231645.1875 - lr: 1.0000e-06 - 172s/epoch - 14ms/step
Epoch 23/64

Epoch 23: val_loss did not improve from 0.13694
11982/11982 - 171s - loss: 0.0798 - mse: 215287.5781 - val_loss: 0.1395 - val_mse: 231632.4062 - lr: 1.0000e-06 - 171s/epoch - 14ms/step
Epoch 24/64

Epoch 24: val_loss did not improve from 0.13694
11982/11982 - 171s - loss: 0.0798 - mse: 215287.5156 - val_loss: 0.1399 - val_mse: 231641.1250 - lr: 1.0000e-06 - 171s/epoch - 14ms/step
Epoch 25/64

Epoch 25: val_loss improved from 0.13694 to 0.13634, saving model to /p/scratch/deepacf/kiste/patakchiyousefi1//HPT/mse_64_0.01_1e-08_0.1_2_1_8_0.5_64.h5
11982/11982 - 172s - loss: 0.0798 - mse: 215286.9688 - val_loss: 0.1363 - val_mse: 231651.3594 - lr: 1.0000e-07 - 172s/epoch - 14ms/step
Epoch 26/64

Epoch 26: val_loss did not improve from 0.13634
11982/11982 - 171s - loss: 0.0798 - mse: 215287.3438 - val_loss: 0.1383 - val_mse: 231639.6406 - lr: 1.0000e-07 - 171s/epoch - 14ms/step
Epoch 27/64

Epoch 27: val_loss did not improve from 0.13634
11982/11982 - 171s - loss: 0.0798 - mse: 215287.2188 - val_loss: 0.1378 - val_mse: 231653.5938 - lr: 1.0000e-07 - 171s/epoch - 14ms/step
Epoch 28/64

Epoch 28: val_loss did not improve from 0.13634
11982/11982 - 171s - loss: 0.0798 - mse: 215286.8750 - val_loss: 0.1364 - val_mse: 231635.7656 - lr: 1.0000e-08 - 171s/epoch - 14ms/step
Epoch 29/64

Epoch 29: val_loss improved from 0.13634 to 0.13496, saving model to /p/scratch/deepacf/kiste/patakchiyousefi1//HPT/mse_64_0.01_1e-08_0.1_2_1_8_0.5_64.h5
11982/11982 - 170s - loss: 0.0798 - mse: 215287.2031 - val_loss: 0.1350 - val_mse: 231634.9688 - lr: 1.0000e-08 - 170s/epoch - 14ms/step
Epoch 30/64

Epoch 30: val_loss did not improve from 0.13496
11982/11982 - 169s - loss: 0.0798 - mse: 215287.2031 - val_loss: 0.1371 - val_mse: 231640.2969 - lr: 1.0000e-08 - 169s/epoch - 14ms/step
Epoch 31/64

Epoch 31: val_loss did not improve from 0.13496
11982/11982 - 171s - loss: 0.0798 - mse: 215287.0625 - val_loss: 0.1380 - val_mse: 231644.8750 - lr: 1.0000e-08 - 171s/epoch - 14ms/step
Epoch 32/64

Epoch 32: val_loss did not improve from 0.13496
11982/11982 - 171s - loss: 0.0798 - mse: 215287.4062 - val_loss: 0.1376 - val_mse: 231634.4219 - lr: 1.0000e-08 - 171s/epoch - 14ms/step
Epoch 33/64

Epoch 33: val_loss did not improve from 0.13496
11982/11982 - 171s - loss: 0.0798 - mse: 215288.0469 - val_loss: 0.1378 - val_mse: 231640.3125 - lr: 1.0000e-08 - 171s/epoch - 14ms/step
Epoch 34/64

Epoch 34: val_loss did not improve from 0.13496
11982/11982 - 171s - loss: 0.0798 - mse: 215287.3438 - val_loss: 0.1373 - val_mse: 231638.4375 - lr: 1.0000e-08 - 171s/epoch - 14ms/step
Epoch 35/64

Epoch 35: val_loss did not improve from 0.13496
11982/11982 - 172s - loss: 0.0798 - mse: 215287.8750 - val_loss: 0.1367 - val_mse: 231644.0625 - lr: 1.0000e-08 - 172s/epoch - 14ms/step
Epoch 36/64

Epoch 36: val_loss did not improve from 0.13496
11982/11982 - 171s - loss: 0.0798 - mse: 215286.9375 - val_loss: 0.1365 - val_mse: 231648.7969 - lr: 1.0000e-08 - 171s/epoch - 14ms/step
Epoch 37/64

Epoch 37: val_loss did not improve from 0.13496
11982/11982 - 171s - loss: 0.0798 - mse: 215288.1562 - val_loss: 0.1373 - val_mse: 231639.5625 - lr: 1.0000e-08 - 171s/epoch - 14ms/step
Saving and plotting the results...
