train_data_hourly_pr_['HRES']_['HSAF']_MM_6__spatiotemporal_128.256_2020-07-01T13_2023-03-26T23_no_na
Data is available already
Loading training data...
mse_16_0.0001_None_0.5_2_16_8_0.5_64
Training the model...
Epoch 1/64

Epoch 1: val_loss improved from inf to 0.10606, saving model to /p/scratch/deepacf/kiste/patakchiyousefi1//HPT/mse_16_0.0001_None_0.5_2_16_8_0.5_64.h5
749/749 - 43s - loss: 0.1036 - val_loss: 0.1061 - lr: 1.0000e-04 - 43s/epoch - 57ms/step
Epoch 2/64

Epoch 2: val_loss improved from 0.10606 to 0.10309, saving model to /p/scratch/deepacf/kiste/patakchiyousefi1//HPT/mse_16_0.0001_None_0.5_2_16_8_0.5_64.h5
749/749 - 23s - loss: 0.0920 - val_loss: 0.1031 - lr: 1.0000e-04 - 23s/epoch - 30ms/step
Epoch 3/64

Epoch 3: val_loss improved from 0.10309 to 0.10142, saving model to /p/scratch/deepacf/kiste/patakchiyousefi1//HPT/mse_16_0.0001_None_0.5_2_16_8_0.5_64.h5
749/749 - 22s - loss: 0.0904 - val_loss: 0.1014 - lr: 1.0000e-04 - 22s/epoch - 30ms/step
Epoch 4/64

Epoch 4: val_loss improved from 0.10142 to 0.10079, saving model to /p/scratch/deepacf/kiste/patakchiyousefi1//HPT/mse_16_0.0001_None_0.5_2_16_8_0.5_64.h5
749/749 - 22s - loss: 0.0895 - val_loss: 0.1008 - lr: 1.0000e-04 - 22s/epoch - 29ms/step
Epoch 5/64

Epoch 5: val_loss improved from 0.10079 to 0.10022, saving model to /p/scratch/deepacf/kiste/patakchiyousefi1//HPT/mse_16_0.0001_None_0.5_2_16_8_0.5_64.h5
749/749 - 22s - loss: 0.0890 - val_loss: 0.1002 - lr: 1.0000e-04 - 22s/epoch - 30ms/step
Epoch 6/64

Epoch 6: val_loss improved from 0.10022 to 0.09964, saving model to /p/scratch/deepacf/kiste/patakchiyousefi1//HPT/mse_16_0.0001_None_0.5_2_16_8_0.5_64.h5
749/749 - 22s - loss: 0.0885 - val_loss: 0.0996 - lr: 1.0000e-04 - 22s/epoch - 29ms/step
Epoch 7/64

Epoch 7: val_loss improved from 0.09964 to 0.09926, saving model to /p/scratch/deepacf/kiste/patakchiyousefi1//HPT/mse_16_0.0001_None_0.5_2_16_8_0.5_64.h5
749/749 - 30s - loss: 0.0879 - val_loss: 0.0993 - lr: 1.0000e-04 - 30s/epoch - 39ms/step
Epoch 8/64

Epoch 8: val_loss improved from 0.09926 to 0.09894, saving model to /p/scratch/deepacf/kiste/patakchiyousefi1//HPT/mse_16_0.0001_None_0.5_2_16_8_0.5_64.h5
749/749 - 22s - loss: 0.0876 - val_loss: 0.0989 - lr: 1.0000e-04 - 22s/epoch - 29ms/step
Epoch 9/64

Epoch 9: val_loss did not improve from 0.09894
749/749 - 22s - loss: 0.0868 - val_loss: 0.0997 - lr: 1.0000e-04 - 22s/epoch - 29ms/step
Epoch 10/64

Epoch 10: val_loss did not improve from 0.09894
749/749 - 22s - loss: 0.0859 - val_loss: 0.0996 - lr: 1.0000e-04 - 22s/epoch - 29ms/step
Epoch 11/64

Epoch 11: val_loss did not improve from 0.09894
749/749 - 22s - loss: 0.0849 - val_loss: 0.0994 - lr: 1.0000e-04 - 22s/epoch - 29ms/step
Epoch 12/64

Epoch 12: val_loss did not improve from 0.09894
749/749 - 22s - loss: 0.0835 - val_loss: 0.0994 - lr: 1.0000e-04 - 22s/epoch - 29ms/step
Epoch 13/64

Epoch 13: val_loss improved from 0.09894 to 0.09858, saving model to /p/scratch/deepacf/kiste/patakchiyousefi1//HPT/mse_16_0.0001_None_0.5_2_16_8_0.5_64.h5
749/749 - 22s - loss: 0.0825 - val_loss: 0.0986 - lr: 1.0000e-04 - 22s/epoch - 29ms/step
Epoch 14/64

Epoch 14: val_loss did not improve from 0.09858
749/749 - 22s - loss: 0.0816 - val_loss: 0.0987 - lr: 1.0000e-04 - 22s/epoch - 29ms/step
Epoch 15/64

Epoch 15: val_loss improved from 0.09858 to 0.09779, saving model to /p/scratch/deepacf/kiste/patakchiyousefi1//HPT/mse_16_0.0001_None_0.5_2_16_8_0.5_64.h5
749/749 - 22s - loss: 0.0800 - val_loss: 0.0978 - lr: 1.0000e-04 - 22s/epoch - 29ms/step
Epoch 16/64

Epoch 16: val_loss did not improve from 0.09779
749/749 - 21s - loss: 0.0790 - val_loss: 0.0984 - lr: 1.0000e-04 - 21s/epoch - 29ms/step
Epoch 17/64

Epoch 17: val_loss did not improve from 0.09779
749/749 - 22s - loss: 0.0780 - val_loss: 0.0980 - lr: 1.0000e-04 - 22s/epoch - 29ms/step
Epoch 18/64
