train_data_hourly_pr_['HRES']_['HSAF']_MM_6__spatiotemporal_128.256_2020-07-01T13_2023-03-26T23_no_na
Data is available already
Loading training data...
mse_16_0.1_1e-05_0.1_2_4_8_0.5_64
Training the model...
Epoch 1/64

Epoch 1: val_loss improved from inf to 0.24690, saving model to /p/scratch/deepacf/kiste/patakchiyousefi1//HPT/mse_16_0.1_1e-05_0.1_2_4_8_0.5_64.h5
2996/2996 - 61s - loss: 1708.5592 - mse: 566554.5625 - val_loss: 0.2469 - val_mse: 587348.3125 - lr: 0.1000 - 61s/epoch - 21ms/step
Epoch 2/64

Epoch 2: val_loss did not improve from 0.24690
2996/2996 - 39s - loss: 0.1314 - mse: 571245.0000 - val_loss: 0.9427 - val_mse: 580731.3125 - lr: 0.1000 - 39s/epoch - 13ms/step
Epoch 3/64

Epoch 3: val_loss improved from 0.24690 to 0.01904, saving model to /p/scratch/deepacf/kiste/patakchiyousefi1//HPT/mse_16_0.1_1e-05_0.1_2_4_8_0.5_64.h5
2996/2996 - 41s - loss: 2.0765 - mse: 563510.2500 - val_loss: 0.0190 - val_mse: 567941.5625 - lr: 0.1000 - 41s/epoch - 14ms/step
Epoch 4/64

Epoch 4: val_loss did not improve from 0.01904
2996/2996 - 41s - loss: 5.3437 - mse: 563322.6875 - val_loss: 0.0195 - val_mse: 572284.2500 - lr: 0.1000 - 41s/epoch - 14ms/step
Epoch 5/64

Epoch 5: val_loss did not improve from 0.01904
2996/2996 - 41s - loss: 0.9329 - mse: 567069.6875 - val_loss: 0.1740 - val_mse: 575972.7500 - lr: 0.1000 - 41s/epoch - 14ms/step
Epoch 6/64

Epoch 6: val_loss improved from 0.01904 to 0.00053, saving model to /p/scratch/deepacf/kiste/patakchiyousefi1//HPT/mse_16_0.1_1e-05_0.1_2_4_8_0.5_64.h5
2996/2996 - 40s - loss: 0.0015 - mse: 566895.5000 - val_loss: 5.2578e-04 - val_mse: 573974.4375 - lr: 0.0100 - 40s/epoch - 13ms/step
Epoch 7/64
