train_data_hourly_pr_['HRES']_['HSAF']_MM_6__spatiotemporal_128.256_2020-07-01T13_2023-03-26T23_no_na
Data is available already
Loading training data...
mse_16_1e-06_None_0.1_2_32_8_0.5_64
Training the model...
Epoch 1/64

Epoch 1: val_loss improved from inf to 0.28416, saving model to /p/scratch/deepacf/kiste/patakchiyousefi1//HPT/mse_16_1e-06_None_0.1_2_32_8_0.5_64.h5
375/375 - 48s - loss: 0.7694 - val_loss: 0.2842 - lr: 1.0000e-06 - 48s/epoch - 129ms/step
Epoch 2/64

Epoch 2: val_loss did not improve from 0.28416
375/375 - 19s - loss: 0.4097 - val_loss: 0.3976 - lr: 1.0000e-06 - 19s/epoch - 51ms/step
Epoch 3/64

Epoch 3: val_loss improved from 0.28416 to 0.28381, saving model to /p/scratch/deepacf/kiste/patakchiyousefi1//HPT/mse_16_1e-06_None_0.1_2_32_8_0.5_64.h5
375/375 - 20s - loss: 0.2625 - val_loss: 0.2838 - lr: 1.0000e-06 - 20s/epoch - 53ms/step
Epoch 4/64

Epoch 4: val_loss improved from 0.28381 to 0.23215, saving model to /p/scratch/deepacf/kiste/patakchiyousefi1//HPT/mse_16_1e-06_None_0.1_2_32_8_0.5_64.h5
375/375 - 20s - loss: 0.2064 - val_loss: 0.2321 - lr: 1.0000e-06 - 20s/epoch - 52ms/step
Epoch 5/64

Epoch 5: val_loss improved from 0.23215 to 0.20371, saving model to /p/scratch/deepacf/kiste/patakchiyousefi1//HPT/mse_16_1e-06_None_0.1_2_32_8_0.5_64.h5
375/375 - 19s - loss: 0.1771 - val_loss: 0.2037 - lr: 1.0000e-06 - 19s/epoch - 51ms/step
Epoch 6/64

Epoch 6: val_loss improved from 0.20371 to 0.18551, saving model to /p/scratch/deepacf/kiste/patakchiyousefi1//HPT/mse_16_1e-06_None_0.1_2_32_8_0.5_64.h5
375/375 - 20s - loss: 0.1590 - val_loss: 0.1855 - lr: 1.0000e-06 - 20s/epoch - 52ms/step
Epoch 7/64

Epoch 7: val_loss improved from 0.18551 to 0.17262, saving model to /p/scratch/deepacf/kiste/patakchiyousefi1//HPT/mse_16_1e-06_None_0.1_2_32_8_0.5_64.h5
375/375 - 19s - loss: 0.1467 - val_loss: 0.1726 - lr: 1.0000e-06 - 19s/epoch - 52ms/step
Epoch 8/64

Epoch 8: val_loss improved from 0.17262 to 0.16285, saving model to /p/scratch/deepacf/kiste/patakchiyousefi1//HPT/mse_16_1e-06_None_0.1_2_32_8_0.5_64.h5
375/375 - 19s - loss: 0.1378 - val_loss: 0.1629 - lr: 1.0000e-06 - 19s/epoch - 52ms/step
Epoch 9/64

Epoch 9: val_loss improved from 0.16285 to 0.15508, saving model to /p/scratch/deepacf/kiste/patakchiyousefi1//HPT/mse_16_1e-06_None_0.1_2_32_8_0.5_64.h5
375/375 - 19s - loss: 0.1310 - val_loss: 0.1551 - lr: 1.0000e-06 - 19s/epoch - 52ms/step
Epoch 10/64

Epoch 10: val_loss improved from 0.15508 to 0.14865, saving model to /p/scratch/deepacf/kiste/patakchiyousefi1//HPT/mse_16_1e-06_None_0.1_2_32_8_0.5_64.h5
375/375 - 19s - loss: 0.1256 - val_loss: 0.1486 - lr: 1.0000e-06 - 19s/epoch - 51ms/step
Epoch 11/64

Epoch 11: val_loss improved from 0.14865 to 0.14325, saving model to /p/scratch/deepacf/kiste/patakchiyousefi1//HPT/mse_16_1e-06_None_0.1_2_32_8_0.5_64.h5
375/375 - 19s - loss: 0.1212 - val_loss: 0.1432 - lr: 1.0000e-06 - 19s/epoch - 51ms/step
Epoch 12/64

Epoch 12: val_loss improved from 0.14325 to 0.13857, saving model to /p/scratch/deepacf/kiste/patakchiyousefi1//HPT/mse_16_1e-06_None_0.1_2_32_8_0.5_64.h5
375/375 - 19s - loss: 0.1175 - val_loss: 0.1386 - lr: 1.0000e-06 - 19s/epoch - 51ms/step
Epoch 13/64

Epoch 13: val_loss improved from 0.13857 to 0.13452, saving model to /p/scratch/deepacf/kiste/patakchiyousefi1//HPT/mse_16_1e-06_None_0.1_2_32_8_0.5_64.h5
375/375 - 19s - loss: 0.1144 - val_loss: 0.1345 - lr: 1.0000e-06 - 19s/epoch - 52ms/step
Epoch 14/64

Epoch 14: val_loss improved from 0.13452 to 0.13099, saving model to /p/scratch/deepacf/kiste/patakchiyousefi1//HPT/mse_16_1e-06_None_0.1_2_32_8_0.5_64.h5
375/375 - 19s - loss: 0.1117 - val_loss: 0.1310 - lr: 1.0000e-06 - 19s/epoch - 51ms/step
Epoch 15/64

Epoch 15: val_loss improved from 0.13099 to 0.12784, saving model to /p/scratch/deepacf/kiste/patakchiyousefi1//HPT/mse_16_1e-06_None_0.1_2_32_8_0.5_64.h5
375/375 - 19s - loss: 0.1095 - val_loss: 0.1278 - lr: 1.0000e-06 - 19s/epoch - 51ms/step
Epoch 16/64

Epoch 16: val_loss improved from 0.12784 to 0.12506, saving model to /p/scratch/deepacf/kiste/patakchiyousefi1//HPT/mse_16_1e-06_None_0.1_2_32_8_0.5_64.h5
375/375 - 19s - loss: 0.1075 - val_loss: 0.1251 - lr: 1.0000e-06 - 19s/epoch - 51ms/step
Epoch 17/64

Epoch 17: val_loss improved from 0.12506 to 0.12259, saving model to /p/scratch/deepacf/kiste/patakchiyousefi1//HPT/mse_16_1e-06_None_0.1_2_32_8_0.5_64.h5
375/375 - 19s - loss: 0.1057 - val_loss: 0.1226 - lr: 1.0000e-06 - 19s/epoch - 51ms/step
Epoch 18/64

Epoch 18: val_loss improved from 0.12259 to 0.12037, saving model to /p/scratch/deepacf/kiste/patakchiyousefi1//HPT/mse_16_1e-06_None_0.1_2_32_8_0.5_64.h5
375/375 - 19s - loss: 0.1042 - val_loss: 0.1204 - lr: 1.0000e-06 - 19s/epoch - 51ms/step
Epoch 19/64

Epoch 19: val_loss improved from 0.12037 to 0.11843, saving model to /p/scratch/deepacf/kiste/patakchiyousefi1//HPT/mse_16_1e-06_None_0.1_2_32_8_0.5_64.h5
375/375 - 19s - loss: 0.1029 - val_loss: 0.1184 - lr: 1.0000e-06 - 19s/epoch - 51ms/step
Epoch 20/64

Epoch 20: val_loss improved from 0.11843 to 0.11666, saving model to /p/scratch/deepacf/kiste/patakchiyousefi1//HPT/mse_16_1e-06_None_0.1_2_32_8_0.5_64.h5
375/375 - 19s - loss: 0.1017 - val_loss: 0.1167 - lr: 1.0000e-06 - 19s/epoch - 51ms/step
Epoch 21/64

Epoch 21: val_loss improved from 0.11666 to 0.11511, saving model to /p/scratch/deepacf/kiste/patakchiyousefi1//HPT/mse_16_1e-06_None_0.1_2_32_8_0.5_64.h5
375/375 - 19s - loss: 0.1006 - val_loss: 0.1151 - lr: 1.0000e-06 - 19s/epoch - 51ms/step
Epoch 22/64

Epoch 22: val_loss improved from 0.11511 to 0.11374, saving model to /p/scratch/deepacf/kiste/patakchiyousefi1//HPT/mse_16_1e-06_None_0.1_2_32_8_0.5_64.h5
375/375 - 19s - loss: 0.0997 - val_loss: 0.1137 - lr: 1.0000e-06 - 19s/epoch - 51ms/step
Epoch 23/64

Epoch 23: val_loss improved from 0.11374 to 0.11252, saving model to /p/scratch/deepacf/kiste/patakchiyousefi1//HPT/mse_16_1e-06_None_0.1_2_32_8_0.5_64.h5
375/375 - 19s - loss: 0.0988 - val_loss: 0.1125 - lr: 1.0000e-06 - 19s/epoch - 52ms/step
Epoch 24/64

Epoch 24: val_loss improved from 0.11252 to 0.11145, saving model to /p/scratch/deepacf/kiste/patakchiyousefi1//HPT/mse_16_1e-06_None_0.1_2_32_8_0.5_64.h5
375/375 - 19s - loss: 0.0981 - val_loss: 0.1114 - lr: 1.0000e-06 - 19s/epoch - 51ms/step
Epoch 25/64

Epoch 25: val_loss improved from 0.11145 to 0.11049, saving model to /p/scratch/deepacf/kiste/patakchiyousefi1//HPT/mse_16_1e-06_None_0.1_2_32_8_0.5_64.h5
375/375 - 19s - loss: 0.0974 - val_loss: 0.1105 - lr: 1.0000e-06 - 19s/epoch - 51ms/step
Epoch 26/64

Epoch 26: val_loss improved from 0.11049 to 0.10964, saving model to /p/scratch/deepacf/kiste/patakchiyousefi1//HPT/mse_16_1e-06_None_0.1_2_32_8_0.5_64.h5
375/375 - 19s - loss: 0.0968 - val_loss: 0.1096 - lr: 1.0000e-06 - 19s/epoch - 51ms/step
Epoch 27/64

Epoch 27: val_loss improved from 0.10964 to 0.10888, saving model to /p/scratch/deepacf/kiste/patakchiyousefi1//HPT/mse_16_1e-06_None_0.1_2_32_8_0.5_64.h5
375/375 - 19s - loss: 0.0963 - val_loss: 0.1089 - lr: 1.0000e-06 - 19s/epoch - 51ms/step
Epoch 28/64

Epoch 28: val_loss improved from 0.10888 to 0.10820, saving model to /p/scratch/deepacf/kiste/patakchiyousefi1//HPT/mse_16_1e-06_None_0.1_2_32_8_0.5_64.h5
375/375 - 19s - loss: 0.0958 - val_loss: 0.1082 - lr: 1.0000e-06 - 19s/epoch - 51ms/step
Epoch 29/64

Epoch 29: val_loss improved from 0.10820 to 0.10758, saving model to /p/scratch/deepacf/kiste/patakchiyousefi1//HPT/mse_16_1e-06_None_0.1_2_32_8_0.5_64.h5
375/375 - 19s - loss: 0.0953 - val_loss: 0.1076 - lr: 1.0000e-06 - 19s/epoch - 51ms/step
Epoch 30/64

Epoch 30: val_loss improved from 0.10758 to 0.10702, saving model to /p/scratch/deepacf/kiste/patakchiyousefi1//HPT/mse_16_1e-06_None_0.1_2_32_8_0.5_64.h5
375/375 - 19s - loss: 0.0949 - val_loss: 0.1070 - lr: 1.0000e-06 - 19s/epoch - 50ms/step
Epoch 31/64

Epoch 31: val_loss improved from 0.10702 to 0.10651, saving model to /p/scratch/deepacf/kiste/patakchiyousefi1//HPT/mse_16_1e-06_None_0.1_2_32_8_0.5_64.h5
375/375 - 19s - loss: 0.0945 - val_loss: 0.1065 - lr: 1.0000e-06 - 19s/epoch - 51ms/step
Epoch 32/64

Epoch 32: val_loss improved from 0.10651 to 0.10606, saving model to /p/scratch/deepacf/kiste/patakchiyousefi1//HPT/mse_16_1e-06_None_0.1_2_32_8_0.5_64.h5
375/375 - 19s - loss: 0.0942 - val_loss: 0.1061 - lr: 1.0000e-06 - 19s/epoch - 51ms/step
Epoch 33/64

Epoch 33: val_loss improved from 0.10606 to 0.10566, saving model to /p/scratch/deepacf/kiste/patakchiyousefi1//HPT/mse_16_1e-06_None_0.1_2_32_8_0.5_64.h5
375/375 - 19s - loss: 0.0938 - val_loss: 0.1057 - lr: 1.0000e-06 - 19s/epoch - 51ms/step
Epoch 34/64

Epoch 34: val_loss improved from 0.10566 to 0.10528, saving model to /p/scratch/deepacf/kiste/patakchiyousefi1//HPT/mse_16_1e-06_None_0.1_2_32_8_0.5_64.h5
375/375 - 19s - loss: 0.0935 - val_loss: 0.1053 - lr: 1.0000e-06 - 19s/epoch - 51ms/step
Epoch 35/64

Epoch 35: val_loss improved from 0.10528 to 0.10494, saving model to /p/scratch/deepacf/kiste/patakchiyousefi1//HPT/mse_16_1e-06_None_0.1_2_32_8_0.5_64.h5
375/375 - 19s - loss: 0.0932 - val_loss: 0.1049 - lr: 1.0000e-06 - 19s/epoch - 50ms/step
Epoch 36/64

Epoch 36: val_loss improved from 0.10494 to 0.10465, saving model to /p/scratch/deepacf/kiste/patakchiyousefi1//HPT/mse_16_1e-06_None_0.1_2_32_8_0.5_64.h5
375/375 - 19s - loss: 0.0929 - val_loss: 0.1046 - lr: 1.0000e-06 - 19s/epoch - 50ms/step
Epoch 37/64

Epoch 37: val_loss improved from 0.10465 to 0.10435, saving model to /p/scratch/deepacf/kiste/patakchiyousefi1//HPT/mse_16_1e-06_None_0.1_2_32_8_0.5_64.h5
375/375 - 19s - loss: 0.0927 - val_loss: 0.1044 - lr: 1.0000e-06 - 19s/epoch - 51ms/step
Epoch 38/64

Epoch 38: val_loss improved from 0.10435 to 0.10409, saving model to /p/scratch/deepacf/kiste/patakchiyousefi1//HPT/mse_16_1e-06_None_0.1_2_32_8_0.5_64.h5
375/375 - 21s - loss: 0.0924 - val_loss: 0.1041 - lr: 1.0000e-06 - 21s/epoch - 57ms/step
Epoch 39/64

Epoch 39: val_loss improved from 0.10409 to 0.10387, saving model to /p/scratch/deepacf/kiste/patakchiyousefi1//HPT/mse_16_1e-06_None_0.1_2_32_8_0.5_64.h5
375/375 - 19s - loss: 0.0922 - val_loss: 0.1039 - lr: 1.0000e-06 - 19s/epoch - 51ms/step
Epoch 40/64

Epoch 40: val_loss improved from 0.10387 to 0.10365, saving model to /p/scratch/deepacf/kiste/patakchiyousefi1//HPT/mse_16_1e-06_None_0.1_2_32_8_0.5_64.h5
375/375 - 19s - loss: 0.0920 - val_loss: 0.1036 - lr: 1.0000e-06 - 19s/epoch - 52ms/step
Epoch 41/64

Epoch 41: val_loss improved from 0.10365 to 0.10345, saving model to /p/scratch/deepacf/kiste/patakchiyousefi1//HPT/mse_16_1e-06_None_0.1_2_32_8_0.5_64.h5
375/375 - 19s - loss: 0.0918 - val_loss: 0.1035 - lr: 1.0000e-06 - 19s/epoch - 51ms/step
Epoch 42/64

Epoch 42: val_loss improved from 0.10345 to 0.10327, saving model to /p/scratch/deepacf/kiste/patakchiyousefi1//HPT/mse_16_1e-06_None_0.1_2_32_8_0.5_64.h5
375/375 - 19s - loss: 0.0916 - val_loss: 0.1033 - lr: 1.0000e-06 - 19s/epoch - 51ms/step
Epoch 43/64

Epoch 43: val_loss improved from 0.10327 to 0.10311, saving model to /p/scratch/deepacf/kiste/patakchiyousefi1//HPT/mse_16_1e-06_None_0.1_2_32_8_0.5_64.h5
375/375 - 19s - loss: 0.0914 - val_loss: 0.1031 - lr: 1.0000e-06 - 19s/epoch - 50ms/step
Epoch 44/64

Epoch 44: val_loss improved from 0.10311 to 0.10297, saving model to /p/scratch/deepacf/kiste/patakchiyousefi1//HPT/mse_16_1e-06_None_0.1_2_32_8_0.5_64.h5
375/375 - 19s - loss: 0.0912 - val_loss: 0.1030 - lr: 1.0000e-06 - 19s/epoch - 50ms/step
Epoch 45/64

Epoch 45: val_loss improved from 0.10297 to 0.10284, saving model to /p/scratch/deepacf/kiste/patakchiyousefi1//HPT/mse_16_1e-06_None_0.1_2_32_8_0.5_64.h5
375/375 - 19s - loss: 0.0910 - val_loss: 0.1028 - lr: 1.0000e-06 - 19s/epoch - 50ms/step
Epoch 46/64

Epoch 46: val_loss improved from 0.10284 to 0.10272, saving model to /p/scratch/deepacf/kiste/patakchiyousefi1//HPT/mse_16_1e-06_None_0.1_2_32_8_0.5_64.h5
375/375 - 19s - loss: 0.0908 - val_loss: 0.1027 - lr: 1.0000e-06 - 19s/epoch - 50ms/step
Epoch 47/64

Epoch 47: val_loss improved from 0.10272 to 0.10262, saving model to /p/scratch/deepacf/kiste/patakchiyousefi1//HPT/mse_16_1e-06_None_0.1_2_32_8_0.5_64.h5
375/375 - 19s - loss: 0.0906 - val_loss: 0.1026 - lr: 1.0000e-06 - 19s/epoch - 50ms/step
Epoch 48/64

Epoch 48: val_loss improved from 0.10262 to 0.10254, saving model to /p/scratch/deepacf/kiste/patakchiyousefi1//HPT/mse_16_1e-06_None_0.1_2_32_8_0.5_64.h5
375/375 - 19s - loss: 0.0905 - val_loss: 0.1025 - lr: 1.0000e-06 - 19s/epoch - 50ms/step
Epoch 49/64

Epoch 49: val_loss improved from 0.10254 to 0.10245, saving model to /p/scratch/deepacf/kiste/patakchiyousefi1//HPT/mse_16_1e-06_None_0.1_2_32_8_0.5_64.h5
375/375 - 19s - loss: 0.0903 - val_loss: 0.1024 - lr: 1.0000e-06 - 19s/epoch - 50ms/step
Epoch 50/64

Epoch 50: val_loss improved from 0.10245 to 0.10238, saving model to /p/scratch/deepacf/kiste/patakchiyousefi1//HPT/mse_16_1e-06_None_0.1_2_32_8_0.5_64.h5
375/375 - 19s - loss: 0.0901 - val_loss: 0.1024 - lr: 1.0000e-06 - 19s/epoch - 51ms/step
Epoch 51/64

Epoch 51: val_loss improved from 0.10238 to 0.10231, saving model to /p/scratch/deepacf/kiste/patakchiyousefi1//HPT/mse_16_1e-06_None_0.1_2_32_8_0.5_64.h5
375/375 - 19s - loss: 0.0900 - val_loss: 0.1023 - lr: 1.0000e-06 - 19s/epoch - 51ms/step
Epoch 52/64

Epoch 52: val_loss improved from 0.10231 to 0.10226, saving model to /p/scratch/deepacf/kiste/patakchiyousefi1//HPT/mse_16_1e-06_None_0.1_2_32_8_0.5_64.h5
375/375 - 19s - loss: 0.0898 - val_loss: 0.1023 - lr: 1.0000e-06 - 19s/epoch - 51ms/step
Epoch 53/64

Epoch 53: val_loss improved from 0.10226 to 0.10220, saving model to /p/scratch/deepacf/kiste/patakchiyousefi1//HPT/mse_16_1e-06_None_0.1_2_32_8_0.5_64.h5
375/375 - 19s - loss: 0.0897 - val_loss: 0.1022 - lr: 1.0000e-06 - 19s/epoch - 51ms/step
Epoch 54/64

Epoch 54: val_loss improved from 0.10220 to 0.10216, saving model to /p/scratch/deepacf/kiste/patakchiyousefi1//HPT/mse_16_1e-06_None_0.1_2_32_8_0.5_64.h5
375/375 - 19s - loss: 0.0895 - val_loss: 0.1022 - lr: 1.0000e-06 - 19s/epoch - 51ms/step
Epoch 55/64

Epoch 55: val_loss improved from 0.10216 to 0.10213, saving model to /p/scratch/deepacf/kiste/patakchiyousefi1//HPT/mse_16_1e-06_None_0.1_2_32_8_0.5_64.h5
375/375 - 19s - loss: 0.0894 - val_loss: 0.1021 - lr: 1.0000e-06 - 19s/epoch - 51ms/step
Epoch 56/64

Epoch 56: val_loss improved from 0.10213 to 0.10210, saving model to /p/scratch/deepacf/kiste/patakchiyousefi1//HPT/mse_16_1e-06_None_0.1_2_32_8_0.5_64.h5
375/375 - 19s - loss: 0.0893 - val_loss: 0.1021 - lr: 1.0000e-06 - 19s/epoch - 51ms/step
Epoch 57/64

Epoch 57: val_loss improved from 0.10210 to 0.10207, saving model to /p/scratch/deepacf/kiste/patakchiyousefi1//HPT/mse_16_1e-06_None_0.1_2_32_8_0.5_64.h5
375/375 - 19s - loss: 0.0891 - val_loss: 0.1021 - lr: 1.0000e-06 - 19s/epoch - 50ms/step
Epoch 58/64

Epoch 58: val_loss improved from 0.10207 to 0.10204, saving model to /p/scratch/deepacf/kiste/patakchiyousefi1//HPT/mse_16_1e-06_None_0.1_2_32_8_0.5_64.h5
375/375 - 19s - loss: 0.0890 - val_loss: 0.1020 - lr: 1.0000e-06 - 19s/epoch - 51ms/step
Epoch 59/64

Epoch 59: val_loss improved from 0.10204 to 0.10202, saving model to /p/scratch/deepacf/kiste/patakchiyousefi1//HPT/mse_16_1e-06_None_0.1_2_32_8_0.5_64.h5
375/375 - 19s - loss: 0.0888 - val_loss: 0.1020 - lr: 1.0000e-06 - 19s/epoch - 50ms/step
Epoch 60/64

Epoch 60: val_loss improved from 0.10202 to 0.10201, saving model to /p/scratch/deepacf/kiste/patakchiyousefi1//HPT/mse_16_1e-06_None_0.1_2_32_8_0.5_64.h5
375/375 - 19s - loss: 0.0887 - val_loss: 0.1020 - lr: 1.0000e-06 - 19s/epoch - 51ms/step
Epoch 61/64

Epoch 61: val_loss improved from 0.10201 to 0.10200, saving model to /p/scratch/deepacf/kiste/patakchiyousefi1//HPT/mse_16_1e-06_None_0.1_2_32_8_0.5_64.h5
375/375 - 19s - loss: 0.0886 - val_loss: 0.1020 - lr: 1.0000e-06 - 19s/epoch - 51ms/step
Epoch 62/64

Epoch 62: val_loss improved from 0.10200 to 0.10198, saving model to /p/scratch/deepacf/kiste/patakchiyousefi1//HPT/mse_16_1e-06_None_0.1_2_32_8_0.5_64.h5
375/375 - 19s - loss: 0.0884 - val_loss: 0.1020 - lr: 1.0000e-06 - 19s/epoch - 51ms/step
Epoch 63/64

Epoch 63: val_loss improved from 0.10198 to 0.10197, saving model to /p/scratch/deepacf/kiste/patakchiyousefi1//HPT/mse_16_1e-06_None_0.1_2_32_8_0.5_64.h5
375/375 - 19s - loss: 0.0883 - val_loss: 0.1020 - lr: 1.0000e-06 - 19s/epoch - 51ms/step
Epoch 64/64

Epoch 64: val_loss improved from 0.10197 to 0.10195, saving model to /p/scratch/deepacf/kiste/patakchiyousefi1//HPT/mse_16_1e-06_None_0.1_2_32_8_0.5_64.h5
375/375 - 19s - loss: 0.0882 - val_loss: 0.1019 - lr: 1.0000e-06 - 19s/epoch - 50ms/step
Saving and plotting the results...
