train_data_hourly_pr_['HRES']_['HSAF']_MM_6__spatiotemporal_128.256_2020-07-01T13_2023-03-26T23_no_na
Data is available already
Loading training data...
mse_64_0.0001_None_0.5_2_4_8_0.5_64
Training the model...
Epoch 1/64

Epoch 1: val_loss improved from inf to 0.15345, saving model to /p/scratch/deepacf/kiste/patakchiyousefi1//HPT/mse_64_0.0001_None_0.5_2_4_8_0.5_64.h5
2996/2996 - 109s - loss: 0.0964 - val_loss: 0.1534 - lr: 1.0000e-04 - 109s/epoch - 36ms/step
Epoch 2/64

Epoch 2: val_loss improved from 0.15345 to 0.14042, saving model to /p/scratch/deepacf/kiste/patakchiyousefi1//HPT/mse_64_0.0001_None_0.5_2_4_8_0.5_64.h5
2996/2996 - 87s - loss: 0.0922 - val_loss: 0.1404 - lr: 1.0000e-04 - 87s/epoch - 29ms/step
Epoch 3/64

Epoch 3: val_loss improved from 0.14042 to 0.13687, saving model to /p/scratch/deepacf/kiste/patakchiyousefi1//HPT/mse_64_0.0001_None_0.5_2_4_8_0.5_64.h5
2996/2996 - 86s - loss: 0.0917 - val_loss: 0.1369 - lr: 1.0000e-04 - 86s/epoch - 29ms/step
Epoch 4/64

Epoch 4: val_loss did not improve from 0.13687
2996/2996 - 86s - loss: 0.0907 - val_loss: 0.1378 - lr: 1.0000e-04 - 86s/epoch - 29ms/step
Epoch 5/64

Epoch 5: val_loss improved from 0.13687 to 0.13075, saving model to /p/scratch/deepacf/kiste/patakchiyousefi1//HPT/mse_64_0.0001_None_0.5_2_4_8_0.5_64.h5
2996/2996 - 87s - loss: 0.0901 - val_loss: 0.1308 - lr: 1.0000e-04 - 87s/epoch - 29ms/step
Epoch 6/64

Epoch 6: val_loss improved from 0.13075 to 0.12432, saving model to /p/scratch/deepacf/kiste/patakchiyousefi1//HPT/mse_64_0.0001_None_0.5_2_4_8_0.5_64.h5
2996/2996 - 87s - loss: 0.0895 - val_loss: 0.1243 - lr: 1.0000e-04 - 87s/epoch - 29ms/step
Epoch 7/64

Epoch 7: val_loss did not improve from 0.12432
2996/2996 - 87s - loss: 0.0890 - val_loss: 0.1295 - lr: 1.0000e-04 - 87s/epoch - 29ms/step
Epoch 8/64

Epoch 8: val_loss improved from 0.12432 to 0.11591, saving model to /p/scratch/deepacf/kiste/patakchiyousefi1//HPT/mse_64_0.0001_None_0.5_2_4_8_0.5_64.h5
2996/2996 - 86s - loss: 0.0883 - val_loss: 0.1159 - lr: 1.0000e-04 - 86s/epoch - 29ms/step
Epoch 9/64

Epoch 9: val_loss improved from 0.11591 to 0.11048, saving model to /p/scratch/deepacf/kiste/patakchiyousefi1//HPT/mse_64_0.0001_None_0.5_2_4_8_0.5_64.h5
2996/2996 - 86s - loss: 0.0874 - val_loss: 0.1105 - lr: 1.0000e-04 - 86s/epoch - 29ms/step
Epoch 10/64

Epoch 10: val_loss did not improve from 0.11048
2996/2996 - 86s - loss: 0.0868 - val_loss: 0.1125 - lr: 1.0000e-04 - 86s/epoch - 29ms/step
Epoch 11/64

Epoch 11: val_loss improved from 0.11048 to 0.10887, saving model to /p/scratch/deepacf/kiste/patakchiyousefi1//HPT/mse_64_0.0001_None_0.5_2_4_8_0.5_64.h5
2996/2996 - 86s - loss: 0.0857 - val_loss: 0.1089 - lr: 1.0000e-04 - 86s/epoch - 29ms/step
Epoch 12/64

Epoch 12: val_loss did not improve from 0.10887
2996/2996 - 86s - loss: 0.0848 - val_loss: 0.1116 - lr: 1.0000e-04 - 86s/epoch - 29ms/step
Epoch 13/64

Epoch 13: val_loss did not improve from 0.10887
2996/2996 - 86s - loss: 0.0841 - val_loss: 0.1094 - lr: 1.0000e-04 - 86s/epoch - 29ms/step
Epoch 14/64

Epoch 14: val_loss did not improve from 0.10887
2996/2996 - 86s - loss: 0.0834 - val_loss: 0.1091 - lr: 1.0000e-04 - 86s/epoch - 29ms/step
Epoch 15/64

Epoch 15: val_loss improved from 0.10887 to 0.10827, saving model to /p/scratch/deepacf/kiste/patakchiyousefi1//HPT/mse_64_0.0001_None_0.5_2_4_8_0.5_64.h5
2996/2996 - 86s - loss: 0.0830 - val_loss: 0.1083 - lr: 1.0000e-04 - 86s/epoch - 29ms/step
Epoch 16/64

Epoch 16: val_loss did not improve from 0.10827
2996/2996 - 86s - loss: 0.0825 - val_loss: 0.1096 - lr: 1.0000e-04 - 86s/epoch - 29ms/step
Epoch 17/64

Epoch 17: val_loss improved from 0.10827 to 0.10525, saving model to /p/scratch/deepacf/kiste/patakchiyousefi1//HPT/mse_64_0.0001_None_0.5_2_4_8_0.5_64.h5
2996/2996 - 87s - loss: 0.0822 - val_loss: 0.1053 - lr: 1.0000e-04 - 87s/epoch - 29ms/step
Epoch 18/64

Epoch 18: val_loss improved from 0.10525 to 0.10451, saving model to /p/scratch/deepacf/kiste/patakchiyousefi1//HPT/mse_64_0.0001_None_0.5_2_4_8_0.5_64.h5
2996/2996 - 86s - loss: 0.0819 - val_loss: 0.1045 - lr: 1.0000e-04 - 86s/epoch - 29ms/step
Epoch 19/64

Epoch 19: val_loss improved from 0.10451 to 0.10402, saving model to /p/scratch/deepacf/kiste/patakchiyousefi1//HPT/mse_64_0.0001_None_0.5_2_4_8_0.5_64.h5
2996/2996 - 86s - loss: 0.0819 - val_loss: 0.1040 - lr: 1.0000e-04 - 86s/epoch - 29ms/step
Epoch 20/64
