train_data_hourly_pr_['HRES']_['HSAF']_MM_6__spatiotemporal_128.256_2020-07-01T13_2023-03-26T23_no_na
Data is available already
Loading training data...
mse_64_0.001_1e-09_0.9_2_1_8_0.5_64
Training the model...
Epoch 1/64

Epoch 1: val_loss improved from inf to 0.10951, saving model to /p/scratch/deepacf/kiste/patakchiyousefi1//HPT/mse_64_0.001_1e-09_0.9_2_1_8_0.5_64.h5
11982/11982 - 190s - loss: 0.0963 - mse: 215290.3438 - val_loss: 0.1095 - val_mse: 231572.5312 - lr: 0.0010 - 190s/epoch - 16ms/step
Epoch 2/64

Epoch 2: val_loss improved from 0.10951 to 0.10157, saving model to /p/scratch/deepacf/kiste/patakchiyousefi1//HPT/mse_64_0.001_1e-09_0.9_2_1_8_0.5_64.h5
11982/11982 - 168s - loss: 0.0913 - mse: 215284.2344 - val_loss: 0.1016 - val_mse: 231608.2500 - lr: 0.0010 - 168s/epoch - 14ms/step
Epoch 3/64

Epoch 3: val_loss improved from 0.10157 to 0.09987, saving model to /p/scratch/deepacf/kiste/patakchiyousefi1//HPT/mse_64_0.001_1e-09_0.9_2_1_8_0.5_64.h5
11982/11982 - 169s - loss: 0.0896 - mse: 215283.8906 - val_loss: 0.0999 - val_mse: 231604.7031 - lr: 0.0010 - 169s/epoch - 14ms/step
Epoch 4/64

Epoch 4: val_loss improved from 0.09987 to 0.09760, saving model to /p/scratch/deepacf/kiste/patakchiyousefi1//HPT/mse_64_0.001_1e-09_0.9_2_1_8_0.5_64.h5
11982/11982 - 169s - loss: 0.0879 - mse: 215284.9688 - val_loss: 0.0976 - val_mse: 231607.9844 - lr: 0.0010 - 169s/epoch - 14ms/step
Epoch 5/64

Epoch 5: val_loss improved from 0.09760 to 0.09408, saving model to /p/scratch/deepacf/kiste/patakchiyousefi1//HPT/mse_64_0.001_1e-09_0.9_2_1_8_0.5_64.h5
11982/11982 - 169s - loss: 0.0862 - mse: 215284.4844 - val_loss: 0.0941 - val_mse: 231609.7344 - lr: 0.0010 - 169s/epoch - 14ms/step
Epoch 6/64

Epoch 6: val_loss improved from 0.09408 to 0.09351, saving model to /p/scratch/deepacf/kiste/patakchiyousefi1//HPT/mse_64_0.001_1e-09_0.9_2_1_8_0.5_64.h5
11982/11982 - 169s - loss: 0.0850 - mse: 215284.1250 - val_loss: 0.0935 - val_mse: 231610.7500 - lr: 0.0010 - 169s/epoch - 14ms/step
Epoch 7/64

Epoch 7: val_loss did not improve from 0.09351
11982/11982 - 169s - loss: 0.0836 - mse: 215284.3125 - val_loss: 0.0976 - val_mse: 231599.3906 - lr: 0.0010 - 169s/epoch - 14ms/step
Epoch 8/64

Epoch 8: val_loss improved from 0.09351 to 0.09303, saving model to /p/scratch/deepacf/kiste/patakchiyousefi1//HPT/mse_64_0.001_1e-09_0.9_2_1_8_0.5_64.h5
11982/11982 - 169s - loss: 0.0828 - mse: 215283.2188 - val_loss: 0.0930 - val_mse: 231612.9062 - lr: 0.0010 - 169s/epoch - 14ms/step
Epoch 9/64

Epoch 9: val_loss improved from 0.09303 to 0.09173, saving model to /p/scratch/deepacf/kiste/patakchiyousefi1//HPT/mse_64_0.001_1e-09_0.9_2_1_8_0.5_64.h5
11982/11982 - 169s - loss: 0.0820 - mse: 215284.7188 - val_loss: 0.0917 - val_mse: 231604.5000 - lr: 0.0010 - 169s/epoch - 14ms/step
Epoch 10/64

Epoch 10: val_loss did not improve from 0.09173
11982/11982 - 168s - loss: 0.0815 - mse: 215283.7188 - val_loss: 0.0986 - val_mse: 231602.4688 - lr: 0.0010 - 168s/epoch - 14ms/step
Epoch 11/64

Epoch 11: val_loss did not improve from 0.09173
11982/11982 - 168s - loss: 0.0807 - mse: 215284.2344 - val_loss: 0.0942 - val_mse: 231582.4062 - lr: 0.0010 - 168s/epoch - 14ms/step
Epoch 12/64

Epoch 12: val_loss did not improve from 0.09173
11982/11982 - 169s - loss: 0.0799 - mse: 215283.5625 - val_loss: 0.0923 - val_mse: 231610.4062 - lr: 9.0000e-04 - 169s/epoch - 14ms/step
Epoch 13/64

Epoch 13: val_loss did not improve from 0.09173
11982/11982 - 168s - loss: 0.0790 - mse: 215282.6094 - val_loss: 0.0938 - val_mse: 231596.4531 - lr: 9.0000e-04 - 168s/epoch - 14ms/step
Epoch 14/64

Epoch 14: val_loss improved from 0.09173 to 0.09117, saving model to /p/scratch/deepacf/kiste/patakchiyousefi1//HPT/mse_64_0.001_1e-09_0.9_2_1_8_0.5_64.h5
11982/11982 - 169s - loss: 0.0778 - mse: 215284.0000 - val_loss: 0.0912 - val_mse: 231612.5312 - lr: 8.1000e-04 - 169s/epoch - 14ms/step
Epoch 15/64

Epoch 15: val_loss did not improve from 0.09117
11982/11982 - 169s - loss: 0.0768 - mse: 215283.6250 - val_loss: 0.0943 - val_mse: 231596.6562 - lr: 8.1000e-04 - 169s/epoch - 14ms/step
Epoch 16/64

Epoch 16: val_loss did not improve from 0.09117
11982/11982 - 169s - loss: 0.0759 - mse: 215284.5469 - val_loss: 0.0922 - val_mse: 231606.9375 - lr: 8.1000e-04 - 169s/epoch - 14ms/step
Epoch 17/64

Epoch 17: val_loss did not improve from 0.09117
11982/11982 - 169s - loss: 0.0748 - mse: 215284.4844 - val_loss: 0.0937 - val_mse: 231606.5312 - lr: 7.2900e-04 - 169s/epoch - 14ms/step
Epoch 18/64

Epoch 18: val_loss did not improve from 0.09117
11982/11982 - 170s - loss: 0.0740 - mse: 215284.2344 - val_loss: 0.0942 - val_mse: 231592.7344 - lr: 7.2900e-04 - 170s/epoch - 14ms/step
Epoch 19/64

Epoch 19: val_loss did not improve from 0.09117
11982/11982 - 170s - loss: 0.0729 - mse: 215284.1406 - val_loss: 0.0927 - val_mse: 231600.3594 - lr: 6.5610e-04 - 170s/epoch - 14ms/step
Epoch 20/64

Epoch 20: val_loss did not improve from 0.09117
11982/11982 - 171s - loss: 0.0719 - mse: 215283.8438 - val_loss: 0.0937 - val_mse: 231605.9844 - lr: 6.5610e-04 - 171s/epoch - 14ms/step
Epoch 21/64

Epoch 21: val_loss did not improve from 0.09117
11982/11982 - 172s - loss: 0.0711 - mse: 215284.5625 - val_loss: 0.0941 - val_mse: 231603.1562 - lr: 5.9049e-04 - 172s/epoch - 14ms/step
Epoch 22/64

Epoch 22: val_loss did not improve from 0.09117
11982/11982 - 172s - loss: 0.0703 - mse: 215284.0156 - val_loss: 0.0943 - val_mse: 231589.5469 - lr: 5.9049e-04 - 172s/epoch - 14ms/step
Saving and plotting the results...
