train_data_hourly_pr_['HRES']_['HSAF']_MM_6__spatiotemporal_128.256_2020-07-01T13_2023-03-26T23_no_na
Data is available already
Loading training data...
mse_8_0.1_1e-05_0.9_2_16_8_0.5_64
Training the model...
Epoch 1/64

Epoch 1: val_loss improved from inf to 0.24249, saving model to /p/scratch/deepacf/kiste/patakchiyousefi1//HPT/mse_8_0.1_1e-05_0.9_2_16_8_0.5_64.h5
749/749 - 37s - loss: 9676.3877 - mse: 590942.1875 - val_loss: 0.2425 - val_mse: 649129.0000 - lr: 0.1000 - 37s/epoch - 50ms/step
Epoch 2/64

Epoch 2: val_loss improved from 0.24249 to 0.05904, saving model to /p/scratch/deepacf/kiste/patakchiyousefi1//HPT/mse_8_0.1_1e-05_0.9_2_16_8_0.5_64.h5
749/749 - 16s - loss: 0.0926 - mse: 642625.9375 - val_loss: 0.0590 - val_mse: 649193.6250 - lr: 0.1000 - 16s/epoch - 21ms/step
Epoch 3/64

Epoch 3: val_loss improved from 0.05904 to 0.02670, saving model to /p/scratch/deepacf/kiste/patakchiyousefi1//HPT/mse_8_0.1_1e-05_0.9_2_16_8_0.5_64.h5
749/749 - 17s - loss: 0.0696 - mse: 641532.1250 - val_loss: 0.0267 - val_mse: 650668.6875 - lr: 0.1000 - 17s/epoch - 22ms/step
Epoch 4/64

Epoch 4: val_loss improved from 0.02670 to 0.00742, saving model to /p/scratch/deepacf/kiste/patakchiyousefi1//HPT/mse_8_0.1_1e-05_0.9_2_16_8_0.5_64.h5
749/749 - 17s - loss: 0.0591 - mse: 640682.8125 - val_loss: 0.0074 - val_mse: 650955.0000 - lr: 0.1000 - 17s/epoch - 23ms/step
Epoch 5/64

Epoch 5: val_loss did not improve from 0.00742
749/749 - 17s - loss: 0.0403 - mse: 639379.1875 - val_loss: 0.0085 - val_mse: 650510.4375 - lr: 0.1000 - 17s/epoch - 22ms/step
Epoch 6/64

Epoch 6: val_loss did not improve from 0.00742
749/749 - 17s - loss: 0.0209 - mse: 639278.8750 - val_loss: 0.0212 - val_mse: 648556.6875 - lr: 0.1000 - 17s/epoch - 23ms/step
Epoch 7/64

Epoch 7: val_loss did not improve from 0.00742
749/749 - 17s - loss: 0.0274 - mse: 639319.8125 - val_loss: 0.0259 - val_mse: 648838.6875 - lr: 0.0900 - 17s/epoch - 23ms/step
Epoch 8/64

Epoch 8: val_loss did not improve from 0.00742
749/749 - 17s - loss: 0.0113 - mse: 638865.6250 - val_loss: 0.0114 - val_mse: 648589.7500 - lr: 0.0900 - 17s/epoch - 23ms/step
Epoch 9/64

Epoch 9: val_loss did not improve from 0.00742
749/749 - 17s - loss: 0.0170 - mse: 637959.3750 - val_loss: 0.0595 - val_mse: 649259.3750 - lr: 0.0810 - 17s/epoch - 23ms/step
Epoch 10/64

Epoch 10: val_loss did not improve from 0.00742
749/749 - 17s - loss: 0.0162 - mse: 636747.4375 - val_loss: 0.0085 - val_mse: 648985.1250 - lr: 0.0810 - 17s/epoch - 23ms/step
Epoch 11/64

Epoch 11: val_loss did not improve from 0.00742
749/749 - 17s - loss: 0.0602 - mse: 634934.2500 - val_loss: 0.0099 - val_mse: 646116.0000 - lr: 0.0729 - 17s/epoch - 22ms/step
Epoch 12/64

Epoch 12: val_loss did not improve from 0.00742
749/749 - 17s - loss: 0.0370 - mse: 632683.2500 - val_loss: 0.1449 - val_mse: 643688.9375 - lr: 0.0729 - 17s/epoch - 22ms/step
Saving and plotting the results...
