train_data_hourly_pr_['HRES']_['HSAF']_MM_6__spatiotemporal_128.256_2020-07-01T13_2023-03-26T23_no_na
Data is available already
Loading training data...
mse_64_0.0001_None_0.1_2_16_8_0.5_64
Training the model...
Epoch 1/64

Epoch 1: val_loss improved from inf to 0.09856, saving model to /p/scratch/deepacf/kiste/patakchiyousefi1//HPT/mse_64_0.0001_None_0.1_2_16_8_0.5_64.h5
749/749 - 97s - loss: 0.0973 - val_loss: 0.0986 - lr: 1.0000e-04 - 97s/epoch - 130ms/step
Epoch 2/64

Epoch 2: val_loss improved from 0.09856 to 0.09804, saving model to /p/scratch/deepacf/kiste/patakchiyousefi1//HPT/mse_64_0.0001_None_0.1_2_16_8_0.5_64.h5
749/749 - 64s - loss: 0.0906 - val_loss: 0.0980 - lr: 1.0000e-04 - 64s/epoch - 86ms/step
Epoch 3/64

Epoch 3: val_loss improved from 0.09804 to 0.09756, saving model to /p/scratch/deepacf/kiste/patakchiyousefi1//HPT/mse_64_0.0001_None_0.1_2_16_8_0.5_64.h5
749/749 - 64s - loss: 0.0894 - val_loss: 0.0976 - lr: 1.0000e-04 - 64s/epoch - 86ms/step
Epoch 4/64

Epoch 4: val_loss did not improve from 0.09756
749/749 - 64s - loss: 0.0892 - val_loss: 0.0979 - lr: 1.0000e-04 - 64s/epoch - 85ms/step
Epoch 5/64

Epoch 5: val_loss improved from 0.09756 to 0.09744, saving model to /p/scratch/deepacf/kiste/patakchiyousefi1//HPT/mse_64_0.0001_None_0.1_2_16_8_0.5_64.h5
749/749 - 64s - loss: 0.0886 - val_loss: 0.0974 - lr: 1.0000e-04 - 64s/epoch - 85ms/step
Epoch 6/64

Epoch 6: val_loss improved from 0.09744 to 0.09730, saving model to /p/scratch/deepacf/kiste/patakchiyousefi1//HPT/mse_64_0.0001_None_0.1_2_16_8_0.5_64.h5
749/749 - 64s - loss: 0.0882 - val_loss: 0.0973 - lr: 1.0000e-04 - 64s/epoch - 85ms/step
Epoch 7/64

Epoch 7: val_loss did not improve from 0.09730
749/749 - 63s - loss: 0.0878 - val_loss: 0.0975 - lr: 1.0000e-04 - 63s/epoch - 85ms/step
Epoch 8/64

Epoch 8: val_loss did not improve from 0.09730
749/749 - 64s - loss: 0.0875 - val_loss: 0.0974 - lr: 1.0000e-04 - 64s/epoch - 85ms/step
Epoch 9/64

Epoch 9: val_loss improved from 0.09730 to 0.09724, saving model to /p/scratch/deepacf/kiste/patakchiyousefi1//HPT/mse_64_0.0001_None_0.1_2_16_8_0.5_64.h5
749/749 - 64s - loss: 0.0872 - val_loss: 0.0972 - lr: 1.0000e-04 - 64s/epoch - 86ms/step
Epoch 10/64

Epoch 10: val_loss did not improve from 0.09724
749/749 - 64s - loss: 0.0867 - val_loss: 0.0978 - lr: 1.0000e-04 - 64s/epoch - 86ms/step
Epoch 11/64

Epoch 11: val_loss did not improve from 0.09724
749/749 - 64s - loss: 0.0863 - val_loss: 0.0981 - lr: 1.0000e-04 - 64s/epoch - 85ms/step
Epoch 12/64

Epoch 12: val_loss did not improve from 0.09724
749/749 - 64s - loss: 0.0859 - val_loss: 0.0980 - lr: 1.0000e-04 - 64s/epoch - 86ms/step
Epoch 13/64

Epoch 13: val_loss did not improve from 0.09724
749/749 - 64s - loss: 0.0853 - val_loss: 0.0981 - lr: 1.0000e-04 - 64s/epoch - 86ms/step
Epoch 14/64

Epoch 14: val_loss did not improve from 0.09724
749/749 - 64s - loss: 0.0847 - val_loss: 0.0991 - lr: 1.0000e-04 - 64s/epoch - 85ms/step
Epoch 15/64

Epoch 15: val_loss did not improve from 0.09724
749/749 - 64s - loss: 0.0840 - val_loss: 0.0989 - lr: 1.0000e-04 - 64s/epoch - 85ms/step
Epoch 16/64

Epoch 16: val_loss did not improve from 0.09724
749/749 - 64s - loss: 0.0835 - val_loss: 0.0989 - lr: 1.0000e-04 - 64s/epoch - 85ms/step
Epoch 17/64

Epoch 17: val_loss did not improve from 0.09724
749/749 - 64s - loss: 0.0828 - val_loss: 0.0987 - lr: 1.0000e-04 - 64s/epoch - 85ms/step
Saving and plotting the results...
