train_data_hourly_pr_['HRES']_['HSAF']_MM_6__spatiotemporal_128.256_2020-07-01T13_2023-03-26T23_no_na
Data is available already
Loading training data...
mse_16_0.01_1e-08_0.1_2_16_8_0.5_64
Training the model...
Epoch 1/64

Epoch 1: val_loss improved from inf to 0.09680, saving model to /p/scratch/deepacf/kiste/patakchiyousefi1//HPT/mse_16_0.01_1e-08_0.1_2_16_8_0.5_64.h5
749/749 - 43s - loss: 0.0861 - mse: 215284.1875 - val_loss: 0.0968 - val_mse: 231638.7812 - lr: 0.0100 - 43s/epoch - 57ms/step
Epoch 2/64

Epoch 2: val_loss improved from 0.09680 to 0.09487, saving model to /p/scratch/deepacf/kiste/patakchiyousefi1//HPT/mse_16_0.01_1e-08_0.1_2_16_8_0.5_64.h5
749/749 - 21s - loss: 0.0803 - mse: 215284.0625 - val_loss: 0.0949 - val_mse: 231598.8125 - lr: 0.0100 - 21s/epoch - 27ms/step
Epoch 3/64

Epoch 3: val_loss improved from 0.09487 to 0.08965, saving model to /p/scratch/deepacf/kiste/patakchiyousefi1//HPT/mse_16_0.01_1e-08_0.1_2_16_8_0.5_64.h5
749/749 - 22s - loss: 0.0794 - mse: 215284.3281 - val_loss: 0.0897 - val_mse: 231611.5625 - lr: 0.0100 - 22s/epoch - 29ms/step
Epoch 4/64

Epoch 4: val_loss improved from 0.08965 to 0.08922, saving model to /p/scratch/deepacf/kiste/patakchiyousefi1//HPT/mse_16_0.01_1e-08_0.1_2_16_8_0.5_64.h5
749/749 - 22s - loss: 0.0788 - mse: 215284.0000 - val_loss: 0.0892 - val_mse: 231599.8281 - lr: 0.0100 - 22s/epoch - 29ms/step
Epoch 5/64

Epoch 5: val_loss did not improve from 0.08922
749/749 - 22s - loss: 0.0783 - mse: 215283.6875 - val_loss: 0.0895 - val_mse: 231593.5781 - lr: 0.0100 - 22s/epoch - 29ms/step
Epoch 6/64

Epoch 6: val_loss did not improve from 0.08922
749/749 - 21s - loss: 0.0778 - mse: 215283.8906 - val_loss: 0.0907 - val_mse: 231603.3125 - lr: 0.0100 - 21s/epoch - 28ms/step
Epoch 7/64

Epoch 7: val_loss did not improve from 0.08922
749/749 - 22s - loss: 0.0760 - mse: 215284.2031 - val_loss: 0.0915 - val_mse: 231605.7188 - lr: 1.0000e-03 - 22s/epoch - 29ms/step
Epoch 8/64

Epoch 8: val_loss improved from 0.08922 to 0.08866, saving model to /p/scratch/deepacf/kiste/patakchiyousefi1//HPT/mse_16_0.01_1e-08_0.1_2_16_8_0.5_64.h5
749/749 - 22s - loss: 0.0758 - mse: 215284.1406 - val_loss: 0.0887 - val_mse: 231601.8594 - lr: 1.0000e-03 - 22s/epoch - 29ms/step
Epoch 9/64

Epoch 9: val_loss did not improve from 0.08866
749/749 - 21s - loss: 0.0750 - mse: 215284.4844 - val_loss: 0.0888 - val_mse: 231600.8125 - lr: 1.0000e-03 - 21s/epoch - 28ms/step
Epoch 10/64

Epoch 10: val_loss did not improve from 0.08866
749/749 - 22s - loss: 0.0749 - mse: 215284.2031 - val_loss: 0.0899 - val_mse: 231600.0625 - lr: 1.0000e-03 - 22s/epoch - 29ms/step
Epoch 11/64

Epoch 11: val_loss improved from 0.08866 to 0.08849, saving model to /p/scratch/deepacf/kiste/patakchiyousefi1//HPT/mse_16_0.01_1e-08_0.1_2_16_8_0.5_64.h5
749/749 - 22s - loss: 0.0738 - mse: 215284.4688 - val_loss: 0.0885 - val_mse: 231603.3750 - lr: 1.0000e-04 - 22s/epoch - 30ms/step
Epoch 12/64

Epoch 12: val_loss did not improve from 0.08849
749/749 - 21s - loss: 0.0738 - mse: 215284.4062 - val_loss: 0.0890 - val_mse: 231603.5781 - lr: 1.0000e-04 - 21s/epoch - 29ms/step
Epoch 13/64

Epoch 13: val_loss did not improve from 0.08849
749/749 - 21s - loss: 0.0735 - mse: 215284.3594 - val_loss: 0.0894 - val_mse: 231603.7812 - lr: 1.0000e-04 - 21s/epoch - 28ms/step
Epoch 14/64

Epoch 14: val_loss did not improve from 0.08849
749/749 - 21s - loss: 0.0733 - mse: 215284.7969 - val_loss: 0.0895 - val_mse: 231603.0469 - lr: 1.0000e-05 - 21s/epoch - 28ms/step
Epoch 15/64

Epoch 15: val_loss did not improve from 0.08849
749/749 - 22s - loss: 0.0733 - mse: 215284.5625 - val_loss: 0.0894 - val_mse: 231602.9062 - lr: 1.0000e-05 - 22s/epoch - 29ms/step
Epoch 16/64

Epoch 16: val_loss did not improve from 0.08849
749/749 - 22s - loss: 0.0734 - mse: 215284.2969 - val_loss: 0.0897 - val_mse: 231603.0781 - lr: 1.0000e-06 - 22s/epoch - 29ms/step
Epoch 17/64

Epoch 17: val_loss did not improve from 0.08849
749/749 - 21s - loss: 0.0732 - mse: 215284.4219 - val_loss: 0.0897 - val_mse: 231602.7656 - lr: 1.0000e-06 - 21s/epoch - 28ms/step
Epoch 18/64

Epoch 18: val_loss did not improve from 0.08849
749/749 - 22s - loss: 0.0731 - mse: 215284.5312 - val_loss: 0.0897 - val_mse: 231602.9375 - lr: 1.0000e-07 - 22s/epoch - 29ms/step
Epoch 19/64

Epoch 19: val_loss did not improve from 0.08849
749/749 - 22s - loss: 0.0732 - mse: 215284.3125 - val_loss: 0.0897 - val_mse: 231602.8125 - lr: 1.0000e-07 - 22s/epoch - 29ms/step
Saving and plotting the results...
