2023-07-17 23:10:41.747962: I tensorflow/core/common_runtime/gpu/gpu_device.cc:1613] Created device /job:localhost/replica:0/task:0/device:GPU:0 with 38246 MB memory:  -> device: 0, name: NVIDIA A100-SXM4-40GB, pci bus id: 0000:03:00.0, compute capability: 8.0
2023-07-17 23:10:41.749835: I tensorflow/core/common_runtime/gpu/gpu_device.cc:1613] Created device /job:localhost/replica:0/task:0/device:GPU:1 with 38246 MB memory:  -> device: 1, name: NVIDIA A100-SXM4-40GB, pci bus id: 0000:44:00.0, compute capability: 8.0
2023-07-17 23:10:41.751554: I tensorflow/core/common_runtime/gpu/gpu_device.cc:1613] Created device /job:localhost/replica:0/task:0/device:GPU:2 with 38246 MB memory:  -> device: 2, name: NVIDIA A100-SXM4-40GB, pci bus id: 0000:84:00.0, compute capability: 8.0
2023-07-17 23:10:41.753172: I tensorflow/core/common_runtime/gpu/gpu_device.cc:1613] Created device /job:localhost/replica:0/task:0/device:GPU:3 with 38246 MB memory:  -> device: 3, name: NVIDIA A100-SXM4-40GB, pci bus id: 0000:c4:00.0, compute capability: 8.0
2023-07-17 23:10:55.017119: I tensorflow/compiler/xla/stream_executor/cuda/cuda_dnn.cc:428] Loaded cuDNN version 8600
2023-07-17 23:10:57.818215: I tensorflow/compiler/xla/service/service.cc:173] XLA service 0x145098e3b270 initialized for platform CUDA (this does not guarantee that XLA will be used). Devices:
2023-07-17 23:10:57.818284: I tensorflow/compiler/xla/service/service.cc:181]   StreamExecutor device (0): NVIDIA A100-SXM4-40GB, Compute Capability 8.0
2023-07-17 23:10:57.818289: I tensorflow/compiler/xla/service/service.cc:181]   StreamExecutor device (1): NVIDIA A100-SXM4-40GB, Compute Capability 8.0
2023-07-17 23:10:57.818294: I tensorflow/compiler/xla/service/service.cc:181]   StreamExecutor device (2): NVIDIA A100-SXM4-40GB, Compute Capability 8.0
2023-07-17 23:10:57.818298: I tensorflow/compiler/xla/service/service.cc:181]   StreamExecutor device (3): NVIDIA A100-SXM4-40GB, Compute Capability 8.0
2023-07-17 23:10:57.824874: I tensorflow/compiler/mlir/tensorflow/utils/dump_mlir_util.cc:268] disabling MLIR crash reproducer, set env var `MLIR_CRASH_REPRODUCER_DIRECTORY` to enable.
2023-07-17 23:10:57.958848: I tensorflow/compiler/jit/xla_compilation_cache.cc:477] Compiled cluster using XLA!  This line is logged at most once for the lifetime of the process.
WARNING:tensorflow:`evaluate()` received a value for `sample_weight`, but `weighted_metrics` were not provided.  Did you mean to pass metrics to `weighted_metrics` in `compile()`?  If this is intentional you can pass `weighted_metrics=[]` to `compile()` in order to silence this warning.
WARNING:tensorflow:`evaluate()` received a value for `sample_weight`, but `weighted_metrics` were not provided.  Did you mean to pass metrics to `weighted_metrics` in `compile()`?  If this is intentional you can pass `weighted_metrics=[]` to `compile()` in order to silence this warning.
WARNING:tensorflow:`evaluate()` received a value for `sample_weight`, but `weighted_metrics` were not provided.  Did you mean to pass metrics to `weighted_metrics` in `compile()`?  If this is intentional you can pass `weighted_metrics=[]` to `compile()` in order to silence this warning.
WARNING:tensorflow:`evaluate()` received a value for `sample_weight`, but `weighted_metrics` were not provided.  Did you mean to pass metrics to `weighted_metrics` in `compile()`?  If this is intentional you can pass `weighted_metrics=[]` to `compile()` in order to silence this warning.
WARNING:tensorflow:`evaluate()` received a value for `sample_weight`, but `weighted_metrics` were not provided.  Did you mean to pass metrics to `weighted_metrics` in `compile()`?  If this is intentional you can pass `weighted_metrics=[]` to `compile()` in order to silence this warning.
WARNING:tensorflow:`evaluate()` received a value for `sample_weight`, but `weighted_metrics` were not provided.  Did you mean to pass metrics to `weighted_metrics` in `compile()`?  If this is intentional you can pass `weighted_metrics=[]` to `compile()` in order to silence this warning.
WARNING:tensorflow:`evaluate()` received a value for `sample_weight`, but `weighted_metrics` were not provided.  Did you mean to pass metrics to `weighted_metrics` in `compile()`?  If this is intentional you can pass `weighted_metrics=[]` to `compile()` in order to silence this warning.
WARNING:tensorflow:`evaluate()` received a value for `sample_weight`, but `weighted_metrics` were not provided.  Did you mean to pass metrics to `weighted_metrics` in `compile()`?  If this is intentional you can pass `weighted_metrics=[]` to `compile()` in order to silence this warning.
WARNING:tensorflow:`evaluate()` received a value for `sample_weight`, but `weighted_metrics` were not provided.  Did you mean to pass metrics to `weighted_metrics` in `compile()`?  If this is intentional you can pass `weighted_metrics=[]` to `compile()` in order to silence this warning.
WARNING:tensorflow:`evaluate()` received a value for `sample_weight`, but `weighted_metrics` were not provided.  Did you mean to pass metrics to `weighted_metrics` in `compile()`?  If this is intentional you can pass `weighted_metrics=[]` to `compile()` in order to silence this warning.
WARNING:tensorflow:`evaluate()` received a value for `sample_weight`, but `weighted_metrics` were not provided.  Did you mean to pass metrics to `weighted_metrics` in `compile()`?  If this is intentional you can pass `weighted_metrics=[]` to `compile()` in order to silence this warning.
WARNING:tensorflow:`evaluate()` received a value for `sample_weight`, but `weighted_metrics` were not provided.  Did you mean to pass metrics to `weighted_metrics` in `compile()`?  If this is intentional you can pass `weighted_metrics=[]` to `compile()` in order to silence this warning.
WARNING:tensorflow:`evaluate()` received a value for `sample_weight`, but `weighted_metrics` were not provided.  Did you mean to pass metrics to `weighted_metrics` in `compile()`?  If this is intentional you can pass `weighted_metrics=[]` to `compile()` in order to silence this warning.
WARNING:tensorflow:`evaluate()` received a value for `sample_weight`, but `weighted_metrics` were not provided.  Did you mean to pass metrics to `weighted_metrics` in `compile()`?  If this is intentional you can pass `weighted_metrics=[]` to `compile()` in order to silence this warning.
WARNING:tensorflow:`evaluate()` received a value for `sample_weight`, but `weighted_metrics` were not provided.  Did you mean to pass metrics to `weighted_metrics` in `compile()`?  If this is intentional you can pass `weighted_metrics=[]` to `compile()` in order to silence this warning.
WARNING:tensorflow:`evaluate()` received a value for `sample_weight`, but `weighted_metrics` were not provided.  Did you mean to pass metrics to `weighted_metrics` in `compile()`?  If this is intentional you can pass `weighted_metrics=[]` to `compile()` in order to silence this warning.
WARNING:tensorflow:`evaluate()` received a value for `sample_weight`, but `weighted_metrics` were not provided.  Did you mean to pass metrics to `weighted_metrics` in `compile()`?  If this is intentional you can pass `weighted_metrics=[]` to `compile()` in order to silence this warning.
WARNING:tensorflow:`evaluate()` received a value for `sample_weight`, but `weighted_metrics` were not provided.  Did you mean to pass metrics to `weighted_metrics` in `compile()`?  If this is intentional you can pass `weighted_metrics=[]` to `compile()` in order to silence this warning.
