train_data_hourly_pr_['HRES']_['HSAF']_MM_6__spatiotemporal_128.256_2020-07-01T13_2023-03-26T23_no_na_intensity
Data is available already
Loading training data...
mse_64_0.01_1e-14_0.5_2_4_8_0.1_64
Training the model...
Epoch 1/64

Epoch 1: val_loss improved from inf to 0.08647, saving model to /p/scratch/deepacf/kiste/patakchiyousefi1//HPT_intensity/mse_64_0.01_1e-14_0.5_2_4_8_0.1_64.h5
5391/5391 - 190s - loss: 0.0845 - mse: 0.8825 - val_loss: 0.0865 - val_mse: 0.8629 - lr: 0.0100 - 190s/epoch - 35ms/step
Epoch 2/64

Epoch 2: val_loss improved from 0.08647 to 0.08645, saving model to /p/scratch/deepacf/kiste/patakchiyousefi1//HPT_intensity/mse_64_0.01_1e-14_0.5_2_4_8_0.1_64.h5
5391/5391 - 164s - loss: 0.0796 - mse: 0.8313 - val_loss: 0.0864 - val_mse: 0.8627 - lr: 0.0100 - 164s/epoch - 30ms/step
Epoch 3/64

Epoch 3: val_loss improved from 0.08645 to 0.08579, saving model to /p/scratch/deepacf/kiste/patakchiyousefi1//HPT_intensity/mse_64_0.01_1e-14_0.5_2_4_8_0.1_64.h5
5391/5391 - 164s - loss: 0.0787 - mse: 0.8222 - val_loss: 0.0858 - val_mse: 0.8561 - lr: 0.0100 - 164s/epoch - 30ms/step
Epoch 4/64

Epoch 4: val_loss improved from 0.08579 to 0.08375, saving model to /p/scratch/deepacf/kiste/patakchiyousefi1//HPT_intensity/mse_64_0.01_1e-14_0.5_2_4_8_0.1_64.h5
5391/5391 - 165s - loss: 0.0778 - mse: 0.8129 - val_loss: 0.0837 - val_mse: 0.8358 - lr: 0.0100 - 165s/epoch - 31ms/step
Epoch 5/64

Epoch 5: val_loss improved from 0.08375 to 0.08164, saving model to /p/scratch/deepacf/kiste/patakchiyousefi1//HPT_intensity/mse_64_0.01_1e-14_0.5_2_4_8_0.1_64.h5
5391/5391 - 166s - loss: 0.0771 - mse: 0.8048 - val_loss: 0.0816 - val_mse: 0.8147 - lr: 0.0100 - 166s/epoch - 31ms/step
Epoch 6/64

Epoch 6: val_loss improved from 0.08164 to 0.08117, saving model to /p/scratch/deepacf/kiste/patakchiyousefi1//HPT_intensity/mse_64_0.01_1e-14_0.5_2_4_8_0.1_64.h5
5391/5391 - 164s - loss: 0.0770 - mse: 0.8038 - val_loss: 0.0812 - val_mse: 0.8100 - lr: 0.0100 - 164s/epoch - 30ms/step
Epoch 7/64

Epoch 7: val_loss improved from 0.08117 to 0.08030, saving model to /p/scratch/deepacf/kiste/patakchiyousefi1//HPT_intensity/mse_64_0.01_1e-14_0.5_2_4_8_0.1_64.h5
5391/5391 - 164s - loss: 0.0764 - mse: 0.7981 - val_loss: 0.0803 - val_mse: 0.8014 - lr: 0.0100 - 164s/epoch - 30ms/step
Epoch 8/64

Epoch 8: val_loss did not improve from 0.08030
5391/5391 - 163s - loss: 0.0762 - mse: 0.7960 - val_loss: 0.0808 - val_mse: 0.8062 - lr: 0.0100 - 163s/epoch - 30ms/step
Epoch 9/64

Epoch 9: val_loss did not improve from 0.08030
5391/5391 - 163s - loss: 0.0756 - mse: 0.7898 - val_loss: 0.0841 - val_mse: 0.8398 - lr: 0.0100 - 163s/epoch - 30ms/step
Epoch 10/64

Epoch 10: val_loss did not improve from 0.08030
5391/5391 - 163s - loss: 0.0747 - mse: 0.7803 - val_loss: 0.0807 - val_mse: 0.8057 - lr: 0.0050 - 163s/epoch - 30ms/step
Epoch 11/64

Epoch 11: val_loss improved from 0.08030 to 0.07987, saving model to /p/scratch/deepacf/kiste/patakchiyousefi1//HPT_intensity/mse_64_0.01_1e-14_0.5_2_4_8_0.1_64.h5
5391/5391 - 163s - loss: 0.0742 - mse: 0.7747 - val_loss: 0.0799 - val_mse: 0.7971 - lr: 0.0050 - 163s/epoch - 30ms/step
Epoch 12/64

Epoch 12: val_loss improved from 0.07987 to 0.07874, saving model to /p/scratch/deepacf/kiste/patakchiyousefi1//HPT_intensity/mse_64_0.01_1e-14_0.5_2_4_8_0.1_64.h5
5391/5391 - 164s - loss: 0.0739 - mse: 0.7715 - val_loss: 0.0787 - val_mse: 0.7858 - lr: 0.0050 - 164s/epoch - 30ms/step
Epoch 13/64

Epoch 13: val_loss did not improve from 0.07874
5391/5391 - 163s - loss: 0.0737 - mse: 0.7692 - val_loss: 0.0788 - val_mse: 0.7866 - lr: 0.0050 - 163s/epoch - 30ms/step
Epoch 14/64

Epoch 14: val_loss did not improve from 0.07874
5391/5391 - 164s - loss: 0.0755 - mse: 0.7886 - val_loss: 0.0816 - val_mse: 0.8147 - lr: 0.0050 - 164s/epoch - 30ms/step
Epoch 15/64

Epoch 15: val_loss did not improve from 0.07874
5391/5391 - 163s - loss: 0.0736 - mse: 0.7684 - val_loss: 0.0791 - val_mse: 0.7895 - lr: 0.0025 - 163s/epoch - 30ms/step
Epoch 16/64

Epoch 16: val_loss did not improve from 0.07874
5391/5391 - 163s - loss: 0.0731 - mse: 0.7633 - val_loss: 0.0812 - val_mse: 0.8103 - lr: 0.0025 - 163s/epoch - 30ms/step
Epoch 17/64

Epoch 17: val_loss did not improve from 0.07874
5391/5391 - 164s - loss: 0.0721 - mse: 0.7529 - val_loss: 0.0805 - val_mse: 0.8033 - lr: 0.0012 - 164s/epoch - 30ms/step
Epoch 18/64

Epoch 18: val_loss did not improve from 0.07874
5391/5391 - 164s - loss: 0.0728 - mse: 0.7601 - val_loss: 0.0824 - val_mse: 0.8220 - lr: 0.0012 - 164s/epoch - 30ms/step
Epoch 19/64

Epoch 19: val_loss did not improve from 0.07874
5391/5391 - 164s - loss: 0.0724 - mse: 0.7559 - val_loss: 0.0812 - val_mse: 0.8105 - lr: 6.2500e-04 - 164s/epoch - 30ms/step
Epoch 20/64

Epoch 20: val_loss did not improve from 0.07874
5391/5391 - 164s - loss: 0.0721 - mse: 0.7534 - val_loss: 0.0808 - val_mse: 0.8064 - lr: 6.2500e-04 - 164s/epoch - 30ms/step
Saving and plotting the results...
