train_data_hourly_pr_['HRES']_['HSAF']_MM_6__spatiotemporal_128.256_2020-07-01T13_2023-03-26T23_no_na_intensity
Data is available already
Loading training data...
mse_16_0.001_1e-14_0.5_2_16_8_0.1_64
Training the model...
Epoch 1/64

Epoch 1: val_loss improved from inf to 0.08813, saving model to /p/scratch/deepacf/kiste/patakchiyousefi1//HPT_intensity/mse_16_0.001_1e-14_0.5_2_16_8_0.1_64.h5
1348/1348 - 69s - loss: 0.0807 - mse: 0.8424 - val_loss: 0.0881 - val_mse: 0.8796 - lr: 0.0010 - 69s/epoch - 51ms/step
Epoch 2/64

Epoch 2: val_loss improved from 0.08813 to 0.08194, saving model to /p/scratch/deepacf/kiste/patakchiyousefi1//HPT_intensity/mse_16_0.001_1e-14_0.5_2_16_8_0.1_64.h5
1348/1348 - 41s - loss: 0.0764 - mse: 0.7980 - val_loss: 0.0819 - val_mse: 0.8177 - lr: 0.0010 - 41s/epoch - 31ms/step
Epoch 3/64

Epoch 3: val_loss did not improve from 0.08194
1348/1348 - 41s - loss: 0.0752 - mse: 0.7856 - val_loss: 0.0831 - val_mse: 0.8295 - lr: 0.0010 - 41s/epoch - 30ms/step
Epoch 4/64

Epoch 4: val_loss improved from 0.08194 to 0.08026, saving model to /p/scratch/deepacf/kiste/patakchiyousefi1//HPT_intensity/mse_16_0.001_1e-14_0.5_2_16_8_0.1_64.h5
1348/1348 - 41s - loss: 0.0750 - mse: 0.7828 - val_loss: 0.0803 - val_mse: 0.8010 - lr: 0.0010 - 41s/epoch - 30ms/step
Epoch 5/64

Epoch 5: val_loss did not improve from 0.08026
1348/1348 - 40s - loss: 0.0741 - mse: 0.7739 - val_loss: 0.0806 - val_mse: 0.8042 - lr: 0.0010 - 40s/epoch - 30ms/step
Epoch 6/64

Epoch 6: val_loss did not improve from 0.08026
1348/1348 - 41s - loss: 0.0740 - mse: 0.7729 - val_loss: 0.0862 - val_mse: 0.8606 - lr: 0.0010 - 41s/epoch - 30ms/step
Epoch 7/64

Epoch 7: val_loss improved from 0.08026 to 0.07900, saving model to /p/scratch/deepacf/kiste/patakchiyousefi1//HPT_intensity/mse_16_0.001_1e-14_0.5_2_16_8_0.1_64.h5
1348/1348 - 41s - loss: 0.0736 - mse: 0.7681 - val_loss: 0.0790 - val_mse: 0.7884 - lr: 5.0000e-04 - 41s/epoch - 31ms/step
Epoch 8/64

Epoch 8: val_loss did not improve from 0.07900
1348/1348 - 41s - loss: 0.0728 - mse: 0.7603 - val_loss: 0.0820 - val_mse: 0.8188 - lr: 5.0000e-04 - 41s/epoch - 30ms/step
Epoch 9/64

Epoch 9: val_loss did not improve from 0.07900
1348/1348 - 40s - loss: 0.0725 - mse: 0.7575 - val_loss: 0.0802 - val_mse: 0.8007 - lr: 5.0000e-04 - 40s/epoch - 30ms/step
Epoch 10/64

Epoch 10: val_loss did not improve from 0.07900
1348/1348 - 41s - loss: 0.0717 - mse: 0.7486 - val_loss: 0.0804 - val_mse: 0.8019 - lr: 2.5000e-04 - 41s/epoch - 30ms/step
Epoch 11/64

Epoch 11: val_loss did not improve from 0.07900
1348/1348 - 40s - loss: 0.0712 - mse: 0.7437 - val_loss: 0.0801 - val_mse: 0.7995 - lr: 2.5000e-04 - 40s/epoch - 30ms/step
Epoch 12/64

Epoch 12: val_loss improved from 0.07900 to 0.07815, saving model to /p/scratch/deepacf/kiste/patakchiyousefi1//HPT_intensity/mse_16_0.001_1e-14_0.5_2_16_8_0.1_64.h5
1348/1348 - 41s - loss: 0.0705 - mse: 0.7359 - val_loss: 0.0782 - val_mse: 0.7799 - lr: 1.2500e-04 - 41s/epoch - 30ms/step
Epoch 13/64

Epoch 13: val_loss did not improve from 0.07815
1348/1348 - 41s - loss: 0.0700 - mse: 0.7313 - val_loss: 0.0809 - val_mse: 0.8073 - lr: 1.2500e-04 - 41s/epoch - 30ms/step
Epoch 14/64

Epoch 14: val_loss did not improve from 0.07815
1348/1348 - 40s - loss: 0.0699 - mse: 0.7295 - val_loss: 0.0791 - val_mse: 0.7899 - lr: 1.2500e-04 - 40s/epoch - 30ms/step
Epoch 15/64

Epoch 15: val_loss did not improve from 0.07815
1348/1348 - 40s - loss: 0.0691 - mse: 0.7215 - val_loss: 0.0808 - val_mse: 0.8069 - lr: 6.2500e-05 - 40s/epoch - 30ms/step
Epoch 16/64

Epoch 16: val_loss did not improve from 0.07815
1348/1348 - 41s - loss: 0.0689 - mse: 0.7196 - val_loss: 0.0812 - val_mse: 0.8099 - lr: 6.2500e-05 - 41s/epoch - 30ms/step
Epoch 17/64

Epoch 17: val_loss did not improve from 0.07815
1348/1348 - 41s - loss: 0.0683 - mse: 0.7128 - val_loss: 0.0820 - val_mse: 0.8183 - lr: 3.1250e-05 - 41s/epoch - 30ms/step
Epoch 18/64

Epoch 18: val_loss did not improve from 0.07815
1348/1348 - 41s - loss: 0.0683 - mse: 0.7133 - val_loss: 0.0818 - val_mse: 0.8162 - lr: 3.1250e-05 - 41s/epoch - 30ms/step
Epoch 19/64

Epoch 19: val_loss did not improve from 0.07815
1348/1348 - 40s - loss: 0.0679 - mse: 0.7089 - val_loss: 0.0820 - val_mse: 0.8185 - lr: 1.5625e-05 - 40s/epoch - 30ms/step
Epoch 20/64

Epoch 20: val_loss did not improve from 0.07815
1348/1348 - 40s - loss: 0.0679 - mse: 0.7086 - val_loss: 0.0825 - val_mse: 0.8232 - lr: 1.5625e-05 - 40s/epoch - 30ms/step
Saving and plotting the results...
