train_data_hourly_pr_['HRES']_['HSAF']_MM_6__spatiotemporal_128.256_2020-07-01T13_2023-03-26T23_no_na_intensity
Data is available already
Loading training data...
mse_16_0.01_1e-14_0.5_2_16_8_0.1_64
Training the model...
Epoch 1/64

Epoch 1: val_loss improved from inf to 0.08459, saving model to /p/scratch/deepacf/kiste/patakchiyousefi1//HPT_intensity/mse_16_0.01_1e-14_0.5_2_16_8_0.1_64.h5
1348/1348 - 66s - loss: 0.0794 - mse: 0.8290 - val_loss: 0.0846 - val_mse: 0.8442 - lr: 0.0100 - 66s/epoch - 49ms/step
Epoch 2/64

Epoch 2: val_loss did not improve from 0.08459
1348/1348 - 42s - loss: 0.0763 - mse: 0.7965 - val_loss: 0.0906 - val_mse: 0.9040 - lr: 0.0100 - 42s/epoch - 31ms/step
Epoch 3/64

Epoch 3: val_loss did not improve from 0.08459
1348/1348 - 42s - loss: 0.0762 - mse: 0.7959 - val_loss: 0.0860 - val_mse: 0.8585 - lr: 0.0100 - 42s/epoch - 31ms/step
Epoch 4/64

Epoch 4: val_loss improved from 0.08459 to 0.08135, saving model to /p/scratch/deepacf/kiste/patakchiyousefi1//HPT_intensity/mse_16_0.01_1e-14_0.5_2_16_8_0.1_64.h5
1348/1348 - 42s - loss: 0.0756 - mse: 0.7897 - val_loss: 0.0814 - val_mse: 0.8119 - lr: 0.0050 - 42s/epoch - 31ms/step
Epoch 5/64

Epoch 5: val_loss did not improve from 0.08135
1348/1348 - 41s - loss: 0.0748 - mse: 0.7808 - val_loss: 0.0846 - val_mse: 0.8442 - lr: 0.0050 - 41s/epoch - 31ms/step
Epoch 6/64

Epoch 6: val_loss improved from 0.08135 to 0.08033, saving model to /p/scratch/deepacf/kiste/patakchiyousefi1//HPT_intensity/mse_16_0.01_1e-14_0.5_2_16_8_0.1_64.h5
1348/1348 - 41s - loss: 0.0746 - mse: 0.7791 - val_loss: 0.0803 - val_mse: 0.8016 - lr: 0.0050 - 41s/epoch - 31ms/step
Epoch 7/64

Epoch 7: val_loss did not improve from 0.08033
1348/1348 - 41s - loss: 0.0745 - mse: 0.7776 - val_loss: 0.0804 - val_mse: 0.8022 - lr: 0.0050 - 41s/epoch - 31ms/step
Epoch 8/64

Epoch 8: val_loss improved from 0.08033 to 0.07972, saving model to /p/scratch/deepacf/kiste/patakchiyousefi1//HPT_intensity/mse_16_0.01_1e-14_0.5_2_16_8_0.1_64.h5
1348/1348 - 46s - loss: 0.0742 - mse: 0.7747 - val_loss: 0.0797 - val_mse: 0.7956 - lr: 0.0050 - 46s/epoch - 34ms/step
Epoch 9/64

Epoch 9: val_loss did not improve from 0.07972
1348/1348 - 41s - loss: 0.0739 - mse: 0.7718 - val_loss: 0.0803 - val_mse: 0.8016 - lr: 0.0050 - 41s/epoch - 31ms/step
Epoch 10/64

Epoch 10: val_loss did not improve from 0.07972
1348/1348 - 42s - loss: 0.0735 - mse: 0.7680 - val_loss: 0.0800 - val_mse: 0.7982 - lr: 0.0050 - 42s/epoch - 31ms/step
Epoch 11/64

Epoch 11: val_loss did not improve from 0.07972
1348/1348 - 41s - loss: 0.0728 - mse: 0.7597 - val_loss: 0.0807 - val_mse: 0.8050 - lr: 0.0025 - 41s/epoch - 31ms/step
Epoch 12/64

Epoch 12: val_loss did not improve from 0.07972
1348/1348 - 41s - loss: 0.0728 - mse: 0.7602 - val_loss: 0.0803 - val_mse: 0.8017 - lr: 0.0025 - 41s/epoch - 31ms/step
Epoch 13/64

Epoch 13: val_loss did not improve from 0.07972
1348/1348 - 41s - loss: 0.0722 - mse: 0.7541 - val_loss: 0.0813 - val_mse: 0.8109 - lr: 0.0012 - 41s/epoch - 31ms/step
Epoch 14/64

Epoch 14: val_loss improved from 0.07972 to 0.07876, saving model to /p/scratch/deepacf/kiste/patakchiyousefi1//HPT_intensity/mse_16_0.01_1e-14_0.5_2_16_8_0.1_64.h5
1348/1348 - 42s - loss: 0.0720 - mse: 0.7516 - val_loss: 0.0788 - val_mse: 0.7860 - lr: 0.0012 - 42s/epoch - 31ms/step
Epoch 15/64

Epoch 15: val_loss did not improve from 0.07876
1348/1348 - 42s - loss: 0.0721 - mse: 0.7526 - val_loss: 0.0799 - val_mse: 0.7977 - lr: 0.0012 - 42s/epoch - 31ms/step
Epoch 16/64

Epoch 16: val_loss improved from 0.07876 to 0.07857, saving model to /p/scratch/deepacf/kiste/patakchiyousefi1//HPT_intensity/mse_16_0.01_1e-14_0.5_2_16_8_0.1_64.h5
1348/1348 - 42s - loss: 0.0721 - mse: 0.7526 - val_loss: 0.0786 - val_mse: 0.7842 - lr: 0.0012 - 42s/epoch - 31ms/step
Epoch 17/64

Epoch 17: val_loss did not improve from 0.07857
1348/1348 - 41s - loss: 0.0717 - mse: 0.7491 - val_loss: 0.0798 - val_mse: 0.7959 - lr: 0.0012 - 41s/epoch - 31ms/step
Epoch 18/64

Epoch 18: val_loss did not improve from 0.07857
1348/1348 - 41s - loss: 0.0717 - mse: 0.7492 - val_loss: 0.0791 - val_mse: 0.7897 - lr: 0.0012 - 41s/epoch - 31ms/step
Epoch 19/64

Epoch 19: val_loss did not improve from 0.07857
1348/1348 - 41s - loss: 0.0713 - mse: 0.7448 - val_loss: 0.0798 - val_mse: 0.7968 - lr: 6.2500e-04 - 41s/epoch - 30ms/step
Epoch 20/64

Epoch 20: val_loss did not improve from 0.07857
1348/1348 - 41s - loss: 0.0713 - mse: 0.7446 - val_loss: 0.0791 - val_mse: 0.7899 - lr: 6.2500e-04 - 41s/epoch - 31ms/step
Epoch 21/64

Epoch 21: val_loss did not improve from 0.07857
1348/1348 - 41s - loss: 0.0710 - mse: 0.7416 - val_loss: 0.0800 - val_mse: 0.7988 - lr: 3.1250e-04 - 41s/epoch - 30ms/step
Epoch 22/64

Epoch 22: val_loss did not improve from 0.07857
1348/1348 - 40s - loss: 0.0710 - mse: 0.7410 - val_loss: 0.0802 - val_mse: 0.8004 - lr: 3.1250e-04 - 40s/epoch - 30ms/step
Epoch 23/64

Epoch 23: val_loss did not improve from 0.07857
1348/1348 - 41s - loss: 0.0707 - mse: 0.7386 - val_loss: 0.0793 - val_mse: 0.7916 - lr: 1.5625e-04 - 41s/epoch - 30ms/step
Epoch 24/64

Epoch 24: val_loss did not improve from 0.07857
1348/1348 - 41s - loss: 0.0708 - mse: 0.7392 - val_loss: 0.0797 - val_mse: 0.7952 - lr: 1.5625e-04 - 41s/epoch - 30ms/step
Saving and plotting the results...
