train_data_hourly_pr_['HRES']_['HSAF']_MM_6__spatiotemporal_128.256_2020-07-01T13_2023-03-26T23_no_na_intensity
Data is available already
Loading training data...
mse_32_0.0001_1e-14_0.5_2_2_8_0.1_64
Training the model...
Epoch 1/64

Epoch 1: val_loss improved from inf to 0.08563, saving model to /p/scratch/deepacf/kiste/patakchiyousefi1//HPT_intensity/mse_32_0.0001_1e-14_0.5_2_2_8_0.1_64.h5
10781/10781 - 178s - loss: 0.0830 - mse: 0.8667 - val_loss: 0.0856 - val_mse: 0.8545 - lr: 1.0000e-04 - 178s/epoch - 17ms/step
Epoch 2/64

Epoch 2: val_loss improved from 0.08563 to 0.08202, saving model to /p/scratch/deepacf/kiste/patakchiyousefi1//HPT_intensity/mse_32_0.0001_1e-14_0.5_2_2_8_0.1_64.h5
10781/10781 - 158s - loss: 0.0795 - mse: 0.8303 - val_loss: 0.0820 - val_mse: 0.8186 - lr: 1.0000e-04 - 158s/epoch - 15ms/step
Epoch 3/64

Epoch 3: val_loss did not improve from 0.08202
10781/10781 - 155s - loss: 0.0783 - mse: 0.8178 - val_loss: 0.0824 - val_mse: 0.8227 - lr: 1.0000e-04 - 155s/epoch - 14ms/step
Epoch 4/64

Epoch 4: val_loss did not improve from 0.08202
10781/10781 - 158s - loss: 0.0774 - mse: 0.8081 - val_loss: 0.0826 - val_mse: 0.8247 - lr: 1.0000e-04 - 158s/epoch - 15ms/step
Epoch 5/64

Epoch 5: val_loss improved from 0.08202 to 0.08192, saving model to /p/scratch/deepacf/kiste/patakchiyousefi1//HPT_intensity/mse_32_0.0001_1e-14_0.5_2_2_8_0.1_64.h5
10781/10781 - 155s - loss: 0.0751 - mse: 0.7845 - val_loss: 0.0819 - val_mse: 0.8175 - lr: 5.0000e-05 - 155s/epoch - 14ms/step
Epoch 6/64

Epoch 6: val_loss did not improve from 0.08192
10781/10781 - 152s - loss: 0.0743 - mse: 0.7761 - val_loss: 0.0838 - val_mse: 0.8364 - lr: 5.0000e-05 - 152s/epoch - 14ms/step
Epoch 7/64

Epoch 7: val_loss did not improve from 0.08192
10781/10781 - 158s - loss: 0.0734 - mse: 0.7669 - val_loss: 0.0868 - val_mse: 0.8658 - lr: 5.0000e-05 - 158s/epoch - 15ms/step
Epoch 8/64

Epoch 8: val_loss did not improve from 0.08192
10781/10781 - 156s - loss: 0.0713 - mse: 0.7447 - val_loss: 0.0829 - val_mse: 0.8272 - lr: 2.5000e-05 - 156s/epoch - 14ms/step
Epoch 9/64

Epoch 9: val_loss did not improve from 0.08192
10781/10781 - 161s - loss: 0.0700 - mse: 0.7307 - val_loss: 0.0822 - val_mse: 0.8199 - lr: 2.5000e-05 - 161s/epoch - 15ms/step
Epoch 10/64

Epoch 10: val_loss did not improve from 0.08192
10781/10781 - 158s - loss: 0.0680 - mse: 0.7101 - val_loss: 0.0852 - val_mse: 0.8506 - lr: 1.2500e-05 - 158s/epoch - 15ms/step
Epoch 11/64

Epoch 11: val_loss did not improve from 0.08192
10781/10781 - 159s - loss: 0.0672 - mse: 0.7022 - val_loss: 0.0830 - val_mse: 0.8281 - lr: 1.2500e-05 - 159s/epoch - 15ms/step
Epoch 12/64

Epoch 12: val_loss did not improve from 0.08192
10781/10781 - 160s - loss: 0.0661 - mse: 0.6902 - val_loss: 0.0832 - val_mse: 0.8304 - lr: 6.2500e-06 - 160s/epoch - 15ms/step
Epoch 13/64

Epoch 13: val_loss did not improve from 0.08192
10781/10781 - 158s - loss: 0.0658 - mse: 0.6866 - val_loss: 0.0857 - val_mse: 0.8548 - lr: 6.2500e-06 - 158s/epoch - 15ms/step
Saving and plotting the results...
