train_data_hourly_pr_['HRES']_['HSAF']_MM_6__spatiotemporal_128.256_2020-07-01T13_2023-03-26T23_no_na_intensity
Data is available already
Loading training data...
mse_32_0.001_1e-14_0.5_2_8_8_0.1_64
Training the model...
Epoch 1/64

Epoch 1: val_loss improved from inf to 0.08515, saving model to /p/scratch/deepacf/kiste/patakchiyousefi1//HPT_intensity/mse_32_0.001_1e-14_0.5_2_8_8_0.1_64.h5
2696/2696 - 100s - loss: 0.0809 - mse: 0.8452 - val_loss: 0.0852 - val_mse: 0.8498 - lr: 0.0010 - 100s/epoch - 37ms/step
Epoch 2/64

Epoch 2: val_loss improved from 0.08515 to 0.08428, saving model to /p/scratch/deepacf/kiste/patakchiyousefi1//HPT_intensity/mse_32_0.001_1e-14_0.5_2_8_8_0.1_64.h5
2696/2696 - 77s - loss: 0.0776 - mse: 0.8106 - val_loss: 0.0843 - val_mse: 0.8411 - lr: 0.0010 - 77s/epoch - 29ms/step
Epoch 3/64

Epoch 3: val_loss improved from 0.08428 to 0.08224, saving model to /p/scratch/deepacf/kiste/patakchiyousefi1//HPT_intensity/mse_32_0.001_1e-14_0.5_2_8_8_0.1_64.h5
2696/2696 - 77s - loss: 0.0764 - mse: 0.7982 - val_loss: 0.0822 - val_mse: 0.8207 - lr: 0.0010 - 77s/epoch - 28ms/step
Epoch 4/64

Epoch 4: val_loss improved from 0.08224 to 0.08202, saving model to /p/scratch/deepacf/kiste/patakchiyousefi1//HPT_intensity/mse_32_0.001_1e-14_0.5_2_8_8_0.1_64.h5
2696/2696 - 76s - loss: 0.0758 - mse: 0.7920 - val_loss: 0.0820 - val_mse: 0.8186 - lr: 0.0010 - 76s/epoch - 28ms/step
Epoch 5/64

Epoch 5: val_loss improved from 0.08202 to 0.08187, saving model to /p/scratch/deepacf/kiste/patakchiyousefi1//HPT_intensity/mse_32_0.001_1e-14_0.5_2_8_8_0.1_64.h5
2696/2696 - 75s - loss: 0.0761 - mse: 0.7950 - val_loss: 0.0819 - val_mse: 0.8170 - lr: 0.0010 - 75s/epoch - 28ms/step
Epoch 6/64

Epoch 6: val_loss did not improve from 0.08187
2696/2696 - 77s - loss: 0.0758 - mse: 0.7920 - val_loss: 0.0846 - val_mse: 0.8439 - lr: 0.0010 - 77s/epoch - 29ms/step
Epoch 7/64

Epoch 7: val_loss did not improve from 0.08187
2696/2696 - 78s - loss: 0.0764 - mse: 0.7979 - val_loss: 0.0819 - val_mse: 0.8177 - lr: 0.0010 - 78s/epoch - 29ms/step
Epoch 8/64

Epoch 8: val_loss did not improve from 0.08187
2696/2696 - 79s - loss: 0.0752 - mse: 0.7855 - val_loss: 0.0827 - val_mse: 0.8252 - lr: 5.0000e-04 - 79s/epoch - 29ms/step
Epoch 9/64

Epoch 9: val_loss did not improve from 0.08187
2696/2696 - 78s - loss: 0.0749 - mse: 0.7819 - val_loss: 0.0821 - val_mse: 0.8189 - lr: 5.0000e-04 - 78s/epoch - 29ms/step
Epoch 10/64

Epoch 10: val_loss improved from 0.08187 to 0.07980, saving model to /p/scratch/deepacf/kiste/patakchiyousefi1//HPT_intensity/mse_32_0.001_1e-14_0.5_2_8_8_0.1_64.h5
2696/2696 - 79s - loss: 0.0743 - mse: 0.7758 - val_loss: 0.0798 - val_mse: 0.7964 - lr: 2.5000e-04 - 79s/epoch - 29ms/step
Epoch 11/64

Epoch 11: val_loss did not improve from 0.07980
2696/2696 - 78s - loss: 0.0742 - mse: 0.7747 - val_loss: 0.0806 - val_mse: 0.8048 - lr: 2.5000e-04 - 78s/epoch - 29ms/step
Epoch 12/64

Epoch 12: val_loss did not improve from 0.07980
2696/2696 - 78s - loss: 0.0739 - mse: 0.7719 - val_loss: 0.0799 - val_mse: 0.7975 - lr: 2.5000e-04 - 78s/epoch - 29ms/step
Epoch 13/64

Epoch 13: val_loss did not improve from 0.07980
2696/2696 - 77s - loss: 0.0735 - mse: 0.7670 - val_loss: 0.0801 - val_mse: 0.7994 - lr: 1.2500e-04 - 77s/epoch - 29ms/step
Epoch 14/64

Epoch 14: val_loss improved from 0.07980 to 0.07905, saving model to /p/scratch/deepacf/kiste/patakchiyousefi1//HPT_intensity/mse_32_0.001_1e-14_0.5_2_8_8_0.1_64.h5
2696/2696 - 78s - loss: 0.0734 - mse: 0.7661 - val_loss: 0.0790 - val_mse: 0.7889 - lr: 1.2500e-04 - 78s/epoch - 29ms/step
Epoch 15/64

Epoch 15: val_loss did not improve from 0.07905
2696/2696 - 77s - loss: 0.0731 - mse: 0.7634 - val_loss: 0.0793 - val_mse: 0.7915 - lr: 1.2500e-04 - 77s/epoch - 29ms/step
Epoch 16/64

Epoch 16: val_loss did not improve from 0.07905
2696/2696 - 78s - loss: 0.0731 - mse: 0.7636 - val_loss: 0.0792 - val_mse: 0.7903 - lr: 1.2500e-04 - 78s/epoch - 29ms/step
Epoch 17/64

Epoch 17: val_loss improved from 0.07905 to 0.07899, saving model to /p/scratch/deepacf/kiste/patakchiyousefi1//HPT_intensity/mse_32_0.001_1e-14_0.5_2_8_8_0.1_64.h5
2696/2696 - 78s - loss: 0.0729 - mse: 0.7615 - val_loss: 0.0790 - val_mse: 0.7883 - lr: 6.2500e-05 - 78s/epoch - 29ms/step
Epoch 18/64

Epoch 18: val_loss improved from 0.07899 to 0.07881, saving model to /p/scratch/deepacf/kiste/patakchiyousefi1//HPT_intensity/mse_32_0.001_1e-14_0.5_2_8_8_0.1_64.h5
2696/2696 - 78s - loss: 0.0727 - mse: 0.7596 - val_loss: 0.0788 - val_mse: 0.7865 - lr: 6.2500e-05 - 78s/epoch - 29ms/step
Epoch 19/64

Epoch 19: val_loss did not improve from 0.07881
2696/2696 - 78s - loss: 0.0726 - mse: 0.7580 - val_loss: 0.0790 - val_mse: 0.7884 - lr: 6.2500e-05 - 78s/epoch - 29ms/step
Epoch 20/64

Epoch 20: val_loss did not improve from 0.07881
2696/2696 - 78s - loss: 0.0726 - mse: 0.7577 - val_loss: 0.0789 - val_mse: 0.7878 - lr: 6.2500e-05 - 78s/epoch - 29ms/step
Epoch 21/64

Epoch 21: val_loss improved from 0.07881 to 0.07873, saving model to /p/scratch/deepacf/kiste/patakchiyousefi1//HPT_intensity/mse_32_0.001_1e-14_0.5_2_8_8_0.1_64.h5
2696/2696 - 78s - loss: 0.0725 - mse: 0.7569 - val_loss: 0.0787 - val_mse: 0.7857 - lr: 3.1250e-05 - 78s/epoch - 29ms/step
Epoch 22/64

Epoch 22: val_loss did not improve from 0.07873
2696/2696 - 78s - loss: 0.0725 - mse: 0.7570 - val_loss: 0.0792 - val_mse: 0.7904 - lr: 3.1250e-05 - 78s/epoch - 29ms/step
Epoch 23/64

Epoch 23: val_loss did not improve from 0.07873
2696/2696 - 78s - loss: 0.0725 - mse: 0.7571 - val_loss: 0.0789 - val_mse: 0.7872 - lr: 3.1250e-05 - 78s/epoch - 29ms/step
Epoch 24/64

Epoch 24: val_loss did not improve from 0.07873
2696/2696 - 77s - loss: 0.0724 - mse: 0.7558 - val_loss: 0.0789 - val_mse: 0.7876 - lr: 1.5625e-05 - 77s/epoch - 29ms/step
Epoch 25/64

Epoch 25: val_loss did not improve from 0.07873
2696/2696 - 78s - loss: 0.0724 - mse: 0.7557 - val_loss: 0.0790 - val_mse: 0.7883 - lr: 1.5625e-05 - 78s/epoch - 29ms/step
Epoch 26/64

Epoch 26: val_loss did not improve from 0.07873
2696/2696 - 77s - loss: 0.0723 - mse: 0.7547 - val_loss: 0.0788 - val_mse: 0.7861 - lr: 7.8125e-06 - 77s/epoch - 29ms/step
Epoch 27/64

Epoch 27: val_loss did not improve from 0.07873
2696/2696 - 77s - loss: 0.0722 - mse: 0.7539 - val_loss: 0.0788 - val_mse: 0.7861 - lr: 7.8125e-06 - 77s/epoch - 28ms/step
Epoch 28/64

Epoch 28: val_loss did not improve from 0.07873
2696/2696 - 78s - loss: 0.0722 - mse: 0.7541 - val_loss: 0.0789 - val_mse: 0.7870 - lr: 3.9063e-06 - 78s/epoch - 29ms/step
Epoch 29/64

Epoch 29: val_loss did not improve from 0.07873
2696/2696 - 77s - loss: 0.0723 - mse: 0.7550 - val_loss: 0.0789 - val_mse: 0.7871 - lr: 3.9063e-06 - 77s/epoch - 29ms/step
Saving and plotting the results...
