train_data_hourly_pr_['HRES']_['HSAF']_MM_6__spatiotemporal_128.256_2020-07-01T13_2023-03-26T23_no_na_intensity
Data is available already
Loading training data...
mse_32_0.0001_1e-14_0.5_2_4_8_0.1_64
Training the model...
Epoch 1/64

Epoch 1: val_loss improved from inf to 0.08189, saving model to /p/scratch/deepacf/kiste/patakchiyousefi1//HPT_intensity/mse_32_0.0001_1e-14_0.5_2_4_8_0.1_64.h5
5391/5391 - 119s - loss: 0.0812 - mse: 0.8484 - val_loss: 0.0819 - val_mse: 0.8173 - lr: 1.0000e-04 - 119s/epoch - 22ms/step
Epoch 2/64

Epoch 2: val_loss did not improve from 0.08189
5391/5391 - 98s - loss: 0.0776 - mse: 0.8106 - val_loss: 0.0830 - val_mse: 0.8287 - lr: 1.0000e-04 - 98s/epoch - 18ms/step
Epoch 3/64

Epoch 3: val_loss did not improve from 0.08189
5391/5391 - 97s - loss: 0.0765 - mse: 0.7988 - val_loss: 0.0827 - val_mse: 0.8250 - lr: 1.0000e-04 - 97s/epoch - 18ms/step
Epoch 4/64

Epoch 4: val_loss improved from 0.08189 to 0.08146, saving model to /p/scratch/deepacf/kiste/patakchiyousefi1//HPT_intensity/mse_32_0.0001_1e-14_0.5_2_4_8_0.1_64.h5
5391/5391 - 97s - loss: 0.0748 - mse: 0.7808 - val_loss: 0.0815 - val_mse: 0.8130 - lr: 5.0000e-05 - 97s/epoch - 18ms/step
Epoch 5/64

Epoch 5: val_loss did not improve from 0.08146
5391/5391 - 97s - loss: 0.0738 - mse: 0.7707 - val_loss: 0.0860 - val_mse: 0.8581 - lr: 5.0000e-05 - 97s/epoch - 18ms/step
Epoch 6/64

Epoch 6: val_loss did not improve from 0.08146
5391/5391 - 97s - loss: 0.0730 - mse: 0.7627 - val_loss: 0.0868 - val_mse: 0.8667 - lr: 5.0000e-05 - 97s/epoch - 18ms/step
Epoch 7/64

Epoch 7: val_loss did not improve from 0.08146
5391/5391 - 98s - loss: 0.0710 - mse: 0.7419 - val_loss: 0.0818 - val_mse: 0.8161 - lr: 2.5000e-05 - 98s/epoch - 18ms/step
Epoch 8/64

Epoch 8: val_loss improved from 0.08146 to 0.08022, saving model to /p/scratch/deepacf/kiste/patakchiyousefi1//HPT_intensity/mse_32_0.0001_1e-14_0.5_2_4_8_0.1_64.h5
5391/5391 - 98s - loss: 0.0695 - mse: 0.7257 - val_loss: 0.0802 - val_mse: 0.8006 - lr: 2.5000e-05 - 98s/epoch - 18ms/step
Epoch 9/64

Epoch 9: val_loss did not improve from 0.08022
5391/5391 - 99s - loss: 0.0684 - mse: 0.7138 - val_loss: 0.0827 - val_mse: 0.8249 - lr: 2.5000e-05 - 99s/epoch - 18ms/step
Epoch 10/64

Epoch 10: val_loss improved from 0.08022 to 0.07979, saving model to /p/scratch/deepacf/kiste/patakchiyousefi1//HPT_intensity/mse_32_0.0001_1e-14_0.5_2_4_8_0.1_64.h5
5391/5391 - 99s - loss: 0.0674 - mse: 0.7036 - val_loss: 0.0798 - val_mse: 0.7963 - lr: 2.5000e-05 - 99s/epoch - 18ms/step
Epoch 11/64

Epoch 11: val_loss did not improve from 0.07979
5391/5391 - 98s - loss: 0.0663 - mse: 0.6920 - val_loss: 0.0816 - val_mse: 0.8142 - lr: 2.5000e-05 - 98s/epoch - 18ms/step
Epoch 12/64

Epoch 12: val_loss did not improve from 0.07979
5391/5391 - 99s - loss: 0.0659 - mse: 0.6879 - val_loss: 0.0836 - val_mse: 0.8340 - lr: 2.5000e-05 - 99s/epoch - 18ms/step
Epoch 13/64

Epoch 13: val_loss did not improve from 0.07979
5391/5391 - 97s - loss: 0.0638 - mse: 0.6661 - val_loss: 0.0836 - val_mse: 0.8340 - lr: 1.2500e-05 - 97s/epoch - 18ms/step
Epoch 14/64

Epoch 14: val_loss did not improve from 0.07979
5391/5391 - 97s - loss: 0.0630 - mse: 0.6583 - val_loss: 0.0884 - val_mse: 0.8823 - lr: 1.2500e-05 - 97s/epoch - 18ms/step
Epoch 15/64

Epoch 15: val_loss did not improve from 0.07979
5391/5391 - 98s - loss: 0.0619 - mse: 0.6460 - val_loss: 0.0877 - val_mse: 0.8749 - lr: 6.2500e-06 - 98s/epoch - 18ms/step
Epoch 16/64

Epoch 16: val_loss did not improve from 0.07979
5391/5391 - 98s - loss: 0.0615 - mse: 0.6423 - val_loss: 0.0904 - val_mse: 0.9020 - lr: 6.2500e-06 - 98s/epoch - 18ms/step
Epoch 17/64

Epoch 17: val_loss did not improve from 0.07979
5391/5391 - 98s - loss: 0.0608 - mse: 0.6344 - val_loss: 0.0912 - val_mse: 0.9098 - lr: 3.1250e-06 - 98s/epoch - 18ms/step
Epoch 18/64

Epoch 18: val_loss did not improve from 0.07979
5391/5391 - 97s - loss: 0.0607 - mse: 0.6337 - val_loss: 0.0910 - val_mse: 0.9086 - lr: 3.1250e-06 - 97s/epoch - 18ms/step
Saving and plotting the results...
