train_data_hourly_pr_['HRES']_['HSAF']_MM_6__spatiotemporal_128.256_2020-07-01T13_2023-03-26T23_no_na
Data is available already
Loading training data...
mse_64_1e-06_1e-14_0.5_2_4_8_0.5_64
Training the model...
Epoch 1/64

Epoch 1: val_loss improved from inf to 0.10885, saving model to /p/scratch/deepacf/kiste/patakchiyousefi1//HPT/mse_64_1e-06_1e-14_0.5_2_4_8_0.5_64.h5
2996/2996 - 246s - loss: 0.2393 - mse: 0.5849 - val_loss: 0.1088 - val_mse: 0.2679 - lr: 1.0000e-06 - 246s/epoch - 82ms/step
Epoch 2/64

Epoch 2: val_loss improved from 0.10885 to 0.10499, saving model to /p/scratch/deepacf/kiste/patakchiyousefi1//HPT/mse_64_1e-06_1e-14_0.5_2_4_8_0.5_64.h5
2996/2996 - 217s - loss: 0.1027 - mse: 0.2509 - val_loss: 0.1050 - val_mse: 0.2584 - lr: 1.0000e-06 - 217s/epoch - 72ms/step
Epoch 3/64

Epoch 3: val_loss improved from 0.10499 to 0.10452, saving model to /p/scratch/deepacf/kiste/patakchiyousefi1//HPT/mse_64_1e-06_1e-14_0.5_2_4_8_0.5_64.h5
2996/2996 - 217s - loss: 0.0928 - mse: 0.2268 - val_loss: 0.1045 - val_mse: 0.2572 - lr: 1.0000e-06 - 217s/epoch - 72ms/step
Epoch 4/64

Epoch 4: val_loss improved from 0.10452 to 0.10367, saving model to /p/scratch/deepacf/kiste/patakchiyousefi1//HPT/mse_64_1e-06_1e-14_0.5_2_4_8_0.5_64.h5
2996/2996 - 217s - loss: 0.0892 - mse: 0.2180 - val_loss: 0.1037 - val_mse: 0.2551 - lr: 1.0000e-06 - 217s/epoch - 72ms/step
Epoch 5/64

Epoch 5: val_loss did not improve from 0.10367
2996/2996 - 217s - loss: 0.0872 - mse: 0.2131 - val_loss: 0.1048 - val_mse: 0.2580 - lr: 1.0000e-06 - 217s/epoch - 72ms/step
Epoch 6/64

Epoch 6: val_loss did not improve from 0.10367
2996/2996 - 216s - loss: 0.0860 - mse: 0.2101 - val_loss: 0.1046 - val_mse: 0.2574 - lr: 1.0000e-06 - 216s/epoch - 72ms/step
Epoch 7/64

Epoch 7: val_loss did not improve from 0.10367
2996/2996 - 216s - loss: 0.0854 - mse: 0.2086 - val_loss: 0.1051 - val_mse: 0.2585 - lr: 5.0000e-07 - 216s/epoch - 72ms/step
Epoch 8/64

Epoch 8: val_loss did not improve from 0.10367
2996/2996 - 217s - loss: 0.0849 - mse: 0.2075 - val_loss: 0.1057 - val_mse: 0.2601 - lr: 5.0000e-07 - 217s/epoch - 72ms/step
Epoch 9/64

Epoch 9: val_loss did not improve from 0.10367
2996/2996 - 216s - loss: 0.0847 - mse: 0.2070 - val_loss: 0.1052 - val_mse: 0.2589 - lr: 2.5000e-07 - 216s/epoch - 72ms/step
Epoch 10/64

Epoch 10: val_loss did not improve from 0.10367
2996/2996 - 216s - loss: 0.0844 - mse: 0.2063 - val_loss: 0.1066 - val_mse: 0.2624 - lr: 2.5000e-07 - 216s/epoch - 72ms/step
Epoch 11/64

Epoch 11: val_loss did not improve from 0.10367
2996/2996 - 216s - loss: 0.0844 - mse: 0.2063 - val_loss: 0.1055 - val_mse: 0.2597 - lr: 1.2500e-07 - 216s/epoch - 72ms/step
Epoch 12/64

Epoch 12: val_loss did not improve from 0.10367
2996/2996 - 216s - loss: 0.0841 - mse: 0.2054 - val_loss: 0.1053 - val_mse: 0.2590 - lr: 1.2500e-07 - 216s/epoch - 72ms/step
Saving and plotting the results...
