train_data_hourly_pr_['HRES']_['HSAF']_MM_6__spatiotemporal_128.256_2020-07-01T13_2023-03-26T23_no_na
Data is available already
Loading training data...
mse_16_0.0001_1e-08_0.5_2_1_8_0.5_64
Training the model...
Epoch 1/64

Epoch 1: val_loss improved from inf to 157267.28125, saving model to /p/scratch/deepacf/kiste/patakchiyousefi1//HPT/mse_16_0.0001_1e-08_0.5_2_1_8_0.5_64.h5
11982/11982 - 149s - loss: 171979.5625 - mse: 218535.8750 - val_loss: 157267.2812 - val_mse: 203385.7969 - lr: 1.0000e-04 - 149s/epoch - 12ms/step
Epoch 2/64

Epoch 2: val_loss improved from 157267.28125 to 122337.17188, saving model to /p/scratch/deepacf/kiste/patakchiyousefi1//HPT/mse_16_0.0001_1e-08_0.5_2_1_8_0.5_64.h5
11982/11982 - 131s - loss: 143516.1406 - mse: 195151.0938 - val_loss: 122337.1719 - val_mse: 177189.5625 - lr: 1.0000e-04 - 131s/epoch - 11ms/step
Epoch 3/64

Epoch 3: val_loss improved from 122337.17188 to 76236.67969, saving model to /p/scratch/deepacf/kiste/patakchiyousefi1//HPT/mse_16_0.0001_1e-08_0.5_2_1_8_0.5_64.h5
11982/11982 - 129s - loss: 103386.2812 - mse: 171323.9688 - val_loss: 76236.6797 - val_mse: 155473.2031 - lr: 1.0000e-04 - 129s/epoch - 11ms/step
Epoch 4/64

Epoch 4: val_loss improved from 76236.67969 to 41223.17188, saving model to /p/scratch/deepacf/kiste/patakchiyousefi1//HPT/mse_16_0.0001_1e-08_0.5_2_1_8_0.5_64.h5
11982/11982 - 129s - loss: 60639.3164 - mse: 168210.9844 - val_loss: 41223.1719 - val_mse: 174017.4844 - lr: 1.0000e-04 - 129s/epoch - 11ms/step
Epoch 5/64

Epoch 5: val_loss improved from 41223.17188 to 18154.22070, saving model to /p/scratch/deepacf/kiste/patakchiyousefi1//HPT/mse_16_0.0001_1e-08_0.5_2_1_8_0.5_64.h5
11982/11982 - 128s - loss: 25355.6875 - mse: 211545.3438 - val_loss: 18154.2207 - val_mse: 238468.5312 - lr: 1.0000e-04 - 128s/epoch - 11ms/step
Epoch 6/64

Epoch 6: val_loss improved from 18154.22070 to 2286.53394, saving model to /p/scratch/deepacf/kiste/patakchiyousefi1//HPT/mse_16_0.0001_1e-08_0.5_2_1_8_0.5_64.h5
11982/11982 - 130s - loss: 5293.7734 - mse: 324425.7812 - val_loss: 2286.5339 - val_mse: 389353.4375 - lr: 1.0000e-04 - 130s/epoch - 11ms/step
Epoch 7/64

Epoch 7: val_loss improved from 2286.53394 to 2018.05664, saving model to /p/scratch/deepacf/kiste/patakchiyousefi1//HPT/mse_16_0.0001_1e-08_0.5_2_1_8_0.5_64.h5
11982/11982 - 130s - loss: 137.4827 - mse: 464902.5312 - val_loss: 2018.0566 - val_mse: 484606.0000 - lr: 1.0000e-04 - 130s/epoch - 11ms/step
Epoch 8/64

Epoch 8: val_loss did not improve from 2018.05664
11982/11982 - 131s - loss: 0.1327 - mse: 491442.3438 - val_loss: 17282.9688 - val_mse: 528890.9375 - lr: 1.0000e-04 - 131s/epoch - 11ms/step
Epoch 9/64

Epoch 9: val_loss did not improve from 2018.05664
11982/11982 - 129s - loss: 0.0616 - mse: 495252.6562 - val_loss: 9220.6514 - val_mse: 506529.0000 - lr: 1.0000e-04 - 129s/epoch - 11ms/step
Epoch 10/64

Epoch 10: val_loss did not improve from 2018.05664
11982/11982 - 131s - loss: 0.0098 - mse: 495711.2188 - val_loss: 17983.0293 - val_mse: 536818.1250 - lr: 5.0000e-05 - 131s/epoch - 11ms/step
Epoch 11/64

Epoch 11: val_loss did not improve from 2018.05664
11982/11982 - 129s - loss: 0.0087 - mse: 495588.9062 - val_loss: 26500.7227 - val_mse: 571738.7500 - lr: 5.0000e-05 - 129s/epoch - 11ms/step
Epoch 12/64

Epoch 12: val_loss did not improve from 2018.05664
11982/11982 - 131s - loss: 0.0023 - mse: 495725.0625 - val_loss: 24719.3184 - val_mse: 567413.3750 - lr: 2.5000e-05 - 131s/epoch - 11ms/step
Epoch 13/64

Epoch 13: val_loss did not improve from 2018.05664
11982/11982 - 130s - loss: 0.0025 - mse: 495624.8438 - val_loss: 28041.4805 - val_mse: 577579.3750 - lr: 2.5000e-05 - 130s/epoch - 11ms/step
Epoch 14/64

Epoch 14: val_loss did not improve from 2018.05664
11982/11982 - 128s - loss: 7.9937e-04 - mse: 495620.6875 - val_loss: 32232.6699 - val_mse: 591763.1250 - lr: 1.2500e-05 - 128s/epoch - 11ms/step
Epoch 15/64

Epoch 15: val_loss did not improve from 2018.05664
11982/11982 - 128s - loss: 9.5767e-04 - mse: 495693.5000 - val_loss: 35119.3750 - val_mse: 601645.1250 - lr: 1.2500e-05 - 128s/epoch - 11ms/step
Saving and plotting the results...
