train_data_hourly_pr_['HRES']_['HSAF']_MM_6__spatiotemporal_128.256_2020-07-01T13_2023-03-26T23_no_na
Data is available already
Loading training data...
mse_32_0.0001_1e-14_0.5_2_4_8_0.5_64
Training the model...
Epoch 1/64

Epoch 1: val_loss improved from inf to 0.33018, saving model to /p/scratch/deepacf/kiste/patakchiyousefi1//HPT/mse_32_0.0001_1e-14_0.5_2_4_8_0.5_64.h5
2996/2996 - 110s - loss: 6.5924 - mse: 0.2233 - val_loss: 0.3302 - val_mse: 0.2402 - lr: 1.0000e-04 - 110s/epoch - 37ms/step
Epoch 2/64

Epoch 2: val_loss improved from 0.33018 to 0.20516, saving model to /p/scratch/deepacf/kiste/patakchiyousefi1//HPT/mse_32_0.0001_1e-14_0.5_2_4_8_0.5_64.h5
2996/2996 - 79s - loss: 0.2307 - mse: 0.2096 - val_loss: 0.2052 - val_mse: 0.2447 - lr: 1.0000e-04 - 79s/epoch - 26ms/step
Epoch 3/64

Epoch 3: val_loss improved from 0.20516 to 0.18734, saving model to /p/scratch/deepacf/kiste/patakchiyousefi1//HPT/mse_32_0.0001_1e-14_0.5_2_4_8_0.5_64.h5
2996/2996 - 79s - loss: 0.1814 - mse: 0.2104 - val_loss: 0.1873 - val_mse: 0.2420 - lr: 1.0000e-04 - 79s/epoch - 26ms/step
Epoch 4/64

Epoch 4: val_loss improved from 0.18734 to 0.18732, saving model to /p/scratch/deepacf/kiste/patakchiyousefi1//HPT/mse_32_0.0001_1e-14_0.5_2_4_8_0.5_64.h5
2996/2996 - 79s - loss: 0.1729 - mse: 0.2099 - val_loss: 0.1873 - val_mse: 0.2499 - lr: 1.0000e-04 - 79s/epoch - 26ms/step
Epoch 5/64

Epoch 5: val_loss improved from 0.18732 to 0.18456, saving model to /p/scratch/deepacf/kiste/patakchiyousefi1//HPT/mse_32_0.0001_1e-14_0.5_2_4_8_0.5_64.h5
2996/2996 - 80s - loss: 0.1711 - mse: 0.2104 - val_loss: 0.1846 - val_mse: 0.2467 - lr: 1.0000e-04 - 80s/epoch - 27ms/step
Epoch 6/64

Epoch 6: val_loss improved from 0.18456 to 0.18238, saving model to /p/scratch/deepacf/kiste/patakchiyousefi1//HPT/mse_32_0.0001_1e-14_0.5_2_4_8_0.5_64.h5
2996/2996 - 80s - loss: 0.1701 - mse: 0.2104 - val_loss: 0.1824 - val_mse: 0.2426 - lr: 1.0000e-04 - 80s/epoch - 27ms/step
Epoch 7/64

Epoch 7: val_loss did not improve from 0.18238
2996/2996 - 80s - loss: 0.1701 - mse: 0.2102 - val_loss: 0.1836 - val_mse: 0.2436 - lr: 1.0000e-04 - 80s/epoch - 27ms/step
Epoch 8/64

Epoch 8: val_loss did not improve from 0.18238
2996/2996 - 80s - loss: 0.1711 - mse: 0.2099 - val_loss: 0.1861 - val_mse: 0.2472 - lr: 1.0000e-04 - 80s/epoch - 27ms/step
Epoch 9/64

Epoch 9: val_loss improved from 0.18238 to 0.14511, saving model to /p/scratch/deepacf/kiste/patakchiyousefi1//HPT/mse_32_0.0001_1e-14_0.5_2_4_8_0.5_64.h5
2996/2996 - 80s - loss: 0.1312 - mse: 0.2093 - val_loss: 0.1451 - val_mse: 0.2416 - lr: 5.0000e-05 - 80s/epoch - 27ms/step
Epoch 10/64

Epoch 10: val_loss improved from 0.14511 to 0.14263, saving model to /p/scratch/deepacf/kiste/patakchiyousefi1//HPT/mse_32_0.0001_1e-14_0.5_2_4_8_0.5_64.h5
2996/2996 - 80s - loss: 0.1310 - mse: 0.2091 - val_loss: 0.1426 - val_mse: 0.2454 - lr: 5.0000e-05 - 80s/epoch - 27ms/step
Epoch 11/64

Epoch 11: val_loss improved from 0.14263 to 0.14238, saving model to /p/scratch/deepacf/kiste/patakchiyousefi1//HPT/mse_32_0.0001_1e-14_0.5_2_4_8_0.5_64.h5
2996/2996 - 80s - loss: 0.1304 - mse: 0.2087 - val_loss: 0.1424 - val_mse: 0.2440 - lr: 5.0000e-05 - 80s/epoch - 27ms/step
Epoch 12/64
