train_data_hourly_pr_['HRES']_['HSAF']_MM_6__spatiotemporal_128.256_2020-07-01T13_2023-03-26T23_no_na
Data is available already
Loading training data...
mse_128_1e-05_1e-14_0.5_2_4_8_0.5_64
Training the model...
Epoch 1/64

Epoch 1: val_loss improved from inf to 0.10215, saving model to /p/scratch/deepacf/kiste/patakchiyousefi1//HPT/mse_128_1e-05_1e-14_0.5_2_4_8_0.5_64.h5
2996/2996 - 744s - loss: 0.1018 - mse: 0.2488 - val_loss: 0.1021 - val_mse: 0.2514 - lr: 1.0000e-05 - 744s/epoch - 248ms/step
Epoch 2/64

Epoch 2: val_loss improved from 0.10215 to 0.09381, saving model to /p/scratch/deepacf/kiste/patakchiyousefi1//HPT/mse_128_1e-05_1e-14_0.5_2_4_8_0.5_64.h5
2996/2996 - 712s - loss: 0.0839 - mse: 0.2050 - val_loss: 0.0938 - val_mse: 0.2308 - lr: 1.0000e-05 - 712s/epoch - 238ms/step
Epoch 3/64

Epoch 3: val_loss did not improve from 0.09381
2996/2996 - 711s - loss: 0.0825 - mse: 0.2016 - val_loss: 0.0965 - val_mse: 0.2375 - lr: 1.0000e-05 - 711s/epoch - 237ms/step
Epoch 4/64

Epoch 4: val_loss did not improve from 0.09381
2996/2996 - 711s - loss: 0.0811 - mse: 0.1981 - val_loss: 0.0943 - val_mse: 0.2319 - lr: 1.0000e-05 - 711s/epoch - 237ms/step
Epoch 5/64

Epoch 5: val_loss did not improve from 0.09381
2996/2996 - 711s - loss: 0.0783 - mse: 0.1914 - val_loss: 0.0979 - val_mse: 0.2408 - lr: 5.0000e-06 - 711s/epoch - 237ms/step
Epoch 6/64

Epoch 6: val_loss did not improve from 0.09381
2996/2996 - 711s - loss: 0.0768 - mse: 0.1877 - val_loss: 0.0943 - val_mse: 0.2320 - lr: 5.0000e-06 - 711s/epoch - 237ms/step
Epoch 7/64

Epoch 7: val_loss did not improve from 0.09381
2996/2996 - 711s - loss: 0.0741 - mse: 0.1810 - val_loss: 0.0952 - val_mse: 0.2343 - lr: 2.5000e-06 - 711s/epoch - 237ms/step
Epoch 8/64

Epoch 8: val_loss did not improve from 0.09381
2996/2996 - 711s - loss: 0.0721 - mse: 0.1761 - val_loss: 0.0969 - val_mse: 0.2383 - lr: 2.5000e-06 - 711s/epoch - 237ms/step
Epoch 9/64

Epoch 9: val_loss did not improve from 0.09381
2996/2996 - 711s - loss: 0.0704 - mse: 0.1721 - val_loss: 0.0959 - val_mse: 0.2361 - lr: 1.2500e-06 - 711s/epoch - 237ms/step
Epoch 10/64

Epoch 10: val_loss did not improve from 0.09381
2996/2996 - 711s - loss: 0.0697 - mse: 0.1703 - val_loss: 0.0994 - val_mse: 0.2447 - lr: 1.2500e-06 - 711s/epoch - 237ms/step
Saving and plotting the results...
