train_data_hourly_pr_['HRES']_['HSAF']_MM_6__spatiotemporal_128.256_2020-07-01T13_2023-03-26T23_no_na
Data is available already
Loading training data...
mse_32_0.1_1e-05_0.9_2_1_8_0.5_64
Training the model...
Epoch 1/64

Epoch 1: val_loss improved from inf to 2.96853, saving model to /p/scratch/deepacf/kiste/patakchiyousefi1//HPT/mse_32_0.1_1e-05_0.9_2_1_8_0.5_64.h5
11982/11982 - 155s - loss: 457.0880 - mse: 692716.3750 - val_loss: 2.9685 - val_mse: 778069.5625 - lr: 0.1000 - 155s/epoch - 13ms/step
Epoch 2/64

Epoch 2: val_loss improved from 2.96853 to 0.04996, saving model to /p/scratch/deepacf/kiste/patakchiyousefi1//HPT/mse_32_0.1_1e-05_0.9_2_1_8_0.5_64.h5
11982/11982 - 136s - loss: 33.5737 - mse: 767017.0000 - val_loss: 0.0500 - val_mse: 776659.8750 - lr: 0.1000 - 136s/epoch - 11ms/step
Epoch 3/64

Epoch 3: val_loss did not improve from 0.04996
11982/11982 - 133s - loss: 15.2894 - mse: 770178.7500 - val_loss: 232.3130 - val_mse: 836198.3750 - lr: 0.1000 - 133s/epoch - 11ms/step
Epoch 4/64

Epoch 4: val_loss did not improve from 0.04996
11982/11982 - 134s - loss: 11.9591 - mse: 771543.9375 - val_loss: 1.0035 - val_mse: 775445.1250 - lr: 0.1000 - 134s/epoch - 11ms/step
Epoch 5/64

Epoch 5: val_loss improved from 0.04996 to 0.00020, saving model to /p/scratch/deepacf/kiste/patakchiyousefi1//HPT/mse_32_0.1_1e-05_0.9_2_1_8_0.5_64.h5
11982/11982 - 134s - loss: 5.2630 - mse: 771697.0625 - val_loss: 2.0455e-04 - val_mse: 778306.7500 - lr: 0.0900 - 134s/epoch - 11ms/step
Epoch 6/64

Epoch 6: val_loss did not improve from 0.00020
11982/11982 - 133s - loss: 13.2319 - mse: 768812.2500 - val_loss: 0.1600 - val_mse: 776065.6875 - lr: 0.0900 - 133s/epoch - 11ms/step
Epoch 7/64

Epoch 7: val_loss did not improve from 0.00020
11982/11982 - 135s - loss: 2.6010 - mse: 770056.8125 - val_loss: 0.0157 - val_mse: 777739.3125 - lr: 0.0900 - 135s/epoch - 11ms/step
Epoch 8/64

Epoch 8: val_loss improved from 0.00020 to 0.00000, saving model to /p/scratch/deepacf/kiste/patakchiyousefi1//HPT/mse_32_0.1_1e-05_0.9_2_1_8_0.5_64.h5
11982/11982 - 136s - loss: 2.7305 - mse: 770766.3125 - val_loss: 9.4559e-07 - val_mse: 778350.1875 - lr: 0.0810 - 136s/epoch - 11ms/step
Epoch 9/64

Epoch 9: val_loss did not improve from 0.00000
11982/11982 - 136s - loss: 3.6406 - mse: 770973.3750 - val_loss: 1.4142e-04 - val_mse: 778610.1875 - lr: 0.0810 - 136s/epoch - 11ms/step
Epoch 10/64

Epoch 10: val_loss did not improve from 0.00000
11982/11982 - 135s - loss: 3.9687 - mse: 770917.6875 - val_loss: 0.0034 - val_mse: 778464.3125 - lr: 0.0810 - 135s/epoch - 11ms/step
Epoch 11/64

Epoch 11: val_loss did not improve from 0.00000
11982/11982 - 135s - loss: 2.0615 - mse: 771139.0625 - val_loss: 39.3033 - val_mse: 755416.8750 - lr: 0.0729 - 135s/epoch - 11ms/step
Epoch 12/64

Epoch 12: val_loss did not improve from 0.00000
11982/11982 - 135s - loss: 1.8839 - mse: 770893.3750 - val_loss: 0.0070 - val_mse: 778599.6875 - lr: 0.0729 - 135s/epoch - 11ms/step
Epoch 13/64

Epoch 13: val_loss did not improve from 0.00000
11982/11982 - 132s - loss: 1.5638 - mse: 770858.0625 - val_loss: 4.5013e-05 - val_mse: 778299.6875 - lr: 0.0656 - 132s/epoch - 11ms/step
Epoch 14/64

Epoch 14: val_loss did not improve from 0.00000
11982/11982 - 134s - loss: 1.2430 - mse: 770958.9375 - val_loss: 0.0210 - val_mse: 777777.3125 - lr: 0.0656 - 134s/epoch - 11ms/step
Epoch 15/64

Epoch 15: val_loss improved from 0.00000 to 0.00000, saving model to /p/scratch/deepacf/kiste/patakchiyousefi1//HPT/mse_32_0.1_1e-05_0.9_2_1_8_0.5_64.h5
11982/11982 - 133s - loss: 1.2680 - mse: 770930.5000 - val_loss: 6.5441e-08 - val_mse: 778300.3750 - lr: 0.0590 - 133s/epoch - 11ms/step
Epoch 16/64

Epoch 16: val_loss did not improve from 0.00000
11982/11982 - 134s - loss: 1.2545 - mse: 770834.8750 - val_loss: 4.3587e-06 - val_mse: 778302.2500 - lr: 0.0590 - 134s/epoch - 11ms/step
Epoch 17/64

Epoch 17: val_loss did not improve from 0.00000
11982/11982 - 135s - loss: 1.3758 - mse: 770977.2500 - val_loss: 4.0983e-04 - val_mse: 778193.5000 - lr: 0.0531 - 135s/epoch - 11ms/step
Epoch 18/64

Epoch 18: val_loss did not improve from 0.00000
11982/11982 - 135s - loss: 0.8794 - mse: 770889.5625 - val_loss: 59.1797 - val_mse: 807128.5000 - lr: 0.0531 - 135s/epoch - 11ms/step
Epoch 19/64

Epoch 19: val_loss did not improve from 0.00000
11982/11982 - 135s - loss: 1.3901 - mse: 770884.5000 - val_loss: 3.8201e-05 - val_mse: 778146.3125 - lr: 0.0478 - 135s/epoch - 11ms/step
Epoch 20/64
