train_data_hourly_pr_['HRES']_['HSAF']_MM_6__spatiotemporal_128.256_2020-07-01T13_2023-03-26T23_no_na
Data is available already
Loading training data...
mse_8_0.1_1e-05_0.5_2_4_8_0.5_64
Training the model...
Epoch 1/64

Epoch 1: val_loss improved from inf to 16.50148, saving model to /p/scratch/deepacf/kiste/patakchiyousefi1//HPT/mse_8_0.1_1e-05_0.5_2_4_8_0.5_64.h5
2996/2996 - 58s - loss: 2210.1338 - mse: 582273.0625 - val_loss: 16.5015 - val_mse: 606690.5000 - lr: 0.1000 - 58s/epoch - 19ms/step
Epoch 2/64

Epoch 2: val_loss improved from 16.50148 to 5.39806, saving model to /p/scratch/deepacf/kiste/patakchiyousefi1//HPT/mse_8_0.1_1e-05_0.5_2_4_8_0.5_64.h5
2996/2996 - 40s - loss: 0.0281 - mse: 593719.3125 - val_loss: 5.3981 - val_mse: 595012.3125 - lr: 0.1000 - 40s/epoch - 13ms/step
Epoch 3/64

Epoch 3: val_loss improved from 5.39806 to 0.26303, saving model to /p/scratch/deepacf/kiste/patakchiyousefi1//HPT/mse_8_0.1_1e-05_0.5_2_4_8_0.5_64.h5
2996/2996 - 42s - loss: 1.5019 - mse: 585458.5625 - val_loss: 0.2630 - val_mse: 588771.8125 - lr: 0.1000 - 42s/epoch - 14ms/step
Epoch 4/64

Epoch 4: val_loss did not improve from 0.26303
2996/2996 - 42s - loss: 0.8532 - mse: 579321.1875 - val_loss: 1.2477 - val_mse: 588142.3750 - lr: 0.1000 - 42s/epoch - 14ms/step
Epoch 5/64

Epoch 5: val_loss improved from 0.26303 to 0.07276, saving model to /p/scratch/deepacf/kiste/patakchiyousefi1//HPT/mse_8_0.1_1e-05_0.5_2_4_8_0.5_64.h5
2996/2996 - 39s - loss: 1.0769 - mse: 575442.8750 - val_loss: 0.0728 - val_mse: 582148.5625 - lr: 0.1000 - 39s/epoch - 13ms/step
Epoch 6/64

Epoch 6: val_loss did not improve from 0.07276
2996/2996 - 41s - loss: 0.9523 - mse: 575508.0625 - val_loss: 919.6298 - val_mse: 601145.0000 - lr: 0.1000 - 41s/epoch - 14ms/step
Epoch 7/64

Epoch 7: val_loss did not improve from 0.07276
2996/2996 - 39s - loss: 0.7749 - mse: 573299.4375 - val_loss: 0.3343 - val_mse: 584603.1250 - lr: 0.1000 - 39s/epoch - 13ms/step
Epoch 8/64
