train_data_hourly_pr_['HRES']_['HSAF']_MM_6__spatiotemporal_128.256_2022-04-26T13_2023-04-26T23_no_na
Data is available already
Loading training data...
mse_64_0.0001_1e-14_0.5_2_2_8_0.5_64
Training the model...
Epoch 1/64

Epoch 1: val_loss improved from inf to 0.06683, saving model to /p/scratch/deepacf/kiste/patakchiyousefi1//HPT/mse_64_0.0001_1e-14_0.5_2_2_8_0.5_64.h5
2190/2190 - 124s - loss: 0.0871 - mse: 0.1562 - val_loss: 0.0668 - val_mse: 0.1217 - lr: 1.0000e-04 - 124s/epoch - 57ms/step
Epoch 2/64

Epoch 2: val_loss improved from 0.06683 to 0.06639, saving model to /p/scratch/deepacf/kiste/patakchiyousefi1//HPT/mse_64_0.0001_1e-14_0.5_2_2_8_0.5_64.h5
2190/2190 - 102s - loss: 0.0776 - mse: 0.1391 - val_loss: 0.0664 - val_mse: 0.1209 - lr: 1.0000e-04 - 102s/epoch - 46ms/step
Epoch 3/64

Epoch 3: val_loss improved from 0.06639 to 0.06440, saving model to /p/scratch/deepacf/kiste/patakchiyousefi1//HPT/mse_64_0.0001_1e-14_0.5_2_2_8_0.5_64.h5
2190/2190 - 102s - loss: 0.0766 - mse: 0.1373 - val_loss: 0.0644 - val_mse: 0.1173 - lr: 1.0000e-04 - 102s/epoch - 47ms/step
Epoch 4/64

Epoch 4: val_loss did not improve from 0.06440
2190/2190 - 101s - loss: 0.0755 - mse: 0.1354 - val_loss: 0.0655 - val_mse: 0.1193 - lr: 1.0000e-04 - 101s/epoch - 46ms/step
Epoch 5/64

Epoch 5: val_loss improved from 0.06440 to 0.06415, saving model to /p/scratch/deepacf/kiste/patakchiyousefi1//HPT/mse_64_0.0001_1e-14_0.5_2_2_8_0.5_64.h5
2190/2190 - 102s - loss: 0.0746 - mse: 0.1339 - val_loss: 0.0642 - val_mse: 0.1169 - lr: 1.0000e-04 - 102s/epoch - 46ms/step
Epoch 6/64

Epoch 6: val_loss did not improve from 0.06415
2190/2190 - 101s - loss: 0.0736 - mse: 0.1319 - val_loss: 0.0661 - val_mse: 0.1204 - lr: 1.0000e-04 - 101s/epoch - 46ms/step
Epoch 7/64

Epoch 7: val_loss did not improve from 0.06415
2190/2190 - 101s - loss: 0.0731 - mse: 0.1310 - val_loss: 0.0647 - val_mse: 0.1179 - lr: 1.0000e-04 - 101s/epoch - 46ms/step
Epoch 8/64

Epoch 8: val_loss did not improve from 0.06415
2190/2190 - 101s - loss: 0.0697 - mse: 0.1250 - val_loss: 0.0646 - val_mse: 0.1177 - lr: 5.0000e-05 - 101s/epoch - 46ms/step
Epoch 9/64

Epoch 9: val_loss did not improve from 0.06415
2190/2190 - 101s - loss: 0.0683 - mse: 0.1224 - val_loss: 0.0655 - val_mse: 0.1194 - lr: 5.0000e-05 - 101s/epoch - 46ms/step
Epoch 10/64
