train_data_hourly_pr_['HRES']_['HSAF']_MM_6__spatiotemporal_128.256_2020-07-01T13_2023-03-26T23_no_na
Data is available already
Loading training data...
mse_16_0.1_1e-05_0.9_2_16_8_0.5_64
Training the model...
Epoch 1/64

Epoch 1: val_loss improved from inf to 0.58565, saving model to /p/scratch/deepacf/kiste/patakchiyousefi1//HPT/mse_16_0.1_1e-05_0.9_2_16_8_0.5_64.h5
749/749 - 42s - loss: 7383.3726 - mse: 607097.1250 - val_loss: 0.5856 - val_mse: 642179.1875 - lr: 0.1000 - 42s/epoch - 56ms/step
Epoch 2/64

Epoch 2: val_loss improved from 0.58565 to 0.45218, saving model to /p/scratch/deepacf/kiste/patakchiyousefi1//HPT/mse_16_0.1_1e-05_0.9_2_16_8_0.5_64.h5
749/749 - 21s - loss: 0.2394 - mse: 639977.1250 - val_loss: 0.4522 - val_mse: 652084.8125 - lr: 0.1000 - 21s/epoch - 28ms/step
Epoch 3/64

Epoch 3: val_loss did not improve from 0.45218
749/749 - 22s - loss: 0.0410 - mse: 641610.3750 - val_loss: 0.5200 - val_mse: 649087.1250 - lr: 0.1000 - 22s/epoch - 30ms/step
Epoch 4/64

Epoch 4: val_loss improved from 0.45218 to 0.04357, saving model to /p/scratch/deepacf/kiste/patakchiyousefi1//HPT/mse_16_0.1_1e-05_0.9_2_16_8_0.5_64.h5
749/749 - 23s - loss: 0.0248 - mse: 642352.3125 - val_loss: 0.0436 - val_mse: 652681.6875 - lr: 0.1000 - 23s/epoch - 31ms/step
Epoch 5/64

Epoch 5: val_loss did not improve from 0.04357
749/749 - 22s - loss: 0.0223 - mse: 642960.1875 - val_loss: 0.0568 - val_mse: 660001.8750 - lr: 0.1000 - 22s/epoch - 30ms/step
Epoch 6/64

Epoch 6: val_loss did not improve from 0.04357
749/749 - 22s - loss: 0.1569 - mse: 643324.6875 - val_loss: 0.0755 - val_mse: 652327.0000 - lr: 0.1000 - 22s/epoch - 29ms/step
Epoch 7/64

Epoch 7: val_loss improved from 0.04357 to 0.01472, saving model to /p/scratch/deepacf/kiste/patakchiyousefi1//HPT/mse_16_0.1_1e-05_0.9_2_16_8_0.5_64.h5
749/749 - 22s - loss: 0.0069 - mse: 644447.6875 - val_loss: 0.0147 - val_mse: 661323.3750 - lr: 0.0900 - 22s/epoch - 29ms/step
Epoch 8/64

Epoch 8: val_loss improved from 0.01472 to 0.00533, saving model to /p/scratch/deepacf/kiste/patakchiyousefi1//HPT/mse_16_0.1_1e-05_0.9_2_16_8_0.5_64.h5
749/749 - 22s - loss: 0.0104 - mse: 644045.6875 - val_loss: 0.0053 - val_mse: 654359.5000 - lr: 0.0900 - 22s/epoch - 30ms/step
Epoch 9/64

Epoch 9: val_loss did not improve from 0.00533
749/749 - 22s - loss: 0.0119 - mse: 643833.6875 - val_loss: 0.0908 - val_mse: 646337.5625 - lr: 0.0900 - 22s/epoch - 29ms/step
Epoch 10/64

Epoch 10: val_loss improved from 0.00533 to 0.00075, saving model to /p/scratch/deepacf/kiste/patakchiyousefi1//HPT/mse_16_0.1_1e-05_0.9_2_16_8_0.5_64.h5
749/749 - 22s - loss: 0.0607 - mse: 642624.3125 - val_loss: 7.4701e-04 - val_mse: 651844.6875 - lr: 0.0900 - 22s/epoch - 29ms/step
Epoch 11/64

Epoch 11: val_loss did not improve from 0.00075
749/749 - 22s - loss: 1.9481 - mse: 628738.0000 - val_loss: 4.7338 - val_mse: 610061.7500 - lr: 0.0900 - 22s/epoch - 29ms/step
Epoch 12/64

Epoch 12: val_loss did not improve from 0.00075
749/749 - 22s - loss: 0.0086 - mse: 615816.3750 - val_loss: 0.0217 - val_mse: 620692.5000 - lr: 0.0900 - 22s/epoch - 29ms/step
Epoch 13/64

Epoch 13: val_loss did not improve from 0.00075
749/749 - 22s - loss: 0.0308 - mse: 615943.7500 - val_loss: 5.7844 - val_mse: 630959.9375 - lr: 0.0810 - 22s/epoch - 29ms/step
Epoch 14/64

Epoch 14: val_loss did not improve from 0.00075
749/749 - 22s - loss: 0.3859 - mse: 615902.5000 - val_loss: 0.0062 - val_mse: 618395.4375 - lr: 0.0810 - 22s/epoch - 29ms/step
Epoch 15/64

Epoch 15: val_loss did not improve from 0.00075
749/749 - 22s - loss: 0.0159 - mse: 615969.2500 - val_loss: 0.2809 - val_mse: 621603.6875 - lr: 0.0729 - 22s/epoch - 30ms/step
Epoch 16/64

Epoch 16: val_loss did not improve from 0.00075
749/749 - 22s - loss: 0.3503 - mse: 615291.1875 - val_loss: 9.5180e-04 - val_mse: 613731.8750 - lr: 0.0729 - 22s/epoch - 29ms/step
Epoch 17/64

Epoch 17: val_loss did not improve from 0.00075
749/749 - 22s - loss: 0.0490 - mse: 615253.5625 - val_loss: 0.0045 - val_mse: 619841.8125 - lr: 0.0656 - 22s/epoch - 29ms/step
Epoch 18/64

Epoch 18: val_loss did not improve from 0.00075
749/749 - 22s - loss: 0.7851 - mse: 614118.3125 - val_loss: 0.0012 - val_mse: 613270.2500 - lr: 0.0656 - 22s/epoch - 30ms/step
Saving and plotting the results...
