train_data_hourly_pr_['HRES']_['HSAF']_MM_6__spatiotemporal_128.256_2020-07-01T13_2023-03-26T23_no_na
Data is available already
Loading training data...
mse_32_0.0001_1e-08_0.9_2_16_8_0.5_64
Training the model...
Epoch 1/64

Epoch 1: val_loss improved from inf to 170689.78125, saving model to /p/scratch/deepacf/kiste/patakchiyousefi1//HPT/mse_32_0.0001_1e-08_0.9_2_16_8_0.5_64.h5
749/749 - 57s - loss: 178499.0469 - mse: 224223.2969 - val_loss: 170689.7812 - val_mse: 214970.4219 - lr: 1.0000e-04 - 57s/epoch - 77ms/step
Epoch 2/64

Epoch 2: val_loss improved from 170689.78125 to 169148.45312, saving model to /p/scratch/deepacf/kiste/patakchiyousefi1//HPT/mse_32_0.0001_1e-08_0.9_2_16_8_0.5_64.h5
749/749 - 34s - loss: 176241.1719 - mse: 222235.6875 - val_loss: 169148.4531 - val_mse: 213448.7188 - lr: 1.0000e-04 - 34s/epoch - 45ms/step
Epoch 3/64

Epoch 3: val_loss improved from 169148.45312 to 165863.59375, saving model to /p/scratch/deepacf/kiste/patakchiyousefi1//HPT/mse_32_0.0001_1e-08_0.9_2_16_8_0.5_64.h5
749/749 - 34s - loss: 173686.0469 - mse: 219869.2656 - val_loss: 165863.5938 - val_mse: 210625.7031 - lr: 1.0000e-04 - 34s/epoch - 45ms/step
Epoch 4/64

Epoch 4: val_loss improved from 165863.59375 to 163732.64062, saving model to /p/scratch/deepacf/kiste/patakchiyousefi1//HPT/mse_32_0.0001_1e-08_0.9_2_16_8_0.5_64.h5
749/749 - 34s - loss: 170601.0156 - mse: 216977.5000 - val_loss: 163732.6406 - val_mse: 208393.9219 - lr: 1.0000e-04 - 34s/epoch - 45ms/step
Epoch 5/64

Epoch 5: val_loss did not improve from 163732.64062
749/749 - 33s - loss: 167138.2188 - mse: 213715.6094 - val_loss: 164653.1875 - val_mse: 209601.1719 - lr: 1.0000e-04 - 33s/epoch - 45ms/step
Epoch 6/64

Epoch 6: val_loss improved from 163732.64062 to 153684.07812, saving model to /p/scratch/deepacf/kiste/patakchiyousefi1//HPT/mse_32_0.0001_1e-08_0.9_2_16_8_0.5_64.h5
749/749 - 34s - loss: 163084.9219 - mse: 209836.1406 - val_loss: 153684.0781 - val_mse: 199257.4062 - lr: 1.0000e-04 - 34s/epoch - 45ms/step
Epoch 7/64

Epoch 7: val_loss improved from 153684.07812 to 153622.31250, saving model to /p/scratch/deepacf/kiste/patakchiyousefi1//HPT/mse_32_0.0001_1e-08_0.9_2_16_8_0.5_64.h5
749/749 - 33s - loss: 158608.1875 - mse: 205522.8906 - val_loss: 153622.3125 - val_mse: 199081.4531 - lr: 1.0000e-04 - 33s/epoch - 44ms/step
Epoch 8/64

Epoch 8: val_loss did not improve from 153622.31250
749/749 - 33s - loss: 153608.9062 - mse: 200673.2969 - val_loss: 154372.6719 - val_mse: 199552.3594 - lr: 1.0000e-04 - 33s/epoch - 44ms/step
Epoch 9/64

Epoch 9: val_loss improved from 153622.31250 to 147359.75000, saving model to /p/scratch/deepacf/kiste/patakchiyousefi1//HPT/mse_32_0.0001_1e-08_0.9_2_16_8_0.5_64.h5
749/749 - 33s - loss: 148387.9844 - mse: 195613.9062 - val_loss: 147359.7500 - val_mse: 193138.7344 - lr: 1.0000e-04 - 33s/epoch - 44ms/step
Epoch 10/64

Epoch 10: val_loss improved from 147359.75000 to 143438.03125, saving model to /p/scratch/deepacf/kiste/patakchiyousefi1//HPT/mse_32_0.0001_1e-08_0.9_2_16_8_0.5_64.h5
749/749 - 33s - loss: 142783.9688 - mse: 190189.6094 - val_loss: 143438.0312 - val_mse: 189692.9375 - lr: 1.0000e-04 - 33s/epoch - 44ms/step
Epoch 11/64

Epoch 11: val_loss improved from 143438.03125 to 138983.54688, saving model to /p/scratch/deepacf/kiste/patakchiyousefi1//HPT/mse_32_0.0001_1e-08_0.9_2_16_8_0.5_64.h5
749/749 - 33s - loss: 137134.0000 - mse: 184801.2812 - val_loss: 138983.5469 - val_mse: 185644.8906 - lr: 1.0000e-04 - 33s/epoch - 45ms/step
Epoch 12/64

Epoch 12: val_loss improved from 138983.54688 to 137237.81250, saving model to /p/scratch/deepacf/kiste/patakchiyousefi1//HPT/mse_32_0.0001_1e-08_0.9_2_16_8_0.5_64.h5
749/749 - 33s - loss: 131327.3906 - mse: 179276.4531 - val_loss: 137237.8125 - val_mse: 184040.3281 - lr: 1.0000e-04 - 33s/epoch - 44ms/step
Epoch 13/64

Epoch 13: val_loss improved from 137237.81250 to 131660.54688, saving model to /p/scratch/deepacf/kiste/patakchiyousefi1//HPT/mse_32_0.0001_1e-08_0.9_2_16_8_0.5_64.h5
749/749 - 33s - loss: 125343.5156 - mse: 173602.1406 - val_loss: 131660.5469 - val_mse: 179078.6094 - lr: 1.0000e-04 - 33s/epoch - 45ms/step
Epoch 14/64

Epoch 14: val_loss improved from 131660.54688 to 127426.76562, saving model to /p/scratch/deepacf/kiste/patakchiyousefi1//HPT/mse_32_0.0001_1e-08_0.9_2_16_8_0.5_64.h5
749/749 - 33s - loss: 119238.6484 - mse: 167860.1562 - val_loss: 127426.7656 - val_mse: 175615.0156 - lr: 1.0000e-04 - 33s/epoch - 45ms/step
Epoch 15/64

Epoch 15: val_loss improved from 127426.76562 to 122993.49219, saving model to /p/scratch/deepacf/kiste/patakchiyousefi1//HPT/mse_32_0.0001_1e-08_0.9_2_16_8_0.5_64.h5
749/749 - 33s - loss: 113166.9141 - mse: 162219.8594 - val_loss: 122993.4922 - val_mse: 171895.1562 - lr: 1.0000e-04 - 33s/epoch - 44ms/step
Epoch 16/64

Epoch 16: val_loss improved from 122993.49219 to 119023.67188, saving model to /p/scratch/deepacf/kiste/patakchiyousefi1//HPT/mse_32_0.0001_1e-08_0.9_2_16_8_0.5_64.h5
749/749 - 33s - loss: 106944.1250 - mse: 156484.6719 - val_loss: 119023.6719 - val_mse: 168938.7344 - lr: 1.0000e-04 - 33s/epoch - 44ms/step
Epoch 17/64

Epoch 17: val_loss improved from 119023.67188 to 107463.05469, saving model to /p/scratch/deepacf/kiste/patakchiyousefi1//HPT/mse_32_0.0001_1e-08_0.9_2_16_8_0.5_64.h5
749/749 - 33s - loss: 100767.2266 - mse: 150885.6094 - val_loss: 107463.0547 - val_mse: 160762.5469 - lr: 1.0000e-04 - 33s/epoch - 44ms/step
Epoch 18/64

Epoch 18: val_loss did not improve from 107463.05469
749/749 - 33s - loss: 94355.8281 - mse: 145057.3750 - val_loss: 108798.5781 - val_mse: 160865.2500 - lr: 1.0000e-04 - 33s/epoch - 44ms/step
Epoch 19/64

Epoch 19: val_loss improved from 107463.05469 to 106265.36719, saving model to /p/scratch/deepacf/kiste/patakchiyousefi1//HPT/mse_32_0.0001_1e-08_0.9_2_16_8_0.5_64.h5
749/749 - 33s - loss: 88190.2578 - mse: 139643.8750 - val_loss: 106265.3672 - val_mse: 159231.8438 - lr: 1.0000e-04 - 33s/epoch - 44ms/step
Epoch 20/64

Epoch 20: val_loss improved from 106265.36719 to 97351.82031, saving model to /p/scratch/deepacf/kiste/patakchiyousefi1//HPT/mse_32_0.0001_1e-08_0.9_2_16_8_0.5_64.h5
749/749 - 36s - loss: 81998.2188 - mse: 134276.1562 - val_loss: 97351.8203 - val_mse: 153482.8281 - lr: 1.0000e-04 - 36s/epoch - 48ms/step
Epoch 21/64

Epoch 21: val_loss did not improve from 97351.82031
749/749 - 33s - loss: 75924.7422 - mse: 129189.2969 - val_loss: 102791.4062 - val_mse: 156829.6562 - lr: 1.0000e-04 - 33s/epoch - 44ms/step
Epoch 22/64

Epoch 22: val_loss improved from 97351.82031 to 85784.60938, saving model to /p/scratch/deepacf/kiste/patakchiyousefi1//HPT/mse_32_0.0001_1e-08_0.9_2_16_8_0.5_64.h5
749/749 - 33s - loss: 70053.8203 - mse: 124494.2266 - val_loss: 85784.6094 - val_mse: 146644.9062 - lr: 1.0000e-04 - 33s/epoch - 44ms/step
Epoch 23/64

Epoch 23: val_loss improved from 85784.60938 to 76430.33594, saving model to /p/scratch/deepacf/kiste/patakchiyousefi1//HPT/mse_32_0.0001_1e-08_0.9_2_16_8_0.5_64.h5
749/749 - 33s - loss: 63962.8867 - mse: 119520.9531 - val_loss: 76430.3359 - val_mse: 143627.4375 - lr: 1.0000e-04 - 33s/epoch - 44ms/step
Epoch 24/64

Epoch 24: val_loss did not improve from 76430.33594
749/749 - 33s - loss: 58460.0859 - mse: 115573.5000 - val_loss: 77492.8047 - val_mse: 144719.8594 - lr: 1.0000e-04 - 33s/epoch - 44ms/step
Epoch 25/64

Epoch 25: val_loss improved from 76430.33594 to 74338.37500, saving model to /p/scratch/deepacf/kiste/patakchiyousefi1//HPT/mse_32_0.0001_1e-08_0.9_2_16_8_0.5_64.h5
749/749 - 33s - loss: 52907.1914 - mse: 111546.0703 - val_loss: 74338.3750 - val_mse: 142966.6406 - lr: 1.0000e-04 - 33s/epoch - 44ms/step
Epoch 26/64

Epoch 26: val_loss did not improve from 74338.37500
749/749 - 33s - loss: 47668.8047 - mse: 108252.9062 - val_loss: 77176.8750 - val_mse: 143046.5312 - lr: 1.0000e-04 - 33s/epoch - 44ms/step
Epoch 27/64

Epoch 27: val_loss improved from 74338.37500 to 54755.26562, saving model to /p/scratch/deepacf/kiste/patakchiyousefi1//HPT/mse_32_0.0001_1e-08_0.9_2_16_8_0.5_64.h5
749/749 - 33s - loss: 42464.7969 - mse: 104959.2656 - val_loss: 54755.2656 - val_mse: 142441.8906 - lr: 1.0000e-04 - 33s/epoch - 44ms/step
Epoch 28/64

Epoch 28: val_loss did not improve from 54755.26562
749/749 - 33s - loss: 38003.8281 - mse: 103166.8594 - val_loss: 76306.3594 - val_mse: 145408.5000 - lr: 1.0000e-04 - 33s/epoch - 45ms/step
Epoch 29/64

Epoch 29: val_loss did not improve from 54755.26562
749/749 - 33s - loss: 33250.8906 - mse: 100631.7188 - val_loss: 66942.8828 - val_mse: 142205.7500 - lr: 1.0000e-04 - 33s/epoch - 44ms/step
Epoch 30/64

Epoch 30: val_loss improved from 54755.26562 to 48686.63672, saving model to /p/scratch/deepacf/kiste/patakchiyousefi1//HPT/mse_32_0.0001_1e-08_0.9_2_16_8_0.5_64.h5
749/749 - 33s - loss: 28968.1992 - mse: 98733.0391 - val_loss: 48686.6367 - val_mse: 143625.3281 - lr: 9.0000e-05 - 33s/epoch - 45ms/step
Epoch 31/64

Epoch 31: val_loss did not improve from 48686.63672
749/749 - 33s - loss: 25633.2598 - mse: 98511.5938 - val_loss: 57485.2656 - val_mse: 141446.0312 - lr: 9.0000e-05 - 33s/epoch - 45ms/step
Epoch 32/64

Epoch 32: val_loss did not improve from 48686.63672
749/749 - 33s - loss: 22067.6543 - mse: 97648.0469 - val_loss: 56984.4883 - val_mse: 142774.2500 - lr: 9.0000e-05 - 33s/epoch - 44ms/step
Epoch 33/64

Epoch 33: val_loss improved from 48686.63672 to 42788.65625, saving model to /p/scratch/deepacf/kiste/patakchiyousefi1//HPT/mse_32_0.0001_1e-08_0.9_2_16_8_0.5_64.h5
749/749 - 33s - loss: 19126.9102 - mse: 97780.1406 - val_loss: 42788.6562 - val_mse: 148486.0000 - lr: 8.1000e-05 - 33s/epoch - 44ms/step
Epoch 34/64

Epoch 34: val_loss improved from 42788.65625 to 41130.53906, saving model to /p/scratch/deepacf/kiste/patakchiyousefi1//HPT/mse_32_0.0001_1e-08_0.9_2_16_8_0.5_64.h5
749/749 - 34s - loss: 16663.0020 - mse: 98825.4297 - val_loss: 41130.5391 - val_mse: 151541.3125 - lr: 8.1000e-05 - 34s/epoch - 45ms/step
Epoch 35/64

Epoch 35: val_loss improved from 41130.53906 to 38264.44531, saving model to /p/scratch/deepacf/kiste/patakchiyousefi1//HPT/mse_32_0.0001_1e-08_0.9_2_16_8_0.5_64.h5
749/749 - 34s - loss: 14415.8193 - mse: 100441.2422 - val_loss: 38264.4453 - val_mse: 156271.9844 - lr: 8.1000e-05 - 34s/epoch - 45ms/step
Epoch 36/64

Epoch 36: val_loss improved from 38264.44531 to 36711.48047, saving model to /p/scratch/deepacf/kiste/patakchiyousefi1//HPT/mse_32_0.0001_1e-08_0.9_2_16_8_0.5_64.h5
749/749 - 33s - loss: 12510.6592 - mse: 103101.7109 - val_loss: 36711.4805 - val_mse: 158420.7656 - lr: 8.1000e-05 - 33s/epoch - 44ms/step
Epoch 37/64

Epoch 37: val_loss improved from 36711.48047 to 35309.69141, saving model to /p/scratch/deepacf/kiste/patakchiyousefi1//HPT/mse_32_0.0001_1e-08_0.9_2_16_8_0.5_64.h5
749/749 - 33s - loss: 10608.5625 - mse: 105752.7656 - val_loss: 35309.6914 - val_mse: 159236.9219 - lr: 8.1000e-05 - 33s/epoch - 45ms/step
Epoch 38/64

Epoch 38: val_loss improved from 35309.69141 to 31914.41211, saving model to /p/scratch/deepacf/kiste/patakchiyousefi1//HPT/mse_32_0.0001_1e-08_0.9_2_16_8_0.5_64.h5
749/749 - 33s - loss: 9234.2783 - mse: 110324.2422 - val_loss: 31914.4121 - val_mse: 171870.4375 - lr: 8.1000e-05 - 33s/epoch - 45ms/step
Epoch 39/64

Epoch 39: val_loss did not improve from 31914.41211
749/749 - 33s - loss: 7449.1284 - mse: 112646.3672 - val_loss: 32510.6387 - val_mse: 173452.4844 - lr: 8.1000e-05 - 33s/epoch - 44ms/step
Epoch 40/64

Epoch 40: val_loss improved from 31914.41211 to 24799.44531, saving model to /p/scratch/deepacf/kiste/patakchiyousefi1//HPT/mse_32_0.0001_1e-08_0.9_2_16_8_0.5_64.h5
749/749 - 33s - loss: 6546.9990 - mse: 119635.1016 - val_loss: 24799.4453 - val_mse: 192235.4219 - lr: 8.1000e-05 - 33s/epoch - 44ms/step
Epoch 41/64

Epoch 41: val_loss improved from 24799.44531 to 22863.81250, saving model to /p/scratch/deepacf/kiste/patakchiyousefi1//HPT/mse_32_0.0001_1e-08_0.9_2_16_8_0.5_64.h5
749/749 - 33s - loss: 5471.0044 - mse: 124842.7344 - val_loss: 22863.8125 - val_mse: 192499.6562 - lr: 8.1000e-05 - 33s/epoch - 45ms/step
Epoch 42/64

Epoch 42: val_loss did not improve from 22863.81250
749/749 - 33s - loss: 4290.0684 - mse: 129457.2344 - val_loss: 23543.6055 - val_mse: 198635.5938 - lr: 8.1000e-05 - 33s/epoch - 44ms/step
Epoch 43/64

Epoch 43: val_loss improved from 22863.81250 to 18113.34766, saving model to /p/scratch/deepacf/kiste/patakchiyousefi1//HPT/mse_32_0.0001_1e-08_0.9_2_16_8_0.5_64.h5
749/749 - 33s - loss: 3713.3479 - mse: 137857.5781 - val_loss: 18113.3477 - val_mse: 219064.6875 - lr: 8.1000e-05 - 33s/epoch - 44ms/step
Epoch 44/64

Epoch 44: val_loss improved from 18113.34766 to 15638.32910, saving model to /p/scratch/deepacf/kiste/patakchiyousefi1//HPT/mse_32_0.0001_1e-08_0.9_2_16_8_0.5_64.h5
749/749 - 33s - loss: 3014.2266 - mse: 144885.2031 - val_loss: 15638.3291 - val_mse: 234579.9531 - lr: 8.1000e-05 - 33s/epoch - 44ms/step
Epoch 45/64

Epoch 45: val_loss improved from 15638.32910 to 11404.00684, saving model to /p/scratch/deepacf/kiste/patakchiyousefi1//HPT/mse_32_0.0001_1e-08_0.9_2_16_8_0.5_64.h5
749/749 - 33s - loss: 2543.5823 - mse: 153829.4688 - val_loss: 11404.0068 - val_mse: 261739.1250 - lr: 8.1000e-05 - 33s/epoch - 45ms/step
Epoch 46/64

Epoch 46: val_loss did not improve from 11404.00684
749/749 - 33s - loss: 2081.8821 - mse: 162654.1250 - val_loss: 23832.2988 - val_mse: 215803.1250 - lr: 8.1000e-05 - 33s/epoch - 44ms/step
Epoch 47/64

Epoch 47: val_loss did not improve from 11404.00684
749/749 - 33s - loss: 1740.4724 - mse: 172753.4688 - val_loss: 13991.3867 - val_mse: 240169.9062 - lr: 8.1000e-05 - 33s/epoch - 44ms/step
Epoch 48/64

Epoch 48: val_loss did not improve from 11404.00684
749/749 - 33s - loss: 1550.1873 - mse: 183671.5000 - val_loss: 14410.7148 - val_mse: 247606.2344 - lr: 7.2900e-05 - 33s/epoch - 44ms/step
Epoch 49/64

Epoch 49: val_loss did not improve from 11404.00684
749/749 - 33s - loss: 1062.7272 - mse: 189976.0000 - val_loss: 11772.7734 - val_mse: 257117.0000 - lr: 7.2900e-05 - 33s/epoch - 44ms/step
Epoch 50/64

Epoch 50: val_loss improved from 11404.00684 to 8511.70996, saving model to /p/scratch/deepacf/kiste/patakchiyousefi1//HPT/mse_32_0.0001_1e-08_0.9_2_16_8_0.5_64.h5
749/749 - 33s - loss: 900.1015 - mse: 198522.6094 - val_loss: 8511.7100 - val_mse: 288788.3125 - lr: 6.5610e-05 - 33s/epoch - 44ms/step
Epoch 51/64

Epoch 51: val_loss improved from 8511.70996 to 8193.03125, saving model to /p/scratch/deepacf/kiste/patakchiyousefi1//HPT/mse_32_0.0001_1e-08_0.9_2_16_8_0.5_64.h5
749/749 - 33s - loss: 750.7787 - mse: 206802.2812 - val_loss: 8193.0312 - val_mse: 294967.4688 - lr: 6.5610e-05 - 33s/epoch - 44ms/step
Epoch 52/64

Epoch 52: val_loss improved from 8193.03125 to 7212.73389, saving model to /p/scratch/deepacf/kiste/patakchiyousefi1//HPT/mse_32_0.0001_1e-08_0.9_2_16_8_0.5_64.h5
749/749 - 33s - loss: 665.8254 - mse: 216451.3281 - val_loss: 7212.7339 - val_mse: 300724.6875 - lr: 6.5610e-05 - 33s/epoch - 44ms/step
Epoch 53/64

Epoch 53: val_loss improved from 7212.73389 to 7015.35010, saving model to /p/scratch/deepacf/kiste/patakchiyousefi1//HPT/mse_32_0.0001_1e-08_0.9_2_16_8_0.5_64.h5
749/749 - 33s - loss: 528.3515 - mse: 224756.4062 - val_loss: 7015.3501 - val_mse: 314289.3438 - lr: 6.5610e-05 - 33s/epoch - 44ms/step
Epoch 54/64

Epoch 54: val_loss improved from 7015.35010 to 4734.12207, saving model to /p/scratch/deepacf/kiste/patakchiyousefi1//HPT/mse_32_0.0001_1e-08_0.9_2_16_8_0.5_64.h5
749/749 - 34s - loss: 423.2218 - mse: 233537.7812 - val_loss: 4734.1221 - val_mse: 337053.7812 - lr: 6.5610e-05 - 34s/epoch - 45ms/step
Epoch 55/64

Epoch 55: val_loss did not improve from 4734.12207
749/749 - 33s - loss: 377.3413 - mse: 242801.3594 - val_loss: 5030.0566 - val_mse: 334004.4688 - lr: 6.5610e-05 - 33s/epoch - 44ms/step
Epoch 56/64

Epoch 56: val_loss did not improve from 4734.12207
749/749 - 33s - loss: 500.5189 - mse: 257329.0156 - val_loss: 7726.8013 - val_mse: 313700.5938 - lr: 6.5610e-05 - 33s/epoch - 44ms/step
Epoch 57/64

Epoch 57: val_loss improved from 4734.12207 to 3829.80640, saving model to /p/scratch/deepacf/kiste/patakchiyousefi1//HPT/mse_32_0.0001_1e-08_0.9_2_16_8_0.5_64.h5
749/749 - 33s - loss: 249.7082 - mse: 265532.5938 - val_loss: 3829.8064 - val_mse: 352955.7188 - lr: 5.9049e-05 - 33s/epoch - 44ms/step
Epoch 58/64

Epoch 58: val_loss did not improve from 3829.80640
749/749 - 33s - loss: 182.6082 - mse: 271524.8438 - val_loss: 4169.0386 - val_mse: 350327.5938 - lr: 5.9049e-05 - 33s/epoch - 44ms/step
Epoch 59/64

Epoch 59: val_loss improved from 3829.80640 to 3714.51343, saving model to /p/scratch/deepacf/kiste/patakchiyousefi1//HPT/mse_32_0.0001_1e-08_0.9_2_16_8_0.5_64.h5
749/749 - 33s - loss: 165.5251 - mse: 278982.6250 - val_loss: 3714.5134 - val_mse: 368922.4062 - lr: 5.9049e-05 - 33s/epoch - 44ms/step
Epoch 60/64

Epoch 60: val_loss improved from 3714.51343 to 3352.35669, saving model to /p/scratch/deepacf/kiste/patakchiyousefi1//HPT/mse_32_0.0001_1e-08_0.9_2_16_8_0.5_64.h5
749/749 - 33s - loss: 143.3216 - mse: 286590.9375 - val_loss: 3352.3567 - val_mse: 372414.4688 - lr: 5.9049e-05 - 33s/epoch - 44ms/step
Epoch 61/64

Epoch 61: val_loss did not improve from 3352.35669
749/749 - 33s - loss: 127.7328 - mse: 295175.6875 - val_loss: 3477.2517 - val_mse: 370814.0000 - lr: 5.9049e-05 - 33s/epoch - 44ms/step
Epoch 62/64

Epoch 62: val_loss did not improve from 3352.35669
749/749 - 33s - loss: 106.8918 - mse: 303581.5000 - val_loss: 3793.2717 - val_mse: 374056.1250 - lr: 5.9049e-05 - 33s/epoch - 44ms/step
Epoch 63/64

Epoch 63: val_loss improved from 3352.35669 to 2038.80847, saving model to /p/scratch/deepacf/kiste/patakchiyousefi1//HPT/mse_32_0.0001_1e-08_0.9_2_16_8_0.5_64.h5
749/749 - 33s - loss: 90.7846 - mse: 310239.2188 - val_loss: 2038.8085 - val_mse: 402652.5312 - lr: 5.3144e-05 - 33s/epoch - 44ms/step
Epoch 64/64

Epoch 64: val_loss did not improve from 2038.80847
749/749 - 33s - loss: 76.2313 - mse: 318636.8438 - val_loss: 2804.2197 - val_mse: 385668.6875 - lr: 5.3144e-05 - 33s/epoch - 44ms/step
Saving and plotting the results...
