train_data_hourly_pr_['HRES']_['HSAF']_MM_6__spatiotemporal_128.256_2020-07-01T13_2023-03-26T23_no_na
Data is available already
Loading training data...
mse_32_1e-05_None_0.5_2_32_8_0.5_64
Training the model...
Epoch 1/64

Epoch 1: val_loss improved from inf to 0.12801, saving model to /p/scratch/deepacf/kiste/patakchiyousefi1//HPT/mse_32_1e-05_None_0.5_2_32_8_0.5_64.h5
375/375 - 58s - loss: 0.1825 - val_loss: 0.1280 - lr: 1.0000e-05 - 58s/epoch - 156ms/step
Epoch 2/64

Epoch 2: val_loss improved from 0.12801 to 0.11583, saving model to /p/scratch/deepacf/kiste/patakchiyousefi1//HPT/mse_32_1e-05_None_0.5_2_32_8_0.5_64.h5
375/375 - 31s - loss: 0.1020 - val_loss: 0.1158 - lr: 1.0000e-05 - 31s/epoch - 83ms/step
Epoch 3/64

Epoch 3: val_loss improved from 0.11583 to 0.10927, saving model to /p/scratch/deepacf/kiste/patakchiyousefi1//HPT/mse_32_1e-05_None_0.5_2_32_8_0.5_64.h5
375/375 - 31s - loss: 0.0964 - val_loss: 0.1093 - lr: 1.0000e-05 - 31s/epoch - 82ms/step
Epoch 4/64

Epoch 4: val_loss improved from 0.10927 to 0.10571, saving model to /p/scratch/deepacf/kiste/patakchiyousefi1//HPT/mse_32_1e-05_None_0.5_2_32_8_0.5_64.h5
375/375 - 31s - loss: 0.0938 - val_loss: 0.1057 - lr: 1.0000e-05 - 31s/epoch - 82ms/step
Epoch 5/64

Epoch 5: val_loss improved from 0.10571 to 0.10343, saving model to /p/scratch/deepacf/kiste/patakchiyousefi1//HPT/mse_32_1e-05_None_0.5_2_32_8_0.5_64.h5
375/375 - 31s - loss: 0.0921 - val_loss: 0.1034 - lr: 1.0000e-05 - 31s/epoch - 81ms/step
Epoch 6/64

Epoch 6: val_loss improved from 0.10343 to 0.10185, saving model to /p/scratch/deepacf/kiste/patakchiyousefi1//HPT/mse_32_1e-05_None_0.5_2_32_8_0.5_64.h5
375/375 - 31s - loss: 0.0909 - val_loss: 0.1018 - lr: 1.0000e-05 - 31s/epoch - 82ms/step
Epoch 7/64

Epoch 7: val_loss improved from 0.10185 to 0.10071, saving model to /p/scratch/deepacf/kiste/patakchiyousefi1//HPT/mse_32_1e-05_None_0.5_2_32_8_0.5_64.h5
375/375 - 30s - loss: 0.0900 - val_loss: 0.1007 - lr: 1.0000e-05 - 30s/epoch - 81ms/step
Epoch 8/64

Epoch 8: val_loss improved from 0.10071 to 0.09987, saving model to /p/scratch/deepacf/kiste/patakchiyousefi1//HPT/mse_32_1e-05_None_0.5_2_32_8_0.5_64.h5
375/375 - 30s - loss: 0.0892 - val_loss: 0.0999 - lr: 1.0000e-05 - 30s/epoch - 81ms/step
Epoch 9/64

Epoch 9: val_loss improved from 0.09987 to 0.09926, saving model to /p/scratch/deepacf/kiste/patakchiyousefi1//HPT/mse_32_1e-05_None_0.5_2_32_8_0.5_64.h5
375/375 - 30s - loss: 0.0885 - val_loss: 0.0993 - lr: 1.0000e-05 - 30s/epoch - 81ms/step
Epoch 10/64

Epoch 10: val_loss improved from 0.09926 to 0.09885, saving model to /p/scratch/deepacf/kiste/patakchiyousefi1//HPT/mse_32_1e-05_None_0.5_2_32_8_0.5_64.h5
375/375 - 30s - loss: 0.0878 - val_loss: 0.0989 - lr: 1.0000e-05 - 30s/epoch - 81ms/step
Epoch 11/64

Epoch 11: val_loss improved from 0.09885 to 0.09861, saving model to /p/scratch/deepacf/kiste/patakchiyousefi1//HPT/mse_32_1e-05_None_0.5_2_32_8_0.5_64.h5
375/375 - 31s - loss: 0.0871 - val_loss: 0.0986 - lr: 1.0000e-05 - 31s/epoch - 83ms/step
Epoch 12/64

Epoch 12: val_loss improved from 0.09861 to 0.09848, saving model to /p/scratch/deepacf/kiste/patakchiyousefi1//HPT/mse_32_1e-05_None_0.5_2_32_8_0.5_64.h5
375/375 - 30s - loss: 0.0864 - val_loss: 0.0985 - lr: 1.0000e-05 - 30s/epoch - 81ms/step
Epoch 13/64

Epoch 13: val_loss did not improve from 0.09848
375/375 - 30s - loss: 0.0856 - val_loss: 0.0985 - lr: 1.0000e-05 - 30s/epoch - 80ms/step
Epoch 14/64

Epoch 14: val_loss did not improve from 0.09848
375/375 - 30s - loss: 0.0846 - val_loss: 0.0988 - lr: 1.0000e-05 - 30s/epoch - 81ms/step
Epoch 15/64

Epoch 15: val_loss did not improve from 0.09848
375/375 - 30s - loss: 0.0835 - val_loss: 0.0992 - lr: 1.0000e-05 - 30s/epoch - 80ms/step
Epoch 16/64

Epoch 16: val_loss did not improve from 0.09848
375/375 - 30s - loss: 0.0822 - val_loss: 0.0999 - lr: 1.0000e-05 - 30s/epoch - 81ms/step
Epoch 17/64

Epoch 17: val_loss did not improve from 0.09848
375/375 - 30s - loss: 0.0804 - val_loss: 0.1004 - lr: 1.0000e-05 - 30s/epoch - 81ms/step
Epoch 18/64

Epoch 18: val_loss did not improve from 0.09848
375/375 - 30s - loss: 0.0779 - val_loss: 0.1000 - lr: 1.0000e-05 - 30s/epoch - 80ms/step
Epoch 19/64

Epoch 19: val_loss did not improve from 0.09848
375/375 - 30s - loss: 0.0745 - val_loss: 0.1001 - lr: 1.0000e-05 - 30s/epoch - 81ms/step
Epoch 20/64

Epoch 20: val_loss did not improve from 0.09848
375/375 - 30s - loss: 0.0711 - val_loss: 0.0996 - lr: 1.0000e-05 - 30s/epoch - 81ms/step
Saving and plotting the results...
