train_data_hourly_pr_['HRES']_['HSAF']_MM_6__spatiotemporal_128.256_2020-07-01T13_2023-03-26T23_no_na
Data is available already
Loading training data...
mse_64_0.001_1e-14_0.5_2_16_8_0.5_64
Training the model...
Epoch 1/64

Epoch 1: val_loss improved from inf to 0.09725, saving model to /p/scratch/deepacf/kiste/patakchiyousefi1//HPT/mse_64_0.001_1e-14_0.5_2_16_8_0.5_64.h5
749/749 - 127s - loss: 0.0888 - mse: 0.2171 - val_loss: 0.0972 - val_mse: 0.2393 - lr: 0.0010 - 127s/epoch - 170ms/step
Epoch 2/64

Epoch 2: val_loss did not improve from 0.09725
749/749 - 88s - loss: 0.0792 - mse: 0.1935 - val_loss: 0.1240 - val_mse: 0.3052 - lr: 0.0010 - 88s/epoch - 117ms/step
Epoch 3/64

Epoch 3: val_loss improved from 0.09725 to 0.09307, saving model to /p/scratch/deepacf/kiste/patakchiyousefi1//HPT/mse_64_0.001_1e-14_0.5_2_16_8_0.5_64.h5
749/749 - 88s - loss: 0.0793 - mse: 0.1938 - val_loss: 0.0931 - val_mse: 0.2290 - lr: 0.0010 - 88s/epoch - 118ms/step
Epoch 4/64

Epoch 4: val_loss improved from 0.09307 to 0.09175, saving model to /p/scratch/deepacf/kiste/patakchiyousefi1//HPT/mse_64_0.001_1e-14_0.5_2_16_8_0.5_64.h5
749/749 - 89s - loss: 0.0781 - mse: 0.1909 - val_loss: 0.0917 - val_mse: 0.2258 - lr: 0.0010 - 89s/epoch - 118ms/step
Epoch 5/64

Epoch 5: val_loss did not improve from 0.09175
749/749 - 88s - loss: 0.0774 - mse: 0.1891 - val_loss: 0.0951 - val_mse: 0.2341 - lr: 0.0010 - 88s/epoch - 118ms/step
Epoch 6/64

Epoch 6: val_loss improved from 0.09175 to 0.09093, saving model to /p/scratch/deepacf/kiste/patakchiyousefi1//HPT/mse_64_0.001_1e-14_0.5_2_16_8_0.5_64.h5
749/749 - 89s - loss: 0.0769 - mse: 0.1879 - val_loss: 0.0909 - val_mse: 0.2238 - lr: 0.0010 - 89s/epoch - 118ms/step
Epoch 7/64

Epoch 7: val_loss did not improve from 0.09093
749/749 - 88s - loss: 0.0766 - mse: 0.1872 - val_loss: 0.0917 - val_mse: 0.2256 - lr: 0.0010 - 88s/epoch - 117ms/step
Epoch 8/64

Epoch 8: val_loss did not improve from 0.09093
749/749 - 87s - loss: 0.0761 - mse: 0.1860 - val_loss: 0.1112 - val_mse: 0.2737 - lr: 0.0010 - 87s/epoch - 116ms/step
Epoch 9/64

Epoch 9: val_loss did not improve from 0.09093
749/749 - 87s - loss: 0.0748 - mse: 0.1828 - val_loss: 0.0986 - val_mse: 0.2427 - lr: 5.0000e-04 - 87s/epoch - 116ms/step
Epoch 10/64

Epoch 10: val_loss did not improve from 0.09093
749/749 - 87s - loss: 0.0744 - mse: 0.1817 - val_loss: 0.0915 - val_mse: 0.2250 - lr: 5.0000e-04 - 87s/epoch - 117ms/step
Epoch 11/64
