train_data_hourly_pr_['HRES']_['HSAF']_MM_6__spatiotemporal_128.256_2020-07-01T13_2023-03-26T23_no_na
Data is available already
Loading training data...
mse_16_0.01_1e-08_0.9_2_32_8_0.5_64
Training the model...
Epoch 1/64

Epoch 1: val_loss improved from inf to 0.09549, saving model to /p/scratch/deepacf/kiste/patakchiyousefi1//HPT/mse_16_0.01_1e-08_0.9_2_32_8_0.5_64.h5
375/375 - 46s - loss: 0.0914 - mse: 215285.4219 - val_loss: 0.0955 - val_mse: 231637.8438 - lr: 0.0100 - 46s/epoch - 123ms/step
Epoch 2/64

Epoch 2: val_loss did not improve from 0.09549
375/375 - 19s - loss: 0.0805 - mse: 215284.7031 - val_loss: 0.0999 - val_mse: 231662.3125 - lr: 0.0100 - 19s/epoch - 52ms/step
Epoch 3/64

Epoch 3: val_loss improved from 0.09549 to 0.09144, saving model to /p/scratch/deepacf/kiste/patakchiyousefi1//HPT/mse_16_0.01_1e-08_0.9_2_32_8_0.5_64.h5
375/375 - 20s - loss: 0.0800 - mse: 215284.2656 - val_loss: 0.0914 - val_mse: 231578.0312 - lr: 0.0100 - 20s/epoch - 53ms/step
Epoch 4/64

Epoch 4: val_loss did not improve from 0.09144
375/375 - 19s - loss: 0.0790 - mse: 215284.0156 - val_loss: 0.1009 - val_mse: 231576.9531 - lr: 0.0100 - 19s/epoch - 51ms/step
Epoch 5/64

Epoch 5: val_loss did not improve from 0.09144
375/375 - 19s - loss: 0.0788 - mse: 215283.8438 - val_loss: 0.1182 - val_mse: 231646.3281 - lr: 0.0100 - 19s/epoch - 51ms/step
Epoch 6/64

Epoch 6: val_loss did not improve from 0.09144
375/375 - 19s - loss: 0.0776 - mse: 215283.2656 - val_loss: 0.0957 - val_mse: 231638.6875 - lr: 0.0090 - 19s/epoch - 52ms/step
Epoch 7/64

Epoch 7: val_loss did not improve from 0.09144
375/375 - 19s - loss: 0.0773 - mse: 215284.3594 - val_loss: 0.1017 - val_mse: 231679.8281 - lr: 0.0090 - 19s/epoch - 51ms/step
Epoch 8/64

Epoch 8: val_loss did not improve from 0.09144
375/375 - 19s - loss: 0.0765 - mse: 215283.5938 - val_loss: 0.0918 - val_mse: 231615.9844 - lr: 0.0081 - 19s/epoch - 51ms/step
Epoch 9/64

Epoch 9: val_loss improved from 0.09144 to 0.09061, saving model to /p/scratch/deepacf/kiste/patakchiyousefi1//HPT/mse_16_0.01_1e-08_0.9_2_32_8_0.5_64.h5
375/375 - 19s - loss: 0.0766 - mse: 215284.1875 - val_loss: 0.0906 - val_mse: 231601.0625 - lr: 0.0081 - 19s/epoch - 52ms/step
Epoch 10/64

Epoch 10: val_loss did not improve from 0.09061
375/375 - 19s - loss: 0.0761 - mse: 215283.9062 - val_loss: 0.0929 - val_mse: 231575.0625 - lr: 0.0081 - 19s/epoch - 51ms/step
Epoch 11/64

Epoch 11: val_loss improved from 0.09061 to 0.08999, saving model to /p/scratch/deepacf/kiste/patakchiyousefi1//HPT/mse_16_0.01_1e-08_0.9_2_32_8_0.5_64.h5
375/375 - 19s - loss: 0.0766 - mse: 215283.3750 - val_loss: 0.0900 - val_mse: 231590.7344 - lr: 0.0081 - 19s/epoch - 52ms/step
Epoch 12/64

Epoch 12: val_loss did not improve from 0.08999
375/375 - 19s - loss: 0.0758 - mse: 215283.6875 - val_loss: 0.1002 - val_mse: 231625.4219 - lr: 0.0081 - 19s/epoch - 51ms/step
Epoch 13/64

Epoch 13: val_loss did not improve from 0.08999
375/375 - 19s - loss: 0.0755 - mse: 215283.5938 - val_loss: 0.0921 - val_mse: 231625.2812 - lr: 0.0081 - 19s/epoch - 51ms/step
Epoch 14/64

Epoch 14: val_loss did not improve from 0.08999
375/375 - 19s - loss: 0.0754 - mse: 215284.0625 - val_loss: 0.0969 - val_mse: 231573.9062 - lr: 0.0073 - 19s/epoch - 51ms/step
Epoch 15/64

Epoch 15: val_loss did not improve from 0.08999
375/375 - 20s - loss: 0.0751 - mse: 215283.2031 - val_loss: 0.0926 - val_mse: 231616.8281 - lr: 0.0073 - 20s/epoch - 52ms/step
Epoch 16/64

Epoch 16: val_loss did not improve from 0.08999
375/375 - 19s - loss: 0.0739 - mse: 215283.9062 - val_loss: 0.0912 - val_mse: 231601.7500 - lr: 0.0066 - 19s/epoch - 52ms/step
Epoch 17/64

Epoch 17: val_loss did not improve from 0.08999
375/375 - 19s - loss: 0.0765 - mse: 215283.5625 - val_loss: 0.0900 - val_mse: 231616.4219 - lr: 0.0066 - 19s/epoch - 51ms/step
Epoch 18/64
