train_data_hourly_pr_['HRES']_['HSAF']_MM_6__spatiotemporal_128.256_2020-07-01T13_2023-03-26T23_no_na
Data is available already
Loading training data...
mse_8_0.01_1e-08_0.9_2_64_8_0.5_64
Training the model...
Epoch 1/64

Epoch 1: val_loss improved from inf to 0.10290, saving model to /p/scratch/deepacf/kiste/patakchiyousefi1//HPT/mse_8_0.01_1e-08_0.9_2_64_8_0.5_64.h5
188/188 - 37s - loss: 0.0929 - mse: 215284.9062 - val_loss: 0.1029 - val_mse: 231608.4062 - lr: 0.0100 - 37s/epoch - 197ms/step
Epoch 2/64

Epoch 2: val_loss did not improve from 0.10290
188/188 - 13s - loss: 0.0799 - mse: 215284.6562 - val_loss: 0.1057 - val_mse: 231588.2031 - lr: 0.0100 - 13s/epoch - 71ms/step
Epoch 3/64

Epoch 3: val_loss did not improve from 0.10290
188/188 - 13s - loss: 0.0788 - mse: 215284.1250 - val_loss: 0.1623 - val_mse: 231581.5469 - lr: 0.0100 - 13s/epoch - 69ms/step
Epoch 4/64

Epoch 4: val_loss improved from 0.10290 to 0.09803, saving model to /p/scratch/deepacf/kiste/patakchiyousefi1//HPT/mse_8_0.01_1e-08_0.9_2_64_8_0.5_64.h5
188/188 - 13s - loss: 0.0775 - mse: 215284.1562 - val_loss: 0.0980 - val_mse: 231616.4844 - lr: 0.0090 - 13s/epoch - 72ms/step
Epoch 5/64

Epoch 5: val_loss did not improve from 0.09803
188/188 - 13s - loss: 0.0770 - mse: 215283.1406 - val_loss: 0.1020 - val_mse: 231622.0469 - lr: 0.0090 - 13s/epoch - 70ms/step
Epoch 6/64

Epoch 6: val_loss did not improve from 0.09803
188/188 - 13s - loss: 0.0767 - mse: 215283.4219 - val_loss: 0.1222 - val_mse: 231607.9219 - lr: 0.0090 - 13s/epoch - 69ms/step
Epoch 7/64

Epoch 7: val_loss improved from 0.09803 to 0.09286, saving model to /p/scratch/deepacf/kiste/patakchiyousefi1//HPT/mse_8_0.01_1e-08_0.9_2_64_8_0.5_64.h5
188/188 - 13s - loss: 0.0764 - mse: 215283.6875 - val_loss: 0.0929 - val_mse: 231613.1562 - lr: 0.0081 - 13s/epoch - 69ms/step
Epoch 8/64

Epoch 8: val_loss improved from 0.09286 to 0.09084, saving model to /p/scratch/deepacf/kiste/patakchiyousefi1//HPT/mse_8_0.01_1e-08_0.9_2_64_8_0.5_64.h5
188/188 - 13s - loss: 0.0756 - mse: 215283.8438 - val_loss: 0.0908 - val_mse: 231604.2500 - lr: 0.0081 - 13s/epoch - 69ms/step
Epoch 9/64

Epoch 9: val_loss did not improve from 0.09084
188/188 - 13s - loss: 0.0750 - mse: 215283.6875 - val_loss: 0.0988 - val_mse: 231618.3750 - lr: 0.0081 - 13s/epoch - 70ms/step
Epoch 10/64

Epoch 10: val_loss improved from 0.09084 to 0.09054, saving model to /p/scratch/deepacf/kiste/patakchiyousefi1//HPT/mse_8_0.01_1e-08_0.9_2_64_8_0.5_64.h5
188/188 - 13s - loss: 0.0750 - mse: 215283.4844 - val_loss: 0.0905 - val_mse: 231610.0625 - lr: 0.0081 - 13s/epoch - 70ms/step
Epoch 11/64

Epoch 11: val_loss did not improve from 0.09054
188/188 - 13s - loss: 0.0749 - mse: 215284.0156 - val_loss: 0.0938 - val_mse: 231616.4531 - lr: 0.0081 - 13s/epoch - 69ms/step
Epoch 12/64

Epoch 12: val_loss did not improve from 0.09054
188/188 - 13s - loss: 0.0753 - mse: 215283.3281 - val_loss: 0.1085 - val_mse: 231610.4062 - lr: 0.0081 - 13s/epoch - 70ms/step
Epoch 13/64

Epoch 13: val_loss did not improve from 0.09054
188/188 - 14s - loss: 0.0745 - mse: 215284.0625 - val_loss: 0.1037 - val_mse: 231610.1719 - lr: 0.0073 - 14s/epoch - 72ms/step
Epoch 14/64

Epoch 14: val_loss did not improve from 0.09054
188/188 - 13s - loss: 0.0737 - mse: 215283.8438 - val_loss: 0.0911 - val_mse: 231604.2500 - lr: 0.0073 - 13s/epoch - 69ms/step
Epoch 15/64
