train_data_hourly_pr_['HRES']_['HSAF']_MM_6__spatiotemporal_128.256_2020-07-01T13_2023-03-26T23_no_na
Data is available already
Loading training data...
mse_32_0.01_1.0000000000000002e-06_0.5_2_1_8_0.5_64
Training the model...
Epoch 1/64

Epoch 1: val_loss improved from inf to 130.75824, saving model to /p/scratch/deepacf/kiste/patakchiyousefi1//HPT/mse_32_0.01_1.0000000000000002e-06_0.5_2_1_8_0.5_64.h5
11982/11982 - 152s - loss: 3065.7385 - mse: 586108.6875 - val_loss: 130.7582 - val_mse: 610697.8125 - lr: 0.0100 - 152s/epoch - 13ms/step
Epoch 2/64

Epoch 2: val_loss improved from 130.75824 to 72.26273, saving model to /p/scratch/deepacf/kiste/patakchiyousefi1//HPT/mse_32_0.01_1.0000000000000002e-06_0.5_2_1_8_0.5_64.h5
11982/11982 - 132s - loss: 0.3745 - mse: 643039.7500 - val_loss: 72.2627 - val_mse: 597289.6875 - lr: 0.0100 - 132s/epoch - 11ms/step
Epoch 3/64

Epoch 3: val_loss did not improve from 72.26273
11982/11982 - 132s - loss: 0.2191 - mse: 641939.0000 - val_loss: 79.6487 - val_mse: 597995.1875 - lr: 0.0100 - 132s/epoch - 11ms/step
Epoch 4/64

Epoch 4: val_loss improved from 72.26273 to 59.00652, saving model to /p/scratch/deepacf/kiste/patakchiyousefi1//HPT/mse_32_0.01_1.0000000000000002e-06_0.5_2_1_8_0.5_64.h5
11982/11982 - 133s - loss: 0.6373 - mse: 641705.8750 - val_loss: 59.0065 - val_mse: 594553.5625 - lr: 0.0100 - 133s/epoch - 11ms/step
Epoch 5/64

Epoch 5: val_loss improved from 59.00652 to 57.65247, saving model to /p/scratch/deepacf/kiste/patakchiyousefi1//HPT/mse_32_0.01_1.0000000000000002e-06_0.5_2_1_8_0.5_64.h5
11982/11982 - 133s - loss: 0.2271 - mse: 639608.3125 - val_loss: 57.6525 - val_mse: 594054.1250 - lr: 0.0100 - 133s/epoch - 11ms/step
Epoch 6/64

Epoch 6: val_loss did not improve from 57.65247
11982/11982 - 134s - loss: 0.3588 - mse: 639232.9375 - val_loss: 59.5300 - val_mse: 603360.5625 - lr: 0.0100 - 134s/epoch - 11ms/step
Epoch 7/64

Epoch 7: val_loss did not improve from 57.65247
11982/11982 - 132s - loss: 0.1820 - mse: 638292.1250 - val_loss: 69.5065 - val_mse: 603289.6250 - lr: 0.0100 - 132s/epoch - 11ms/step
Epoch 8/64
