train_data_hourly_pr_['HRES']_['HSAF']_MM_6__spatiotemporal_128.256_2020-07-01T13_2023-03-26T23_no_na
Data is available already
Loading training data...
mse_16_0.1_1e-05_0.1_2_2_8_0.5_64
Training the model...
Epoch 1/64

Epoch 1: val_loss improved from inf to 112.27464, saving model to /p/scratch/deepacf/kiste/patakchiyousefi1//HPT/mse_16_0.1_1e-05_0.1_2_2_8_0.5_64.h5
5991/5991 - 87s - loss: 942.8916 - mse: 636297.8750 - val_loss: 112.2746 - val_mse: 873744.2500 - lr: 0.1000 - 87s/epoch - 15ms/step
Epoch 2/64

Epoch 2: val_loss improved from 112.27464 to 0.01645, saving model to /p/scratch/deepacf/kiste/patakchiyousefi1//HPT/mse_16_0.1_1e-05_0.1_2_2_8_0.5_64.h5
5991/5991 - 70s - loss: 5.9931 - mse: 580020.6250 - val_loss: 0.0165 - val_mse: 567991.6250 - lr: 0.1000 - 70s/epoch - 12ms/step
Epoch 3/64

Epoch 3: val_loss did not improve from 0.01645
5991/5991 - 68s - loss: 5.2058 - mse: 561299.5000 - val_loss: 0.1228 - val_mse: 564660.6250 - lr: 0.1000 - 68s/epoch - 11ms/step
Epoch 4/64

Epoch 4: val_loss did not improve from 0.01645
5991/5991 - 70s - loss: 8.6158 - mse: 562403.3125 - val_loss: 0.2364 - val_mse: 568482.3750 - lr: 0.1000 - 70s/epoch - 12ms/step
Epoch 5/64

Epoch 5: val_loss improved from 0.01645 to 0.00343, saving model to /p/scratch/deepacf/kiste/patakchiyousefi1//HPT/mse_16_0.1_1e-05_0.1_2_2_8_0.5_64.h5
5991/5991 - 68s - loss: 0.0039 - mse: 565198.8750 - val_loss: 0.0034 - val_mse: 573095.8125 - lr: 0.0100 - 68s/epoch - 11ms/step
Epoch 6/64

Epoch 6: val_loss did not improve from 0.00343
5991/5991 - 67s - loss: 0.0608 - mse: 565231.8750 - val_loss: 0.0061 - val_mse: 572968.6250 - lr: 0.0100 - 67s/epoch - 11ms/step
Epoch 7/64
