train_data_hourly_pr_['HRES']_['HSAF']_MM_6__spatiotemporal_128.256_2020-07-01T13_2023-03-26T23_no_na
Data is available already
Loading training data...
mse_64_0.01_1e-08_0.5_2_2_8_0.5_64
Training the model...
Epoch 1/64

Epoch 1: val_loss improved from inf to 0.09275, saving model to /p/scratch/deepacf/kiste/patakchiyousefi1//HPT/mse_64_0.01_1e-08_0.5_2_2_8_0.5_64.h5
5991/5991 - 140s - loss: 0.0981 - mse: 215287.8750 - val_loss: 0.0927 - val_mse: 231606.2969 - lr: 0.0100 - 140s/epoch - 23ms/step
Epoch 2/64

Epoch 2: val_loss improved from 0.09275 to 0.09114, saving model to /p/scratch/deepacf/kiste/patakchiyousefi1//HPT/mse_64_0.01_1e-08_0.5_2_2_8_0.5_64.h5
5991/5991 - 113s - loss: 0.0891 - mse: 215287.1562 - val_loss: 0.0911 - val_mse: 231614.9531 - lr: 0.0100 - 113s/epoch - 19ms/step
Epoch 3/64

Epoch 3: val_loss did not improve from 0.09114
5991/5991 - 112s - loss: 0.0883 - mse: 215287.4375 - val_loss: 0.0952 - val_mse: 231644.7344 - lr: 0.0100 - 112s/epoch - 19ms/step
Epoch 4/64

Epoch 4: val_loss did not improve from 0.09114
5991/5991 - 113s - loss: 0.0879 - mse: 215287.2812 - val_loss: 0.0936 - val_mse: 231561.3125 - lr: 0.0100 - 113s/epoch - 19ms/step
Epoch 5/64

Epoch 5: val_loss improved from 0.09114 to 0.09037, saving model to /p/scratch/deepacf/kiste/patakchiyousefi1//HPT/mse_64_0.01_1e-08_0.5_2_2_8_0.5_64.h5
5991/5991 - 114s - loss: 0.0866 - mse: 215286.9375 - val_loss: 0.0904 - val_mse: 231589.8438 - lr: 0.0050 - 114s/epoch - 19ms/step
Epoch 6/64
