train_data_hourly_pr_['HRES']_['HSAF']_MM_6__spatiotemporal_128.256_2020-07-01T13_2023-03-26T23_no_na
Data is available already
Loading training data...
mse_32_0.0001_None_0.5_2_16_8_0.5_64
Training the model...
Epoch 1/64

Epoch 1: val_loss improved from inf to 0.09985, saving model to /p/scratch/deepacf/kiste/patakchiyousefi1//HPT/mse_32_0.0001_None_0.5_2_16_8_0.5_64.h5
749/749 - 64s - loss: 0.1017 - val_loss: 0.0998 - lr: 1.0000e-04 - 64s/epoch - 86ms/step
Epoch 2/64

Epoch 2: val_loss improved from 0.09985 to 0.09812, saving model to /p/scratch/deepacf/kiste/patakchiyousefi1//HPT/mse_32_0.0001_None_0.5_2_16_8_0.5_64.h5
749/749 - 34s - loss: 0.0910 - val_loss: 0.0981 - lr: 1.0000e-04 - 34s/epoch - 45ms/step
Epoch 3/64

Epoch 3: val_loss improved from 0.09812 to 0.09777, saving model to /p/scratch/deepacf/kiste/patakchiyousefi1//HPT/mse_32_0.0001_None_0.5_2_16_8_0.5_64.h5
749/749 - 36s - loss: 0.0896 - val_loss: 0.0978 - lr: 1.0000e-04 - 36s/epoch - 49ms/step
Epoch 4/64

Epoch 4: val_loss improved from 0.09777 to 0.09724, saving model to /p/scratch/deepacf/kiste/patakchiyousefi1//HPT/mse_32_0.0001_None_0.5_2_16_8_0.5_64.h5
749/749 - 34s - loss: 0.0890 - val_loss: 0.0972 - lr: 1.0000e-04 - 34s/epoch - 45ms/step
Epoch 5/64

Epoch 5: val_loss did not improve from 0.09724
749/749 - 33s - loss: 0.0884 - val_loss: 0.0978 - lr: 1.0000e-04 - 33s/epoch - 45ms/step
Epoch 6/64

Epoch 6: val_loss did not improve from 0.09724
749/749 - 33s - loss: 0.0878 - val_loss: 0.0976 - lr: 1.0000e-04 - 33s/epoch - 44ms/step
Epoch 7/64

Epoch 7: val_loss did not improve from 0.09724
749/749 - 34s - loss: 0.0870 - val_loss: 0.0986 - lr: 1.0000e-04 - 34s/epoch - 45ms/step
Epoch 8/64

Epoch 8: val_loss did not improve from 0.09724
749/749 - 33s - loss: 0.0865 - val_loss: 0.0978 - lr: 1.0000e-04 - 33s/epoch - 44ms/step
Epoch 9/64

Epoch 9: val_loss did not improve from 0.09724
749/749 - 33s - loss: 0.0854 - val_loss: 0.0978 - lr: 1.0000e-04 - 33s/epoch - 44ms/step
Epoch 10/64

Epoch 10: val_loss did not improve from 0.09724
749/749 - 33s - loss: 0.0848 - val_loss: 0.0979 - lr: 1.0000e-04 - 33s/epoch - 44ms/step
Epoch 11/64

Epoch 11: val_loss did not improve from 0.09724
749/749 - 33s - loss: 0.0844 - val_loss: 0.0977 - lr: 1.0000e-04 - 33s/epoch - 44ms/step
Epoch 12/64

Epoch 12: val_loss did not improve from 0.09724
749/749 - 33s - loss: 0.0828 - val_loss: 0.0974 - lr: 1.0000e-04 - 33s/epoch - 44ms/step
Saving and plotting the results...
