2023-07-25 01:15:46.220451: I tensorflow/core/common_runtime/gpu/gpu_device.cc:1613] Created device /job:localhost/replica:0/task:0/device:GPU:0 with 38246 MB memory:  -> device: 0, name: NVIDIA A100-SXM4-40GB, pci bus id: 0000:03:00.0, compute capability: 8.0
2023-07-25 01:15:46.222496: I tensorflow/core/common_runtime/gpu/gpu_device.cc:1613] Created device /job:localhost/replica:0/task:0/device:GPU:1 with 38246 MB memory:  -> device: 1, name: NVIDIA A100-SXM4-40GB, pci bus id: 0000:44:00.0, compute capability: 8.0
2023-07-25 01:15:46.224143: I tensorflow/core/common_runtime/gpu/gpu_device.cc:1613] Created device /job:localhost/replica:0/task:0/device:GPU:2 with 38246 MB memory:  -> device: 2, name: NVIDIA A100-SXM4-40GB, pci bus id: 0000:84:00.0, compute capability: 8.0
2023-07-25 01:15:46.225774: I tensorflow/core/common_runtime/gpu/gpu_device.cc:1613] Created device /job:localhost/replica:0/task:0/device:GPU:3 with 38246 MB memory:  -> device: 3, name: NVIDIA A100-SXM4-40GB, pci bus id: 0000:c4:00.0, compute capability: 8.0
2023-07-25 01:16:07.268991: E tensorflow/core/grappler/optimizers/meta_optimizer.cc:954] layout failed: INVALID_ARGUMENT: Size of values 0 does not match size of permutation 4 @ fanin shape inmodel/dropout/dropout/SelectV2-2-TransposeNHWCToNCHW-LayoutOptimizer
2023-07-25 01:16:09.784011: I tensorflow/compiler/xla/stream_executor/cuda/cuda_dnn.cc:428] Loaded cuDNN version 8600
2023-07-25 01:16:10.974359: I tensorflow/compiler/xla/stream_executor/cuda/cuda_blas.cc:630] TensorFloat-32 will be used for the matrix multiplication. This will only be logged once.
2023-07-25 01:16:16.014844: W tensorflow/tsl/framework/bfc_allocator.cc:290] Allocator (GPU_0_bfc) ran out of memory trying to allocate 592.00MiB with freed_by_count=0. The caller indicates that this is not a failure, but this may mean that there could be performance gains if more memory were available.
2023-07-25 01:16:16.712465: W tensorflow/tsl/framework/bfc_allocator.cc:290] Allocator (GPU_0_bfc) ran out of memory trying to allocate 574.42MiB with freed_by_count=0. The caller indicates that this is not a failure, but this may mean that there could be performance gains if more memory were available.
2023-07-25 01:16:16.712555: W tensorflow/tsl/framework/bfc_allocator.cc:290] Allocator (GPU_0_bfc) ran out of memory trying to allocate 433.41MiB with freed_by_count=0. The caller indicates that this is not a failure, but this may mean that there could be performance gains if more memory were available.
2023-07-25 01:16:16.712575: W tensorflow/tsl/framework/bfc_allocator.cc:290] Allocator (GPU_0_bfc) ran out of memory trying to allocate 292.40MiB with freed_by_count=0. The caller indicates that this is not a failure, but this may mean that there could be performance gains if more memory were available.
2023-07-25 01:16:16.712592: W tensorflow/tsl/framework/bfc_allocator.cc:290] Allocator (GPU_0_bfc) ran out of memory trying to allocate 361.00MiB with freed_by_count=0. The caller indicates that this is not a failure, but this may mean that there could be performance gains if more memory were available.
2023-07-25 01:16:16.712610: W tensorflow/tsl/framework/bfc_allocator.cc:290] Allocator (GPU_0_bfc) ran out of memory trying to allocate 361.00MiB with freed_by_count=0. The caller indicates that this is not a failure, but this may mean that there could be performance gains if more memory were available.
2023-07-25 01:16:16.712628: W tensorflow/tsl/framework/bfc_allocator.cc:290] Allocator (GPU_0_bfc) ran out of memory trying to allocate 361.00MiB with freed_by_count=0. The caller indicates that this is not a failure, but this may mean that there could be performance gains if more memory were available.
2023-07-25 01:16:16.712646: W tensorflow/tsl/framework/bfc_allocator.cc:290] Allocator (GPU_0_bfc) ran out of memory trying to allocate 361.00MiB with freed_by_count=0. The caller indicates that this is not a failure, but this may mean that there could be performance gains if more memory were available.
2023-07-25 01:16:16.712664: W tensorflow/tsl/framework/bfc_allocator.cc:290] Allocator (GPU_0_bfc) ran out of memory trying to allocate 292.39MiB with freed_by_count=0. The caller indicates that this is not a failure, but this may mean that there could be performance gains if more memory were available.
2023-07-25 01:16:16.712681: W tensorflow/tsl/framework/bfc_allocator.cc:290] Allocator (GPU_0_bfc) ran out of memory trying to allocate 292.40MiB with freed_by_count=0. The caller indicates that this is not a failure, but this may mean that there could be performance gains if more memory were available.
2023-07-25 01:16:28.318386: W tensorflow/tsl/framework/bfc_allocator.cc:479] Allocator (GPU_0_bfc) ran out of memory trying to allocate 128.00MiB (rounded to 134217728)requested by op model/conv2d_20/Conv2D
If the cause is memory fragmentation maybe the environment variable 'TF_GPU_ALLOCATOR=cuda_malloc_async' will improve the situation. 
Current allocation summary follows.
Current allocation summary follows.
2023-07-25 01:16:28.318441: I tensorflow/tsl/framework/bfc_allocator.cc:1034] BFCAllocator dump for GPU_0_bfc
2023-07-25 01:16:28.318456: I tensorflow/tsl/framework/bfc_allocator.cc:1041] Bin (256): 	Total Chunks: 103, Chunks in use: 99. 25.8KiB allocated for chunks. 24.8KiB in use in bin. 3.2KiB client-requested in use in bin.
2023-07-25 01:16:28.318467: I tensorflow/tsl/framework/bfc_allocator.cc:1041] Bin (512): 	Total Chunks: 49, Chunks in use: 48. 24.5KiB allocated for chunks. 24.0KiB in use in bin. 24.0KiB client-requested in use in bin.
2023-07-25 01:16:28.318477: I tensorflow/tsl/framework/bfc_allocator.cc:1041] Bin (1024): 	Total Chunks: 43, Chunks in use: 43. 43.5KiB allocated for chunks. 43.5KiB in use in bin. 43.0KiB client-requested in use in bin.
2023-07-25 01:16:28.318487: I tensorflow/tsl/framework/bfc_allocator.cc:1041] Bin (2048): 	Total Chunks: 39, Chunks in use: 39. 78.0KiB allocated for chunks. 78.0KiB in use in bin. 78.0KiB client-requested in use in bin.
2023-07-25 01:16:28.318498: I tensorflow/tsl/framework/bfc_allocator.cc:1041] Bin (4096): 	Total Chunks: 40, Chunks in use: 40. 162.8KiB allocated for chunks. 162.8KiB in use in bin. 160.0KiB client-requested in use in bin.
2023-07-25 01:16:28.318508: I tensorflow/tsl/framework/bfc_allocator.cc:1041] Bin (8192): 	Total Chunks: 32, Chunks in use: 32. 256.8KiB allocated for chunks. 256.8KiB in use in bin. 256.0KiB client-requested in use in bin.
2023-07-25 01:16:28.318520: I tensorflow/tsl/framework/bfc_allocator.cc:1041] Bin (16384): 	Total Chunks: 5, Chunks in use: 4. 126.5KiB allocated for chunks. 110.5KiB in use in bin. 110.5KiB client-requested in use in bin.
2023-07-25 01:16:28.318531: I tensorflow/tsl/framework/bfc_allocator.cc:1041] Bin (32768): 	Total Chunks: 15, Chunks in use: 15. 510.8KiB allocated for chunks. 510.8KiB in use in bin. 480.0KiB client-requested in use in bin.
2023-07-25 01:16:28.318543: I tensorflow/tsl/framework/bfc_allocator.cc:1041] Bin (65536): 	Total Chunks: 3, Chunks in use: 3. 192.0KiB allocated for chunks. 192.0KiB in use in bin. 192.0KiB client-requested in use in bin.
2023-07-25 01:16:28.318553: I tensorflow/tsl/framework/bfc_allocator.cc:1041] Bin (131072): 	Total Chunks: 14, Chunks in use: 14. 1.83MiB allocated for chunks. 1.83MiB in use in bin. 1.75MiB client-requested in use in bin.
2023-07-25 01:16:28.318564: I tensorflow/tsl/framework/bfc_allocator.cc:1041] Bin (262144): 	Total Chunks: 2, Chunks in use: 2. 512.0KiB allocated for chunks. 512.0KiB in use in bin. 512.0KiB client-requested in use in bin.
2023-07-25 01:16:28.318575: I tensorflow/tsl/framework/bfc_allocator.cc:1041] Bin (524288): 	Total Chunks: 19, Chunks in use: 19. 9.94MiB allocated for chunks. 9.94MiB in use in bin. 9.81MiB client-requested in use in bin.
2023-07-25 01:16:28.318586: I tensorflow/tsl/framework/bfc_allocator.cc:1041] Bin (1048576): 	Total Chunks: 10, Chunks in use: 10. 11.38MiB allocated for chunks. 11.38MiB in use in bin. 10.69MiB client-requested in use in bin.
2023-07-25 01:16:28.318597: I tensorflow/tsl/framework/bfc_allocator.cc:1041] Bin (2097152): 	Total Chunks: 12, Chunks in use: 12. 26.62MiB allocated for chunks. 26.62MiB in use in bin. 25.50MiB client-requested in use in bin.
2023-07-25 01:16:28.318608: I tensorflow/tsl/framework/bfc_allocator.cc:1041] Bin (4194304): 	Total Chunks: 9, Chunks in use: 9. 42.75MiB allocated for chunks. 42.75MiB in use in bin. 40.50MiB client-requested in use in bin.
2023-07-25 01:16:28.318619: I tensorflow/tsl/framework/bfc_allocator.cc:1041] Bin (8388608): 	Total Chunks: 8, Chunks in use: 8. 70.00MiB allocated for chunks. 70.00MiB in use in bin. 70.00MiB client-requested in use in bin.
2023-07-25 01:16:28.318631: I tensorflow/tsl/framework/bfc_allocator.cc:1041] Bin (16777216): 	Total Chunks: 10, Chunks in use: 10. 191.48MiB allocated for chunks. 191.48MiB in use in bin. 178.00MiB client-requested in use in bin.
2023-07-25 01:16:28.318642: I tensorflow/tsl/framework/bfc_allocator.cc:1041] Bin (33554432): 	Total Chunks: 11, Chunks in use: 11. 447.86MiB allocated for chunks. 447.86MiB in use in bin. 424.00MiB client-requested in use in bin.
2023-07-25 01:16:28.318653: I tensorflow/tsl/framework/bfc_allocator.cc:1041] Bin (67108864): 	Total Chunks: 18, Chunks in use: 18. 1.20GiB allocated for chunks. 1.20GiB in use in bin. 1.20GiB client-requested in use in bin.
2023-07-25 01:16:28.318663: I tensorflow/tsl/framework/bfc_allocator.cc:1041] Bin (134217728): 	Total Chunks: 13, Chunks in use: 13. 1.68GiB allocated for chunks. 1.68GiB in use in bin. 1.62GiB client-requested in use in bin.
2023-07-25 01:16:28.318674: I tensorflow/tsl/framework/bfc_allocator.cc:1041] Bin (268435456): 	Total Chunks: 23, Chunks in use: 23. 33.69GiB allocated for chunks. 33.69GiB in use in bin. 33.69GiB client-requested in use in bin.
2023-07-25 01:16:28.318684: I tensorflow/tsl/framework/bfc_allocator.cc:1057] Bin for 128.00MiB was 128.00MiB, Chunk State: 
2023-07-25 01:16:28.318693: I tensorflow/tsl/framework/bfc_allocator.cc:1070] Next region of size 40104427520
2023-07-25 01:16:28.318706: I tensorflow/tsl/framework/bfc_allocator.cc:1090] InUse at 14d9a8000000 of size 1280 next 1
2023-07-25 01:16:28.318716: I tensorflow/tsl/framework/bfc_allocator.cc:1090] InUse at 14d9a8000500 of size 256 next 2
2023-07-25 01:16:28.318724: I tensorflow/tsl/framework/bfc_allocator.cc:1090] InUse at 14d9a8000600 of size 256 next 3
2023-07-25 01:16:28.318731: I tensorflow/tsl/framework/bfc_allocator.cc:1090] InUse at 14d9a8000700 of size 256 next 4
2023-07-25 01:16:28.318739: I tensorflow/tsl/framework/bfc_allocator.cc:1090] InUse at 14d9a8000800 of size 256 next 5
2023-07-25 01:16:28.318746: I tensorflow/tsl/framework/bfc_allocator.cc:1090] Free  at 14d9a8000900 of size 256 next 411
2023-07-25 01:16:28.318754: I tensorflow/tsl/framework/bfc_allocator.cc:1090] InUse at 14d9a8000a00 of size 256 next 7
2023-07-25 01:16:28.318761: I tensorflow/tsl/framework/bfc_allocator.cc:1090] InUse at 14d9a8000b00 of size 256 next 8
2023-07-25 01:16:28.318769: I tensorflow/tsl/framework/bfc_allocator.cc:1090] InUse at 14d9a8000c00 of size 256 next 9
2023-07-25 01:16:28.318777: I tensorflow/tsl/framework/bfc_allocator.cc:1090] InUse at 14d9a8000d00 of size 512 next 11
2023-07-25 01:16:28.318785: I tensorflow/tsl/framework/bfc_allocator.cc:1090] InUse at 14d9a8000f00 of size 256 next 12
2023-07-25 01:16:28.318792: I tensorflow/tsl/framework/bfc_allocator.cc:1090] InUse at 14d9a8001000 of size 256 next 10
2023-07-25 01:16:28.318800: I tensorflow/tsl/framework/bfc_allocator.cc:1090] InUse at 14d9a8001100 of size 256 next 16
2023-07-25 01:16:28.318807: I tensorflow/tsl/framework/bfc_allocator.cc:1090] InUse at 14d9a8001200 of size 512 next 13
2023-07-25 01:16:28.318815: I tensorflow/tsl/framework/bfc_allocator.cc:1090] InUse at 14d9a8001400 of size 256 next 17
2023-07-25 01:16:28.318822: I tensorflow/tsl/framework/bfc_allocator.cc:1090] InUse at 14d9a8001500 of size 256 next 22
2023-07-25 01:16:28.318830: I tensorflow/tsl/framework/bfc_allocator.cc:1090] InUse at 14d9a8001600 of size 512 next 24
2023-07-25 01:16:28.318838: I tensorflow/tsl/framework/bfc_allocator.cc:1090] InUse at 14d9a8001800 of size 512 next 21
2023-07-25 01:16:28.318845: I tensorflow/tsl/framework/bfc_allocator.cc:1090] InUse at 14d9a8001a00 of size 512 next 23
2023-07-25 01:16:28.318853: I tensorflow/tsl/framework/bfc_allocator.cc:1090] InUse at 14d9a8001c00 of size 256 next 434
2023-07-25 01:16:28.318860: I tensorflow/tsl/framework/bfc_allocator.cc:1090] InUse at 14d9a8001d00 of size 256 next 435
2023-07-25 01:16:28.318868: I tensorflow/tsl/framework/bfc_allocator.cc:1090] InUse at 14d9a8001e00 of size 256 next 461
2023-07-25 01:16:28.318875: I tensorflow/tsl/framework/bfc_allocator.cc:1090] Free  at 14d9a8001f00 of size 256 next 28
2023-07-25 01:16:28.318883: I tensorflow/tsl/framework/bfc_allocator.cc:1090] InUse at 14d9a8002000 of size 256 next 29
2023-07-25 01:16:28.318890: I tensorflow/tsl/framework/bfc_allocator.cc:1090] InUse at 14d9a8002100 of size 256 next 30
2023-07-25 01:16:28.318898: I tensorflow/tsl/framework/bfc_allocator.cc:1090] InUse at 14d9a8002200 of size 1024 next 31
2023-07-25 01:16:28.318905: I tensorflow/tsl/framework/bfc_allocator.cc:1090] InUse at 14d9a8002600 of size 256 next 32
2023-07-25 01:16:28.318914: I tensorflow/tsl/framework/bfc_allocator.cc:1090] InUse at 14d9a8002700 of size 256 next 35
2023-07-25 01:16:28.318922: I tensorflow/tsl/framework/bfc_allocator.cc:1090] InUse at 14d9a8002800 of size 256 next 36
2023-07-25 01:16:28.318929: I tensorflow/tsl/framework/bfc_allocator.cc:1090] InUse at 14d9a8002900 of size 1024 next 37
2023-07-25 01:16:28.318937: I tensorflow/tsl/framework/bfc_allocator.cc:1090] InUse at 14d9a8002d00 of size 256 next 40
2023-07-25 01:16:28.318944: I tensorflow/tsl/framework/bfc_allocator.cc:1090] InUse at 14d9a8002e00 of size 256 next 42
2023-07-25 01:16:28.318952: I tensorflow/tsl/framework/bfc_allocator.cc:1090] InUse at 14d9a8002f00 of size 1280 next 18
2023-07-25 01:16:28.318960: I tensorflow/tsl/framework/bfc_allocator.cc:1090] InUse at 14d9a8003400 of size 8192 next 19
2023-07-25 01:16:28.318969: I tensorflow/tsl/framework/bfc_allocator.cc:1090] InUse at 14d9a8005400 of size 8192 next 20
2023-07-25 01:16:28.318977: I tensorflow/tsl/framework/bfc_allocator.cc:1090] InUse at 14d9a8007400 of size 256 next 78
2023-07-25 01:16:28.318984: I tensorflow/tsl/framework/bfc_allocator.cc:1090] InUse at 14d9a8007500 of size 256 next 79
2023-07-25 01:16:28.318992: I tensorflow/tsl/framework/bfc_allocator.cc:1090] InUse at 14d9a8007600 of size 4096 next 84
2023-07-25 01:16:28.318999: I tensorflow/tsl/framework/bfc_allocator.cc:1090] InUse at 14d9a8008600 of size 4096 next 82
2023-07-25 01:16:28.319007: I tensorflow/tsl/framework/bfc_allocator.cc:1090] InUse at 14d9a8009600 of size 4096 next 83
2023-07-25 01:16:28.319014: I tensorflow/tsl/framework/bfc_allocator.cc:1090] InUse at 14d9a800a600 of size 8192 next 88
2023-07-25 01:16:28.319022: I tensorflow/tsl/framework/bfc_allocator.cc:1090] InUse at 14d9a800c600 of size 256 next 89
2023-07-25 01:16:28.319029: I tensorflow/tsl/framework/bfc_allocator.cc:1090] InUse at 14d9a800c700 of size 256 next 90
2023-07-25 01:16:28.319037: I tensorflow/tsl/framework/bfc_allocator.cc:1090] InUse at 14d9a800c800 of size 8192 next 91
2023-07-25 01:16:28.319044: I tensorflow/tsl/framework/bfc_allocator.cc:1090] InUse at 14d9a800e800 of size 1024 next 96
2023-07-25 01:16:28.319052: I tensorflow/tsl/framework/bfc_allocator.cc:1090] InUse at 14d9a800ec00 of size 8192 next 14
2023-07-25 01:16:28.319059: I tensorflow/tsl/framework/bfc_allocator.cc:1090] InUse at 14d9a8010c00 of size 32256 next 15
2023-07-25 01:16:28.319067: I tensorflow/tsl/framework/bfc_allocator.cc:1090] InUse at 14d9a8018a00 of size 1024 next 45
2023-07-25 01:16:28.319075: I tensorflow/tsl/framework/bfc_allocator.cc:1090] InUse at 14d9a8018e00 of size 1024 next 43
2023-07-25 01:16:28.319082: I tensorflow/tsl/framework/bfc_allocator.cc:1090] InUse at 14d9a8019200 of size 2048 next 48
2023-07-25 01:16:28.319091: I tensorflow/tsl/framework/bfc_allocator.cc:1090] InUse at 14d9a8019a00 of size 256 next 49
2023-07-25 01:16:28.319099: I tensorflow/tsl/framework/bfc_allocator.cc:1090] InUse at 14d9a8019b00 of size 256 next 50
2023-07-25 01:16:28.319106: I tensorflow/tsl/framework/bfc_allocator.cc:1090] InUse at 14d9a8019c00 of size 2048 next 51
2023-07-25 01:16:28.319114: I tensorflow/tsl/framework/bfc_allocator.cc:1090] InUse at 14d9a801a400 of size 256 next 52
2023-07-25 01:16:28.319121: I tensorflow/tsl/framework/bfc_allocator.cc:1090] InUse at 14d9a801a500 of size 256 next 55
2023-07-25 01:16:28.319129: I tensorflow/tsl/framework/bfc_allocator.cc:1090] InUse at 14d9a801a600 of size 256 next 58
2023-07-25 01:16:28.319136: I tensorflow/tsl/framework/bfc_allocator.cc:1090] InUse at 14d9a801a700 of size 2048 next 61
2023-07-25 01:16:28.319144: I tensorflow/tsl/framework/bfc_allocator.cc:1090] InUse at 14d9a801af00 of size 256 next 56
2023-07-25 01:16:28.319151: I tensorflow/tsl/framework/bfc_allocator.cc:1090] InUse at 14d9a801b000 of size 256 next 57
2023-07-25 01:16:28.319159: I tensorflow/tsl/framework/bfc_allocator.cc:1090] InUse at 14d9a801b100 of size 2048 next 65
2023-07-25 01:16:28.319166: I tensorflow/tsl/framework/bfc_allocator.cc:1090] InUse at 14d9a801b900 of size 2048 next 63
2023-07-25 01:16:28.319174: I tensorflow/tsl/framework/bfc_allocator.cc:1090] InUse at 14d9a801c100 of size 2048 next 64
2023-07-25 01:16:28.319181: I tensorflow/tsl/framework/bfc_allocator.cc:1090] InUse at 14d9a801c900 of size 4096 next 69
2023-07-25 01:16:28.319189: I tensorflow/tsl/framework/bfc_allocator.cc:1090] InUse at 14d9a801d900 of size 256 next 70
2023-07-25 01:16:28.319196: I tensorflow/tsl/framework/bfc_allocator.cc:1090] InUse at 14d9a801da00 of size 256 next 71
2023-07-25 01:16:28.319204: I tensorflow/tsl/framework/bfc_allocator.cc:1090] InUse at 14d9a801db00 of size 4096 next 72
2023-07-25 01:16:28.319213: I tensorflow/tsl/framework/bfc_allocator.cc:1090] InUse at 14d9a801eb00 of size 256 next 73
2023-07-25 01:16:28.319222: I tensorflow/tsl/framework/bfc_allocator.cc:1090] InUse at 14d9a801ec00 of size 256 next 76
2023-07-25 01:16:28.319231: I tensorflow/tsl/framework/bfc_allocator.cc:1090] InUse at 14d9a801ed00 of size 512 next 77
2023-07-25 01:16:28.319240: I tensorflow/tsl/framework/bfc_allocator.cc:1090] InUse at 14d9a801ef00 of size 6912 next 39
2023-07-25 01:16:28.319249: I tensorflow/tsl/framework/bfc_allocator.cc:1090] InUse at 14d9a8020a00 of size 32768 next 38
2023-07-25 01:16:28.319296: I tensorflow/tsl/framework/bfc_allocator.cc:1090] InUse at 14d9a8028a00 of size 32768 next 41
2023-07-25 01:16:28.319306: I tensorflow/tsl/framework/bfc_allocator.cc:1090] InUse at 14d9a8030a00 of size 256 next 92
2023-07-25 01:16:28.319315: I tensorflow/tsl/framework/bfc_allocator.cc:1090] InUse at 14d9a8030b00 of size 256 next 95
2023-07-25 01:16:28.319324: I tensorflow/tsl/framework/bfc_allocator.cc:1090] InUse at 14d9a8030c00 of size 8192 next 101
2023-07-25 01:16:28.319333: I tensorflow/tsl/framework/bfc_allocator.cc:1090] InUse at 14d9a8032c00 of size 8192 next 98
2023-07-25 01:16:28.319342: I tensorflow/tsl/framework/bfc_allocator.cc:1090] InUse at 14d9a8034c00 of size 8192 next 100
2023-07-25 01:16:28.319351: I tensorflow/tsl/framework/bfc_allocator.cc:1090] Free  at 14d9a8036c00 of size 16384 next 105
2023-07-25 01:16:28.319360: I tensorflow/tsl/framework/bfc_allocator.cc:1090] InUse at 14d9a803ac00 of size 4096 next 106
2023-07-25 01:16:28.319369: I tensorflow/tsl/framework/bfc_allocator.cc:1090] InUse at 14d9a803bc00 of size 4096 next 107
2023-07-25 01:16:28.319378: I tensorflow/tsl/framework/bfc_allocator.cc:1090] InUse at 14d9a803cc00 of size 512 next 109
2023-07-25 01:16:28.319387: I tensorflow/tsl/framework/bfc_allocator.cc:1090] InUse at 14d9a803ce00 of size 4096 next 111
2023-07-25 01:16:28.319395: I tensorflow/tsl/framework/bfc_allocator.cc:1090] InUse at 14d9a803de00 of size 4096 next 116
2023-07-25 01:16:28.319404: I tensorflow/tsl/framework/bfc_allocator.cc:1090] InUse at 14d9a803ee00 of size 4096 next 113
2023-07-25 01:16:28.319414: I tensorflow/tsl/framework/bfc_allocator.cc:1090] InUse at 14d9a803fe00 of size 4096 next 115
2023-07-25 01:16:28.319422: I tensorflow/tsl/framework/bfc_allocator.cc:1090] InUse at 14d9a8040e00 of size 4096 next 118
2023-07-25 01:16:28.319431: I tensorflow/tsl/framework/bfc_allocator.cc:1090] InUse at 14d9a8041e00 of size 4096 next 119
2023-07-25 01:16:28.319440: I tensorflow/tsl/framework/bfc_allocator.cc:1090] InUse at 14d9a8042e00 of size 2048 next 120
2023-07-25 01:16:28.319449: I tensorflow/tsl/framework/bfc_allocator.cc:1090] InUse at 14d9a8043600 of size 2048 next 121
2023-07-25 01:16:28.319458: I tensorflow/tsl/framework/bfc_allocator.cc:1090] InUse at 14d9a8043e00 of size 32256 next 183
2023-07-25 01:16:28.319467: I tensorflow/tsl/framework/bfc_allocator.cc:1090] InUse at 14d9a804bc00 of size 32256 next 184
2023-07-25 01:16:28.319476: I tensorflow/tsl/framework/bfc_allocator.cc:1090] InUse at 14d9a8053a00 of size 8192 next 186
2023-07-25 01:16:28.319485: I tensorflow/tsl/framework/bfc_allocator.cc:1090] InUse at 14d9a8055a00 of size 8192 next 187
2023-07-25 01:16:28.319494: I tensorflow/tsl/framework/bfc_allocator.cc:1090] InUse at 14d9a8057a00 of size 256 next 188
2023-07-25 01:16:28.319503: I tensorflow/tsl/framework/bfc_allocator.cc:1090] InUse at 14d9a8057b00 of size 256 next 189
2023-07-25 01:16:28.319512: I tensorflow/tsl/framework/bfc_allocator.cc:1090] InUse at 14d9a8057c00 of size 8192 next 190
2023-07-25 01:16:28.319521: I tensorflow/tsl/framework/bfc_allocator.cc:1090] InUse at 14d9a8059c00 of size 8192 next 191
2023-07-25 01:16:28.319529: I tensorflow/tsl/framework/bfc_allocator.cc:1090] InUse at 14d9a805bc00 of size 512 next 192
2023-07-25 01:16:28.319538: I tensorflow/tsl/framework/bfc_allocator.cc:1090] InUse at 14d9a805be00 of size 512 next 193
2023-07-25 01:16:28.319547: I tensorflow/tsl/framework/bfc_allocator.cc:1090] InUse at 14d9a805c000 of size 512 next 194
2023-07-25 01:16:28.319556: I tensorflow/tsl/framework/bfc_allocator.cc:1090] InUse at 14d9a805c200 of size 512 next 195
2023-07-25 01:16:28.319565: I tensorflow/tsl/framework/bfc_allocator.cc:1090] InUse at 14d9a805c400 of size 512 next 196
2023-07-25 01:16:28.319576: I tensorflow/tsl/framework/bfc_allocator.cc:1090] InUse at 14d9a805c600 of size 512 next 197
2023-07-25 01:16:28.319585: I tensorflow/tsl/framework/bfc_allocator.cc:1090] InUse at 14d9a805c800 of size 512 next 198
2023-07-25 01:16:28.319594: I tensorflow/tsl/framework/bfc_allocator.cc:1090] InUse at 14d9a805ca00 of size 512 next 199
2023-07-25 01:16:28.319603: I tensorflow/tsl/framework/bfc_allocator.cc:1090] InUse at 14d9a805cc00 of size 1024 next 201
2023-07-25 01:16:28.319612: I tensorflow/tsl/framework/bfc_allocator.cc:1090] InUse at 14d9a805d000 of size 1024 next 202
2023-07-25 01:16:28.319621: I tensorflow/tsl/framework/bfc_allocator.cc:1090] InUse at 14d9a805d400 of size 32768 next 203
2023-07-25 01:16:28.319630: I tensorflow/tsl/framework/bfc_allocator.cc:1090] InUse at 14d9a8065400 of size 46592 next 60
2023-07-25 01:16:28.319639: I tensorflow/tsl/framework/bfc_allocator.cc:1090] InUse at 14d9a8070a00 of size 131072 next 59
2023-07-25 01:16:28.319650: I tensorflow/tsl/framework/bfc_allocator.cc:1090] InUse at 14d9a8090a00 of size 131072 next 62
2023-07-25 01:16:28.319659: I tensorflow/tsl/framework/bfc_allocator.cc:1090] InUse at 14d9a80b0a00 of size 131072 next 128
2023-07-25 01:16:28.319668: I tensorflow/tsl/framework/bfc_allocator.cc:1090] InUse at 14d9a80d0a00 of size 131072 next 220
2023-07-25 01:16:28.319678: I tensorflow/tsl/framework/bfc_allocator.cc:1090] InUse at 14d9a80f0a00 of size 256 next 221
2023-07-25 01:16:28.319687: I tensorflow/tsl/framework/bfc_allocator.cc:1090] InUse at 14d9a80f0b00 of size 256 next 222
2023-07-25 01:16:28.319692: I tensorflow/tsl/framework/bfc_allocator.cc:1090] InUse at 14d9a80f0c00 of size 131072 next 223
2023-07-25 01:16:28.319698: I tensorflow/tsl/framework/bfc_allocator.cc:1090] InUse at 14d9a8110c00 of size 163328 next 26
2023-07-25 01:16:28.319704: I tensorflow/tsl/framework/bfc_allocator.cc:1090] InUse at 14d9a8138a00 of size 589824 next 25
2023-07-25 01:16:28.319709: I tensorflow/tsl/framework/bfc_allocator.cc:1090] InUse at 14d9a81c8a00 of size 256 next 124
2023-07-25 01:16:28.319714: I tensorflow/tsl/framework/bfc_allocator.cc:1090] InUse at 14d9a81c8b00 of size 2048 next 123
2023-07-25 01:16:28.319719: I tensorflow/tsl/framework/bfc_allocator.cc:1090] InUse at 14d9a81c9300 of size 2048 next 130
2023-07-25 01:16:28.319724: I tensorflow/tsl/framework/bfc_allocator.cc:1090] InUse at 14d9a81c9b00 of size 2048 next 125
2023-07-25 01:16:28.319730: I tensorflow/tsl/framework/bfc_allocator.cc:1090] InUse at 14d9a81ca300 of size 2048 next 129
2023-07-25 01:16:28.319735: I tensorflow/tsl/framework/bfc_allocator.cc:1090] InUse at 14d9a81cab00 of size 2048 next 132
2023-07-25 01:16:28.319740: I tensorflow/tsl/framework/bfc_allocator.cc:1090] InUse at 14d9a81cb300 of size 2048 next 133
2023-07-25 01:16:28.319744: I tensorflow/tsl/framework/bfc_allocator.cc:1090] InUse at 14d9a81cbb00 of size 1024 next 136
2023-07-25 01:16:28.319748: I tensorflow/tsl/framework/bfc_allocator.cc:1090] InUse at 14d9a81cbf00 of size 1024 next 138
2023-07-25 01:16:28.319752: I tensorflow/tsl/framework/bfc_allocator.cc:1090] InUse at 14d9a81cc300 of size 256 next 135
2023-07-25 01:16:28.319756: I tensorflow/tsl/framework/bfc_allocator.cc:1090] InUse at 14d9a81cc400 of size 1024 next 134
2023-07-25 01:16:28.319761: I tensorflow/tsl/framework/bfc_allocator.cc:1090] InUse at 14d9a81cc800 of size 1024 next 140
2023-07-25 01:16:28.319765: I tensorflow/tsl/framework/bfc_allocator.cc:1090] InUse at 14d9a81ccc00 of size 1024 next 144
2023-07-25 01:16:28.319769: I tensorflow/tsl/framework/bfc_allocator.cc:1090] InUse at 14d9a81cd000 of size 1024 next 146
2023-07-25 01:16:28.319773: I tensorflow/tsl/framework/bfc_allocator.cc:1090] InUse at 14d9a81cd400 of size 1024 next 147
2023-07-25 01:16:28.319777: I tensorflow/tsl/framework/bfc_allocator.cc:1090] InUse at 14d9a81cd800 of size 1024 next 148
2023-07-25 01:16:28.319782: I tensorflow/tsl/framework/bfc_allocator.cc:1090] InUse at 14d9a81cdc00 of size 512 next 151
2023-07-25 01:16:28.319786: I tensorflow/tsl/framework/bfc_allocator.cc:1090] InUse at 14d9a81cde00 of size 512 next 149
2023-07-25 01:16:28.319790: I tensorflow/tsl/framework/bfc_allocator.cc:1090] InUse at 14d9a81ce000 of size 256 next 153
2023-07-25 01:16:28.319794: I tensorflow/tsl/framework/bfc_allocator.cc:1090] InUse at 14d9a81ce100 of size 512 next 150
2023-07-25 01:16:28.319799: I tensorflow/tsl/framework/bfc_allocator.cc:1090] InUse at 14d9a81ce300 of size 512 next 155
2023-07-25 01:16:28.319803: I tensorflow/tsl/framework/bfc_allocator.cc:1090] InUse at 14d9a81ce500 of size 512 next 159
2023-07-25 01:16:28.319807: I tensorflow/tsl/framework/bfc_allocator.cc:1090] InUse at 14d9a81ce700 of size 512 next 158
2023-07-25 01:16:28.319811: I tensorflow/tsl/framework/bfc_allocator.cc:1090] InUse at 14d9a81ce900 of size 512 next 161
2023-07-25 01:16:28.319816: I tensorflow/tsl/framework/bfc_allocator.cc:1090] InUse at 14d9a81ceb00 of size 512 next 162
2023-07-25 01:16:28.319820: I tensorflow/tsl/framework/bfc_allocator.cc:1090] InUse at 14d9a81ced00 of size 256 next 163
2023-07-25 01:16:28.319824: I tensorflow/tsl/framework/bfc_allocator.cc:1090] InUse at 14d9a81cee00 of size 256 next 164
2023-07-25 01:16:28.319828: I tensorflow/tsl/framework/bfc_allocator.cc:1090] InUse at 14d9a81cef00 of size 256 next 166
2023-07-25 01:16:28.319833: I tensorflow/tsl/framework/bfc_allocator.cc:1090] InUse at 14d9a81cf000 of size 256 next 167
2023-07-25 01:16:28.319837: I tensorflow/tsl/framework/bfc_allocator.cc:1090] InUse at 14d9a81cf100 of size 256 next 165
2023-07-25 01:16:28.319841: I tensorflow/tsl/framework/bfc_allocator.cc:1090] InUse at 14d9a81cf200 of size 256 next 168
2023-07-25 01:16:28.319845: I tensorflow/tsl/framework/bfc_allocator.cc:1090] InUse at 14d9a81cf300 of size 256 next 171
2023-07-25 01:16:28.319849: I tensorflow/tsl/framework/bfc_allocator.cc:1090] InUse at 14d9a81cf400 of size 256 next 172
2023-07-25 01:16:28.319854: I tensorflow/tsl/framework/bfc_allocator.cc:1090] InUse at 14d9a81cf500 of size 256 next 169
2023-07-25 01:16:28.319858: I tensorflow/tsl/framework/bfc_allocator.cc:1090] InUse at 14d9a81cf600 of size 512 next 170
2023-07-25 01:16:28.319862: I tensorflow/tsl/framework/bfc_allocator.cc:1090] InUse at 14d9a81cf800 of size 256 next 176
2023-07-25 01:16:28.319866: I tensorflow/tsl/framework/bfc_allocator.cc:1090] InUse at 14d9a81cf900 of size 256 next 177
2023-07-25 01:16:28.319870: I tensorflow/tsl/framework/bfc_allocator.cc:1090] InUse at 14d9a81cfa00 of size 256 next 178
2023-07-25 01:16:28.319875: I tensorflow/tsl/framework/bfc_allocator.cc:1090] InUse at 14d9a81cfb00 of size 256 next 179
2023-07-25 01:16:28.319879: I tensorflow/tsl/framework/bfc_allocator.cc:1090] InUse at 14d9a81cfc00 of size 256 next 180
2023-07-25 01:16:28.319883: I tensorflow/tsl/framework/bfc_allocator.cc:1090] InUse at 14d9a81cfd00 of size 256 next 181
2023-07-25 01:16:28.319887: I tensorflow/tsl/framework/bfc_allocator.cc:1090] InUse at 14d9a81cfe00 of size 256 next 182
2023-07-25 01:16:28.319891: I tensorflow/tsl/framework/bfc_allocator.cc:1090] InUse at 14d9a81cff00 of size 512 next 185
2023-07-25 01:16:28.319896: I tensorflow/tsl/framework/bfc_allocator.cc:1090] InUse at 14d9a81d0100 of size 512 next 156
2023-07-25 01:16:28.319900: I tensorflow/tsl/framework/bfc_allocator.cc:1090] InUse at 14d9a81d0300 of size 8192 next 157
2023-07-25 01:16:28.319904: I tensorflow/tsl/framework/bfc_allocator.cc:1090] InUse at 14d9a81d2300 of size 8960 next 141
2023-07-25 01:16:28.319909: I tensorflow/tsl/framework/bfc_allocator.cc:1090] InUse at 14d9a81d4600 of size 32768 next 142
2023-07-25 01:16:28.319913: I tensorflow/tsl/framework/bfc_allocator.cc:1090] InUse at 14d9a81dc600 of size 50432 next 126
2023-07-25 01:16:28.319917: I tensorflow/tsl/framework/bfc_allocator.cc:1090] InUse at 14d9a81e8b00 of size 131072 next 127
2023-07-25 01:16:28.319921: I tensorflow/tsl/framework/bfc_allocator.cc:1090] InUse at 14d9a8208b00 of size 256 next 204
2023-07-25 01:16:28.319926: I tensorflow/tsl/framework/bfc_allocator.cc:1090] InUse at 14d9a8208c00 of size 256 next 205
2023-07-25 01:16:28.319930: I tensorflow/tsl/framework/bfc_allocator.cc:1090] InUse at 14d9a8208d00 of size 32768 next 206
2023-07-25 01:16:28.319934: I tensorflow/tsl/framework/bfc_allocator.cc:1090] InUse at 14d9a8210d00 of size 32768 next 207
2023-07-25 01:16:28.319938: I tensorflow/tsl/framework/bfc_allocator.cc:1090] InUse at 14d9a8218d00 of size 1024 next 208
2023-07-25 01:16:28.319943: I tensorflow/tsl/framework/bfc_allocator.cc:1090] InUse at 14d9a8219100 of size 1024 next 209
2023-07-25 01:16:28.319947: I tensorflow/tsl/framework/bfc_allocator.cc:1090] InUse at 14d9a8219500 of size 1024 next 211
2023-07-25 01:16:28.319951: I tensorflow/tsl/framework/bfc_allocator.cc:1090] InUse at 14d9a8219900 of size 1024 next 212
2023-07-25 01:16:28.319955: I tensorflow/tsl/framework/bfc_allocator.cc:1090] InUse at 14d9a8219d00 of size 1024 next 213
2023-07-25 01:16:28.319959: I tensorflow/tsl/framework/bfc_allocator.cc:1090] InUse at 14d9a821a100 of size 1024 next 214
2023-07-25 01:16:28.319964: I tensorflow/tsl/framework/bfc_allocator.cc:1090] InUse at 14d9a821a500 of size 1024 next 215
2023-07-25 01:16:28.319968: I tensorflow/tsl/framework/bfc_allocator.cc:1090] InUse at 14d9a821a900 of size 1024 next 216
2023-07-25 01:16:28.319972: I tensorflow/tsl/framework/bfc_allocator.cc:1090] InUse at 14d9a821ad00 of size 2048 next 218
2023-07-25 01:16:28.319976: I tensorflow/tsl/framework/bfc_allocator.cc:1090] InUse at 14d9a821b500 of size 2048 next 219
2023-07-25 01:16:28.319981: I tensorflow/tsl/framework/bfc_allocator.cc:1090] InUse at 14d9a821bd00 of size 183552 next 80
2023-07-25 01:16:28.319985: I tensorflow/tsl/framework/bfc_allocator.cc:1090] InUse at 14d9a8248a00 of size 655360 next 34
2023-07-25 01:16:28.319990: I tensorflow/tsl/framework/bfc_allocator.cc:1090] InUse at 14d9a82e8a00 of size 1179648 next 33
2023-07-25 01:16:28.319994: I tensorflow/tsl/framework/bfc_allocator.cc:1090] InUse at 14d9a8408a00 of size 524288 next 81
2023-07-25 01:16:28.319999: I tensorflow/tsl/framework/bfc_allocator.cc:1090] InUse at 14d9a8488a00 of size 524288 next 112
2023-07-25 01:16:28.320003: I tensorflow/tsl/framework/bfc_allocator.cc:1090] InUse at 14d9a8508a00 of size 524288 next 114
2023-07-25 01:16:28.320007: I tensorflow/tsl/framework/bfc_allocator.cc:1090] InUse at 14d9a8588a00 of size 1048576 next 99
2023-07-25 01:16:28.320012: I tensorflow/tsl/framework/bfc_allocator.cc:1090] InUse at 14d9a8688a00 of size 2097152 next 47
2023-07-25 01:16:28.320018: I tensorflow/tsl/framework/bfc_allocator.cc:1090] InUse at 14d9a8888a00 of size 2359296 next 46
2023-07-25 01:16:28.320022: I tensorflow/tsl/framework/bfc_allocator.cc:1090] InUse at 14d9a8ac8a00 of size 2097152 next 97
2023-07-25 01:16:28.320026: I tensorflow/tsl/framework/bfc_allocator.cc:1090] InUse at 14d9a8cc8a00 of size 1179648 next 152
2023-07-25 01:16:28.320030: I tensorflow/tsl/framework/bfc_allocator.cc:1090] InUse at 14d9a8de8a00 of size 1441792 next 54
2023-07-25 01:16:28.320035: I tensorflow/tsl/framework/bfc_allocator.cc:1090] InUse at 14d9a8f48a00 of size 4718592 next 53
2023-07-25 01:16:28.320039: I tensorflow/tsl/framework/bfc_allocator.cc:1090] InUse at 14d9a93c8a00 of size 4718592 next 137
2023-07-25 01:16:28.320044: I tensorflow/tsl/framework/bfc_allocator.cc:1090] InUse at 14d9a9848a00 of size 4718592 next 139
2023-07-25 01:16:28.320048: I tensorflow/tsl/framework/bfc_allocator.cc:1090] InUse at 14d9a9cc8a00 of size 589824 next 160
2023-07-25 01:16:28.320052: I tensorflow/tsl/framework/bfc_allocator.cc:1090] InUse at 14d9a9d58a00 of size 589824 next 154
2023-07-25 01:16:28.320056: I tensorflow/tsl/framework/bfc_allocator.cc:1090] InUse at 14d9a9de8a00 of size 1179648 next 145
2023-07-25 01:16:28.320060: I tensorflow/tsl/framework/bfc_allocator.cc:1090] InUse at 14d9a9f08a00 of size 2359296 next 143
2023-07-25 01:16:28.320065: I tensorflow/tsl/framework/bfc_allocator.cc:1090] InUse at 14d9aa148a00 of size 1179648 next 200
2023-07-25 01:16:28.320069: I tensorflow/tsl/framework/bfc_allocator.cc:1090] InUse at 14d9aa268a00 of size 3538944 next 67
2023-07-25 01:16:28.320073: I tensorflow/tsl/framework/bfc_allocator.cc:1090] InUse at 14d9aa5c8a00 of size 9437184 next 66
2023-07-25 01:16:28.320078: I tensorflow/tsl/framework/bfc_allocator.cc:1090] InUse at 14d9aaec8a00 of size 9437184 next 131
2023-07-25 01:16:28.320082: I tensorflow/tsl/framework/bfc_allocator.cc:1090] InUse at 14d9ab7c8a00 of size 2359296 next 210
2023-07-25 01:16:28.320087: I tensorflow/tsl/framework/bfc_allocator.cc:1090] InUse at 14d9aba08a00 of size 7077888 next 75
2023-07-25 01:16:28.320091: I tensorflow/tsl/framework/bfc_allocator.cc:1090] InUse at 14d9ac0c8a00 of size 18874368 next 74
2023-07-25 01:16:28.320096: I tensorflow/tsl/framework/bfc_allocator.cc:1090] InUse at 14d9ad2c8a00 of size 4718592 next 217
2023-07-25 01:16:28.320100: I tensorflow/tsl/framework/bfc_allocator.cc:1090] InUse at 14d9ad748a00 of size 2048 next 224
2023-07-25 01:16:28.320104: I tensorflow/tsl/framework/bfc_allocator.cc:1090] InUse at 14d9ad749200 of size 2048 next 225
2023-07-25 01:16:28.320108: I tensorflow/tsl/framework/bfc_allocator.cc:1090] InUse at 14d9ad749a00 of size 9437184 next 226
2023-07-25 01:16:28.320113: I tensorflow/tsl/framework/bfc_allocator.cc:1090] InUse at 14d9ae049a00 of size 9437184 next 227
2023-07-25 01:16:28.320117: I tensorflow/tsl/framework/bfc_allocator.cc:1090] InUse at 14d9ae949a00 of size 2048 next 228
2023-07-25 01:16:28.320121: I tensorflow/tsl/framework/bfc_allocator.cc:1090] InUse at 14d9ae94a200 of size 2048 next 229
2023-07-25 01:16:28.320125: I tensorflow/tsl/framework/bfc_allocator.cc:1090] InUse at 14d9ae94aa00 of size 2048 next 230
2023-07-25 01:16:28.320130: I tensorflow/tsl/framework/bfc_allocator.cc:1090] InUse at 14d9ae94b200 of size 2048 next 231
2023-07-25 01:16:28.320134: I tensorflow/tsl/framework/bfc_allocator.cc:1090] InUse at 14d9ae94ba00 of size 2048 next 232
2023-07-25 01:16:28.320138: I tensorflow/tsl/framework/bfc_allocator.cc:1090] InUse at 14d9ae94c200 of size 2048 next 233
2023-07-25 01:16:28.320142: I tensorflow/tsl/framework/bfc_allocator.cc:1090] InUse at 14d9ae94ca00 of size 18874368 next 234
2023-07-25 01:16:28.320147: I tensorflow/tsl/framework/bfc_allocator.cc:1090] InUse at 14d9afb4ca00 of size 33013760 next 86
2023-07-25 01:16:28.320151: I tensorflow/tsl/framework/bfc_allocator.cc:1090] InUse at 14d9b1ac8a00 of size 37748736 next 85
2023-07-25 01:16:28.320155: I tensorflow/tsl/framework/bfc_allocator.cc:1090] InUse at 14d9b3ec8a00 of size 37748736 next 117
2023-07-25 01:16:28.320160: I tensorflow/tsl/framework/bfc_allocator.cc:1090] InUse at 14d9b62c8a00 of size 18874368 next 122
2023-07-25 01:16:28.320164: I tensorflow/tsl/framework/bfc_allocator.cc:1090] InUse at 14d9b74c8a00 of size 18874368 next 94
2023-07-25 01:16:28.320168: I tensorflow/tsl/framework/bfc_allocator.cc:1090] InUse at 14d9b86c8a00 of size 75497472 next 93
2023-07-25 01:16:28.320173: I tensorflow/tsl/framework/bfc_allocator.cc:1090] InUse at 14d9bcec8a00 of size 75497472 next 108
2023-07-25 01:16:28.320177: I tensorflow/tsl/framework/bfc_allocator.cc:1090] InUse at 14d9c16c8a00 of size 75497472 next 110
2023-07-25 01:16:28.320181: I tensorflow/tsl/framework/bfc_allocator.cc:1090] InUse at 14d9c5ec8a00 of size 4096 next 235
2023-07-25 01:16:28.320185: I tensorflow/tsl/framework/bfc_allocator.cc:1090] InUse at 14d9c5ec9a00 of size 4096 next 236
2023-07-25 01:16:28.320190: I tensorflow/tsl/framework/bfc_allocator.cc:1090] InUse at 14d9c5ecaa00 of size 524288 next 237
2023-07-25 01:16:28.320194: I tensorflow/tsl/framework/bfc_allocator.cc:1090] InUse at 14d9c5f4aa00 of size 524288 next 238
2023-07-25 01:16:28.320198: I tensorflow/tsl/framework/bfc_allocator.cc:1090] InUse at 14d9c5fcaa00 of size 512 next 239
2023-07-25 01:16:28.320202: I tensorflow/tsl/framework/bfc_allocator.cc:1090] InUse at 14d9c5fcac00 of size 512 next 240
2023-07-25 01:16:28.320207: I tensorflow/tsl/framework/bfc_allocator.cc:1090] InUse at 14d9c5fcae00 of size 524288 next 241
2023-07-25 01:16:28.320211: I tensorflow/tsl/framework/bfc_allocator.cc:1090] InUse at 14d9c604ae00 of size 524288 next 242
2023-07-25 01:16:28.320215: I tensorflow/tsl/framework/bfc_allocator.cc:1090] InUse at 14d9c60cae00 of size 4096 next 243
2023-07-25 01:16:28.320219: I tensorflow/tsl/framework/bfc_allocator.cc:1090] InUse at 14d9c60cbe00 of size 4096 next 244
2023-07-25 01:16:28.320223: I tensorflow/tsl/framework/bfc_allocator.cc:1090] InUse at 14d9c60cce00 of size 37748736 next 245
2023-07-25 01:16:28.320228: I tensorflow/tsl/framework/bfc_allocator.cc:1090] InUse at 14d9c84cce00 of size 37748736 next 246
2023-07-25 01:16:28.320232: I tensorflow/tsl/framework/bfc_allocator.cc:1090] InUse at 14d9ca8cce00 of size 4096 next 247
2023-07-25 01:16:28.320236: I tensorflow/tsl/framework/bfc_allocator.cc:1090] InUse at 14d9ca8cde00 of size 4096 next 248
2023-07-25 01:16:28.320241: I tensorflow/tsl/framework/bfc_allocator.cc:1090] InUse at 14d9ca8cee00 of size 4096 next 249
2023-07-25 01:16:28.320246: I tensorflow/tsl/framework/bfc_allocator.cc:1090] InUse at 14d9ca8cfe00 of size 4096 next 250
2023-07-25 01:16:28.320251: I tensorflow/tsl/framework/bfc_allocator.cc:1090] InUse at 14d9ca8d0e00 of size 4096 next 251
2023-07-25 01:16:28.320260: I tensorflow/tsl/framework/bfc_allocator.cc:1090] InUse at 14d9ca8d1e00 of size 4096 next 252
2023-07-25 01:16:28.320265: I tensorflow/tsl/framework/bfc_allocator.cc:1090] InUse at 14d9ca8d2e00 of size 8192 next 255
2023-07-25 01:16:28.320271: I tensorflow/tsl/framework/bfc_allocator.cc:1090] InUse at 14d9ca8d4e00 of size 8192 next 256
2023-07-25 01:16:28.320276: I tensorflow/tsl/framework/bfc_allocator.cc:1090] InUse at 14d9ca8d6e00 of size 2097152 next 257
2023-07-25 01:16:28.320281: I tensorflow/tsl/framework/bfc_allocator.cc:1090] InUse at 14d9caad6e00 of size 2097152 next 258
2023-07-25 01:16:28.320286: I tensorflow/tsl/framework/bfc_allocator.cc:1090] InUse at 14d9cacd6e00 of size 1024 next 259
2023-07-25 01:16:28.320290: I tensorflow/tsl/framework/bfc_allocator.cc:1090] InUse at 14d9cacd7200 of size 1024 next 260
2023-07-25 01:16:28.320294: I tensorflow/tsl/framework/bfc_allocator.cc:1090] InUse at 14d9cacd7600 of size 2097152 next 261
2023-07-25 01:16:28.320298: I tensorflow/tsl/framework/bfc_allocator.cc:1090] InUse at 14d9caed7600 of size 2097152 next 262
2023-07-25 01:16:28.320303: I tensorflow/tsl/framework/bfc_allocator.cc:1090] InUse at 14d9cb0d7600 of size 8192 next 263
2023-07-25 01:16:28.320307: I tensorflow/tsl/framework/bfc_allocator.cc:1090] InUse at 14d9cb0d9600 of size 8192 next 264
2023-07-25 01:16:28.320311: I tensorflow/tsl/framework/bfc_allocator.cc:1090] InUse at 14d9cb0db600 of size 8192 next 267
2023-07-25 01:16:28.320315: I tensorflow/tsl/framework/bfc_allocator.cc:1090] InUse at 14d9cb0dd600 of size 8192 next 268
2023-07-25 01:16:28.320319: I tensorflow/tsl/framework/bfc_allocator.cc:1090] InUse at 14d9cb0df600 of size 8192 next 269
2023-07-25 01:16:28.320324: I tensorflow/tsl/framework/bfc_allocator.cc:1090] InUse at 14d9cb0e1600 of size 8192 next 270
2023-07-25 01:16:28.320328: I tensorflow/tsl/framework/bfc_allocator.cc:1090] InUse at 14d9cb0e3600 of size 8192 next 271
2023-07-25 01:16:28.320332: I tensorflow/tsl/framework/bfc_allocator.cc:1090] InUse at 14d9cb0e5600 of size 8192 next 272
2023-07-25 01:16:28.320337: I tensorflow/tsl/framework/bfc_allocator.cc:1090] InUse at 14d9cb0e7600 of size 4096 next 275
2023-07-25 01:16:28.320341: I tensorflow/tsl/framework/bfc_allocator.cc:1090] InUse at 14d9cb0e8600 of size 4096 next 276
2023-07-25 01:16:28.320345: I tensorflow/tsl/framework/bfc_allocator.cc:1090] InUse at 14d9cb0e9600 of size 4096 next 279
2023-07-25 01:16:28.320350: I tensorflow/tsl/framework/bfc_allocator.cc:1090] InUse at 14d9cb0ea600 of size 4096 next 280
2023-07-25 01:16:28.320354: I tensorflow/tsl/framework/bfc_allocator.cc:1090] InUse at 14d9cb0eb600 of size 524288 next 281
2023-07-25 01:16:28.320358: I tensorflow/tsl/framework/bfc_allocator.cc:1090] InUse at 14d9cb16b600 of size 524288 next 282
2023-07-25 01:16:28.320363: I tensorflow/tsl/framework/bfc_allocator.cc:1090] InUse at 14d9cb1eb600 of size 512 next 283
2023-07-25 01:16:28.320367: I tensorflow/tsl/framework/bfc_allocator.cc:1090] InUse at 14d9cb1eb800 of size 512 next 284
2023-07-25 01:16:28.320371: I tensorflow/tsl/framework/bfc_allocator.cc:1090] InUse at 14d9cb1eba00 of size 524288 next 285
2023-07-25 01:16:28.320376: I tensorflow/tsl/framework/bfc_allocator.cc:1090] InUse at 14d9cb26ba00 of size 524288 next 286
2023-07-25 01:16:28.320380: I tensorflow/tsl/framework/bfc_allocator.cc:1090] InUse at 14d9cb2eba00 of size 4096 next 287
2023-07-25 01:16:28.320384: I tensorflow/tsl/framework/bfc_allocator.cc:1090] InUse at 14d9cb2eca00 of size 4096 next 288
2023-07-25 01:16:28.320389: I tensorflow/tsl/framework/bfc_allocator.cc:1090] InUse at 14d9cb2eda00 of size 62763008 next 103
2023-07-25 01:16:28.320393: I tensorflow/tsl/framework/bfc_allocator.cc:1090] InUse at 14d9ceec8a00 of size 150994944 next 102
2023-07-25 01:16:28.320398: I tensorflow/tsl/framework/bfc_allocator.cc:1090] InUse at 14d9d7ec8a00 of size 19783221248 next 173
2023-07-25 01:16:28.320403: I tensorflow/tsl/framework/bfc_allocator.cc:1090] InUse at 14de73188a00 of size 2826174464 next 174
2023-07-25 01:16:28.320407: I tensorflow/tsl/framework/bfc_allocator.cc:1090] InUse at 14df1b8c8a00 of size 2826174464 next 175
2023-07-25 01:16:28.320411: I tensorflow/tsl/framework/bfc_allocator.cc:1090] InUse at 14dfc4008a00 of size 75497472 next 253
2023-07-25 01:16:28.320416: I tensorflow/tsl/framework/bfc_allocator.cc:1090] InUse at 14dfc8808a00 of size 75497472 next 254
2023-07-25 01:16:28.320420: I tensorflow/tsl/framework/bfc_allocator.cc:1090] InUse at 14dfcd008a00 of size 150994944 next 265
2023-07-25 01:16:28.320424: I tensorflow/tsl/framework/bfc_allocator.cc:1090] InUse at 14dfd6008a00 of size 150994944 next 266
2023-07-25 01:16:28.320428: I tensorflow/tsl/framework/bfc_allocator.cc:1090] InUse at 14dfdf008a00 of size 75497472 next 273
2023-07-25 01:16:28.320433: I tensorflow/tsl/framework/bfc_allocator.cc:1090] InUse at 14dfe3808a00 of size 75497472 next 274
2023-07-25 01:16:28.320437: I tensorflow/tsl/framework/bfc_allocator.cc:1090] InUse at 14dfe8008a00 of size 75497472 next 277
2023-07-25 01:16:28.320441: I tensorflow/tsl/framework/bfc_allocator.cc:1090] InUse at 14dfec808a00 of size 75497472 next 278
2023-07-25 01:16:28.320445: I tensorflow/tsl/framework/bfc_allocator.cc:1090] InUse at 14dff1008a00 of size 37748736 next 289
2023-07-25 01:16:28.320450: I tensorflow/tsl/framework/bfc_allocator.cc:1090] InUse at 14dff3408a00 of size 4096 next 290
2023-07-25 01:16:28.320454: I tensorflow/tsl/framework/bfc_allocator.cc:1090] InUse at 14dff3409a00 of size 4096 next 291
2023-07-25 01:16:28.320458: I tensorflow/tsl/framework/bfc_allocator.cc:1090] InUse at 14dff340aa00 of size 4096 next 292
2023-07-25 01:16:28.320462: I tensorflow/tsl/framework/bfc_allocator.cc:1090] InUse at 14dff340ba00 of size 4096 next 293
2023-07-25 01:16:28.320467: I tensorflow/tsl/framework/bfc_allocator.cc:1090] InUse at 14dff340ca00 of size 4096 next 294
2023-07-25 01:16:28.320471: I tensorflow/tsl/framework/bfc_allocator.cc:1090] InUse at 14dff340da00 of size 4096 next 295
2023-07-25 01:16:28.320475: I tensorflow/tsl/framework/bfc_allocator.cc:1090] InUse at 14dff340ea00 of size 18874368 next 296
2023-07-25 01:16:28.320479: I tensorflow/tsl/framework/bfc_allocator.cc:1090] InUse at 14dff460ea00 of size 18874368 next 297
2023-07-25 01:16:28.320484: I tensorflow/tsl/framework/bfc_allocator.cc:1090] InUse at 14dff580ea00 of size 2048 next 298
2023-07-25 01:16:28.320488: I tensorflow/tsl/framework/bfc_allocator.cc:1090] InUse at 14dff580f200 of size 2048 next 299
2023-07-25 01:16:28.320492: I tensorflow/tsl/framework/bfc_allocator.cc:1090] InUse at 14dff580fa00 of size 18874368 next 300
2023-07-25 01:16:28.320496: I tensorflow/tsl/framework/bfc_allocator.cc:1090] InUse at 14dff6a0fa00 of size 18874368 next 301
2023-07-25 01:16:28.320500: I tensorflow/tsl/framework/bfc_allocator.cc:1090] InUse at 14dff7c0fa00 of size 2048 next 302
2023-07-25 01:16:28.320505: I tensorflow/tsl/framework/bfc_allocator.cc:1090] InUse at 14dff7c10200 of size 2048 next 303
2023-07-25 01:16:28.320509: I tensorflow/tsl/framework/bfc_allocator.cc:1090] InUse at 14dff7c10a00 of size 131072 next 304
2023-07-25 01:16:28.320513: I tensorflow/tsl/framework/bfc_allocator.cc:1090] InUse at 14dff7c30a00 of size 131072 next 305
2023-07-25 01:16:28.320517: I tensorflow/tsl/framework/bfc_allocator.cc:1090] InUse at 14dff7c50a00 of size 256 next 306
2023-07-25 01:16:28.320522: I tensorflow/tsl/framework/bfc_allocator.cc:1090] InUse at 14dff7c50b00 of size 256 next 307
2023-07-25 01:16:28.320526: I tensorflow/tsl/framework/bfc_allocator.cc:1090] InUse at 14dff7c50c00 of size 131072 next 308
2023-07-25 01:16:28.320530: I tensorflow/tsl/framework/bfc_allocator.cc:1090] InUse at 14dff7c70c00 of size 131072 next 309
2023-07-25 01:16:28.320534: I tensorflow/tsl/framework/bfc_allocator.cc:1090] InUse at 14dff7c90c00 of size 2048 next 310
2023-07-25 01:16:28.320538: I tensorflow/tsl/framework/bfc_allocator.cc:1090] InUse at 14dff7c91400 of size 2048 next 311
2023-07-25 01:16:28.320543: I tensorflow/tsl/framework/bfc_allocator.cc:1090] InUse at 14dff7c91c00 of size 9437184 next 312
2023-07-25 01:16:28.320547: I tensorflow/tsl/framework/bfc_allocator.cc:1090] InUse at 14dff8591c00 of size 9437184 next 313
2023-07-25 01:16:28.320551: I tensorflow/tsl/framework/bfc_allocator.cc:1090] InUse at 14dff8e91c00 of size 2048 next 314
2023-07-25 01:16:28.320555: I tensorflow/tsl/framework/bfc_allocator.cc:1090] InUse at 14dff8e92400 of size 2048 next 315
2023-07-25 01:16:28.320559: I tensorflow/tsl/framework/bfc_allocator.cc:1090] InUse at 14dff8e92c00 of size 2048 next 316
2023-07-25 01:16:28.320564: I tensorflow/tsl/framework/bfc_allocator.cc:1090] InUse at 14dff8e93400 of size 2048 next 317
2023-07-25 01:16:28.320568: I tensorflow/tsl/framework/bfc_allocator.cc:1090] InUse at 14dff8e93c00 of size 2048 next 318
2023-07-25 01:16:28.320572: I tensorflow/tsl/framework/bfc_allocator.cc:1090] InUse at 14dff8e94400 of size 2048 next 319
2023-07-25 01:16:28.320576: I tensorflow/tsl/framework/bfc_allocator.cc:1090] InUse at 14dff8e94c00 of size 4718592 next 320
2023-07-25 01:16:28.320581: I tensorflow/tsl/framework/bfc_allocator.cc:1090] InUse at 14dff9314c00 of size 4718592 next 321
2023-07-25 01:16:28.320585: I tensorflow/tsl/framework/bfc_allocator.cc:1090] InUse at 14dff9794c00 of size 1024 next 322
2023-07-25 01:16:28.320589: I tensorflow/tsl/framework/bfc_allocator.cc:1090] InUse at 14dff9795000 of size 1024 next 323
2023-07-25 01:16:28.320593: I tensorflow/tsl/framework/bfc_allocator.cc:1090] InUse at 14dff9795400 of size 4718592 next 324
2023-07-25 01:16:28.320597: I tensorflow/tsl/framework/bfc_allocator.cc:1090] InUse at 14dff9c15400 of size 4718592 next 325
2023-07-25 01:16:28.320602: I tensorflow/tsl/framework/bfc_allocator.cc:1090] InUse at 14dffa095400 of size 1024 next 326
2023-07-25 01:16:28.320606: I tensorflow/tsl/framework/bfc_allocator.cc:1090] InUse at 14dffa095800 of size 1024 next 327
2023-07-25 01:16:28.320610: I tensorflow/tsl/framework/bfc_allocator.cc:1090] InUse at 14dffa095c00 of size 32768 next 328
2023-07-25 01:16:28.320614: I tensorflow/tsl/framework/bfc_allocator.cc:1090] InUse at 14dffa09dc00 of size 32768 next 329
2023-07-25 01:16:28.320619: I tensorflow/tsl/framework/bfc_allocator.cc:1090] InUse at 14dffa0a5c00 of size 256 next 330
2023-07-25 01:16:28.320623: I tensorflow/tsl/framework/bfc_allocator.cc:1090] InUse at 14dffa0a5d00 of size 256 next 331
2023-07-25 01:16:28.320627: I tensorflow/tsl/framework/bfc_allocator.cc:1090] InUse at 14dffa0a5e00 of size 32768 next 332
2023-07-25 01:16:28.320631: I tensorflow/tsl/framework/bfc_allocator.cc:1090] InUse at 14dffa0ade00 of size 32768 next 333
2023-07-25 01:16:28.320635: I tensorflow/tsl/framework/bfc_allocator.cc:1090] InUse at 14dffa0b5e00 of size 1024 next 334
2023-07-25 01:16:28.320640: I tensorflow/tsl/framework/bfc_allocator.cc:1090] InUse at 14dffa0b6200 of size 1024 next 335
2023-07-25 01:16:28.320644: I tensorflow/tsl/framework/bfc_allocator.cc:1090] InUse at 14dffa0b6600 of size 2359296 next 336
2023-07-25 01:16:28.320648: I tensorflow/tsl/framework/bfc_allocator.cc:1090] InUse at 14dffa2f6600 of size 2359296 next 337
2023-07-25 01:16:28.320652: I tensorflow/tsl/framework/bfc_allocator.cc:1090] InUse at 14dffa536600 of size 1024 next 338
2023-07-25 01:16:28.320657: I tensorflow/tsl/framework/bfc_allocator.cc:1090] InUse at 14dffa536a00 of size 1024 next 339
2023-07-25 01:16:28.320661: I tensorflow/tsl/framework/bfc_allocator.cc:1090] InUse at 14dffa536e00 of size 1024 next 340
2023-07-25 01:16:28.320665: I tensorflow/tsl/framework/bfc_allocator.cc:1090] InUse at 14dffa537200 of size 1024 next 341
2023-07-25 01:16:28.320669: I tensorflow/tsl/framework/bfc_allocator.cc:1090] InUse at 14dffa537600 of size 1024 next 342
2023-07-25 01:16:28.320673: I tensorflow/tsl/framework/bfc_allocator.cc:1090] InUse at 14dffa537a00 of size 1024 next 343
2023-07-25 01:16:28.320678: I tensorflow/tsl/framework/bfc_allocator.cc:1090] InUse at 14dffa537e00 of size 1179648 next 344
2023-07-25 01:16:28.320682: I tensorflow/tsl/framework/bfc_allocator.cc:1090] InUse at 14dffa657e00 of size 1179648 next 345
2023-07-25 01:16:28.320686: I tensorflow/tsl/framework/bfc_allocator.cc:1090] InUse at 14dffa777e00 of size 512 next 346
2023-07-25 01:16:28.320690: I tensorflow/tsl/framework/bfc_allocator.cc:1090] InUse at 14dffa778000 of size 512 next 347
2023-07-25 01:16:28.320695: I tensorflow/tsl/framework/bfc_allocator.cc:1090] InUse at 14dffa778200 of size 1179648 next 348
2023-07-25 01:16:28.320699: I tensorflow/tsl/framework/bfc_allocator.cc:1090] InUse at 14dffa898200 of size 1179648 next 349
2023-07-25 01:16:28.320703: I tensorflow/tsl/framework/bfc_allocator.cc:1090] InUse at 14dffa9b8200 of size 512 next 350
2023-07-25 01:16:28.320707: I tensorflow/tsl/framework/bfc_allocator.cc:1090] InUse at 14dffa9b8400 of size 512 next 351
2023-07-25 01:16:28.320711: I tensorflow/tsl/framework/bfc_allocator.cc:1090] InUse at 14dffa9b8600 of size 8192 next 352
2023-07-25 01:16:28.320716: I tensorflow/tsl/framework/bfc_allocator.cc:1090] InUse at 14dffa9ba600 of size 8192 next 353
2023-07-25 01:16:28.320720: I tensorflow/tsl/framework/bfc_allocator.cc:1090] InUse at 14dffa9bc600 of size 256 next 354
2023-07-25 01:16:28.320724: I tensorflow/tsl/framework/bfc_allocator.cc:1090] InUse at 14dffa9bc700 of size 256 next 355
2023-07-25 01:16:28.320728: I tensorflow/tsl/framework/bfc_allocator.cc:1090] InUse at 14dffa9bc800 of size 8192 next 356
2023-07-25 01:16:28.320733: I tensorflow/tsl/framework/bfc_allocator.cc:1090] InUse at 14dffa9be800 of size 8192 next 357
2023-07-25 01:16:28.320737: I tensorflow/tsl/framework/bfc_allocator.cc:1090] InUse at 14dffa9c0800 of size 512 next 358
2023-07-25 01:16:28.320741: I tensorflow/tsl/framework/bfc_allocator.cc:1090] InUse at 14dffa9c0a00 of size 512 next 359
2023-07-25 01:16:28.320745: I tensorflow/tsl/framework/bfc_allocator.cc:1090] InUse at 14dffa9c0c00 of size 589824 next 360
2023-07-25 01:16:28.320749: I tensorflow/tsl/framework/bfc_allocator.cc:1090] InUse at 14dffaa50c00 of size 589824 next 361
2023-07-25 01:16:28.320754: I tensorflow/tsl/framework/bfc_allocator.cc:1090] InUse at 14dffaae0c00 of size 512 next 362
2023-07-25 01:16:28.320758: I tensorflow/tsl/framework/bfc_allocator.cc:1090] InUse at 14dffaae0e00 of size 512 next 363
2023-07-25 01:16:28.320762: I tensorflow/tsl/framework/bfc_allocator.cc:1090] InUse at 14dffaae1000 of size 512 next 364
2023-07-25 01:16:28.320766: I tensorflow/tsl/framework/bfc_allocator.cc:1090] InUse at 14dffaae1200 of size 512 next 365
2023-07-25 01:16:28.320770: I tensorflow/tsl/framework/bfc_allocator.cc:1090] InUse at 14dffaae1400 of size 512 next 366
2023-07-25 01:16:28.320775: I tensorflow/tsl/framework/bfc_allocator.cc:1090] InUse at 14dffaae1600 of size 512 next 367
2023-07-25 01:16:28.320779: I tensorflow/tsl/framework/bfc_allocator.cc:1090] InUse at 14dffaae1800 of size 512 next 368
2023-07-25 01:16:28.320783: I tensorflow/tsl/framework/bfc_allocator.cc:1090] InUse at 14dffaae1a00 of size 512 next 369
2023-07-25 01:16:28.320787: I tensorflow/tsl/framework/bfc_allocator.cc:1090] InUse at 14dffaae1c00 of size 256 next 370
2023-07-25 01:16:28.320791: I tensorflow/tsl/framework/bfc_allocator.cc:1090] InUse at 14dffaae1d00 of size 256 next 371
2023-07-25 01:16:28.320796: I tensorflow/tsl/framework/bfc_allocator.cc:1090] InUse at 14dffaae1e00 of size 256 next 372
2023-07-25 01:16:28.320800: I tensorflow/tsl/framework/bfc_allocator.cc:1090] InUse at 14dffaae1f00 of size 256 next 373
2023-07-25 01:16:28.320804: I tensorflow/tsl/framework/bfc_allocator.cc:1090] InUse at 14dffaae2000 of size 256 next 374
2023-07-25 01:16:28.320809: I tensorflow/tsl/framework/bfc_allocator.cc:1090] InUse at 14dffaae2100 of size 256 next 375
2023-07-25 01:16:28.320813: I tensorflow/tsl/framework/bfc_allocator.cc:1090] InUse at 14dffaae2200 of size 256 next 376
2023-07-25 01:16:28.320817: I tensorflow/tsl/framework/bfc_allocator.cc:1090] InUse at 14dffaae2300 of size 256 next 377
2023-07-25 01:16:28.320821: I tensorflow/tsl/framework/bfc_allocator.cc:1090] InUse at 14dffaae2400 of size 256 next 378
2023-07-25 01:16:28.320825: I tensorflow/tsl/framework/bfc_allocator.cc:1090] InUse at 14dffaae2500 of size 256 next 379
2023-07-25 01:16:28.320829: I tensorflow/tsl/framework/bfc_allocator.cc:1090] InUse at 14dffaae2600 of size 256 next 380
2023-07-25 01:16:28.320834: I tensorflow/tsl/framework/bfc_allocator.cc:1090] InUse at 14dffaae2700 of size 256 next 381
2023-07-25 01:16:28.320838: I tensorflow/tsl/framework/bfc_allocator.cc:1090] InUse at 14dffaae2800 of size 256 next 382
2023-07-25 01:16:28.320842: I tensorflow/tsl/framework/bfc_allocator.cc:1090] InUse at 14dffaae2900 of size 256 next 383
2023-07-25 01:16:28.320846: I tensorflow/tsl/framework/bfc_allocator.cc:1090] InUse at 14dffaae2a00 of size 256 next 384
2023-07-25 01:16:28.320850: I tensorflow/tsl/framework/bfc_allocator.cc:1090] InUse at 14dffaae2b00 of size 256 next 385
2023-07-25 01:16:28.320855: I tensorflow/tsl/framework/bfc_allocator.cc:1090] InUse at 14dffaae2c00 of size 256 next 386
2023-07-25 01:16:28.320859: I tensorflow/tsl/framework/bfc_allocator.cc:1090] InUse at 14dffaae2d00 of size 256 next 387
2023-07-25 01:16:28.320863: I tensorflow/tsl/framework/bfc_allocator.cc:1090] InUse at 14dffaae2e00 of size 8388608 next 388
2023-07-25 01:16:28.320868: I tensorflow/tsl/framework/bfc_allocator.cc:1090] InUse at 14dffb2e2e00 of size 8388608 next 389
2023-07-25 01:16:28.320872: I tensorflow/tsl/framework/bfc_allocator.cc:1090] InUse at 14dffbae2e00 of size 58720256 next 390
2023-07-25 01:16:28.320877: I tensorflow/tsl/framework/bfc_allocator.cc:1090] InUse at 14dfff2e2e00 of size 512 next 392
2023-07-25 01:16:28.320881: I tensorflow/tsl/framework/bfc_allocator.cc:1090] Free  at 14dfff2e3000 of size 256 next 393
2023-07-25 01:16:28.320885: I tensorflow/tsl/framework/bfc_allocator.cc:1090] InUse at 14dfff2e3100 of size 256 next 394
2023-07-25 01:16:28.320889: I tensorflow/tsl/framework/bfc_allocator.cc:1090] InUse at 14dfff2e3200 of size 256 next 395
2023-07-25 01:16:28.320893: I tensorflow/tsl/framework/bfc_allocator.cc:1090] InUse at 14dfff2e3300 of size 256 next 396
2023-07-25 01:16:28.320898: I tensorflow/tsl/framework/bfc_allocator.cc:1090] InUse at 14dfff2e3400 of size 256 next 397
2023-07-25 01:16:28.320902: I tensorflow/tsl/framework/bfc_allocator.cc:1090] Free  at 14dfff2e3500 of size 512 next 399
2023-07-25 01:16:28.320906: I tensorflow/tsl/framework/bfc_allocator.cc:1090] InUse at 14dfff2e3700 of size 256 next 400
2023-07-25 01:16:28.320910: I tensorflow/tsl/framework/bfc_allocator.cc:1090] Free  at 14dfff2e3800 of size 256 next 401
2023-07-25 01:16:28.320914: I tensorflow/tsl/framework/bfc_allocator.cc:1090] InUse at 14dfff2e3900 of size 58720256 next 402
2023-07-25 01:16:28.320919: I tensorflow/tsl/framework/bfc_allocator.cc:1090] InUse at 14e002ae3900 of size 256 next 403
2023-07-25 01:16:28.320923: I tensorflow/tsl/framework/bfc_allocator.cc:1090] InUse at 14e002ae3a00 of size 256 next 404
2023-07-25 01:16:28.320927: I tensorflow/tsl/framework/bfc_allocator.cc:1090] InUse at 14e002ae3b00 of size 256 next 405
2023-07-25 01:16:28.320931: I tensorflow/tsl/framework/bfc_allocator.cc:1090] InUse at 14e002ae3c00 of size 256 next 406
2023-07-25 01:16:28.320935: I tensorflow/tsl/framework/bfc_allocator.cc:1090] InUse at 14e002ae3d00 of size 256 next 407
2023-07-25 01:16:28.320940: I tensorflow/tsl/framework/bfc_allocator.cc:1090] InUse at 14e002ae3e00 of size 1073741824 next 6
2023-07-25 01:16:28.320944: I tensorflow/tsl/framework/bfc_allocator.cc:1090] InUse at 14e042ae3e00 of size 1073741824 next 408
2023-07-25 01:16:28.320948: I tensorflow/tsl/framework/bfc_allocator.cc:1090] InUse at 14e082ae3e00 of size 32768 next 409
2023-07-25 01:16:28.320953: I tensorflow/tsl/framework/bfc_allocator.cc:1090] InUse at 14e082aebe00 of size 4096 next 410
2023-07-25 01:16:28.320957: I tensorflow/tsl/framework/bfc_allocator.cc:1090] InUse at 14e082aece00 of size 32768 next 412
2023-07-25 01:16:28.320961: I tensorflow/tsl/framework/bfc_allocator.cc:1090] InUse at 14e082af4e00 of size 256 next 413
2023-07-25 01:16:28.320965: I tensorflow/tsl/framework/bfc_allocator.cc:1090] InUse at 14e082af4f00 of size 1073741824 next 391
2023-07-25 01:16:28.320969: I tensorflow/tsl/framework/bfc_allocator.cc:1090] InUse at 14e0c2af4f00 of size 1073741824 next 414
2023-07-25 01:16:28.320974: I tensorflow/tsl/framework/bfc_allocator.cc:1090] InUse at 14e102af4f00 of size 268435456 next 415
2023-07-25 01:16:28.320978: I tensorflow/tsl/framework/bfc_allocator.cc:1090] InUse at 14e112af4f00 of size 1073741824 next 416
2023-07-25 01:16:28.320982: I tensorflow/tsl/framework/bfc_allocator.cc:1090] InUse at 14e152af4f00 of size 268435456 next 417
2023-07-25 01:16:28.320987: I tensorflow/tsl/framework/bfc_allocator.cc:1090] InUse at 14e162af4f00 of size 268435456 next 418
2023-07-25 01:16:28.320991: I tensorflow/tsl/framework/bfc_allocator.cc:1090] InUse at 14e172af4f00 of size 512 next 419
2023-07-25 01:16:28.320995: I tensorflow/tsl/framework/bfc_allocator.cc:1090] InUse at 14e172af5100 of size 512 next 420
2023-07-25 01:16:28.320999: I tensorflow/tsl/framework/bfc_allocator.cc:1090] InUse at 14e172af5300 of size 512 next 421
2023-07-25 01:16:28.321004: I tensorflow/tsl/framework/bfc_allocator.cc:1090] InUse at 14e172af5500 of size 536870912 next 27
2023-07-25 01:16:28.321008: I tensorflow/tsl/framework/bfc_allocator.cc:1090] InUse at 14e192af5500 of size 536870912 next 422
2023-07-25 01:16:28.321013: I tensorflow/tsl/framework/bfc_allocator.cc:1090] InUse at 14e1b2af5500 of size 65536 next 423
2023-07-25 01:16:28.321017: I tensorflow/tsl/framework/bfc_allocator.cc:1090] InUse at 14e1b2b05500 of size 8192 next 424
2023-07-25 01:16:28.321021: I tensorflow/tsl/framework/bfc_allocator.cc:1090] InUse at 14e1b2b07500 of size 65536 next 425
2023-07-25 01:16:28.321025: I tensorflow/tsl/framework/bfc_allocator.cc:1090] InUse at 14e1b2b17500 of size 536870912 next 426
2023-07-25 01:16:28.321030: I tensorflow/tsl/framework/bfc_allocator.cc:1090] InUse at 14e1d2b17500 of size 536870912 next 427
2023-07-25 01:16:28.321034: I tensorflow/tsl/framework/bfc_allocator.cc:1090] InUse at 14e1f2b17500 of size 134217728 next 428
2023-07-25 01:16:28.321040: I tensorflow/tsl/framework/bfc_allocator.cc:1090] InUse at 14e1fab17500 of size 536870912 next 429
2023-07-25 01:16:28.321044: I tensorflow/tsl/framework/bfc_allocator.cc:1090] InUse at 14e21ab17500 of size 134217728 next 430
2023-07-25 01:16:28.321048: I tensorflow/tsl/framework/bfc_allocator.cc:1090] InUse at 14e222b17500 of size 134217728 next 431
2023-07-25 01:16:28.321053: I tensorflow/tsl/framework/bfc_allocator.cc:1090] InUse at 14e22ab17500 of size 1024 next 432
2023-07-25 01:16:28.321057: I tensorflow/tsl/framework/bfc_allocator.cc:1090] InUse at 14e22ab17900 of size 1024 next 433
2023-07-25 01:16:28.321061: I tensorflow/tsl/framework/bfc_allocator.cc:1090] InUse at 14e22ab17d00 of size 1024 next 436
2023-07-25 01:16:28.321065: I tensorflow/tsl/framework/bfc_allocator.cc:1090] InUse at 14e22ab18100 of size 1024 next 437
2023-07-25 01:16:28.321070: I tensorflow/tsl/framework/bfc_allocator.cc:1090] InUse at 14e22ab18500 of size 268435456 next 44
2023-07-25 01:16:28.321074: I tensorflow/tsl/framework/bfc_allocator.cc:1090] InUse at 14e23ab18500 of size 268435456 next 438
2023-07-25 01:16:28.321078: I tensorflow/tsl/framework/bfc_allocator.cc:1090] InUse at 14e24ab18500 of size 131072 next 439
2023-07-25 01:16:28.321082: I tensorflow/tsl/framework/bfc_allocator.cc:1090] InUse at 14e24ab38500 of size 16384 next 440
2023-07-25 01:16:28.321087: I tensorflow/tsl/framework/bfc_allocator.cc:1090] InUse at 14e24ab3c500 of size 131072 next 398
2023-07-25 01:16:28.321091: I tensorflow/tsl/framework/bfc_allocator.cc:1090] InUse at 14e24ab5c500 of size 268435456 next 441
2023-07-25 01:16:28.321095: I tensorflow/tsl/framework/bfc_allocator.cc:1090] InUse at 14e25ab5c500 of size 268435456 next 442
2023-07-25 01:16:28.321100: I tensorflow/tsl/framework/bfc_allocator.cc:1090] InUse at 14e26ab5c500 of size 67108864 next 443
2023-07-25 01:16:28.321104: I tensorflow/tsl/framework/bfc_allocator.cc:1090] InUse at 14e26eb5c500 of size 268435456 next 444
2023-07-25 01:16:28.321108: I tensorflow/tsl/framework/bfc_allocator.cc:1090] InUse at 14e27eb5c500 of size 67108864 next 445
2023-07-25 01:16:28.321113: I tensorflow/tsl/framework/bfc_allocator.cc:1090] InUse at 14e282b5c500 of size 67108864 next 446
2023-07-25 01:16:28.321117: I tensorflow/tsl/framework/bfc_allocator.cc:1090] InUse at 14e286b5c500 of size 2048 next 447
2023-07-25 01:16:28.321121: I tensorflow/tsl/framework/bfc_allocator.cc:1090] InUse at 14e286b5cd00 of size 2048 next 448
2023-07-25 01:16:28.321125: I tensorflow/tsl/framework/bfc_allocator.cc:1090] InUse at 14e286b5d500 of size 2048 next 449
2023-07-25 01:16:28.321130: I tensorflow/tsl/framework/bfc_allocator.cc:1090] InUse at 14e286b5dd00 of size 134217728 next 450
2023-07-25 01:16:28.321134: I tensorflow/tsl/framework/bfc_allocator.cc:1090] InUse at 14e28eb5dd00 of size 134217728 next 68
2023-07-25 01:16:28.321138: I tensorflow/tsl/framework/bfc_allocator.cc:1090] InUse at 14e296b5dd00 of size 262144 next 451
2023-07-25 01:16:28.321143: I tensorflow/tsl/framework/bfc_allocator.cc:1090] InUse at 14e296b9dd00 of size 32768 next 452
2023-07-25 01:16:28.321147: I tensorflow/tsl/framework/bfc_allocator.cc:1090] InUse at 14e296ba5d00 of size 262144 next 453
2023-07-25 01:16:28.321151: I tensorflow/tsl/framework/bfc_allocator.cc:1090] InUse at 14e296be5d00 of size 134217728 next 454
2023-07-25 01:16:28.321155: I tensorflow/tsl/framework/bfc_allocator.cc:1090] InUse at 14e29ebe5d00 of size 134217728 next 455
2023-07-25 01:16:28.321160: I tensorflow/tsl/framework/bfc_allocator.cc:1090] InUse at 14e2a6be5d00 of size 33554432 next 456
2023-07-25 01:16:28.321164: I tensorflow/tsl/framework/bfc_allocator.cc:1090] InUse at 14e2a8be5d00 of size 134217728 next 457
2023-07-25 01:16:28.321168: I tensorflow/tsl/framework/bfc_allocator.cc:1090] InUse at 14e2b0be5d00 of size 33554432 next 458
2023-07-25 01:16:28.321173: I tensorflow/tsl/framework/bfc_allocator.cc:1090] InUse at 14e2b2be5d00 of size 33554432 next 459
2023-07-25 01:16:28.321177: I tensorflow/tsl/framework/bfc_allocator.cc:1090] InUse at 14e2b4be5d00 of size 4096 next 460
2023-07-25 01:16:28.321181: I tensorflow/tsl/framework/bfc_allocator.cc:1090] InUse at 14e2b4be6d00 of size 4096 next 462
2023-07-25 01:16:28.321185: I tensorflow/tsl/framework/bfc_allocator.cc:1090] InUse at 14e2b4be7d00 of size 4096 next 463
2023-07-25 01:16:28.321189: I tensorflow/tsl/framework/bfc_allocator.cc:1090] InUse at 14e2b4be8d00 of size 67108864 next 464
2023-07-25 01:16:28.321194: I tensorflow/tsl/framework/bfc_allocator.cc:1090] InUse at 14e2b8be8d00 of size 67108864 next 87
2023-07-25 01:16:28.321198: I tensorflow/tsl/framework/bfc_allocator.cc:1090] InUse at 14e2bcbe8d00 of size 524288 next 465
2023-07-25 01:16:28.321202: I tensorflow/tsl/framework/bfc_allocator.cc:1090] InUse at 14e2bcc68d00 of size 65536 next 466
2023-07-25 01:16:28.321206: I tensorflow/tsl/framework/bfc_allocator.cc:1090] InUse at 14e2bcc78d00 of size 524288 next 467
2023-07-25 01:16:28.321211: I tensorflow/tsl/framework/bfc_allocator.cc:1090] InUse at 14e2bccf8d00 of size 67108864 next 468
2023-07-25 01:16:28.321215: I tensorflow/tsl/framework/bfc_allocator.cc:1090] InUse at 14e2c0cf8d00 of size 67108864 next 469
2023-07-25 01:16:28.321219: I tensorflow/tsl/framework/bfc_allocator.cc:1090] InUse at 14e2c4cf8d00 of size 16777216 next 470
2023-07-25 01:16:28.321223: I tensorflow/tsl/framework/bfc_allocator.cc:1090] InUse at 14e2c5cf8d00 of size 67108864 next 471
2023-07-25 01:16:28.321228: I tensorflow/tsl/framework/bfc_allocator.cc:1090] InUse at 14e2c9cf8d00 of size 67108864 next 472
2023-07-25 01:16:28.321232: I tensorflow/tsl/framework/bfc_allocator.cc:1090] InUse at 14e2cdcf8d00 of size 8192 next 473
2023-07-25 01:16:28.321236: I tensorflow/tsl/framework/bfc_allocator.cc:1090] InUse at 14e2cdcfad00 of size 8192 next 474
2023-07-25 01:16:28.321240: I tensorflow/tsl/framework/bfc_allocator.cc:1090] InUse at 14e2cdcfcd00 of size 8192 next 475
2023-07-25 01:16:28.321244: I tensorflow/tsl/framework/bfc_allocator.cc:1090] InUse at 14e2cdcfed00 of size 134217728 next 104
2023-07-25 01:16:28.321249: I tensorflow/tsl/framework/bfc_allocator.cc:1090] InUse at 14e2d5cfed00 of size 268435456 next 476
2023-07-25 01:16:28.321253: I tensorflow/tsl/framework/bfc_allocator.cc:1090] InUse at 14e2e5cfed00 of size 268435456 next 477
2023-07-25 01:16:28.321262: I tensorflow/tsl/framework/bfc_allocator.cc:1090] InUse at 14e2f5cfed00 of size 144249600 next 18446744073709551615
2023-07-25 01:16:28.321266: I tensorflow/tsl/framework/bfc_allocator.cc:1095]      Summary of in-use Chunks by size: 
2023-07-25 01:16:28.321272: I tensorflow/tsl/framework/bfc_allocator.cc:1098] 99 Chunks of size 256 totalling 24.8KiB
2023-07-25 01:16:28.321278: I tensorflow/tsl/framework/bfc_allocator.cc:1098] 48 Chunks of size 512 totalling 24.0KiB
2023-07-25 01:16:28.321283: I tensorflow/tsl/framework/bfc_allocator.cc:1098] 41 Chunks of size 1024 totalling 41.0KiB
2023-07-25 01:16:28.321288: I tensorflow/tsl/framework/bfc_allocator.cc:1098] 2 Chunks of size 1280 totalling 2.5KiB
2023-07-25 01:16:28.321293: I tensorflow/tsl/framework/bfc_allocator.cc:1098] 39 Chunks of size 2048 totalling 78.0KiB
2023-07-25 01:16:28.321298: I tensorflow/tsl/framework/bfc_allocator.cc:1098] 39 Chunks of size 4096 totalling 156.0KiB
2023-07-25 01:16:28.321303: I tensorflow/tsl/framework/bfc_allocator.cc:1098] 1 Chunks of size 6912 totalling 6.8KiB
2023-07-25 01:16:28.321308: I tensorflow/tsl/framework/bfc_allocator.cc:1098] 31 Chunks of size 8192 totalling 248.0KiB
2023-07-25 01:16:28.321313: I tensorflow/tsl/framework/bfc_allocator.cc:1098] 1 Chunks of size 8960 totalling 8.8KiB
2023-07-25 01:16:28.321317: I tensorflow/tsl/framework/bfc_allocator.cc:1098] 1 Chunks of size 16384 totalling 16.0KiB
2023-07-25 01:16:28.321322: I tensorflow/tsl/framework/bfc_allocator.cc:1098] 3 Chunks of size 32256 totalling 94.5KiB
2023-07-25 01:16:28.321327: I tensorflow/tsl/framework/bfc_allocator.cc:1098] 13 Chunks of size 32768 totalling 416.0KiB
2023-07-25 01:16:28.321333: I tensorflow/tsl/framework/bfc_allocator.cc:1098] 1 Chunks of size 46592 totalling 45.5KiB
2023-07-25 01:16:28.321337: I tensorflow/tsl/framework/bfc_allocator.cc:1098] 1 Chunks of size 50432 totalling 49.2KiB
2023-07-25 01:16:28.321342: I tensorflow/tsl/framework/bfc_allocator.cc:1098] 3 Chunks of size 65536 totalling 192.0KiB
2023-07-25 01:16:28.321347: I tensorflow/tsl/framework/bfc_allocator.cc:1098] 12 Chunks of size 131072 totalling 1.50MiB
2023-07-25 01:16:28.321353: I tensorflow/tsl/framework/bfc_allocator.cc:1098] 1 Chunks of size 163328 totalling 159.5KiB
2023-07-25 01:16:28.321357: I tensorflow/tsl/framework/bfc_allocator.cc:1098] 1 Chunks of size 183552 totalling 179.2KiB
2023-07-25 01:16:28.321362: I tensorflow/tsl/framework/bfc_allocator.cc:1098] 2 Chunks of size 262144 totalling 512.0KiB
2023-07-25 01:16:28.321367: I tensorflow/tsl/framework/bfc_allocator.cc:1098] 13 Chunks of size 524288 totalling 6.50MiB
2023-07-25 01:16:28.321372: I tensorflow/tsl/framework/bfc_allocator.cc:1098] 5 Chunks of size 589824 totalling 2.81MiB
2023-07-25 01:16:28.321376: I tensorflow/tsl/framework/bfc_allocator.cc:1098] 1 Chunks of size 655360 totalling 640.0KiB
2023-07-25 01:16:28.321382: I tensorflow/tsl/framework/bfc_allocator.cc:1098] 1 Chunks of size 1048576 totalling 1.00MiB
2023-07-25 01:16:28.321387: I tensorflow/tsl/framework/bfc_allocator.cc:1098] 8 Chunks of size 1179648 totalling 9.00MiB
2023-07-25 01:16:28.321392: I tensorflow/tsl/framework/bfc_allocator.cc:1098] 1 Chunks of size 1441792 totalling 1.38MiB
2023-07-25 01:16:28.321396: I tensorflow/tsl/framework/bfc_allocator.cc:1098] 6 Chunks of size 2097152 totalling 12.00MiB
2023-07-25 01:16:28.321401: I tensorflow/tsl/framework/bfc_allocator.cc:1098] 5 Chunks of size 2359296 totalling 11.25MiB
2023-07-25 01:16:28.321407: I tensorflow/tsl/framework/bfc_allocator.cc:1098] 1 Chunks of size 3538944 totalling 3.38MiB
2023-07-25 01:16:28.321411: I tensorflow/tsl/framework/bfc_allocator.cc:1098] 8 Chunks of size 4718592 totalling 36.00MiB
2023-07-25 01:16:28.321416: I tensorflow/tsl/framework/bfc_allocator.cc:1098] 1 Chunks of size 7077888 totalling 6.75MiB
2023-07-25 01:16:28.321421: I tensorflow/tsl/framework/bfc_allocator.cc:1098] 2 Chunks of size 8388608 totalling 16.00MiB
2023-07-25 01:16:28.321426: I tensorflow/tsl/framework/bfc_allocator.cc:1098] 6 Chunks of size 9437184 totalling 54.00MiB
2023-07-25 01:16:28.321431: I tensorflow/tsl/framework/bfc_allocator.cc:1098] 1 Chunks of size 16777216 totalling 16.00MiB
2023-07-25 01:16:28.321436: I tensorflow/tsl/framework/bfc_allocator.cc:1098] 8 Chunks of size 18874368 totalling 144.00MiB
2023-07-25 01:16:28.321441: I tensorflow/tsl/framework/bfc_allocator.cc:1098] 1 Chunks of size 33013760 totalling 31.48MiB
2023-07-25 01:16:28.321446: I tensorflow/tsl/framework/bfc_allocator.cc:1098] 3 Chunks of size 33554432 totalling 96.00MiB
2023-07-25 01:16:28.321451: I tensorflow/tsl/framework/bfc_allocator.cc:1098] 5 Chunks of size 37748736 totalling 180.00MiB
2023-07-25 01:16:28.321456: I tensorflow/tsl/framework/bfc_allocator.cc:1098] 2 Chunks of size 58720256 totalling 112.00MiB
2023-07-25 01:16:28.321461: I tensorflow/tsl/framework/bfc_allocator.cc:1098] 1 Chunks of size 62763008 totalling 59.86MiB
2023-07-25 01:16:28.321466: I tensorflow/tsl/framework/bfc_allocator.cc:1098] 9 Chunks of size 67108864 totalling 576.00MiB
2023-07-25 01:16:28.321471: I tensorflow/tsl/framework/bfc_allocator.cc:1098] 9 Chunks of size 75497472 totalling 648.00MiB
2023-07-25 01:16:28.321476: I tensorflow/tsl/framework/bfc_allocator.cc:1098] 9 Chunks of size 134217728 totalling 1.12GiB
2023-07-25 01:16:28.321481: I tensorflow/tsl/framework/bfc_allocator.cc:1098] 1 Chunks of size 144249600 totalling 137.57MiB
2023-07-25 01:16:28.321486: I tensorflow/tsl/framework/bfc_allocator.cc:1098] 3 Chunks of size 150994944 totalling 432.00MiB
2023-07-25 01:16:28.321490: I tensorflow/tsl/framework/bfc_allocator.cc:1098] 10 Chunks of size 268435456 totalling 2.50GiB
2023-07-25 01:16:28.321496: I tensorflow/tsl/framework/bfc_allocator.cc:1098] 5 Chunks of size 536870912 totalling 2.50GiB
2023-07-25 01:16:28.321501: I tensorflow/tsl/framework/bfc_allocator.cc:1098] 5 Chunks of size 1073741824 totalling 5.00GiB
2023-07-25 01:16:28.321505: I tensorflow/tsl/framework/bfc_allocator.cc:1098] 2 Chunks of size 2826174464 totalling 5.26GiB
2023-07-25 01:16:28.321510: I tensorflow/tsl/framework/bfc_allocator.cc:1098] 1 Chunks of size 19783221248 totalling 18.42GiB
2023-07-25 01:16:28.321515: I tensorflow/tsl/framework/bfc_allocator.cc:1102] Sum Total of in-use chunks: 37.35GiB
2023-07-25 01:16:28.321521: I tensorflow/tsl/framework/bfc_allocator.cc:1104] total_region_allocated_bytes_: 40104427520 memory_limit_: 40104427520 available bytes: 0 curr_region_allocation_bytes_: 80208855040
2023-07-25 01:16:28.321530: I tensorflow/tsl/framework/bfc_allocator.cc:1110] Stats: 
Limit:                     40104427520
InUse:                     40104409600
MaxInUse:                  40104409600
NumAllocs:                         988
MaxAllocSize:              19783221248
Reserved:                            0
PeakReserved:                        0
LargestFreeBlock:                    0

2023-07-25 01:16:28.321544: W tensorflow/tsl/framework/bfc_allocator.cc:492] ****************************************************************************************************
2023-07-25 01:16:28.321572: W tensorflow/core/framework/op_kernel.cc:1830] OP_REQUIRES failed at conv_ops.cc:1107 : RESOURCE_EXHAUSTED: OOM when allocating tensor with shape[64,1024,16,32] and type float on /job:localhost/replica:0/task:0/device:GPU:0 by allocator GPU_0_bfc
Traceback (most recent call last):
  File "/p/project/deepacf/kiste/patakchiyousefi1/CODES/CODES-MS2/PLAYGROUND/ATMOSCORRECT/DL_TRAIN-HPT.py", line 98, in <module>
    results = model.fit(train_x, train_y, validation_data=(val_x, val_y, val_m),
  File "/p/software/juwelsbooster/stages/2023/software/TensorFlow/2.11.0-gcccoremkl-11.3.0-2022.1.0-CUDA-11.7/lib/python3.10/site-packages/keras/utils/traceback_utils.py", line 70, in error_handler
    raise e.with_traceback(filtered_tb) from None
  File "/p/software/juwelsbooster/stages/2023/software/TensorFlow/2.11.0-gcccoremkl-11.3.0-2022.1.0-CUDA-11.7/lib/python3.10/site-packages/tensorflow/python/eager/execute.py", line 52, in quick_execute
    tensors = pywrap_tfe.TFE_Py_Execute(ctx._handle, device_name, op_name,
tensorflow.python.framework.errors_impl.ResourceExhaustedError: Graph execution error:

Detected at node 'model/conv2d_20/Conv2D' defined at (most recent call last):
    File "/p/project/deepacf/kiste/patakchiyousefi1/CODES/CODES-MS2/PLAYGROUND/ATMOSCORRECT/DL_TRAIN-HPT.py", line 98, in <module>
      results = model.fit(train_x, train_y, validation_data=(val_x, val_y, val_m),
    File "/p/software/juwelsbooster/stages/2023/software/TensorFlow/2.11.0-gcccoremkl-11.3.0-2022.1.0-CUDA-11.7/lib/python3.10/site-packages/keras/utils/traceback_utils.py", line 65, in error_handler
      return fn(*args, **kwargs)
    File "/p/software/juwelsbooster/stages/2023/software/TensorFlow/2.11.0-gcccoremkl-11.3.0-2022.1.0-CUDA-11.7/lib/python3.10/site-packages/keras/engine/training.py", line 1650, in fit
      tmp_logs = self.train_function(iterator)
    File "/p/software/juwelsbooster/stages/2023/software/TensorFlow/2.11.0-gcccoremkl-11.3.0-2022.1.0-CUDA-11.7/lib/python3.10/site-packages/keras/engine/training.py", line 1249, in train_function
      return step_function(self, iterator)
    File "/p/software/juwelsbooster/stages/2023/software/TensorFlow/2.11.0-gcccoremkl-11.3.0-2022.1.0-CUDA-11.7/lib/python3.10/site-packages/keras/engine/training.py", line 1233, in step_function
      outputs = model.distribute_strategy.run(run_step, args=(data,))
    File "/p/software/juwelsbooster/stages/2023/software/TensorFlow/2.11.0-gcccoremkl-11.3.0-2022.1.0-CUDA-11.7/lib/python3.10/site-packages/keras/engine/training.py", line 1222, in run_step
      outputs = model.train_step(data)
    File "/p/software/juwelsbooster/stages/2023/software/TensorFlow/2.11.0-gcccoremkl-11.3.0-2022.1.0-CUDA-11.7/lib/python3.10/site-packages/keras/engine/training.py", line 1023, in train_step
      y_pred = self(x, training=True)
    File "/p/software/juwelsbooster/stages/2023/software/TensorFlow/2.11.0-gcccoremkl-11.3.0-2022.1.0-CUDA-11.7/lib/python3.10/site-packages/keras/utils/traceback_utils.py", line 65, in error_handler
      return fn(*args, **kwargs)
    File "/p/software/juwelsbooster/stages/2023/software/TensorFlow/2.11.0-gcccoremkl-11.3.0-2022.1.0-CUDA-11.7/lib/python3.10/site-packages/keras/engine/training.py", line 561, in __call__
      return super().__call__(*args, **kwargs)
    File "/p/software/juwelsbooster/stages/2023/software/TensorFlow/2.11.0-gcccoremkl-11.3.0-2022.1.0-CUDA-11.7/lib/python3.10/site-packages/keras/utils/traceback_utils.py", line 65, in error_handler
      return fn(*args, **kwargs)
    File "/p/software/juwelsbooster/stages/2023/software/TensorFlow/2.11.0-gcccoremkl-11.3.0-2022.1.0-CUDA-11.7/lib/python3.10/site-packages/keras/engine/base_layer.py", line 1132, in __call__
      outputs = call_fn(inputs, *args, **kwargs)
    File "/p/software/juwelsbooster/stages/2023/software/TensorFlow/2.11.0-gcccoremkl-11.3.0-2022.1.0-CUDA-11.7/lib/python3.10/site-packages/keras/utils/traceback_utils.py", line 96, in error_handler
      return fn(*args, **kwargs)
    File "/p/software/juwelsbooster/stages/2023/software/TensorFlow/2.11.0-gcccoremkl-11.3.0-2022.1.0-CUDA-11.7/lib/python3.10/site-packages/keras/engine/functional.py", line 511, in call
      return self._run_internal_graph(inputs, training=training, mask=mask)
    File "/p/software/juwelsbooster/stages/2023/software/TensorFlow/2.11.0-gcccoremkl-11.3.0-2022.1.0-CUDA-11.7/lib/python3.10/site-packages/keras/engine/functional.py", line 668, in _run_internal_graph
      outputs = node.layer(*args, **kwargs)
    File "/p/software/juwelsbooster/stages/2023/software/TensorFlow/2.11.0-gcccoremkl-11.3.0-2022.1.0-CUDA-11.7/lib/python3.10/site-packages/keras/utils/traceback_utils.py", line 65, in error_handler
      return fn(*args, **kwargs)
    File "/p/software/juwelsbooster/stages/2023/software/TensorFlow/2.11.0-gcccoremkl-11.3.0-2022.1.0-CUDA-11.7/lib/python3.10/site-packages/keras/engine/base_layer.py", line 1132, in __call__
      outputs = call_fn(inputs, *args, **kwargs)
    File "/p/software/juwelsbooster/stages/2023/software/TensorFlow/2.11.0-gcccoremkl-11.3.0-2022.1.0-CUDA-11.7/lib/python3.10/site-packages/keras/utils/traceback_utils.py", line 96, in error_handler
      return fn(*args, **kwargs)
    File "/p/software/juwelsbooster/stages/2023/software/TensorFlow/2.11.0-gcccoremkl-11.3.0-2022.1.0-CUDA-11.7/lib/python3.10/site-packages/keras/layers/convolutional/base_conv.py", line 283, in call
      outputs = self.convolution_op(inputs, self.kernel)
    File "/p/software/juwelsbooster/stages/2023/software/TensorFlow/2.11.0-gcccoremkl-11.3.0-2022.1.0-CUDA-11.7/lib/python3.10/site-packages/keras/layers/convolutional/base_conv.py", line 255, in convolution_op
      return tf.nn.convolution(
Node: 'model/conv2d_20/Conv2D'
Detected at node 'model/conv2d_20/Conv2D' defined at (most recent call last):
    File "/p/project/deepacf/kiste/patakchiyousefi1/CODES/CODES-MS2/PLAYGROUND/ATMOSCORRECT/DL_TRAIN-HPT.py", line 98, in <module>
      results = model.fit(train_x, train_y, validation_data=(val_x, val_y, val_m),
    File "/p/software/juwelsbooster/stages/2023/software/TensorFlow/2.11.0-gcccoremkl-11.3.0-2022.1.0-CUDA-11.7/lib/python3.10/site-packages/keras/utils/traceback_utils.py", line 65, in error_handler
      return fn(*args, **kwargs)
    File "/p/software/juwelsbooster/stages/2023/software/TensorFlow/2.11.0-gcccoremkl-11.3.0-2022.1.0-CUDA-11.7/lib/python3.10/site-packages/keras/engine/training.py", line 1650, in fit
      tmp_logs = self.train_function(iterator)
    File "/p/software/juwelsbooster/stages/2023/software/TensorFlow/2.11.0-gcccoremkl-11.3.0-2022.1.0-CUDA-11.7/lib/python3.10/site-packages/keras/engine/training.py", line 1249, in train_function
      return step_function(self, iterator)
    File "/p/software/juwelsbooster/stages/2023/software/TensorFlow/2.11.0-gcccoremkl-11.3.0-2022.1.0-CUDA-11.7/lib/python3.10/site-packages/keras/engine/training.py", line 1233, in step_function
      outputs = model.distribute_strategy.run(run_step, args=(data,))
    File "/p/software/juwelsbooster/stages/2023/software/TensorFlow/2.11.0-gcccoremkl-11.3.0-2022.1.0-CUDA-11.7/lib/python3.10/site-packages/keras/engine/training.py", line 1222, in run_step
      outputs = model.train_step(data)
    File "/p/software/juwelsbooster/stages/2023/software/TensorFlow/2.11.0-gcccoremkl-11.3.0-2022.1.0-CUDA-11.7/lib/python3.10/site-packages/keras/engine/training.py", line 1023, in train_step
      y_pred = self(x, training=True)
    File "/p/software/juwelsbooster/stages/2023/software/TensorFlow/2.11.0-gcccoremkl-11.3.0-2022.1.0-CUDA-11.7/lib/python3.10/site-packages/keras/utils/traceback_utils.py", line 65, in error_handler
      return fn(*args, **kwargs)
    File "/p/software/juwelsbooster/stages/2023/software/TensorFlow/2.11.0-gcccoremkl-11.3.0-2022.1.0-CUDA-11.7/lib/python3.10/site-packages/keras/engine/training.py", line 561, in __call__
      return super().__call__(*args, **kwargs)
    File "/p/software/juwelsbooster/stages/2023/software/TensorFlow/2.11.0-gcccoremkl-11.3.0-2022.1.0-CUDA-11.7/lib/python3.10/site-packages/keras/utils/traceback_utils.py", line 65, in error_handler
      return fn(*args, **kwargs)
    File "/p/software/juwelsbooster/stages/2023/software/TensorFlow/2.11.0-gcccoremkl-11.3.0-2022.1.0-CUDA-11.7/lib/python3.10/site-packages/keras/engine/base_layer.py", line 1132, in __call__
      outputs = call_fn(inputs, *args, **kwargs)
    File "/p/software/juwelsbooster/stages/2023/software/TensorFlow/2.11.0-gcccoremkl-11.3.0-2022.1.0-CUDA-11.7/lib/python3.10/site-packages/keras/utils/traceback_utils.py", line 96, in error_handler
      return fn(*args, **kwargs)
    File "/p/software/juwelsbooster/stages/2023/software/TensorFlow/2.11.0-gcccoremkl-11.3.0-2022.1.0-CUDA-11.7/lib/python3.10/site-packages/keras/engine/functional.py", line 511, in call
      return self._run_internal_graph(inputs, training=training, mask=mask)
    File "/p/software/juwelsbooster/stages/2023/software/TensorFlow/2.11.0-gcccoremkl-11.3.0-2022.1.0-CUDA-11.7/lib/python3.10/site-packages/keras/engine/functional.py", line 668, in _run_internal_graph
      outputs = node.layer(*args, **kwargs)
    File "/p/software/juwelsbooster/stages/2023/software/TensorFlow/2.11.0-gcccoremkl-11.3.0-2022.1.0-CUDA-11.7/lib/python3.10/site-packages/keras/utils/traceback_utils.py", line 65, in error_handler
      return fn(*args, **kwargs)
    File "/p/software/juwelsbooster/stages/2023/software/TensorFlow/2.11.0-gcccoremkl-11.3.0-2022.1.0-CUDA-11.7/lib/python3.10/site-packages/keras/engine/base_layer.py", line 1132, in __call__
      outputs = call_fn(inputs, *args, **kwargs)
    File "/p/software/juwelsbooster/stages/2023/software/TensorFlow/2.11.0-gcccoremkl-11.3.0-2022.1.0-CUDA-11.7/lib/python3.10/site-packages/keras/utils/traceback_utils.py", line 96, in error_handler
      return fn(*args, **kwargs)
    File "/p/software/juwelsbooster/stages/2023/software/TensorFlow/2.11.0-gcccoremkl-11.3.0-2022.1.0-CUDA-11.7/lib/python3.10/site-packages/keras/layers/convolutional/base_conv.py", line 283, in call
      outputs = self.convolution_op(inputs, self.kernel)
    File "/p/software/juwelsbooster/stages/2023/software/TensorFlow/2.11.0-gcccoremkl-11.3.0-2022.1.0-CUDA-11.7/lib/python3.10/site-packages/keras/layers/convolutional/base_conv.py", line 255, in convolution_op
      return tf.nn.convolution(
Node: 'model/conv2d_20/Conv2D'
2 root error(s) found.
  (0) RESOURCE_EXHAUSTED:  OOM when allocating tensor with shape[64,1024,16,32] and type float on /job:localhost/replica:0/task:0/device:GPU:0 by allocator GPU_0_bfc
	 [[{{node model/conv2d_20/Conv2D}}]]
Hint: If you want to see a list of allocated tensors when OOM happens, add report_tensor_allocations_upon_oom to RunOptions for current allocation info. This isn't available when running in Eager mode.

	 [[broadcast_weights_1/assert_broadcastable/is_valid_shape/else/_1/broadcast_weights_1/assert_broadcastable/is_valid_shape/has_valid_nonscalar_shape/then/_53/broadcast_weights_1/assert_broadcastable/is_valid_shape/has_valid_nonscalar_shape/has_invalid_dims/concat/_74]]
Hint: If you want to see a list of allocated tensors when OOM happens, add report_tensor_allocations_upon_oom to RunOptions for current allocation info. This isn't available when running in Eager mode.

  (1) RESOURCE_EXHAUSTED:  OOM when allocating tensor with shape[64,1024,16,32] and type float on /job:localhost/replica:0/task:0/device:GPU:0 by allocator GPU_0_bfc
	 [[{{node model/conv2d_20/Conv2D}}]]
Hint: If you want to see a list of allocated tensors when OOM happens, add report_tensor_allocations_upon_oom to RunOptions for current allocation info. This isn't available when running in Eager mode.

0 successful operations.
0 derived errors ignored. [Op:__inference_train_function_98808]
