train_data_hourly_pr_['HRES']_['HSAF']_MM_6__spatiotemporal_128.256_2020-07-01T13_2023-03-26T23_no_na
Data is available already
Loading training data...
mse_16_0.001_1e-09_0.1_2_1_8_0.5_64
Training the model...
Epoch 1/64

Epoch 1: val_loss improved from inf to 0.10377, saving model to /p/scratch/deepacf/kiste/patakchiyousefi1//HPT/mse_16_0.001_1e-09_0.1_2_1_8_0.5_64.h5
11982/11982 - 151s - loss: 0.0942 - mse: 215287.8750 - val_loss: 0.1038 - val_mse: 231642.2344 - lr: 0.0010 - 151s/epoch - 13ms/step
Epoch 2/64

Epoch 2: val_loss improved from 0.10377 to 0.09609, saving model to /p/scratch/deepacf/kiste/patakchiyousefi1//HPT/mse_16_0.001_1e-09_0.1_2_1_8_0.5_64.h5
11982/11982 - 133s - loss: 0.0896 - mse: 215286.9688 - val_loss: 0.0961 - val_mse: 231626.5312 - lr: 0.0010 - 133s/epoch - 11ms/step
Epoch 3/64

Epoch 3: val_loss improved from 0.09609 to 0.09469, saving model to /p/scratch/deepacf/kiste/patakchiyousefi1//HPT/mse_16_0.001_1e-09_0.1_2_1_8_0.5_64.h5
11982/11982 - 127s - loss: 0.0869 - mse: 215285.4688 - val_loss: 0.0947 - val_mse: 231618.0781 - lr: 0.0010 - 127s/epoch - 11ms/step
Epoch 4/64

Epoch 4: val_loss did not improve from 0.09469
11982/11982 - 128s - loss: 0.0852 - mse: 215285.0625 - val_loss: 0.0949 - val_mse: 231616.6875 - lr: 0.0010 - 128s/epoch - 11ms/step
Epoch 5/64

Epoch 5: val_loss improved from 0.09469 to 0.09424, saving model to /p/scratch/deepacf/kiste/patakchiyousefi1//HPT/mse_16_0.001_1e-09_0.1_2_1_8_0.5_64.h5
11982/11982 - 130s - loss: 0.0841 - mse: 215284.7656 - val_loss: 0.0942 - val_mse: 231607.5312 - lr: 0.0010 - 130s/epoch - 11ms/step
Epoch 6/64

Epoch 6: val_loss did not improve from 0.09424
11982/11982 - 136s - loss: 0.0832 - mse: 215284.5625 - val_loss: 0.0950 - val_mse: 231616.6250 - lr: 0.0010 - 136s/epoch - 11ms/step
Epoch 7/64

Epoch 7: val_loss improved from 0.09424 to 0.09378, saving model to /p/scratch/deepacf/kiste/patakchiyousefi1//HPT/mse_16_0.001_1e-09_0.1_2_1_8_0.5_64.h5
11982/11982 - 141s - loss: 0.0823 - mse: 215284.3594 - val_loss: 0.0938 - val_mse: 231615.9219 - lr: 0.0010 - 141s/epoch - 12ms/step
Epoch 8/64

Epoch 8: val_loss improved from 0.09378 to 0.09341, saving model to /p/scratch/deepacf/kiste/patakchiyousefi1//HPT/mse_16_0.001_1e-09_0.1_2_1_8_0.5_64.h5
11982/11982 - 138s - loss: 0.0815 - mse: 215284.4844 - val_loss: 0.0934 - val_mse: 231605.2344 - lr: 0.0010 - 138s/epoch - 11ms/step
Epoch 9/64

Epoch 9: val_loss did not improve from 0.09341
11982/11982 - 140s - loss: 0.0808 - mse: 215284.0312 - val_loss: 0.0950 - val_mse: 231613.4375 - lr: 0.0010 - 140s/epoch - 12ms/step
Epoch 10/64

Epoch 10: val_loss did not improve from 0.09341
11982/11982 - 137s - loss: 0.0802 - mse: 215284.0000 - val_loss: 0.0947 - val_mse: 231621.6250 - lr: 0.0010 - 137s/epoch - 11ms/step
Epoch 11/64

Epoch 11: val_loss did not improve from 0.09341
11982/11982 - 137s - loss: 0.0762 - mse: 215284.8750 - val_loss: 0.0942 - val_mse: 231606.8281 - lr: 1.0000e-04 - 137s/epoch - 11ms/step
Epoch 12/64

Epoch 12: val_loss did not improve from 0.09341
11982/11982 - 138s - loss: 0.0752 - mse: 215284.2656 - val_loss: 0.0940 - val_mse: 231609.8281 - lr: 1.0000e-04 - 138s/epoch - 12ms/step
Epoch 13/64

Epoch 13: val_loss improved from 0.09341 to 0.09337, saving model to /p/scratch/deepacf/kiste/patakchiyousefi1//HPT/mse_16_0.001_1e-09_0.1_2_1_8_0.5_64.h5
11982/11982 - 138s - loss: 0.0742 - mse: 215284.2969 - val_loss: 0.0934 - val_mse: 231610.4844 - lr: 1.0000e-05 - 138s/epoch - 11ms/step
Epoch 14/64

Epoch 14: val_loss did not improve from 0.09337
11982/11982 - 137s - loss: 0.0741 - mse: 215284.1406 - val_loss: 0.0944 - val_mse: 231613.1094 - lr: 1.0000e-05 - 137s/epoch - 11ms/step
Epoch 15/64

Epoch 15: val_loss did not improve from 0.09337
11982/11982 - 137s - loss: 0.0739 - mse: 215284.4062 - val_loss: 0.0942 - val_mse: 231611.4688 - lr: 1.0000e-06 - 137s/epoch - 11ms/step
Epoch 16/64

Epoch 16: val_loss did not improve from 0.09337
11982/11982 - 137s - loss: 0.0739 - mse: 215284.0625 - val_loss: 0.0942 - val_mse: 231612.3438 - lr: 1.0000e-06 - 137s/epoch - 11ms/step
Epoch 17/64

Epoch 17: val_loss did not improve from 0.09337
11982/11982 - 136s - loss: 0.0739 - mse: 215284.7969 - val_loss: 0.0942 - val_mse: 231612.3281 - lr: 1.0000e-07 - 136s/epoch - 11ms/step
Epoch 18/64

Epoch 18: val_loss did not improve from 0.09337
11982/11982 - 136s - loss: 0.0739 - mse: 215284.4062 - val_loss: 0.0940 - val_mse: 231612.5000 - lr: 1.0000e-07 - 136s/epoch - 11ms/step
Epoch 19/64

Epoch 19: val_loss did not improve from 0.09337
11982/11982 - 135s - loss: 0.0739 - mse: 215284.0000 - val_loss: 0.0948 - val_mse: 231613.4375 - lr: 1.0000e-08 - 135s/epoch - 11ms/step
Epoch 20/64

Epoch 20: val_loss did not improve from 0.09337
11982/11982 - 135s - loss: 0.0739 - mse: 215284.0625 - val_loss: 0.0947 - val_mse: 231611.7188 - lr: 1.0000e-08 - 135s/epoch - 11ms/step
Epoch 21/64

Epoch 21: val_loss did not improve from 0.09337
11982/11982 - 135s - loss: 0.0739 - mse: 215284.0156 - val_loss: 0.0938 - val_mse: 231611.5625 - lr: 1.0000e-09 - 135s/epoch - 11ms/step
Saving and plotting the results...
