train_data_hourly_pr_['HRES']_['HSAF']_MM_6__spatiotemporal_128.256_2020-07-01T13_2023-03-26T23_no_na
Data is available already
Loading training data...
mse_16_0.0001_None_0.1_2_4_8_0.5_64
Training the model...
Epoch 1/64

Epoch 1: val_loss improved from inf to 0.16954, saving model to /p/scratch/deepacf/kiste/patakchiyousefi1//HPT/mse_16_0.0001_None_0.1_2_4_8_0.5_64.h5
2996/2996 - 62s - loss: 0.0990 - val_loss: 0.1695 - lr: 1.0000e-04 - 62s/epoch - 21ms/step
Epoch 2/64

Epoch 2: val_loss improved from 0.16954 to 0.14665, saving model to /p/scratch/deepacf/kiste/patakchiyousefi1//HPT/mse_16_0.0001_None_0.1_2_4_8_0.5_64.h5
2996/2996 - 43s - loss: 0.0920 - val_loss: 0.1467 - lr: 1.0000e-04 - 43s/epoch - 14ms/step
Epoch 3/64

Epoch 3: val_loss improved from 0.14665 to 0.13655, saving model to /p/scratch/deepacf/kiste/patakchiyousefi1//HPT/mse_16_0.0001_None_0.1_2_4_8_0.5_64.h5
2996/2996 - 42s - loss: 0.0902 - val_loss: 0.1366 - lr: 1.0000e-04 - 42s/epoch - 14ms/step
Epoch 4/64

Epoch 4: val_loss improved from 0.13655 to 0.13181, saving model to /p/scratch/deepacf/kiste/patakchiyousefi1//HPT/mse_16_0.0001_None_0.1_2_4_8_0.5_64.h5
2996/2996 - 43s - loss: 0.0886 - val_loss: 0.1318 - lr: 1.0000e-04 - 43s/epoch - 14ms/step
Epoch 5/64

Epoch 5: val_loss improved from 0.13181 to 0.11991, saving model to /p/scratch/deepacf/kiste/patakchiyousefi1//HPT/mse_16_0.0001_None_0.1_2_4_8_0.5_64.h5
2996/2996 - 41s - loss: 0.0870 - val_loss: 0.1199 - lr: 1.0000e-04 - 41s/epoch - 14ms/step
Epoch 6/64

Epoch 6: val_loss improved from 0.11991 to 0.11458, saving model to /p/scratch/deepacf/kiste/patakchiyousefi1//HPT/mse_16_0.0001_None_0.1_2_4_8_0.5_64.h5
2996/2996 - 41s - loss: 0.0857 - val_loss: 0.1146 - lr: 1.0000e-04 - 41s/epoch - 14ms/step
Epoch 7/64

Epoch 7: val_loss improved from 0.11458 to 0.10955, saving model to /p/scratch/deepacf/kiste/patakchiyousefi1//HPT/mse_16_0.0001_None_0.1_2_4_8_0.5_64.h5
2996/2996 - 40s - loss: 0.0844 - val_loss: 0.1095 - lr: 1.0000e-04 - 40s/epoch - 13ms/step
Epoch 8/64

Epoch 8: val_loss improved from 0.10955 to 0.10584, saving model to /p/scratch/deepacf/kiste/patakchiyousefi1//HPT/mse_16_0.0001_None_0.1_2_4_8_0.5_64.h5
2996/2996 - 41s - loss: 0.0834 - val_loss: 0.1058 - lr: 1.0000e-04 - 41s/epoch - 14ms/step
Epoch 9/64

Epoch 9: val_loss improved from 0.10584 to 0.10398, saving model to /p/scratch/deepacf/kiste/patakchiyousefi1//HPT/mse_16_0.0001_None_0.1_2_4_8_0.5_64.h5
2996/2996 - 41s - loss: 0.0826 - val_loss: 0.1040 - lr: 1.0000e-04 - 41s/epoch - 14ms/step
Epoch 10/64

Epoch 10: val_loss improved from 0.10398 to 0.10277, saving model to /p/scratch/deepacf/kiste/patakchiyousefi1//HPT/mse_16_0.0001_None_0.1_2_4_8_0.5_64.h5
2996/2996 - 41s - loss: 0.0820 - val_loss: 0.1028 - lr: 1.0000e-04 - 41s/epoch - 14ms/step
Epoch 11/64

Epoch 11: val_loss did not improve from 0.10277
2996/2996 - 41s - loss: 0.0813 - val_loss: 0.1029 - lr: 1.0000e-04 - 41s/epoch - 14ms/step
Epoch 12/64

Epoch 12: val_loss improved from 0.10277 to 0.10233, saving model to /p/scratch/deepacf/kiste/patakchiyousefi1//HPT/mse_16_0.0001_None_0.1_2_4_8_0.5_64.h5
2996/2996 - 41s - loss: 0.0804 - val_loss: 0.1023 - lr: 1.0000e-04 - 41s/epoch - 14ms/step
Epoch 13/64

Epoch 13: val_loss did not improve from 0.10233
2996/2996 - 40s - loss: 0.0796 - val_loss: 0.1024 - lr: 1.0000e-04 - 40s/epoch - 13ms/step
Epoch 14/64

Epoch 14: val_loss improved from 0.10233 to 0.10228, saving model to /p/scratch/deepacf/kiste/patakchiyousefi1//HPT/mse_16_0.0001_None_0.1_2_4_8_0.5_64.h5
2996/2996 - 41s - loss: 0.0800 - val_loss: 0.1023 - lr: 1.0000e-04 - 41s/epoch - 14ms/step
Epoch 15/64

Epoch 15: val_loss improved from 0.10228 to 0.10116, saving model to /p/scratch/deepacf/kiste/patakchiyousefi1//HPT/mse_16_0.0001_None_0.1_2_4_8_0.5_64.h5
2996/2996 - 39s - loss: 0.0790 - val_loss: 0.1012 - lr: 1.0000e-04 - 39s/epoch - 13ms/step
Epoch 16/64

Epoch 16: val_loss improved from 0.10116 to 0.10106, saving model to /p/scratch/deepacf/kiste/patakchiyousefi1//HPT/mse_16_0.0001_None_0.1_2_4_8_0.5_64.h5
2996/2996 - 40s - loss: 0.0784 - val_loss: 0.1011 - lr: 1.0000e-04 - 40s/epoch - 13ms/step
Epoch 17/64

Epoch 17: val_loss improved from 0.10106 to 0.10030, saving model to /p/scratch/deepacf/kiste/patakchiyousefi1//HPT/mse_16_0.0001_None_0.1_2_4_8_0.5_64.h5
2996/2996 - 40s - loss: 0.0775 - val_loss: 0.1003 - lr: 1.0000e-04 - 40s/epoch - 13ms/step
Epoch 18/64

Epoch 18: val_loss improved from 0.10030 to 0.10026, saving model to /p/scratch/deepacf/kiste/patakchiyousefi1//HPT/mse_16_0.0001_None_0.1_2_4_8_0.5_64.h5
2996/2996 - 39s - loss: 0.0769 - val_loss: 0.1003 - lr: 1.0000e-04 - 39s/epoch - 13ms/step
Epoch 19/64

Epoch 19: val_loss improved from 0.10026 to 0.09949, saving model to /p/scratch/deepacf/kiste/patakchiyousefi1//HPT/mse_16_0.0001_None_0.1_2_4_8_0.5_64.h5
2996/2996 - 40s - loss: 0.0764 - val_loss: 0.0995 - lr: 1.0000e-04 - 40s/epoch - 13ms/step
Epoch 20/64

Epoch 20: val_loss improved from 0.09949 to 0.09940, saving model to /p/scratch/deepacf/kiste/patakchiyousefi1//HPT/mse_16_0.0001_None_0.1_2_4_8_0.5_64.h5
2996/2996 - 40s - loss: 0.0765 - val_loss: 0.0994 - lr: 1.0000e-04 - 40s/epoch - 13ms/step
Epoch 21/64

Epoch 21: val_loss improved from 0.09940 to 0.09892, saving model to /p/scratch/deepacf/kiste/patakchiyousefi1//HPT/mse_16_0.0001_None_0.1_2_4_8_0.5_64.h5
2996/2996 - 40s - loss: 0.0745 - val_loss: 0.0989 - lr: 1.0000e-04 - 40s/epoch - 13ms/step
Epoch 22/64

Epoch 22: val_loss did not improve from 0.09892
2996/2996 - 41s - loss: 0.0743 - val_loss: 0.0995 - lr: 1.0000e-04 - 41s/epoch - 14ms/step
Epoch 23/64

Epoch 23: val_loss improved from 0.09892 to 0.09866, saving model to /p/scratch/deepacf/kiste/patakchiyousefi1//HPT/mse_16_0.0001_None_0.1_2_4_8_0.5_64.h5
2996/2996 - 41s - loss: 0.0740 - val_loss: 0.0987 - lr: 1.0000e-04 - 41s/epoch - 14ms/step
Epoch 24/64

Epoch 24: val_loss did not improve from 0.09866
2996/2996 - 43s - loss: 0.0730 - val_loss: 0.0988 - lr: 1.0000e-04 - 43s/epoch - 14ms/step
Epoch 25/64

Epoch 25: val_loss improved from 0.09866 to 0.09864, saving model to /p/scratch/deepacf/kiste/patakchiyousefi1//HPT/mse_16_0.0001_None_0.1_2_4_8_0.5_64.h5
2996/2996 - 41s - loss: 0.0722 - val_loss: 0.0986 - lr: 1.0000e-04 - 41s/epoch - 14ms/step
Epoch 26/64

Epoch 26: val_loss improved from 0.09864 to 0.09837, saving model to /p/scratch/deepacf/kiste/patakchiyousefi1//HPT/mse_16_0.0001_None_0.1_2_4_8_0.5_64.h5
2996/2996 - 43s - loss: 0.0712 - val_loss: 0.0984 - lr: 1.0000e-04 - 43s/epoch - 14ms/step
Epoch 27/64

Epoch 27: val_loss improved from 0.09837 to 0.09832, saving model to /p/scratch/deepacf/kiste/patakchiyousefi1//HPT/mse_16_0.0001_None_0.1_2_4_8_0.5_64.h5
2996/2996 - 41s - loss: 0.0703 - val_loss: 0.0983 - lr: 1.0000e-04 - 41s/epoch - 14ms/step
Epoch 28/64

Epoch 28: val_loss did not improve from 0.09832
2996/2996 - 40s - loss: 0.0696 - val_loss: 0.0985 - lr: 1.0000e-04 - 40s/epoch - 13ms/step
Epoch 29/64

Epoch 29: val_loss improved from 0.09832 to 0.09816, saving model to /p/scratch/deepacf/kiste/patakchiyousefi1//HPT/mse_16_0.0001_None_0.1_2_4_8_0.5_64.h5
2996/2996 - 40s - loss: 0.0691 - val_loss: 0.0982 - lr: 1.0000e-04 - 40s/epoch - 13ms/step
Epoch 30/64

Epoch 30: val_loss did not improve from 0.09816
2996/2996 - 40s - loss: 0.0691 - val_loss: 0.0982 - lr: 1.0000e-04 - 40s/epoch - 13ms/step
Epoch 31/64

Epoch 31: val_loss did not improve from 0.09816
2996/2996 - 40s - loss: 0.0684 - val_loss: 0.0984 - lr: 1.0000e-04 - 40s/epoch - 13ms/step
Epoch 32/64

Epoch 32: val_loss did not improve from 0.09816
2996/2996 - 40s - loss: 0.0672 - val_loss: 0.0986 - lr: 1.0000e-04 - 40s/epoch - 13ms/step
Epoch 33/64

Epoch 33: val_loss did not improve from 0.09816
2996/2996 - 40s - loss: 0.0668 - val_loss: 0.0985 - lr: 1.0000e-04 - 40s/epoch - 13ms/step
Epoch 34/64

Epoch 34: val_loss did not improve from 0.09816
2996/2996 - 40s - loss: 0.0665 - val_loss: 0.0989 - lr: 1.0000e-04 - 40s/epoch - 13ms/step
Epoch 35/64

Epoch 35: val_loss did not improve from 0.09816
2996/2996 - 41s - loss: 0.0664 - val_loss: 0.0987 - lr: 1.0000e-04 - 41s/epoch - 14ms/step
Epoch 36/64

Epoch 36: val_loss did not improve from 0.09816
2996/2996 - 41s - loss: 0.0651 - val_loss: 0.0987 - lr: 1.0000e-04 - 41s/epoch - 14ms/step
Epoch 37/64

Epoch 37: val_loss did not improve from 0.09816
2996/2996 - 43s - loss: 0.0641 - val_loss: 0.0988 - lr: 1.0000e-04 - 43s/epoch - 14ms/step
Saving and plotting the results...
