train_data_hourly_pr_['HRES']_['HSAF']_MM_6__spatiotemporal_128.256_2020-07-01T13_2023-03-26T23_no_na
Data is available already
Loading training data...
mse_64_0.01_1e-08_0.1_2_32_8_0.5_64
Training the model...
Epoch 1/64

Epoch 1: val_loss improved from inf to 0.10245, saving model to /p/scratch/deepacf/kiste/patakchiyousefi1//HPT/mse_64_0.01_1e-08_0.1_2_32_8_0.5_64.h5
375/375 - 92s - loss: 0.1107 - mse: 215284.0156 - val_loss: 0.1025 - val_mse: 231593.4531 - lr: 0.0100 - 92s/epoch - 244ms/step
Epoch 2/64

Epoch 2: val_loss improved from 0.10245 to 0.09931, saving model to /p/scratch/deepacf/kiste/patakchiyousefi1//HPT/mse_64_0.01_1e-08_0.1_2_32_8_0.5_64.h5
375/375 - 61s - loss: 0.0860 - mse: 215281.7031 - val_loss: 0.0993 - val_mse: 231610.3750 - lr: 0.0100 - 61s/epoch - 163ms/step
Epoch 3/64

Epoch 3: val_loss improved from 0.09931 to 0.09425, saving model to /p/scratch/deepacf/kiste/patakchiyousefi1//HPT/mse_64_0.01_1e-08_0.1_2_32_8_0.5_64.h5
375/375 - 60s - loss: 0.0828 - mse: 215281.8281 - val_loss: 0.0943 - val_mse: 231610.4062 - lr: 0.0100 - 60s/epoch - 160ms/step
Epoch 4/64

Epoch 4: val_loss improved from 0.09425 to 0.09156, saving model to /p/scratch/deepacf/kiste/patakchiyousefi1//HPT/mse_64_0.01_1e-08_0.1_2_32_8_0.5_64.h5
375/375 - 59s - loss: 0.0798 - mse: 215283.4531 - val_loss: 0.0916 - val_mse: 231592.7969 - lr: 0.0100 - 59s/epoch - 159ms/step
Epoch 5/64

Epoch 5: val_loss improved from 0.09156 to 0.09067, saving model to /p/scratch/deepacf/kiste/patakchiyousefi1//HPT/mse_64_0.01_1e-08_0.1_2_32_8_0.5_64.h5
375/375 - 59s - loss: 0.0793 - mse: 215283.6875 - val_loss: 0.0907 - val_mse: 231595.4688 - lr: 0.0100 - 59s/epoch - 158ms/step
Epoch 6/64

Epoch 6: val_loss did not improve from 0.09067
375/375 - 59s - loss: 0.0783 - mse: 215284.0000 - val_loss: 0.0923 - val_mse: 231605.8750 - lr: 0.0100 - 59s/epoch - 157ms/step
Epoch 7/64

Epoch 7: val_loss improved from 0.09067 to 0.08928, saving model to /p/scratch/deepacf/kiste/patakchiyousefi1//HPT/mse_64_0.01_1e-08_0.1_2_32_8_0.5_64.h5
375/375 - 59s - loss: 0.0782 - mse: 215284.1250 - val_loss: 0.0893 - val_mse: 231602.2188 - lr: 0.0100 - 59s/epoch - 159ms/step
Epoch 8/64

Epoch 8: val_loss improved from 0.08928 to 0.08875, saving model to /p/scratch/deepacf/kiste/patakchiyousefi1//HPT/mse_64_0.01_1e-08_0.1_2_32_8_0.5_64.h5
375/375 - 59s - loss: 0.0774 - mse: 215284.0156 - val_loss: 0.0887 - val_mse: 231602.7969 - lr: 0.0100 - 59s/epoch - 158ms/step
Epoch 9/64

Epoch 9: val_loss did not improve from 0.08875
375/375 - 59s - loss: 0.0771 - mse: 215283.8594 - val_loss: 0.0908 - val_mse: 231611.9688 - lr: 0.0100 - 59s/epoch - 157ms/step
Epoch 10/64

Epoch 10: val_loss did not improve from 0.08875
375/375 - 59s - loss: 0.0770 - mse: 215283.8438 - val_loss: 0.0909 - val_mse: 231607.1719 - lr: 0.0100 - 59s/epoch - 158ms/step
Epoch 11/64

Epoch 11: val_loss improved from 0.08875 to 0.08836, saving model to /p/scratch/deepacf/kiste/patakchiyousefi1//HPT/mse_64_0.01_1e-08_0.1_2_32_8_0.5_64.h5
375/375 - 59s - loss: 0.0751 - mse: 215283.6094 - val_loss: 0.0884 - val_mse: 231605.1875 - lr: 1.0000e-03 - 59s/epoch - 158ms/step
Epoch 12/64

Epoch 12: val_loss improved from 0.08836 to 0.08785, saving model to /p/scratch/deepacf/kiste/patakchiyousefi1//HPT/mse_64_0.01_1e-08_0.1_2_32_8_0.5_64.h5
375/375 - 59s - loss: 0.0748 - mse: 215283.8438 - val_loss: 0.0878 - val_mse: 231604.8906 - lr: 1.0000e-03 - 59s/epoch - 158ms/step
Epoch 13/64

Epoch 13: val_loss did not improve from 0.08785
375/375 - 59s - loss: 0.0742 - mse: 215283.6250 - val_loss: 0.0880 - val_mse: 231604.3750 - lr: 1.0000e-03 - 59s/epoch - 157ms/step
Epoch 14/64

Epoch 14: val_loss did not improve from 0.08785
375/375 - 59s - loss: 0.0743 - mse: 215284.0625 - val_loss: 0.0891 - val_mse: 231606.6875 - lr: 1.0000e-03 - 59s/epoch - 159ms/step
Epoch 15/64
