train_data_hourly_pr_['HRES']_['HSAF']_MM_6__spatiotemporal_128.256_2020-07-01T13_2023-03-26T23_no_na
Data is available already
Loading training data...
mse_8_0.01_1e-08_0.1_2_64_8_0.5_64
Training the model...
Epoch 1/64

Epoch 1: val_loss improved from inf to 0.10516, saving model to /p/scratch/deepacf/kiste/patakchiyousefi1//HPT/mse_8_0.01_1e-08_0.1_2_64_8_0.5_64.h5
188/188 - 39s - loss: 0.0953 - mse: 215282.6094 - val_loss: 0.1052 - val_mse: 231617.8750 - lr: 0.0100 - 39s/epoch - 209ms/step
Epoch 2/64

Epoch 2: val_loss improved from 0.10516 to 0.09125, saving model to /p/scratch/deepacf/kiste/patakchiyousefi1//HPT/mse_8_0.01_1e-08_0.1_2_64_8_0.5_64.h5
188/188 - 14s - loss: 0.0797 - mse: 215283.6250 - val_loss: 0.0912 - val_mse: 231615.5938 - lr: 0.0100 - 14s/epoch - 76ms/step
Epoch 3/64

Epoch 3: val_loss did not improve from 0.09125
188/188 - 14s - loss: 0.0783 - mse: 215283.1094 - val_loss: 0.1028 - val_mse: 231614.4688 - lr: 0.0100 - 14s/epoch - 73ms/step
Epoch 4/64

Epoch 4: val_loss did not improve from 0.09125
188/188 - 15s - loss: 0.0774 - mse: 215282.7969 - val_loss: 0.0969 - val_mse: 231621.8281 - lr: 0.0100 - 15s/epoch - 77ms/step
Epoch 5/64

Epoch 5: val_loss improved from 0.09125 to 0.08986, saving model to /p/scratch/deepacf/kiste/patakchiyousefi1//HPT/mse_8_0.01_1e-08_0.1_2_64_8_0.5_64.h5
188/188 - 15s - loss: 0.0755 - mse: 215284.1875 - val_loss: 0.0899 - val_mse: 231607.1250 - lr: 1.0000e-03 - 15s/epoch - 77ms/step
Epoch 6/64

Epoch 6: val_loss improved from 0.08986 to 0.08950, saving model to /p/scratch/deepacf/kiste/patakchiyousefi1//HPT/mse_8_0.01_1e-08_0.1_2_64_8_0.5_64.h5
188/188 - 14s - loss: 0.0751 - mse: 215284.0312 - val_loss: 0.0895 - val_mse: 231602.5000 - lr: 1.0000e-03 - 14s/epoch - 73ms/step
Epoch 7/64

Epoch 7: val_loss improved from 0.08950 to 0.08877, saving model to /p/scratch/deepacf/kiste/patakchiyousefi1//HPT/mse_8_0.01_1e-08_0.1_2_64_8_0.5_64.h5
188/188 - 13s - loss: 0.0749 - mse: 215283.6094 - val_loss: 0.0888 - val_mse: 231598.6719 - lr: 1.0000e-03 - 13s/epoch - 71ms/step
Epoch 8/64

Epoch 8: val_loss did not improve from 0.08877
188/188 - 13s - loss: 0.0744 - mse: 215284.0000 - val_loss: 0.0914 - val_mse: 231604.3125 - lr: 1.0000e-03 - 13s/epoch - 70ms/step
Epoch 9/64

Epoch 9: val_loss did not improve from 0.08877
188/188 - 14s - loss: 0.0745 - mse: 215284.0156 - val_loss: 0.0896 - val_mse: 231602.6094 - lr: 1.0000e-03 - 14s/epoch - 73ms/step
Epoch 10/64

Epoch 10: val_loss did not improve from 0.08877
188/188 - 14s - loss: 0.0734 - mse: 215283.3125 - val_loss: 0.0891 - val_mse: 231600.8750 - lr: 1.0000e-04 - 14s/epoch - 74ms/step
Epoch 11/64

Epoch 11: val_loss did not improve from 0.08877
188/188 - 14s - loss: 0.0731 - mse: 215284.4688 - val_loss: 0.0890 - val_mse: 231600.2031 - lr: 1.0000e-04 - 14s/epoch - 72ms/step
Epoch 12/64

Epoch 12: val_loss did not improve from 0.08877
188/188 - 13s - loss: 0.0731 - mse: 215284.1406 - val_loss: 0.0892 - val_mse: 231601.8594 - lr: 1.0000e-05 - 13s/epoch - 70ms/step
Epoch 13/64

Epoch 13: val_loss did not improve from 0.08877
188/188 - 13s - loss: 0.0730 - mse: 215284.3594 - val_loss: 0.0892 - val_mse: 231602.4062 - lr: 1.0000e-05 - 13s/epoch - 71ms/step
Epoch 14/64

Epoch 14: val_loss did not improve from 0.08877
188/188 - 13s - loss: 0.0730 - mse: 215284.3281 - val_loss: 0.0893 - val_mse: 231602.7969 - lr: 1.0000e-06 - 13s/epoch - 69ms/step
Epoch 15/64

Epoch 15: val_loss did not improve from 0.08877
188/188 - 13s - loss: 0.0731 - mse: 215284.3281 - val_loss: 0.0894 - val_mse: 231602.9062 - lr: 1.0000e-06 - 13s/epoch - 70ms/step
Saving and plotting the results...
