train_data_hourly_pr_['HRES']_['HSAF']_MM_6__spatiotemporal_128.256_2020-07-01T13_2023-03-26T23_no_na
Data is available already
Loading training data...
mse_16_0.01_1e-08_0.1_2_2_8_0.5_64
Training the model...
Epoch 1/64

Epoch 1: val_loss improved from inf to 0.09176, saving model to /p/scratch/deepacf/kiste/patakchiyousefi1//HPT/mse_16_0.01_1e-08_0.1_2_2_8_0.5_64.h5
5991/5991 - 91s - loss: 0.0907 - mse: 215288.7500 - val_loss: 0.0918 - val_mse: 231598.1406 - lr: 0.0100 - 91s/epoch - 15ms/step
Epoch 2/64

Epoch 2: val_loss did not improve from 0.09176
5991/5991 - 71s - loss: 0.0886 - mse: 215288.4844 - val_loss: 0.0922 - val_mse: 231587.8594 - lr: 0.0100 - 71s/epoch - 12ms/step
Epoch 3/64

Epoch 3: val_loss improved from 0.09176 to 0.09117, saving model to /p/scratch/deepacf/kiste/patakchiyousefi1//HPT/mse_16_0.01_1e-08_0.1_2_2_8_0.5_64.h5
5991/5991 - 70s - loss: 0.0875 - mse: 215287.2812 - val_loss: 0.0912 - val_mse: 231584.2500 - lr: 0.0100 - 70s/epoch - 12ms/step
Epoch 4/64

Epoch 4: val_loss did not improve from 0.09117
5991/5991 - 70s - loss: 0.0867 - mse: 215287.9219 - val_loss: 0.0920 - val_mse: 231607.3594 - lr: 0.0100 - 70s/epoch - 12ms/step
Epoch 5/64

Epoch 5: val_loss did not improve from 0.09117
5991/5991 - 69s - loss: 0.0858 - mse: 215287.6250 - val_loss: 0.0919 - val_mse: 231611.3594 - lr: 0.0100 - 69s/epoch - 11ms/step
Epoch 6/64

Epoch 6: val_loss improved from 0.09117 to 0.09077, saving model to /p/scratch/deepacf/kiste/patakchiyousefi1//HPT/mse_16_0.01_1e-08_0.1_2_2_8_0.5_64.h5
5991/5991 - 69s - loss: 0.0829 - mse: 215286.8906 - val_loss: 0.0908 - val_mse: 231608.7344 - lr: 1.0000e-03 - 69s/epoch - 12ms/step
Epoch 7/64

Epoch 7: val_loss did not improve from 0.09077
5991/5991 - 69s - loss: 0.0820 - mse: 215286.4219 - val_loss: 0.0924 - val_mse: 231614.5625 - lr: 1.0000e-03 - 69s/epoch - 11ms/step
Epoch 8/64

Epoch 8: val_loss did not improve from 0.09077
5991/5991 - 69s - loss: 0.0815 - mse: 215287.0000 - val_loss: 0.0914 - val_mse: 231612.2188 - lr: 1.0000e-03 - 69s/epoch - 11ms/step
Epoch 9/64
