train_data_hourly_pr_['HRES']_['HSAF']_MM_6__spatiotemporal_128.256_2020-07-01T13_2023-03-26T23_no_na
Data is available already
Loading training data...
mse_32_0.0001_None_0.1_2_16_8_0.5_64
Training the model...
Epoch 1/64

Epoch 1: val_loss improved from inf to 0.09940, saving model to /p/scratch/deepacf/kiste/patakchiyousefi1//HPT/mse_32_0.0001_None_0.1_2_16_8_0.5_64.h5
749/749 - 59s - loss: 0.0989 - val_loss: 0.0994 - lr: 1.0000e-04 - 59s/epoch - 79ms/step
Epoch 2/64

Epoch 2: val_loss improved from 0.09940 to 0.09864, saving model to /p/scratch/deepacf/kiste/patakchiyousefi1//HPT/mse_32_0.0001_None_0.1_2_16_8_0.5_64.h5
749/749 - 34s - loss: 0.0908 - val_loss: 0.0986 - lr: 1.0000e-04 - 34s/epoch - 46ms/step
Epoch 3/64

Epoch 3: val_loss improved from 0.09864 to 0.09860, saving model to /p/scratch/deepacf/kiste/patakchiyousefi1//HPT/mse_32_0.0001_None_0.1_2_16_8_0.5_64.h5
749/749 - 34s - loss: 0.0894 - val_loss: 0.0986 - lr: 1.0000e-04 - 34s/epoch - 46ms/step
Epoch 4/64

Epoch 4: val_loss improved from 0.09860 to 0.09828, saving model to /p/scratch/deepacf/kiste/patakchiyousefi1//HPT/mse_32_0.0001_None_0.1_2_16_8_0.5_64.h5
749/749 - 34s - loss: 0.0887 - val_loss: 0.0983 - lr: 1.0000e-04 - 34s/epoch - 45ms/step
Epoch 5/64

Epoch 5: val_loss improved from 0.09828 to 0.09817, saving model to /p/scratch/deepacf/kiste/patakchiyousefi1//HPT/mse_32_0.0001_None_0.1_2_16_8_0.5_64.h5
749/749 - 34s - loss: 0.0880 - val_loss: 0.0982 - lr: 1.0000e-04 - 34s/epoch - 46ms/step
Epoch 6/64

Epoch 6: val_loss did not improve from 0.09817
749/749 - 34s - loss: 0.0874 - val_loss: 0.0983 - lr: 1.0000e-04 - 34s/epoch - 45ms/step
Epoch 7/64

Epoch 7: val_loss did not improve from 0.09817
749/749 - 34s - loss: 0.0869 - val_loss: 0.0983 - lr: 1.0000e-04 - 34s/epoch - 45ms/step
Epoch 8/64

Epoch 8: val_loss did not improve from 0.09817
749/749 - 34s - loss: 0.0863 - val_loss: 0.0984 - lr: 1.0000e-04 - 34s/epoch - 45ms/step
Epoch 9/64

Epoch 9: val_loss improved from 0.09817 to 0.09757, saving model to /p/scratch/deepacf/kiste/patakchiyousefi1//HPT/mse_32_0.0001_None_0.1_2_16_8_0.5_64.h5
749/749 - 34s - loss: 0.0857 - val_loss: 0.0976 - lr: 1.0000e-04 - 34s/epoch - 45ms/step
Epoch 10/64

Epoch 10: val_loss did not improve from 0.09757
749/749 - 34s - loss: 0.0848 - val_loss: 0.0977 - lr: 1.0000e-04 - 34s/epoch - 45ms/step
Epoch 11/64

Epoch 11: val_loss improved from 0.09757 to 0.09696, saving model to /p/scratch/deepacf/kiste/patakchiyousefi1//HPT/mse_32_0.0001_None_0.1_2_16_8_0.5_64.h5
749/749 - 34s - loss: 0.0842 - val_loss: 0.0970 - lr: 1.0000e-04 - 34s/epoch - 45ms/step
Epoch 12/64

Epoch 12: val_loss improved from 0.09696 to 0.09675, saving model to /p/scratch/deepacf/kiste/patakchiyousefi1//HPT/mse_32_0.0001_None_0.1_2_16_8_0.5_64.h5
749/749 - 34s - loss: 0.0833 - val_loss: 0.0967 - lr: 1.0000e-04 - 34s/epoch - 46ms/step
Epoch 13/64

Epoch 13: val_loss did not improve from 0.09675
749/749 - 34s - loss: 0.0830 - val_loss: 0.0970 - lr: 1.0000e-04 - 34s/epoch - 45ms/step
Epoch 14/64

Epoch 14: val_loss did not improve from 0.09675
749/749 - 34s - loss: 0.0822 - val_loss: 0.0976 - lr: 1.0000e-04 - 34s/epoch - 45ms/step
Epoch 15/64

Epoch 15: val_loss did not improve from 0.09675
749/749 - 34s - loss: 0.0817 - val_loss: 0.0980 - lr: 1.0000e-04 - 34s/epoch - 45ms/step
Epoch 16/64

Epoch 16: val_loss did not improve from 0.09675
749/749 - 33s - loss: 0.0808 - val_loss: 0.0980 - lr: 1.0000e-04 - 33s/epoch - 45ms/step
Epoch 17/64

Epoch 17: val_loss did not improve from 0.09675
749/749 - 34s - loss: 0.0807 - val_loss: 0.0979 - lr: 1.0000e-04 - 34s/epoch - 45ms/step
Epoch 18/64

Epoch 18: val_loss did not improve from 0.09675
749/749 - 34s - loss: 0.0795 - val_loss: 0.0977 - lr: 1.0000e-04 - 34s/epoch - 45ms/step
Epoch 19/64

Epoch 19: val_loss did not improve from 0.09675
749/749 - 34s - loss: 0.0797 - val_loss: 0.0981 - lr: 1.0000e-04 - 34s/epoch - 45ms/step
Epoch 20/64

Epoch 20: val_loss did not improve from 0.09675
749/749 - 33s - loss: 0.0784 - val_loss: 0.0978 - lr: 1.0000e-04 - 33s/epoch - 44ms/step
Saving and plotting the results...
