train_data_hourly_pr_['HRES']_['HSAF']_MM_6__spatiotemporal_128.256_2020-07-01T13_2023-03-26T23_no_na
Data is available already
Loading training data...
mse_16_0.0001_None_0.1_2_16_8_0.5_64
Training the model...
Epoch 1/64

Epoch 1: val_loss improved from inf to 0.10428, saving model to /p/scratch/deepacf/kiste/patakchiyousefi1//HPT/mse_16_0.0001_None_0.1_2_16_8_0.5_64.h5
749/749 - 45s - loss: 0.1088 - val_loss: 0.1043 - lr: 1.0000e-04 - 45s/epoch - 60ms/step
Epoch 2/64

Epoch 2: val_loss improved from 0.10428 to 0.09953, saving model to /p/scratch/deepacf/kiste/patakchiyousefi1//HPT/mse_16_0.0001_None_0.1_2_16_8_0.5_64.h5
749/749 - 22s - loss: 0.0916 - val_loss: 0.0995 - lr: 1.0000e-04 - 22s/epoch - 29ms/step
Epoch 3/64

Epoch 3: val_loss improved from 0.09953 to 0.09812, saving model to /p/scratch/deepacf/kiste/patakchiyousefi1//HPT/mse_16_0.0001_None_0.1_2_16_8_0.5_64.h5
749/749 - 22s - loss: 0.0901 - val_loss: 0.0981 - lr: 1.0000e-04 - 22s/epoch - 29ms/step
Epoch 4/64

Epoch 4: val_loss improved from 0.09812 to 0.09749, saving model to /p/scratch/deepacf/kiste/patakchiyousefi1//HPT/mse_16_0.0001_None_0.1_2_16_8_0.5_64.h5
749/749 - 22s - loss: 0.0892 - val_loss: 0.0975 - lr: 1.0000e-04 - 22s/epoch - 29ms/step
Epoch 5/64

Epoch 5: val_loss improved from 0.09749 to 0.09728, saving model to /p/scratch/deepacf/kiste/patakchiyousefi1//HPT/mse_16_0.0001_None_0.1_2_16_8_0.5_64.h5
749/749 - 22s - loss: 0.0886 - val_loss: 0.0973 - lr: 1.0000e-04 - 22s/epoch - 30ms/step
Epoch 6/64

Epoch 6: val_loss improved from 0.09728 to 0.09719, saving model to /p/scratch/deepacf/kiste/patakchiyousefi1//HPT/mse_16_0.0001_None_0.1_2_16_8_0.5_64.h5
749/749 - 22s - loss: 0.0879 - val_loss: 0.0972 - lr: 1.0000e-04 - 22s/epoch - 29ms/step
Epoch 7/64

Epoch 7: val_loss did not improve from 0.09719
749/749 - 22s - loss: 0.0871 - val_loss: 0.0975 - lr: 1.0000e-04 - 22s/epoch - 29ms/step
Epoch 8/64

Epoch 8: val_loss did not improve from 0.09719
749/749 - 21s - loss: 0.0864 - val_loss: 0.0974 - lr: 1.0000e-04 - 21s/epoch - 28ms/step
Epoch 9/64

Epoch 9: val_loss did not improve from 0.09719
749/749 - 21s - loss: 0.0857 - val_loss: 0.0973 - lr: 1.0000e-04 - 21s/epoch - 28ms/step
Epoch 10/64

Epoch 10: val_loss did not improve from 0.09719
749/749 - 22s - loss: 0.0847 - val_loss: 0.0973 - lr: 1.0000e-04 - 22s/epoch - 29ms/step
Epoch 11/64

Epoch 11: val_loss did not improve from 0.09719
749/749 - 22s - loss: 0.0833 - val_loss: 0.0973 - lr: 1.0000e-04 - 22s/epoch - 29ms/step
Epoch 12/64

Epoch 12: val_loss did not improve from 0.09719
749/749 - 22s - loss: 0.0820 - val_loss: 0.0977 - lr: 1.0000e-04 - 22s/epoch - 29ms/step
Epoch 13/64

Epoch 13: val_loss did not improve from 0.09719
749/749 - 22s - loss: 0.0812 - val_loss: 0.0978 - lr: 1.0000e-04 - 22s/epoch - 29ms/step
Epoch 14/64

Epoch 14: val_loss did not improve from 0.09719
749/749 - 22s - loss: 0.0796 - val_loss: 0.0979 - lr: 1.0000e-04 - 22s/epoch - 29ms/step
Saving and plotting the results...
