train_data_hourly_pr_['HRES']_['HSAF']_MM_6__spatiotemporal_128.256_2020-07-01T13_2023-03-26T23_no_na
Data is available already
Loading training data...
mse_32_0.0001_1e-14_0.5_2_64_8_0.1_64
Training the model...
Epoch 1/64

Epoch 1: val_loss improved from inf to 0.08718, saving model to /p/scratch/deepacf/kiste/patakchiyousefi1//HPT/mse_32_0.0001_1e-14_0.5_2_64_8_0.1_64.h5
337/337 - 90s - loss: 0.1172 - mse: 0.2868 - val_loss: 0.0872 - val_mse: 0.2180 - lr: 1.0000e-04 - 90s/epoch - 268ms/step
Epoch 2/64

Epoch 2: val_loss improved from 0.08718 to 0.08127, saving model to /p/scratch/deepacf/kiste/patakchiyousefi1//HPT/mse_32_0.0001_1e-14_0.5_2_64_8_0.1_64.h5
337/337 - 59s - loss: 0.0888 - mse: 0.2172 - val_loss: 0.0813 - val_mse: 0.2032 - lr: 1.0000e-04 - 59s/epoch - 175ms/step
Epoch 3/64

Epoch 3: val_loss did not improve from 0.08127
337/337 - 59s - loss: 0.0863 - mse: 0.2112 - val_loss: 0.0849 - val_mse: 0.2124 - lr: 1.0000e-04 - 59s/epoch - 177ms/step
Epoch 4/64

Epoch 4: val_loss improved from 0.08127 to 0.08089, saving model to /p/scratch/deepacf/kiste/patakchiyousefi1//HPT/mse_32_0.0001_1e-14_0.5_2_64_8_0.1_64.h5
337/337 - 59s - loss: 0.0848 - mse: 0.2075 - val_loss: 0.0809 - val_mse: 0.2023 - lr: 1.0000e-04 - 59s/epoch - 176ms/step
Epoch 5/64

Epoch 5: val_loss improved from 0.08089 to 0.07995, saving model to /p/scratch/deepacf/kiste/patakchiyousefi1//HPT/mse_32_0.0001_1e-14_0.5_2_64_8_0.1_64.h5
337/337 - 59s - loss: 0.0838 - mse: 0.2050 - val_loss: 0.0799 - val_mse: 0.1999 - lr: 1.0000e-04 - 59s/epoch - 174ms/step
Epoch 6/64

Epoch 6: val_loss did not improve from 0.07995
337/337 - 58s - loss: 0.0827 - mse: 0.2024 - val_loss: 0.0835 - val_mse: 0.2088 - lr: 1.0000e-04 - 58s/epoch - 172ms/step
Epoch 7/64

Epoch 7: val_loss did not improve from 0.07995
337/337 - 58s - loss: 0.0814 - mse: 0.1991 - val_loss: 0.0808 - val_mse: 0.2021 - lr: 1.0000e-04 - 58s/epoch - 173ms/step
Epoch 8/64

Epoch 8: val_loss did not improve from 0.07995
337/337 - 58s - loss: 0.0787 - mse: 0.1926 - val_loss: 0.0804 - val_mse: 0.2010 - lr: 5.0000e-05 - 58s/epoch - 173ms/step
Epoch 9/64

Epoch 9: val_loss did not improve from 0.07995
337/337 - 58s - loss: 0.0770 - mse: 0.1885 - val_loss: 0.0897 - val_mse: 0.2242 - lr: 5.0000e-05 - 58s/epoch - 173ms/step
Epoch 10/64

Epoch 10: val_loss did not improve from 0.07995
337/337 - 58s - loss: 0.0742 - mse: 0.1816 - val_loss: 0.0834 - val_mse: 0.2086 - lr: 2.5000e-05 - 58s/epoch - 172ms/step
Epoch 11/64

Epoch 11: val_loss did not improve from 0.07995
337/337 - 58s - loss: 0.0726 - mse: 0.1776 - val_loss: 0.0812 - val_mse: 0.2030 - lr: 2.5000e-05 - 58s/epoch - 173ms/step
Epoch 12/64

Epoch 12: val_loss did not improve from 0.07995
337/337 - 58s - loss: 0.0702 - mse: 0.1718 - val_loss: 0.0842 - val_mse: 0.2104 - lr: 1.2500e-05 - 58s/epoch - 172ms/step
Epoch 13/64

Epoch 13: val_loss did not improve from 0.07995
337/337 - 58s - loss: 0.0690 - mse: 0.1687 - val_loss: 0.0839 - val_mse: 0.2097 - lr: 1.2500e-05 - 58s/epoch - 173ms/step
Saving and plotting the results...
