train_data_hourly_pr_['HRES']_['HSAF']_MM_6__spatiotemporal_128.256_2020-07-01T13_2023-03-26T23_no_na
Data is available already
Loading training data...
mse_16_0.0001_1e-08_0.1_2_1_8_0.5_64
Training the model...
Epoch 1/64

Epoch 1: val_loss improved from inf to 152780.56250, saving model to /p/scratch/deepacf/kiste/patakchiyousefi1//HPT/mse_16_0.0001_1e-08_0.1_2_1_8_0.5_64.h5
11982/11982 - 147s - loss: 172091.0469 - mse: 218632.4531 - val_loss: 152780.5625 - val_mse: 198009.5938 - lr: 1.0000e-04 - 147s/epoch - 12ms/step
Epoch 2/64

Epoch 2: val_loss improved from 152780.56250 to 117078.42969, saving model to /p/scratch/deepacf/kiste/patakchiyousefi1//HPT/mse_16_0.0001_1e-08_0.1_2_1_8_0.5_64.h5
11982/11982 - 130s - loss: 143644.1562 - mse: 195265.1875 - val_loss: 117078.4297 - val_mse: 171201.1250 - lr: 1.0000e-04 - 130s/epoch - 11ms/step
Epoch 3/64

Epoch 3: val_loss improved from 117078.42969 to 74601.90625, saving model to /p/scratch/deepacf/kiste/patakchiyousefi1//HPT/mse_16_0.0001_1e-08_0.1_2_1_8_0.5_64.h5
11982/11982 - 131s - loss: 103663.7188 - mse: 171496.6875 - val_loss: 74601.9062 - val_mse: 152774.5469 - lr: 1.0000e-04 - 131s/epoch - 11ms/step
Epoch 4/64

Epoch 4: val_loss improved from 74601.90625 to 48093.14844, saving model to /p/scratch/deepacf/kiste/patakchiyousefi1//HPT/mse_16_0.0001_1e-08_0.1_2_1_8_0.5_64.h5
11982/11982 - 132s - loss: 60819.0625 - mse: 168349.7812 - val_loss: 48093.1484 - val_mse: 170655.4688 - lr: 1.0000e-04 - 132s/epoch - 11ms/step
Epoch 5/64

Epoch 5: val_loss improved from 48093.14844 to 13985.11133, saving model to /p/scratch/deepacf/kiste/patakchiyousefi1//HPT/mse_16_0.0001_1e-08_0.1_2_1_8_0.5_64.h5
11982/11982 - 136s - loss: 25512.1875 - mse: 212100.2344 - val_loss: 13985.1113 - val_mse: 255558.6719 - lr: 1.0000e-04 - 136s/epoch - 11ms/step
Epoch 6/64

Epoch 6: val_loss improved from 13985.11133 to 2217.41846, saving model to /p/scratch/deepacf/kiste/patakchiyousefi1//HPT/mse_16_0.0001_1e-08_0.1_2_1_8_0.5_64.h5
11982/11982 - 135s - loss: 5324.2266 - mse: 324450.1875 - val_loss: 2217.4185 - val_mse: 392553.4062 - lr: 1.0000e-04 - 135s/epoch - 11ms/step
Epoch 7/64

Epoch 7: val_loss improved from 2217.41846 to 223.66422, saving model to /p/scratch/deepacf/kiste/patakchiyousefi1//HPT/mse_16_0.0001_1e-08_0.1_2_1_8_0.5_64.h5
11982/11982 - 133s - loss: 134.0623 - mse: 465997.3125 - val_loss: 223.6642 - val_mse: 477838.8750 - lr: 1.0000e-04 - 133s/epoch - 11ms/step
Epoch 8/64

Epoch 8: val_loss improved from 223.66422 to 40.81912, saving model to /p/scratch/deepacf/kiste/patakchiyousefi1//HPT/mse_16_0.0001_1e-08_0.1_2_1_8_0.5_64.h5
11982/11982 - 128s - loss: 0.1341 - mse: 492191.9062 - val_loss: 40.8191 - val_mse: 483096.5312 - lr: 1.0000e-04 - 128s/epoch - 11ms/step
Epoch 9/64

Epoch 9: val_loss improved from 40.81912 to 26.67393, saving model to /p/scratch/deepacf/kiste/patakchiyousefi1//HPT/mse_16_0.0001_1e-08_0.1_2_1_8_0.5_64.h5
11982/11982 - 129s - loss: 0.0282 - mse: 496879.3438 - val_loss: 26.6739 - val_mse: 491310.9375 - lr: 1.0000e-04 - 129s/epoch - 11ms/step
Epoch 10/64

Epoch 10: val_loss improved from 26.67393 to 15.83734, saving model to /p/scratch/deepacf/kiste/patakchiyousefi1//HPT/mse_16_0.0001_1e-08_0.1_2_1_8_0.5_64.h5
11982/11982 - 129s - loss: 0.0152 - mse: 498342.6875 - val_loss: 15.8373 - val_mse: 491250.0625 - lr: 1.0000e-04 - 129s/epoch - 11ms/step
Epoch 11/64

Epoch 11: val_loss improved from 15.83734 to 13.19196, saving model to /p/scratch/deepacf/kiste/patakchiyousefi1//HPT/mse_16_0.0001_1e-08_0.1_2_1_8_0.5_64.h5
11982/11982 - 129s - loss: 0.0128 - mse: 497402.3125 - val_loss: 13.1920 - val_mse: 494302.1875 - lr: 1.0000e-04 - 129s/epoch - 11ms/step
Epoch 12/64

Epoch 12: val_loss improved from 13.19196 to 4.58940, saving model to /p/scratch/deepacf/kiste/patakchiyousefi1//HPT/mse_16_0.0001_1e-08_0.1_2_1_8_0.5_64.h5
11982/11982 - 128s - loss: 0.0066 - mse: 499023.5312 - val_loss: 4.5894 - val_mse: 493758.0000 - lr: 1.0000e-04 - 128s/epoch - 11ms/step
Epoch 13/64

Epoch 13: val_loss did not improve from 4.58940
11982/11982 - 127s - loss: 0.0074 - mse: 500514.7500 - val_loss: 378.9455 - val_mse: 492879.6250 - lr: 1.0000e-04 - 127s/epoch - 11ms/step
Epoch 14/64

Epoch 14: val_loss did not improve from 4.58940
11982/11982 - 128s - loss: 0.0050 - mse: 499470.4062 - val_loss: 9.8354 - val_mse: 489884.6875 - lr: 1.0000e-04 - 128s/epoch - 11ms/step
Epoch 15/64

Epoch 15: val_loss did not improve from 4.58940
11982/11982 - 133s - loss: 1.8353e-04 - mse: 498116.6875 - val_loss: 5.5456 - val_mse: 493902.8125 - lr: 1.0000e-05 - 133s/epoch - 11ms/step
Epoch 16/64

Epoch 16: val_loss did not improve from 4.58940
11982/11982 - 132s - loss: 1.0839e-04 - mse: 499123.1562 - val_loss: 5.8594 - val_mse: 493890.5000 - lr: 1.0000e-05 - 132s/epoch - 11ms/step
Epoch 17/64

Epoch 17: val_loss did not improve from 4.58940
11982/11982 - 131s - loss: 4.7541e-05 - mse: 499172.9375 - val_loss: 13.6300 - val_mse: 492978.7812 - lr: 1.0000e-06 - 131s/epoch - 11ms/step
Epoch 18/64

Epoch 18: val_loss did not improve from 4.58940
11982/11982 - 133s - loss: 4.5926e-05 - mse: 499032.3750 - val_loss: 7.2953 - val_mse: 494420.0312 - lr: 1.0000e-06 - 133s/epoch - 11ms/step
Epoch 19/64

Epoch 19: val_loss did not improve from 4.58940
11982/11982 - 132s - loss: 4.3126e-05 - mse: 498963.7500 - val_loss: 9.7605 - val_mse: 493445.4688 - lr: 1.0000e-07 - 132s/epoch - 11ms/step
Epoch 20/64

Epoch 20: val_loss did not improve from 4.58940
11982/11982 - 131s - loss: 4.3075e-05 - mse: 498945.1562 - val_loss: 7.0002 - val_mse: 494157.3125 - lr: 1.0000e-07 - 131s/epoch - 11ms/step
Saving and plotting the results...
