train_data_hourly_pr_['HRES']_['HSAF']_MM_6__spatiotemporal_128.256_2020-07-01T13_2023-03-26T23_no_na
Data is available already
Loading training data...
mse_32_0.01_1e-08_0.5_2_8_8_0.5_64
Training the model...
Epoch 1/64

Epoch 1: val_loss improved from inf to 0.09292, saving model to /p/scratch/deepacf/kiste/patakchiyousefi1//HPT/mse_32_0.01_1e-08_0.5_2_8_8_0.5_64.h5
1498/1498 - 62s - loss: 0.0892 - mse: 215283.8438 - val_loss: 0.0929 - val_mse: 231633.5938 - lr: 0.0100 - 62s/epoch - 41ms/step
Epoch 2/64

Epoch 2: val_loss improved from 0.09292 to 0.09066, saving model to /p/scratch/deepacf/kiste/patakchiyousefi1//HPT/mse_32_0.01_1e-08_0.5_2_8_8_0.5_64.h5
1498/1498 - 41s - loss: 0.0819 - mse: 215285.1250 - val_loss: 0.0907 - val_mse: 231604.4531 - lr: 0.0100 - 41s/epoch - 27ms/step
Epoch 3/64

Epoch 3: val_loss did not improve from 0.09066
1498/1498 - 41s - loss: 0.0806 - mse: 215284.2031 - val_loss: 0.0954 - val_mse: 231613.9688 - lr: 0.0100 - 41s/epoch - 27ms/step
Epoch 4/64

Epoch 4: val_loss did not improve from 0.09066
1498/1498 - 41s - loss: 0.0803 - mse: 215284.0938 - val_loss: 0.0917 - val_mse: 231578.0000 - lr: 0.0100 - 41s/epoch - 27ms/step
Epoch 5/64

Epoch 5: val_loss improved from 0.09066 to 0.08874, saving model to /p/scratch/deepacf/kiste/patakchiyousefi1//HPT/mse_32_0.01_1e-08_0.5_2_8_8_0.5_64.h5
1498/1498 - 41s - loss: 0.0790 - mse: 215284.4688 - val_loss: 0.0887 - val_mse: 231602.1719 - lr: 0.0050 - 41s/epoch - 28ms/step
Epoch 6/64

Epoch 6: val_loss did not improve from 0.08874
1498/1498 - 40s - loss: 0.0789 - mse: 215284.3750 - val_loss: 0.0900 - val_mse: 231614.6562 - lr: 0.0050 - 40s/epoch - 27ms/step
Epoch 7/64

Epoch 7: val_loss did not improve from 0.08874
1498/1498 - 41s - loss: 0.0787 - mse: 215284.6719 - val_loss: 0.0936 - val_mse: 231612.7500 - lr: 0.0050 - 41s/epoch - 27ms/step
Epoch 8/64

Epoch 8: val_loss did not improve from 0.08874
1498/1498 - 41s - loss: 0.0778 - mse: 215285.1875 - val_loss: 0.0902 - val_mse: 231610.1719 - lr: 0.0025 - 41s/epoch - 27ms/step
Epoch 9/64

Epoch 9: val_loss did not improve from 0.08874
1498/1498 - 41s - loss: 0.0772 - mse: 215284.9375 - val_loss: 0.0901 - val_mse: 231615.0312 - lr: 0.0025 - 41s/epoch - 27ms/step
Epoch 10/64

Epoch 10: val_loss did not improve from 0.08874
1498/1498 - 41s - loss: 0.0759 - mse: 215285.1719 - val_loss: 0.0935 - val_mse: 231606.8281 - lr: 0.0012 - 41s/epoch - 27ms/step
Epoch 11/64

Epoch 11: val_loss did not improve from 0.08874
1498/1498 - 41s - loss: 0.0754 - mse: 215285.3750 - val_loss: 0.0895 - val_mse: 231613.9531 - lr: 0.0012 - 41s/epoch - 27ms/step
Epoch 12/64

Epoch 12: val_loss did not improve from 0.08874
1498/1498 - 41s - loss: 0.0742 - mse: 215285.4844 - val_loss: 0.0912 - val_mse: 231599.4844 - lr: 6.2500e-04 - 41s/epoch - 27ms/step
Epoch 13/64

Epoch 13: val_loss did not improve from 0.08874
1498/1498 - 41s - loss: 0.0734 - mse: 215285.2969 - val_loss: 0.0901 - val_mse: 231596.3438 - lr: 6.2500e-04 - 41s/epoch - 28ms/step
Saving and plotting the results...
