train_data_hourly_pr_['HRES']_['HSAF']_MM_6__spatiotemporal_128.256_2020-07-01T13_2023-03-26T23_no_na
Data is available already
Loading training data...
mse_64_0.0001_None_0.1_2_32_8_0.5_64
Training the model...
Epoch 1/64

Epoch 1: val_loss improved from inf to 0.10220, saving model to /p/scratch/deepacf/kiste/patakchiyousefi1//HPT/mse_64_0.0001_None_0.1_2_32_8_0.5_64.h5
375/375 - 98s - loss: 0.1001 - val_loss: 0.1022 - lr: 1.0000e-04 - 98s/epoch - 260ms/step
Epoch 2/64

Epoch 2: val_loss improved from 0.10220 to 0.09956, saving model to /p/scratch/deepacf/kiste/patakchiyousefi1//HPT/mse_64_0.0001_None_0.1_2_32_8_0.5_64.h5
375/375 - 60s - loss: 0.0898 - val_loss: 0.0996 - lr: 1.0000e-04 - 60s/epoch - 160ms/step
Epoch 3/64

Epoch 3: val_loss improved from 0.09956 to 0.09833, saving model to /p/scratch/deepacf/kiste/patakchiyousefi1//HPT/mse_64_0.0001_None_0.1_2_32_8_0.5_64.h5
375/375 - 60s - loss: 0.0887 - val_loss: 0.0983 - lr: 1.0000e-04 - 60s/epoch - 159ms/step
Epoch 4/64

Epoch 4: val_loss improved from 0.09833 to 0.09786, saving model to /p/scratch/deepacf/kiste/patakchiyousefi1//HPT/mse_64_0.0001_None_0.1_2_32_8_0.5_64.h5
375/375 - 60s - loss: 0.0880 - val_loss: 0.0979 - lr: 1.0000e-04 - 60s/epoch - 159ms/step
Epoch 5/64

Epoch 5: val_loss improved from 0.09786 to 0.09707, saving model to /p/scratch/deepacf/kiste/patakchiyousefi1//HPT/mse_64_0.0001_None_0.1_2_32_8_0.5_64.h5
375/375 - 59s - loss: 0.0876 - val_loss: 0.0971 - lr: 1.0000e-04 - 59s/epoch - 158ms/step
Epoch 6/64
