2023-07-23 02:13:02.084064: I tensorflow/core/platform/cpu_feature_guard.cc:193] This TensorFlow binary is optimized with oneAPI Deep Neural Network Library (oneDNN) to use the following CPU instructions in performance-critical operations:  AVX512F
To enable them in other operations, rebuild TensorFlow with the appropriate compiler flags.
2023-07-23 02:13:33.142892: I tensorflow/core/platform/cpu_feature_guard.cc:193] This TensorFlow binary is optimized with oneAPI Deep Neural Network Library (oneDNN) to use the following CPU instructions in performance-critical operations:  AVX512F
To enable them in other operations, rebuild TensorFlow with the appropriate compiler flags.
2023-07-23 02:13:34.785609: I tensorflow/core/common_runtime/gpu/gpu_device.cc:1613] Created device /job:localhost/replica:0/task:0/device:GPU:0 with 31001 MB memory:  -> device: 0, name: Tesla V100-SXM2-32GB, pci bus id: 0000:61:00.0, compute capability: 7.0
2023-07-23 02:13:34.786887: I tensorflow/core/common_runtime/gpu/gpu_device.cc:1613] Created device /job:localhost/replica:0/task:0/device:GPU:1 with 31001 MB memory:  -> device: 1, name: Tesla V100-SXM2-32GB, pci bus id: 0000:62:00.0, compute capability: 7.0
2023-07-23 02:13:34.787587: I tensorflow/core/common_runtime/gpu/gpu_device.cc:1613] Created device /job:localhost/replica:0/task:0/device:GPU:2 with 31001 MB memory:  -> device: 2, name: Tesla V100-SXM2-32GB, pci bus id: 0000:89:00.0, compute capability: 7.0
2023-07-23 02:13:34.788251: I tensorflow/core/common_runtime/gpu/gpu_device.cc:1613] Created device /job:localhost/replica:0/task:0/device:GPU:3 with 31001 MB memory:  -> device: 3, name: Tesla V100-SXM2-32GB, pci bus id: 0000:8a:00.0, compute capability: 7.0
2023-07-23 02:13:53.658078: E tensorflow/core/grappler/optimizers/meta_optimizer.cc:954] layout failed: INVALID_ARGUMENT: Size of values 0 does not match size of permutation 4 @ fanin shape inmodel/dropout/dropout/SelectV2-2-TransposeNHWCToNCHW-LayoutOptimizer
2023-07-23 02:13:54.821107: I tensorflow/compiler/xla/stream_executor/cuda/cuda_dnn.cc:428] Loaded cuDNN version 8600
2023-07-23 02:13:57.269800: I tensorflow/compiler/xla/service/service.cc:173] XLA service 0x14d088909780 initialized for platform CUDA (this does not guarantee that XLA will be used). Devices:
2023-07-23 02:13:57.269829: I tensorflow/compiler/xla/service/service.cc:181]   StreamExecutor device (0): Tesla V100-SXM2-32GB, Compute Capability 7.0
2023-07-23 02:13:57.269836: I tensorflow/compiler/xla/service/service.cc:181]   StreamExecutor device (1): Tesla V100-SXM2-32GB, Compute Capability 7.0
2023-07-23 02:13:57.269842: I tensorflow/compiler/xla/service/service.cc:181]   StreamExecutor device (2): Tesla V100-SXM2-32GB, Compute Capability 7.0
2023-07-23 02:13:57.269847: I tensorflow/compiler/xla/service/service.cc:181]   StreamExecutor device (3): Tesla V100-SXM2-32GB, Compute Capability 7.0
2023-07-23 02:13:57.275154: I tensorflow/compiler/mlir/tensorflow/utils/dump_mlir_util.cc:268] disabling MLIR crash reproducer, set env var `MLIR_CRASH_REPRODUCER_DIRECTORY` to enable.
2023-07-23 02:13:57.416065: I tensorflow/compiler/jit/xla_compilation_cache.cc:477] Compiled cluster using XLA!  This line is logged at most once for the lifetime of the process.
2023-07-23 02:17:14.192303: W tensorflow/tsl/framework/bfc_allocator.cc:290] Allocator (GPU_0_bfc) ran out of memory trying to allocate 4.42GiB with freed_by_count=0. The caller indicates that this is not a failure, but this may mean that there could be performance gains if more memory were available.
2023-07-23 02:17:14.192371: W tensorflow/tsl/framework/bfc_allocator.cc:290] Allocator (GPU_0_bfc) ran out of memory trying to allocate 4.42GiB with freed_by_count=0. The caller indicates that this is not a failure, but this may mean that there could be performance gains if more memory were available.
2023-07-23 02:17:14.281796: W tensorflow/tsl/framework/bfc_allocator.cc:290] Allocator (GPU_0_bfc) ran out of memory trying to allocate 4.27GiB with freed_by_count=0. The caller indicates that this is not a failure, but this may mean that there could be performance gains if more memory were available.
2023-07-23 02:17:14.281830: W tensorflow/tsl/framework/bfc_allocator.cc:290] Allocator (GPU_0_bfc) ran out of memory trying to allocate 4.27GiB with freed_by_count=0. The caller indicates that this is not a failure, but this may mean that there could be performance gains if more memory were available.
2023-07-23 02:17:14.377211: W tensorflow/tsl/framework/bfc_allocator.cc:290] Allocator (GPU_0_bfc) ran out of memory trying to allocate 4.24GiB with freed_by_count=0. The caller indicates that this is not a failure, but this may mean that there could be performance gains if more memory were available.
2023-07-23 02:17:14.377249: W tensorflow/tsl/framework/bfc_allocator.cc:290] Allocator (GPU_0_bfc) ran out of memory trying to allocate 4.24GiB with freed_by_count=0. The caller indicates that this is not a failure, but this may mean that there could be performance gains if more memory were available.
2023-07-23 02:17:14.479115: W tensorflow/tsl/framework/bfc_allocator.cc:290] Allocator (GPU_0_bfc) ran out of memory trying to allocate 4.33GiB with freed_by_count=0. The caller indicates that this is not a failure, but this may mean that there could be performance gains if more memory were available.
2023-07-23 02:17:14.479163: W tensorflow/tsl/framework/bfc_allocator.cc:290] Allocator (GPU_0_bfc) ran out of memory trying to allocate 4.33GiB with freed_by_count=0. The caller indicates that this is not a failure, but this may mean that there could be performance gains if more memory were available.
2023-07-23 02:17:14.479180: W tensorflow/tsl/framework/bfc_allocator.cc:290] Allocator (GPU_0_bfc) ran out of memory trying to allocate 2.21GiB with freed_by_count=0. The caller indicates that this is not a failure, but this may mean that there could be performance gains if more memory were available.
2023-07-23 02:17:14.544552: W tensorflow/tsl/framework/bfc_allocator.cc:290] Allocator (GPU_0_bfc) ran out of memory trying to allocate 4.37GiB with freed_by_count=0. The caller indicates that this is not a failure, but this may mean that there could be performance gains if more memory were available.
2023-07-23 02:17:25.811838: W tensorflow/tsl/framework/bfc_allocator.cc:479] Allocator (GPU_0_bfc) ran out of memory trying to allocate 128.00MiB (rounded to 134217728)requested by op gradient_tape/model/batch_normalization_9/FusedBatchNormGradV3
If the cause is memory fragmentation maybe the environment variable 'TF_GPU_ALLOCATOR=cuda_malloc_async' will improve the situation. 
Current allocation summary follows.
Current allocation summary follows.
2023-07-23 02:17:25.811999: I tensorflow/tsl/framework/bfc_allocator.cc:1034] BFCAllocator dump for GPU_0_bfc
2023-07-23 02:17:25.812013: I tensorflow/tsl/framework/bfc_allocator.cc:1041] Bin (256): 	Total Chunks: 125, Chunks in use: 124. 31.2KiB allocated for chunks. 31.0KiB in use in bin. 10.8KiB client-requested in use in bin.
2023-07-23 02:17:25.812037: I tensorflow/tsl/framework/bfc_allocator.cc:1041] Bin (512): 	Total Chunks: 35, Chunks in use: 35. 17.5KiB allocated for chunks. 17.5KiB in use in bin. 17.5KiB client-requested in use in bin.
2023-07-23 02:17:25.812044: I tensorflow/tsl/framework/bfc_allocator.cc:1041] Bin (1024): 	Total Chunks: 36, Chunks in use: 36. 37.2KiB allocated for chunks. 37.2KiB in use in bin. 36.0KiB client-requested in use in bin.
2023-07-23 02:17:25.812051: I tensorflow/tsl/framework/bfc_allocator.cc:1041] Bin (2048): 	Total Chunks: 36, Chunks in use: 35. 72.0KiB allocated for chunks. 70.0KiB in use in bin. 70.0KiB client-requested in use in bin.
2023-07-23 02:17:25.812057: I tensorflow/tsl/framework/bfc_allocator.cc:1041] Bin (4096): 	Total Chunks: 18, Chunks in use: 16. 77.2KiB allocated for chunks. 64.0KiB in use in bin. 64.0KiB client-requested in use in bin.
2023-07-23 02:17:25.812067: I tensorflow/tsl/framework/bfc_allocator.cc:1041] Bin (8192): 	Total Chunks: 3, Chunks in use: 3. 47.2KiB allocated for chunks. 47.2KiB in use in bin. 47.2KiB client-requested in use in bin.
2023-07-23 02:17:25.812074: I tensorflow/tsl/framework/bfc_allocator.cc:1041] Bin (16384): 	Total Chunks: 1, Chunks in use: 0. 21.0KiB allocated for chunks. 0B in use in bin. 0B client-requested in use in bin.
2023-07-23 02:17:25.812080: I tensorflow/tsl/framework/bfc_allocator.cc:1041] Bin (32768): 	Total Chunks: 1, Chunks in use: 0. 32.8KiB allocated for chunks. 0B in use in bin. 0B client-requested in use in bin.
2023-07-23 02:17:25.812086: I tensorflow/tsl/framework/bfc_allocator.cc:1041] Bin (65536): 	Total Chunks: 1, Chunks in use: 0. 81.0KiB allocated for chunks. 0B in use in bin. 0B client-requested in use in bin.
2023-07-23 02:17:25.812093: I tensorflow/tsl/framework/bfc_allocator.cc:1041] Bin (131072): 	Total Chunks: 6, Chunks in use: 6. 864.0KiB allocated for chunks. 864.0KiB in use in bin. 864.0KiB client-requested in use in bin.
2023-07-23 02:17:25.812099: I tensorflow/tsl/framework/bfc_allocator.cc:1041] Bin (262144): 	Total Chunks: 9, Chunks in use: 9. 2.70MiB allocated for chunks. 2.70MiB in use in bin. 2.53MiB client-requested in use in bin.
2023-07-23 02:17:25.812105: I tensorflow/tsl/framework/bfc_allocator.cc:1041] Bin (524288): 	Total Chunks: 7, Chunks in use: 6. 4.63MiB allocated for chunks. 4.11MiB in use in bin. 3.38MiB client-requested in use in bin.
2023-07-23 02:17:25.812112: I tensorflow/tsl/framework/bfc_allocator.cc:1041] Bin (1048576): 	Total Chunks: 10, Chunks in use: 9. 12.07MiB allocated for chunks. 10.41MiB in use in bin. 10.12MiB client-requested in use in bin.
2023-07-23 02:17:25.812119: I tensorflow/tsl/framework/bfc_allocator.cc:1041] Bin (2097152): 	Total Chunks: 9, Chunks in use: 7. 21.12MiB allocated for chunks. 15.50MiB in use in bin. 15.50MiB client-requested in use in bin.
2023-07-23 02:17:25.812125: I tensorflow/tsl/framework/bfc_allocator.cc:1041] Bin (4194304): 	Total Chunks: 13, Chunks in use: 13. 59.12MiB allocated for chunks. 59.12MiB in use in bin. 56.50MiB client-requested in use in bin.
2023-07-23 02:17:25.812132: I tensorflow/tsl/framework/bfc_allocator.cc:1041] Bin (8388608): 	Total Chunks: 17, Chunks in use: 17. 160.00MiB allocated for chunks. 160.00MiB in use in bin. 154.00MiB client-requested in use in bin.
2023-07-23 02:17:25.812156: I tensorflow/tsl/framework/bfc_allocator.cc:1041] Bin (16777216): 	Total Chunks: 23, Chunks in use: 22. 412.00MiB allocated for chunks. 396.00MiB in use in bin. 370.00MiB client-requested in use in bin.
2023-07-23 02:17:25.812163: I tensorflow/tsl/framework/bfc_allocator.cc:1041] Bin (33554432): 	Total Chunks: 17, Chunks in use: 17. 613.63MiB allocated for chunks. 613.63MiB in use in bin. 556.00MiB client-requested in use in bin.
2023-07-23 02:17:25.812171: I tensorflow/tsl/framework/bfc_allocator.cc:1041] Bin (67108864): 	Total Chunks: 10, Chunks in use: 10. 702.00MiB allocated for chunks. 702.00MiB in use in bin. 640.00MiB client-requested in use in bin.
2023-07-23 02:17:25.812177: I tensorflow/tsl/framework/bfc_allocator.cc:1041] Bin (134217728): 	Total Chunks: 13, Chunks in use: 13. 1.76GiB allocated for chunks. 1.76GiB in use in bin. 1.62GiB client-requested in use in bin.
2023-07-23 02:17:25.812184: I tensorflow/tsl/framework/bfc_allocator.cc:1041] Bin (268435456): 	Total Chunks: 7, Chunks in use: 7. 26.58GiB allocated for chunks. 26.58GiB in use in bin. 26.58GiB client-requested in use in bin.
2023-07-23 02:17:25.812191: I tensorflow/tsl/framework/bfc_allocator.cc:1057] Bin for 128.00MiB was 128.00MiB, Chunk State: 
2023-07-23 02:17:25.812197: I tensorflow/tsl/framework/bfc_allocator.cc:1070] Next region of size 32507297792
2023-07-23 02:17:25.812206: I tensorflow/tsl/framework/bfc_allocator.cc:1090] InUse at 14d59e000000 of size 1280 next 1
2023-07-23 02:17:25.812212: I tensorflow/tsl/framework/bfc_allocator.cc:1090] InUse at 14d59e000500 of size 256 next 2
2023-07-23 02:17:25.812217: I tensorflow/tsl/framework/bfc_allocator.cc:1090] InUse at 14d59e000600 of size 256 next 3
2023-07-23 02:17:25.812222: I tensorflow/tsl/framework/bfc_allocator.cc:1090] InUse at 14d59e000700 of size 256 next 4
2023-07-23 02:17:25.812227: I tensorflow/tsl/framework/bfc_allocator.cc:1090] InUse at 14d59e000800 of size 256 next 5
2023-07-23 02:17:25.812232: I tensorflow/tsl/framework/bfc_allocator.cc:1090] InUse at 14d59e000900 of size 256 next 290
2023-07-23 02:17:25.812237: I tensorflow/tsl/framework/bfc_allocator.cc:1090] InUse at 14d59e000a00 of size 256 next 7
2023-07-23 02:17:25.812242: I tensorflow/tsl/framework/bfc_allocator.cc:1090] InUse at 14d59e000b00 of size 256 next 8
2023-07-23 02:17:25.812247: I tensorflow/tsl/framework/bfc_allocator.cc:1090] InUse at 14d59e000c00 of size 256 next 9
2023-07-23 02:17:25.812252: I tensorflow/tsl/framework/bfc_allocator.cc:1090] InUse at 14d59e000d00 of size 256 next 11
2023-07-23 02:17:25.812257: I tensorflow/tsl/framework/bfc_allocator.cc:1090] InUse at 14d59e000e00 of size 256 next 12
2023-07-23 02:17:25.812262: I tensorflow/tsl/framework/bfc_allocator.cc:1090] InUse at 14d59e000f00 of size 256 next 10
2023-07-23 02:17:25.812267: I tensorflow/tsl/framework/bfc_allocator.cc:1090] InUse at 14d59e001000 of size 256 next 17
2023-07-23 02:17:25.812272: I tensorflow/tsl/framework/bfc_allocator.cc:1090] InUse at 14d59e001100 of size 256 next 13
2023-07-23 02:17:25.812277: I tensorflow/tsl/framework/bfc_allocator.cc:1090] InUse at 14d59e001200 of size 256 next 16
2023-07-23 02:17:25.812282: I tensorflow/tsl/framework/bfc_allocator.cc:1090] InUse at 14d59e001300 of size 256 next 155
2023-07-23 02:17:25.812300: I tensorflow/tsl/framework/bfc_allocator.cc:1090] InUse at 14d59e001400 of size 256 next 21
2023-07-23 02:17:25.812305: I tensorflow/tsl/framework/bfc_allocator.cc:1090] InUse at 14d59e001500 of size 256 next 22
2023-07-23 02:17:25.812309: I tensorflow/tsl/framework/bfc_allocator.cc:1090] InUse at 14d59e001600 of size 256 next 23
2023-07-23 02:17:25.812314: I tensorflow/tsl/framework/bfc_allocator.cc:1090] InUse at 14d59e001700 of size 256 next 350
2023-07-23 02:17:25.812319: I tensorflow/tsl/framework/bfc_allocator.cc:1090] InUse at 14d59e001800 of size 256 next 24
2023-07-23 02:17:25.812324: I tensorflow/tsl/framework/bfc_allocator.cc:1090] InUse at 14d59e001900 of size 256 next 25
2023-07-23 02:17:25.812329: I tensorflow/tsl/framework/bfc_allocator.cc:1090] InUse at 14d59e001a00 of size 256 next 28
2023-07-23 02:17:25.812334: I tensorflow/tsl/framework/bfc_allocator.cc:1090] InUse at 14d59e001b00 of size 256 next 19
2023-07-23 02:17:25.812339: I tensorflow/tsl/framework/bfc_allocator.cc:1090] InUse at 14d59e001c00 of size 256 next 18
2023-07-23 02:17:25.812344: I tensorflow/tsl/framework/bfc_allocator.cc:1090] InUse at 14d59e001d00 of size 256 next 144
2023-07-23 02:17:25.812349: I tensorflow/tsl/framework/bfc_allocator.cc:1090] InUse at 14d59e001e00 of size 256 next 150
2023-07-23 02:17:25.812354: I tensorflow/tsl/framework/bfc_allocator.cc:1090] InUse at 14d59e001f00 of size 512 next 30
2023-07-23 02:17:25.812360: I tensorflow/tsl/framework/bfc_allocator.cc:1090] InUse at 14d59e002100 of size 256 next 243
2023-07-23 02:17:25.812365: I tensorflow/tsl/framework/bfc_allocator.cc:1090] InUse at 14d59e002200 of size 256 next 331
2023-07-23 02:17:25.812370: I tensorflow/tsl/framework/bfc_allocator.cc:1090] InUse at 14d59e002300 of size 256 next 376
2023-07-23 02:17:25.812375: I tensorflow/tsl/framework/bfc_allocator.cc:1090] InUse at 14d59e002400 of size 256 next 35
2023-07-23 02:17:25.812379: I tensorflow/tsl/framework/bfc_allocator.cc:1090] InUse at 14d59e002500 of size 256 next 36
2023-07-23 02:17:25.812384: I tensorflow/tsl/framework/bfc_allocator.cc:1090] InUse at 14d59e002600 of size 256 next 37
2023-07-23 02:17:25.812389: I tensorflow/tsl/framework/bfc_allocator.cc:1090] InUse at 14d59e002700 of size 512 next 160
2023-07-23 02:17:25.812394: I tensorflow/tsl/framework/bfc_allocator.cc:1090] InUse at 14d59e002900 of size 512 next 38
2023-07-23 02:17:25.812399: I tensorflow/tsl/framework/bfc_allocator.cc:1090] InUse at 14d59e002b00 of size 256 next 39
2023-07-23 02:17:25.812404: I tensorflow/tsl/framework/bfc_allocator.cc:1090] InUse at 14d59e002c00 of size 256 next 42
2023-07-23 02:17:25.812409: I tensorflow/tsl/framework/bfc_allocator.cc:1090] InUse at 14d59e002d00 of size 512 next 295
2023-07-23 02:17:25.812413: I tensorflow/tsl/framework/bfc_allocator.cc:1090] InUse at 14d59e002f00 of size 512 next 45
2023-07-23 02:17:25.812429: I tensorflow/tsl/framework/bfc_allocator.cc:1090] InUse at 14d59e003100 of size 1024 next 43
2023-07-23 02:17:25.812434: I tensorflow/tsl/framework/bfc_allocator.cc:1090] InUse at 14d59e003500 of size 1024 next 44
2023-07-23 02:17:25.812439: I tensorflow/tsl/framework/bfc_allocator.cc:1090] InUse at 14d59e003900 of size 1024 next 141
2023-07-23 02:17:25.812444: I tensorflow/tsl/framework/bfc_allocator.cc:1090] InUse at 14d59e003d00 of size 1024 next 49
2023-07-23 02:17:25.812448: I tensorflow/tsl/framework/bfc_allocator.cc:1090] InUse at 14d59e004100 of size 256 next 50
2023-07-23 02:17:25.812453: I tensorflow/tsl/framework/bfc_allocator.cc:1090] InUse at 14d59e004200 of size 256 next 51
2023-07-23 02:17:25.812457: I tensorflow/tsl/framework/bfc_allocator.cc:1090] InUse at 14d59e004300 of size 1024 next 303
2023-07-23 02:17:25.812462: I tensorflow/tsl/framework/bfc_allocator.cc:1090] InUse at 14d59e004700 of size 1024 next 52
2023-07-23 02:17:25.812467: I tensorflow/tsl/framework/bfc_allocator.cc:1090] InUse at 14d59e004b00 of size 256 next 53
2023-07-23 02:17:25.812471: I tensorflow/tsl/framework/bfc_allocator.cc:1090] InUse at 14d59e004c00 of size 256 next 56
2023-07-23 02:17:25.812476: I tensorflow/tsl/framework/bfc_allocator.cc:1090] InUse at 14d59e004d00 of size 1024 next 166
2023-07-23 02:17:25.812480: I tensorflow/tsl/framework/bfc_allocator.cc:1090] InUse at 14d59e005100 of size 1024 next 59
2023-07-23 02:17:25.812485: I tensorflow/tsl/framework/bfc_allocator.cc:1090] InUse at 14d59e005500 of size 2048 next 57
2023-07-23 02:17:25.812490: I tensorflow/tsl/framework/bfc_allocator.cc:1090] InUse at 14d59e005d00 of size 2048 next 58
2023-07-23 02:17:25.812494: I tensorflow/tsl/framework/bfc_allocator.cc:1090] InUse at 14d59e006500 of size 256 next 367
2023-07-23 02:17:25.812499: I tensorflow/tsl/framework/bfc_allocator.cc:1090] InUse at 14d59e006600 of size 256 next 307
2023-07-23 02:17:25.812504: I tensorflow/tsl/framework/bfc_allocator.cc:1090] InUse at 14d59e006700 of size 1536 next 180
2023-07-23 02:17:25.812509: I tensorflow/tsl/framework/bfc_allocator.cc:1090] InUse at 14d59e006d00 of size 512 next 29
2023-07-23 02:17:25.812514: I tensorflow/tsl/framework/bfc_allocator.cc:1090] InUse at 14d59e006f00 of size 512 next 164
2023-07-23 02:17:25.812518: I tensorflow/tsl/framework/bfc_allocator.cc:1090] InUse at 14d59e007100 of size 256 next 370
2023-07-23 02:17:25.812523: I tensorflow/tsl/framework/bfc_allocator.cc:1090] InUse at 14d59e007200 of size 256 next 294
2023-07-23 02:17:25.812527: I tensorflow/tsl/framework/bfc_allocator.cc:1090] InUse at 14d59e007300 of size 256 next 143
2023-07-23 02:17:25.812532: I tensorflow/tsl/framework/bfc_allocator.cc:1090] InUse at 14d59e007400 of size 256 next 63
2023-07-23 02:17:25.812537: I tensorflow/tsl/framework/bfc_allocator.cc:1090] InUse at 14d59e007500 of size 256 next 64
2023-07-23 02:17:25.812541: I tensorflow/tsl/framework/bfc_allocator.cc:1090] InUse at 14d59e007600 of size 256 next 65
2023-07-23 02:17:25.812546: I tensorflow/tsl/framework/bfc_allocator.cc:1090] InUse at 14d59e007700 of size 512 next 26
2023-07-23 02:17:25.812550: I tensorflow/tsl/framework/bfc_allocator.cc:1090] Free  at 14d59e007900 of size 21504 next 15
2023-07-23 02:17:25.812555: I tensorflow/tsl/framework/bfc_allocator.cc:1090] InUse at 14d59e00cd00 of size 256 next 66
2023-07-23 02:17:25.812560: I tensorflow/tsl/framework/bfc_allocator.cc:1090] InUse at 14d59e00ce00 of size 256 next 67
2023-07-23 02:17:25.812564: I tensorflow/tsl/framework/bfc_allocator.cc:1090] InUse at 14d59e00cf00 of size 2048 next 312
2023-07-23 02:17:25.812569: I tensorflow/tsl/framework/bfc_allocator.cc:1090] InUse at 14d59e00d700 of size 2048 next 72
2023-07-23 02:17:25.812573: I tensorflow/tsl/framework/bfc_allocator.cc:1090] InUse at 14d59e00df00 of size 4096 next 70
2023-07-23 02:17:25.812578: I tensorflow/tsl/framework/bfc_allocator.cc:1090] InUse at 14d59e00ef00 of size 4096 next 71
2023-07-23 02:17:25.812583: I tensorflow/tsl/framework/bfc_allocator.cc:1090] InUse at 14d59e00ff00 of size 512 next 55
2023-07-23 02:17:25.812587: I tensorflow/tsl/framework/bfc_allocator.cc:1090] InUse at 14d59e010100 of size 1536 next 369
2023-07-23 02:17:25.812592: I tensorflow/tsl/framework/bfc_allocator.cc:1090] InUse at 14d59e010700 of size 2048 next 333
2023-07-23 02:17:25.812597: I tensorflow/tsl/framework/bfc_allocator.cc:1090] InUse at 14d59e010f00 of size 2048 next 334
2023-07-23 02:17:25.812601: I tensorflow/tsl/framework/bfc_allocator.cc:1090] InUse at 14d59e011700 of size 2048 next 76
2023-07-23 02:17:25.812606: I tensorflow/tsl/framework/bfc_allocator.cc:1090] InUse at 14d59e011f00 of size 2048 next 77
2023-07-23 02:17:25.812610: I tensorflow/tsl/framework/bfc_allocator.cc:1090] InUse at 14d59e012700 of size 2048 next 193
2023-07-23 02:17:25.812615: I tensorflow/tsl/framework/bfc_allocator.cc:1090] InUse at 14d59e012f00 of size 2048 next 83
2023-07-23 02:17:25.812620: I tensorflow/tsl/framework/bfc_allocator.cc:1090] InUse at 14d59e013700 of size 2048 next 80
2023-07-23 02:17:25.812624: I tensorflow/tsl/framework/bfc_allocator.cc:1090] InUse at 14d59e013f00 of size 2048 next 82
2023-07-23 02:17:25.812629: I tensorflow/tsl/framework/bfc_allocator.cc:1090] InUse at 14d59e014700 of size 1024 next 46
2023-07-23 02:17:25.812633: I tensorflow/tsl/framework/bfc_allocator.cc:1090] InUse at 14d59e014b00 of size 256 next 240
2023-07-23 02:17:25.812638: I tensorflow/tsl/framework/bfc_allocator.cc:1090] InUse at 14d59e014c00 of size 256 next 377
2023-07-23 02:17:25.812643: I tensorflow/tsl/framework/bfc_allocator.cc:1090] InUse at 14d59e014d00 of size 256 next 276
2023-07-23 02:17:25.812647: I tensorflow/tsl/framework/bfc_allocator.cc:1090] InUse at 14d59e014e00 of size 256 next 342
2023-07-23 02:17:25.812652: I tensorflow/tsl/framework/bfc_allocator.cc:1090] InUse at 14d59e014f00 of size 1024 next 343
2023-07-23 02:17:25.812656: I tensorflow/tsl/framework/bfc_allocator.cc:1090] InUse at 14d59e015300 of size 1024 next 86
2023-07-23 02:17:25.812661: I tensorflow/tsl/framework/bfc_allocator.cc:1090] InUse at 14d59e015700 of size 1024 next 87
2023-07-23 02:17:25.812666: I tensorflow/tsl/framework/bfc_allocator.cc:1090] InUse at 14d59e015b00 of size 1024 next 338
2023-07-23 02:17:25.812670: I tensorflow/tsl/framework/bfc_allocator.cc:1090] InUse at 14d59e015f00 of size 1024 next 92
2023-07-23 02:17:25.812675: I tensorflow/tsl/framework/bfc_allocator.cc:1090] InUse at 14d59e016300 of size 1024 next 90
2023-07-23 02:17:25.812688: I tensorflow/tsl/framework/bfc_allocator.cc:1090] InUse at 14d59e016700 of size 1024 next 91
2023-07-23 02:17:25.812693: I tensorflow/tsl/framework/bfc_allocator.cc:1090] InUse at 14d59e016b00 of size 256 next 172
2023-07-23 02:17:25.812697: I tensorflow/tsl/framework/bfc_allocator.cc:1090] InUse at 14d59e016c00 of size 256 next 289
2023-07-23 02:17:25.812702: I tensorflow/tsl/framework/bfc_allocator.cc:1090] InUse at 14d59e016d00 of size 256 next 104
2023-07-23 02:17:25.812707: I tensorflow/tsl/framework/bfc_allocator.cc:1090] InUse at 14d59e016e00 of size 256 next 351
2023-07-23 02:17:25.812711: I tensorflow/tsl/framework/bfc_allocator.cc:1090] InUse at 14d59e016f00 of size 512 next 352
2023-07-23 02:17:25.812716: I tensorflow/tsl/framework/bfc_allocator.cc:1090] InUse at 14d59e017100 of size 512 next 95
2023-07-23 02:17:25.812721: I tensorflow/tsl/framework/bfc_allocator.cc:1090] InUse at 14d59e017300 of size 1024 next 97
2023-07-23 02:17:25.812725: I tensorflow/tsl/framework/bfc_allocator.cc:1090] InUse at 14d59e017700 of size 512 next 227
2023-07-23 02:17:25.812730: I tensorflow/tsl/framework/bfc_allocator.cc:1090] InUse at 14d59e017900 of size 512 next 231
2023-07-23 02:17:25.812735: I tensorflow/tsl/framework/bfc_allocator.cc:1090] InUse at 14d59e017b00 of size 512 next 100
2023-07-23 02:17:25.812739: I tensorflow/tsl/framework/bfc_allocator.cc:1090] InUse at 14d59e017d00 of size 256 next 381
2023-07-23 02:17:25.812744: I tensorflow/tsl/framework/bfc_allocator.cc:1090] InUse at 14d59e017e00 of size 256 next 360
2023-07-23 02:17:25.812749: I tensorflow/tsl/framework/bfc_allocator.cc:1090] InUse at 14d59e017f00 of size 512 next 105
2023-07-23 02:17:25.812753: I tensorflow/tsl/framework/bfc_allocator.cc:1090] InUse at 14d59e018100 of size 512 next 106
2023-07-23 02:17:25.812758: I tensorflow/tsl/framework/bfc_allocator.cc:1090] Free  at 14d59e018300 of size 543232 next 139
2023-07-23 02:17:25.812763: I tensorflow/tsl/framework/bfc_allocator.cc:1090] InUse at 14d59e09cd00 of size 512 next 348
2023-07-23 02:17:25.812767: I tensorflow/tsl/framework/bfc_allocator.cc:1090] InUse at 14d59e09cf00 of size 1024 next 339
2023-07-23 02:17:25.812772: I tensorflow/tsl/framework/bfc_allocator.cc:1090] InUse at 14d59e09d300 of size 2048 next 223
2023-07-23 02:17:25.812776: I tensorflow/tsl/framework/bfc_allocator.cc:1090] InUse at 14d59e09db00 of size 2048 next 330
2023-07-23 02:17:25.812781: I tensorflow/tsl/framework/bfc_allocator.cc:1090] InUse at 14d59e09e300 of size 4096 next 195
2023-07-23 02:17:25.812786: I tensorflow/tsl/framework/bfc_allocator.cc:1090] InUse at 14d59e09f300 of size 4096 next 324
2023-07-23 02:17:25.812790: I tensorflow/tsl/framework/bfc_allocator.cc:1090] InUse at 14d59e0a0300 of size 4096 next 325
2023-07-23 02:17:25.812795: I tensorflow/tsl/framework/bfc_allocator.cc:1090] InUse at 14d59e0a1300 of size 4096 next 321
2023-07-23 02:17:25.812800: I tensorflow/tsl/framework/bfc_allocator.cc:1090] InUse at 14d59e0a2300 of size 147456 next 286
2023-07-23 02:17:25.812805: I tensorflow/tsl/framework/bfc_allocator.cc:1090] InUse at 14d59e0c6300 of size 147456 next 349
2023-07-23 02:17:25.812809: I tensorflow/tsl/framework/bfc_allocator.cc:1090] InUse at 14d59e0ea300 of size 147456 next 244
2023-07-23 02:17:25.812814: I tensorflow/tsl/framework/bfc_allocator.cc:1090] Free  at 14d59e10e300 of size 1747456 next 32
2023-07-23 02:17:25.812819: I tensorflow/tsl/framework/bfc_allocator.cc:1090] InUse at 14d59e2b8d00 of size 737536 next 110
2023-07-23 02:17:25.812823: I tensorflow/tsl/framework/bfc_allocator.cc:1090] InUse at 14d59e36ce00 of size 256 next 107
2023-07-23 02:17:25.812828: I tensorflow/tsl/framework/bfc_allocator.cc:1090] InUse at 14d59e36cf00 of size 256 next 111
2023-07-23 02:17:25.812833: I tensorflow/tsl/framework/bfc_allocator.cc:1090] InUse at 14d59e36d000 of size 256 next 113
2023-07-23 02:17:25.812838: I tensorflow/tsl/framework/bfc_allocator.cc:1090] InUse at 14d59e36d100 of size 256 next 114
2023-07-23 02:17:25.812842: I tensorflow/tsl/framework/bfc_allocator.cc:1090] InUse at 14d59e36d200 of size 256 next 115
2023-07-23 02:17:25.812847: I tensorflow/tsl/framework/bfc_allocator.cc:1090] InUse at 14d59e36d300 of size 256 next 116
2023-07-23 02:17:25.812851: I tensorflow/tsl/framework/bfc_allocator.cc:1090] InUse at 14d59e36d400 of size 256 next 118
2023-07-23 02:17:25.812856: I tensorflow/tsl/framework/bfc_allocator.cc:1090] InUse at 14d59e36d500 of size 256 next 117
2023-07-23 02:17:25.812861: I tensorflow/tsl/framework/bfc_allocator.cc:1090] InUse at 14d59e36d600 of size 256 next 119
2023-07-23 02:17:25.812865: I tensorflow/tsl/framework/bfc_allocator.cc:1090] InUse at 14d59e36d700 of size 256 next 120
2023-07-23 02:17:25.812870: I tensorflow/tsl/framework/bfc_allocator.cc:1090] InUse at 14d59e36d800 of size 256 next 121
2023-07-23 02:17:25.812874: I tensorflow/tsl/framework/bfc_allocator.cc:1090] InUse at 14d59e36d900 of size 256 next 122
2023-07-23 02:17:25.812879: I tensorflow/tsl/framework/bfc_allocator.cc:1090] InUse at 14d59e36da00 of size 256 next 123
2023-07-23 02:17:25.812883: I tensorflow/tsl/framework/bfc_allocator.cc:1090] InUse at 14d59e36db00 of size 256 next 127
2023-07-23 02:17:25.812888: I tensorflow/tsl/framework/bfc_allocator.cc:1090] InUse at 14d59e36dc00 of size 256 next 128
2023-07-23 02:17:25.812892: I tensorflow/tsl/framework/bfc_allocator.cc:1090] InUse at 14d59e36dd00 of size 256 next 129
2023-07-23 02:17:25.812897: I tensorflow/tsl/framework/bfc_allocator.cc:1090] InUse at 14d59e36de00 of size 256 next 130
2023-07-23 02:17:25.812902: I tensorflow/tsl/framework/bfc_allocator.cc:1090] InUse at 14d59e36df00 of size 256 next 131
2023-07-23 02:17:25.812906: I tensorflow/tsl/framework/bfc_allocator.cc:1090] Free  at 14d59e36e000 of size 33536 next 138
2023-07-23 02:17:25.812911: I tensorflow/tsl/framework/bfc_allocator.cc:1090] InUse at 14d59e376300 of size 256 next 14
2023-07-23 02:17:25.812915: I tensorflow/tsl/framework/bfc_allocator.cc:1090] InUse at 14d59e376400 of size 256 next 137
2023-07-23 02:17:25.812920: I tensorflow/tsl/framework/bfc_allocator.cc:1090] InUse at 14d59e376500 of size 1024 next 319
2023-07-23 02:17:25.812925: I tensorflow/tsl/framework/bfc_allocator.cc:1090] InUse at 14d59e376900 of size 256 next 171
2023-07-23 02:17:25.812929: I tensorflow/tsl/framework/bfc_allocator.cc:1090] InUse at 14d59e376a00 of size 256 next 229
2023-07-23 02:17:25.812934: I tensorflow/tsl/framework/bfc_allocator.cc:1090] InUse at 14d59e376b00 of size 512 next 149
2023-07-23 02:17:25.812938: I tensorflow/tsl/framework/bfc_allocator.cc:1090] InUse at 14d59e376d00 of size 512 next 27
2023-07-23 02:17:25.812943: I tensorflow/tsl/framework/bfc_allocator.cc:1090] InUse at 14d59e376f00 of size 512 next 153
2023-07-23 02:17:25.812947: I tensorflow/tsl/framework/bfc_allocator.cc:1090] InUse at 14d59e377100 of size 512 next 154
2023-07-23 02:17:25.812952: I tensorflow/tsl/framework/bfc_allocator.cc:1090] Free  at 14d59e377300 of size 2048 next 316
2023-07-23 02:17:25.812957: I tensorflow/tsl/framework/bfc_allocator.cc:1090] InUse at 14d59e377b00 of size 2048 next 293
2023-07-23 02:17:25.812961: I tensorflow/tsl/framework/bfc_allocator.cc:1090] InUse at 14d59e378300 of size 2048 next 341
2023-07-23 02:17:25.812966: I tensorflow/tsl/framework/bfc_allocator.cc:1090] InUse at 14d59e378b00 of size 2048 next 179
2023-07-23 02:17:25.812971: I tensorflow/tsl/framework/bfc_allocator.cc:1090] Free  at 14d59e379300 of size 5632 next 173
2023-07-23 02:17:25.812975: I tensorflow/tsl/framework/bfc_allocator.cc:1090] InUse at 14d59e37a900 of size 2048 next 170
2023-07-23 02:17:25.812980: I tensorflow/tsl/framework/bfc_allocator.cc:1090] InUse at 14d59e37b100 of size 2048 next 177
2023-07-23 02:17:25.812985: I tensorflow/tsl/framework/bfc_allocator.cc:1090] InUse at 14d59e37b900 of size 2048 next 178
2023-07-23 02:17:25.813006: I tensorflow/tsl/framework/bfc_allocator.cc:1090] InUse at 14d59e37c100 of size 2048 next 101
2023-07-23 02:17:25.813011: I tensorflow/tsl/framework/bfc_allocator.cc:1090] InUse at 14d59e37c900 of size 2048 next 147
2023-07-23 02:17:25.813016: I tensorflow/tsl/framework/bfc_allocator.cc:1090] InUse at 14d59e37d100 of size 2048 next 148
2023-07-23 02:17:25.813021: I tensorflow/tsl/framework/bfc_allocator.cc:1090] InUse at 14d59e37d900 of size 4096 next 136
2023-07-23 02:17:25.813025: I tensorflow/tsl/framework/bfc_allocator.cc:1090] InUse at 14d59e37e900 of size 4096 next 184
2023-07-23 02:17:25.813030: I tensorflow/tsl/framework/bfc_allocator.cc:1090] InUse at 14d59e37f900 of size 4096 next 182
2023-07-23 02:17:25.813035: I tensorflow/tsl/framework/bfc_allocator.cc:1090] InUse at 14d59e380900 of size 2048 next 174
2023-07-23 02:17:25.813040: I tensorflow/tsl/framework/bfc_allocator.cc:1090] InUse at 14d59e381100 of size 2048 next 188
2023-07-23 02:17:25.813045: I tensorflow/tsl/framework/bfc_allocator.cc:1090] InUse at 14d59e381900 of size 4096 next 189
2023-07-23 02:17:25.813050: I tensorflow/tsl/framework/bfc_allocator.cc:1090] InUse at 14d59e382900 of size 4096 next 185
2023-07-23 02:17:25.813054: I tensorflow/tsl/framework/bfc_allocator.cc:1090] InUse at 14d59e383900 of size 4096 next 186
2023-07-23 02:17:25.813059: I tensorflow/tsl/framework/bfc_allocator.cc:1090] InUse at 14d59e384900 of size 4096 next 192
2023-07-23 02:17:25.813064: I tensorflow/tsl/framework/bfc_allocator.cc:1090] InUse at 14d59e385900 of size 4096 next 196
2023-07-23 02:17:25.813069: I tensorflow/tsl/framework/bfc_allocator.cc:1090] InUse at 14d59e386900 of size 2048 next 194
2023-07-23 02:17:25.813074: I tensorflow/tsl/framework/bfc_allocator.cc:1090] InUse at 14d59e387100 of size 2048 next 200
2023-07-23 02:17:25.813079: I tensorflow/tsl/framework/bfc_allocator.cc:1090] InUse at 14d59e387900 of size 2048 next 197
2023-07-23 02:17:25.813084: I tensorflow/tsl/framework/bfc_allocator.cc:1090] InUse at 14d59e388100 of size 2048 next 204
2023-07-23 02:17:25.813088: I tensorflow/tsl/framework/bfc_allocator.cc:1090] InUse at 14d59e388900 of size 2048 next 205
2023-07-23 02:17:25.813093: I tensorflow/tsl/framework/bfc_allocator.cc:1090] InUse at 14d59e389100 of size 2048 next 201
2023-07-23 02:17:25.813098: I tensorflow/tsl/framework/bfc_allocator.cc:1090] InUse at 14d59e389900 of size 2048 next 202
2023-07-23 02:17:25.813103: I tensorflow/tsl/framework/bfc_allocator.cc:1090] InUse at 14d59e38a100 of size 2048 next 208
2023-07-23 02:17:25.813108: I tensorflow/tsl/framework/bfc_allocator.cc:1090] InUse at 14d59e38a900 of size 2048 next 211
2023-07-23 02:17:25.813113: I tensorflow/tsl/framework/bfc_allocator.cc:1090] InUse at 14d59e38b100 of size 1024 next 218
2023-07-23 02:17:25.813117: I tensorflow/tsl/framework/bfc_allocator.cc:1090] InUse at 14d59e38b500 of size 1024 next 215
2023-07-23 02:17:25.813122: I tensorflow/tsl/framework/bfc_allocator.cc:1090] InUse at 14d59e38b900 of size 1024 next 212
2023-07-23 02:17:25.813127: I tensorflow/tsl/framework/bfc_allocator.cc:1090] InUse at 14d59e38bd00 of size 1024 next 219
2023-07-23 02:17:25.813132: I tensorflow/tsl/framework/bfc_allocator.cc:1090] InUse at 14d59e38c100 of size 1024 next 220
2023-07-23 02:17:25.813137: I tensorflow/tsl/framework/bfc_allocator.cc:1090] InUse at 14d59e38c500 of size 1024 next 216
2023-07-23 02:17:25.813158: I tensorflow/tsl/framework/bfc_allocator.cc:1090] InUse at 14d59e38c900 of size 1024 next 217
2023-07-23 02:17:25.813163: I tensorflow/tsl/framework/bfc_allocator.cc:1090] InUse at 14d59e38cd00 of size 1024 next 93
2023-07-23 02:17:25.813168: I tensorflow/tsl/framework/bfc_allocator.cc:1090] InUse at 14d59e38d100 of size 1024 next 226
2023-07-23 02:17:25.813174: I tensorflow/tsl/framework/bfc_allocator.cc:1090] InUse at 14d59e38d500 of size 512 next 98
2023-07-23 02:17:25.813179: I tensorflow/tsl/framework/bfc_allocator.cc:1090] InUse at 14d59e38d700 of size 256 next 287
2023-07-23 02:17:25.813184: I tensorflow/tsl/framework/bfc_allocator.cc:1090] InUse at 14d59e38d800 of size 256 next 230
2023-07-23 02:17:25.813189: I tensorflow/tsl/framework/bfc_allocator.cc:1090] InUse at 14d59e38d900 of size 512 next 228
2023-07-23 02:17:25.813194: I tensorflow/tsl/framework/bfc_allocator.cc:1090] InUse at 14d59e38db00 of size 512 next 234
2023-07-23 02:17:25.813199: I tensorflow/tsl/framework/bfc_allocator.cc:1090] InUse at 14d59e38dd00 of size 512 next 235
2023-07-23 02:17:25.813203: I tensorflow/tsl/framework/bfc_allocator.cc:1090] InUse at 14d59e38df00 of size 512 next 232
2023-07-23 02:17:25.813208: I tensorflow/tsl/framework/bfc_allocator.cc:1090] InUse at 14d59e38e100 of size 512 next 102
2023-07-23 02:17:25.813213: I tensorflow/tsl/framework/bfc_allocator.cc:1090] InUse at 14d59e38e300 of size 512 next 238
2023-07-23 02:17:25.813218: I tensorflow/tsl/framework/bfc_allocator.cc:1090] InUse at 14d59e38e500 of size 512 next 241
2023-07-23 02:17:25.813223: I tensorflow/tsl/framework/bfc_allocator.cc:1090] InUse at 14d59e38e700 of size 256 next 242
2023-07-23 02:17:25.813228: I tensorflow/tsl/framework/bfc_allocator.cc:1090] InUse at 14d59e38e800 of size 256 next 245
2023-07-23 02:17:25.813233: I tensorflow/tsl/framework/bfc_allocator.cc:1090] InUse at 14d59e38e900 of size 256 next 354
2023-07-23 02:17:25.813238: I tensorflow/tsl/framework/bfc_allocator.cc:1090] InUse at 14d59e38ea00 of size 256 next 248
2023-07-23 02:17:25.813243: I tensorflow/tsl/framework/bfc_allocator.cc:1090] InUse at 14d59e38eb00 of size 256 next 357
2023-07-23 02:17:25.813248: I tensorflow/tsl/framework/bfc_allocator.cc:1090] InUse at 14d59e38ec00 of size 256 next 366
2023-07-23 02:17:25.813253: I tensorflow/tsl/framework/bfc_allocator.cc:1090] InUse at 14d59e38ed00 of size 256 next 103
2023-07-23 02:17:25.813258: I tensorflow/tsl/framework/bfc_allocator.cc:1090] InUse at 14d59e38ee00 of size 256 next 252
2023-07-23 02:17:25.813263: I tensorflow/tsl/framework/bfc_allocator.cc:1090] InUse at 14d59e38ef00 of size 256 next 253
2023-07-23 02:17:25.813268: I tensorflow/tsl/framework/bfc_allocator.cc:1090] InUse at 14d59e38f000 of size 256 next 254
2023-07-23 02:17:25.813273: I tensorflow/tsl/framework/bfc_allocator.cc:1090] InUse at 14d59e38f100 of size 256 next 361
2023-07-23 02:17:25.813278: I tensorflow/tsl/framework/bfc_allocator.cc:1090] InUse at 14d59e38f200 of size 256 next 256
2023-07-23 02:17:25.813283: I tensorflow/tsl/framework/bfc_allocator.cc:1090] InUse at 14d59e38f300 of size 256 next 257
2023-07-23 02:17:25.813288: I tensorflow/tsl/framework/bfc_allocator.cc:1090] InUse at 14d59e38f400 of size 256 next 258
2023-07-23 02:17:25.813293: I tensorflow/tsl/framework/bfc_allocator.cc:1090] InUse at 14d59e38f500 of size 256 next 259
2023-07-23 02:17:25.813298: I tensorflow/tsl/framework/bfc_allocator.cc:1090] InUse at 14d59e38f600 of size 256 next 260
2023-07-23 02:17:25.813303: I tensorflow/tsl/framework/bfc_allocator.cc:1090] InUse at 14d59e38f700 of size 256 next 261
2023-07-23 02:17:25.813308: I tensorflow/tsl/framework/bfc_allocator.cc:1090] InUse at 14d59e38f800 of size 256 next 262
2023-07-23 02:17:25.813313: I tensorflow/tsl/framework/bfc_allocator.cc:1090] InUse at 14d59e38f900 of size 256 next 263
2023-07-23 02:17:25.813318: I tensorflow/tsl/framework/bfc_allocator.cc:1090] InUse at 14d59e38fa00 of size 256 next 264
2023-07-23 02:17:25.813323: I tensorflow/tsl/framework/bfc_allocator.cc:1090] InUse at 14d59e38fb00 of size 256 next 265
2023-07-23 02:17:25.813328: I tensorflow/tsl/framework/bfc_allocator.cc:1090] InUse at 14d59e38fc00 of size 256 next 266
2023-07-23 02:17:25.813332: I tensorflow/tsl/framework/bfc_allocator.cc:1090] InUse at 14d59e38fd00 of size 256 next 267
2023-07-23 02:17:25.813338: I tensorflow/tsl/framework/bfc_allocator.cc:1090] InUse at 14d59e38fe00 of size 256 next 268
2023-07-23 02:17:25.813343: I tensorflow/tsl/framework/bfc_allocator.cc:1090] InUse at 14d59e38ff00 of size 256 next 269
2023-07-23 02:17:25.813348: I tensorflow/tsl/framework/bfc_allocator.cc:1090] InUse at 14d59e390000 of size 256 next 270
2023-07-23 02:17:25.813353: I tensorflow/tsl/framework/bfc_allocator.cc:1090] InUse at 14d59e390100 of size 256 next 271
2023-07-23 02:17:25.813358: I tensorflow/tsl/framework/bfc_allocator.cc:1090] InUse at 14d59e390200 of size 256 next 272
2023-07-23 02:17:25.813363: I tensorflow/tsl/framework/bfc_allocator.cc:1090] InUse at 14d59e390300 of size 256 next 385
2023-07-23 02:17:25.813367: I tensorflow/tsl/framework/bfc_allocator.cc:1090] InUse at 14d59e390400 of size 256 next 203
2023-07-23 02:17:25.813372: I tensorflow/tsl/framework/bfc_allocator.cc:1090] InUse at 14d59e390500 of size 256 next 393
2023-07-23 02:17:25.813377: I tensorflow/tsl/framework/bfc_allocator.cc:1090] InUse at 14d59e390600 of size 256 next 280
2023-07-23 02:17:25.813382: I tensorflow/tsl/framework/bfc_allocator.cc:1090] InUse at 14d59e390700 of size 256 next 281
2023-07-23 02:17:25.813387: I tensorflow/tsl/framework/bfc_allocator.cc:1090] InUse at 14d59e390800 of size 256 next 282
2023-07-23 02:17:25.813392: I tensorflow/tsl/framework/bfc_allocator.cc:1090] InUse at 14d59e390900 of size 256 next 283
2023-07-23 02:17:25.813397: I tensorflow/tsl/framework/bfc_allocator.cc:1090] InUse at 14d59e390a00 of size 256 next 291
2023-07-23 02:17:25.813402: I tensorflow/tsl/framework/bfc_allocator.cc:1090] InUse at 14d59e390b00 of size 256 next 395
2023-07-23 02:17:25.813407: I tensorflow/tsl/framework/bfc_allocator.cc:1090] Free  at 14d59e390c00 of size 256 next 108
2023-07-23 02:17:25.813412: I tensorflow/tsl/framework/bfc_allocator.cc:1090] InUse at 14d59e390d00 of size 589824 next 292
2023-07-23 02:17:25.813418: I tensorflow/tsl/framework/bfc_allocator.cc:1090] InUse at 14d59e420d00 of size 884736 next 40
2023-07-23 02:17:25.813423: I tensorflow/tsl/framework/bfc_allocator.cc:1090] Free  at 14d59e4f8d00 of size 3538944 next 159
2023-07-23 02:17:25.813428: I tensorflow/tsl/framework/bfc_allocator.cc:1090] InUse at 14d59e858d00 of size 1179648 next 163
2023-07-23 02:17:25.813433: I tensorflow/tsl/framework/bfc_allocator.cc:1090] InUse at 14d59e978d00 of size 1179648 next 301
2023-07-23 02:17:25.813438: I tensorflow/tsl/framework/bfc_allocator.cc:1090] InUse at 14d59ea98d00 of size 1179648 next 302
2023-07-23 02:17:25.813443: I tensorflow/tsl/framework/bfc_allocator.cc:1090] Free  at 14d59ebb8d00 of size 2359296 next 168
2023-07-23 02:17:25.813448: I tensorflow/tsl/framework/bfc_allocator.cc:1090] InUse at 14d59edf8d00 of size 2359296 next 300
2023-07-23 02:17:25.813454: I tensorflow/tsl/framework/bfc_allocator.cc:1090] InUse at 14d59f038d00 of size 2359296 next 169
2023-07-23 02:17:25.813459: I tensorflow/tsl/framework/bfc_allocator.cc:1090] InUse at 14d59f278d00 of size 2359296 next 54
2023-07-23 02:17:25.813464: I tensorflow/tsl/framework/bfc_allocator.cc:1090] InUse at 14d59f4b8d00 of size 14680064 next 60
2023-07-23 02:17:25.813469: I tensorflow/tsl/framework/bfc_allocator.cc:1090] InUse at 14d5a02b8d00 of size 27787264 next 89
2023-07-23 02:17:25.813475: I tensorflow/tsl/framework/bfc_allocator.cc:1090] InUse at 14d5a1d38d00 of size 4718592 next 69
2023-07-23 02:17:25.813480: I tensorflow/tsl/framework/bfc_allocator.cc:1090] InUse at 14d5a21b8d00 of size 33554432 next 84
2023-07-23 02:17:25.813485: I tensorflow/tsl/framework/bfc_allocator.cc:1090] InUse at 14d5a41b8d00 of size 60817408 next 74
2023-07-23 02:17:25.813490: I tensorflow/tsl/framework/bfc_allocator.cc:1090] InUse at 14d5a7bb8d00 of size 18874368 next 62
2023-07-23 02:17:25.813496: I tensorflow/tsl/framework/bfc_allocator.cc:1090] InUse at 14d5a8db8d00 of size 18874368 next 73
2023-07-23 02:17:25.813501: I tensorflow/tsl/framework/bfc_allocator.cc:1090] InUse at 14d5a9fb8d00 of size 10993532928 next 124
2023-07-23 02:17:25.813506: I tensorflow/tsl/framework/bfc_allocator.cc:1090] InUse at 14d8393f8d00 of size 1570504704 next 125
2023-07-23 02:17:25.813512: I tensorflow/tsl/framework/bfc_allocator.cc:1090] InUse at 14d896db8d00 of size 1570504704 next 126
2023-07-23 02:17:25.813517: I tensorflow/tsl/framework/bfc_allocator.cc:1090] InUse at 14d8f4778d00 of size 132120576 next 191
2023-07-23 02:17:25.813522: I tensorflow/tsl/framework/bfc_allocator.cc:1090] InUse at 14d8fc578d00 of size 37748736 next 198
2023-07-23 02:17:25.813527: I tensorflow/tsl/framework/bfc_allocator.cc:1090] InUse at 14d8fe978d00 of size 23592960 next 209
2023-07-23 02:17:25.813532: I tensorflow/tsl/framework/bfc_allocator.cc:1090] InUse at 14d8ffff8d00 of size 4718592 next 88
2023-07-23 02:17:25.813537: I tensorflow/tsl/framework/bfc_allocator.cc:1090] InUse at 14d900478d00 of size 4718592 next 213
2023-07-23 02:17:25.813542: I tensorflow/tsl/framework/bfc_allocator.cc:1090] InUse at 14d9008f8d00 of size 5898240 next 224
2023-07-23 02:17:25.813547: I tensorflow/tsl/framework/bfc_allocator.cc:1090] InUse at 14d900e98d00 of size 1179648 next 233
2023-07-23 02:17:25.813552: I tensorflow/tsl/framework/bfc_allocator.cc:1090] InUse at 14d900fb8d00 of size 1179648 next 340
2023-07-23 02:17:25.813558: I tensorflow/tsl/framework/bfc_allocator.cc:1090] InUse at 14d9010d8d00 of size 1474560 next 239
2023-07-23 02:17:25.813563: I tensorflow/tsl/framework/bfc_allocator.cc:1090] InUse at 14d901240d00 of size 294912 next 353
2023-07-23 02:17:25.813568: I tensorflow/tsl/framework/bfc_allocator.cc:1090] InUse at 14d901288d00 of size 442368 next 246
2023-07-23 02:17:25.813573: I tensorflow/tsl/framework/bfc_allocator.cc:1090] InUse at 14d9012f4d00 of size 256 next 363
2023-07-23 02:17:25.813578: I tensorflow/tsl/framework/bfc_allocator.cc:1090] InUse at 14d9012f4e00 of size 256 next 365
2023-07-23 02:17:25.813583: I tensorflow/tsl/framework/bfc_allocator.cc:1090] InUse at 14d9012f4f00 of size 256 next 358
2023-07-23 02:17:25.813588: I tensorflow/tsl/framework/bfc_allocator.cc:1090] InUse at 14d9012f5000 of size 256 next 364
2023-07-23 02:17:25.813593: I tensorflow/tsl/framework/bfc_allocator.cc:1090] InUse at 14d9012f5100 of size 256 next 362
2023-07-23 02:17:25.813598: I tensorflow/tsl/framework/bfc_allocator.cc:1090] InUse at 14d9012f5200 of size 4096 next 176
2023-07-23 02:17:25.813603: I tensorflow/tsl/framework/bfc_allocator.cc:1090] InUse at 14d9012f6200 of size 4096 next 332
2023-07-23 02:17:25.813608: I tensorflow/tsl/framework/bfc_allocator.cc:1090] Free  at 14d9012f7200 of size 7936 next 140
2023-07-23 02:17:25.813613: I tensorflow/tsl/framework/bfc_allocator.cc:1090] InUse at 14d9012f9100 of size 16128 next 6
2023-07-23 02:17:25.813618: I tensorflow/tsl/framework/bfc_allocator.cc:1090] InUse at 14d9012fd000 of size 16128 next 284
2023-07-23 02:17:25.813624: I tensorflow/tsl/framework/bfc_allocator.cc:1090] InUse at 14d901300f00 of size 16128 next 285
2023-07-23 02:17:25.813629: I tensorflow/tsl/framework/bfc_allocator.cc:1090] Free  at 14d901304e00 of size 82944 next 251
2023-07-23 02:17:25.813634: I tensorflow/tsl/framework/bfc_allocator.cc:1090] InUse at 14d901319200 of size 147456 next 356
2023-07-23 02:17:25.813639: I tensorflow/tsl/framework/bfc_allocator.cc:1090] InUse at 14d90133d200 of size 147456 next 247
2023-07-23 02:17:25.813644: I tensorflow/tsl/framework/bfc_allocator.cc:1090] InUse at 14d901361200 of size 147456 next 250
2023-07-23 02:17:25.813649: I tensorflow/tsl/framework/bfc_allocator.cc:1090] InUse at 14d901385200 of size 294912 next 249
2023-07-23 02:17:25.813654: I tensorflow/tsl/framework/bfc_allocator.cc:1090] InUse at 14d9013cd200 of size 294912 next 355
2023-07-23 02:17:25.813659: I tensorflow/tsl/framework/bfc_allocator.cc:1090] InUse at 14d901415200 of size 294912 next 112
2023-07-23 02:17:25.813664: I tensorflow/tsl/framework/bfc_allocator.cc:1090] InUse at 14d90145d200 of size 294912 next 255
2023-07-23 02:17:25.813669: I tensorflow/tsl/framework/bfc_allocator.cc:1090] InUse at 14d9014a5200 of size 326400 next 273
2023-07-23 02:17:25.813674: I tensorflow/tsl/framework/bfc_allocator.cc:1090] InUse at 14d9014f4d00 of size 14680064 next 274
2023-07-23 02:17:25.813683: I tensorflow/tsl/framework/bfc_allocator.cc:1090] InUse at 14d9022f4d00 of size 294912 next 20
2023-07-23 02:17:25.813688: I tensorflow/tsl/framework/bfc_allocator.cc:1090] InUse at 14d90233cd00 of size 294912 next 236
2023-07-23 02:17:25.813693: I tensorflow/tsl/framework/bfc_allocator.cc:1090] InUse at 14d902384d00 of size 589824 next 237
2023-07-23 02:17:25.813698: I tensorflow/tsl/framework/bfc_allocator.cc:1090] InUse at 14d902414d00 of size 917504 next 275
2023-07-23 02:17:25.813704: I tensorflow/tsl/framework/bfc_allocator.cc:1090] InUse at 14d9024f4d00 of size 134217728 next 214
2023-07-23 02:17:25.813709: I tensorflow/tsl/framework/bfc_allocator.cc:1090] InUse at 14d90a4f4d00 of size 134217728 next 133
2023-07-23 02:17:25.813714: I tensorflow/tsl/framework/bfc_allocator.cc:1090] InUse at 14d9124f4d00 of size 67108864 next 306
2023-07-23 02:17:25.813719: I tensorflow/tsl/framework/bfc_allocator.cc:1090] InUse at 14d9164f4d00 of size 67108864 next 156
2023-07-23 02:17:25.813724: I tensorflow/tsl/framework/bfc_allocator.cc:1090] InUse at 14d91a4f4d00 of size 67108864 next 96
2023-07-23 02:17:25.813729: I tensorflow/tsl/framework/bfc_allocator.cc:1090] InUse at 14d91e4f4d00 of size 16777216 next 161
2023-07-23 02:17:25.813735: I tensorflow/tsl/framework/bfc_allocator.cc:1090] InUse at 14d91f4f4d00 of size 16777216 next 304
2023-07-23 02:17:25.813740: I tensorflow/tsl/framework/bfc_allocator.cc:1090] InUse at 14d9204f4d00 of size 33554432 next 134
2023-07-23 02:17:25.813745: I tensorflow/tsl/framework/bfc_allocator.cc:1090] InUse at 14d9224f4d00 of size 33554432 next 310
2023-07-23 02:17:25.813750: I tensorflow/tsl/framework/bfc_allocator.cc:1090] InUse at 14d9244f4d00 of size 33554432 next 299
2023-07-23 02:17:25.813755: I tensorflow/tsl/framework/bfc_allocator.cc:1090] InUse at 14d9264f4d00 of size 8388608 next 167
2023-07-23 02:17:25.813760: I tensorflow/tsl/framework/bfc_allocator.cc:1090] InUse at 14d926cf4d00 of size 33554432 next 375
2023-07-23 02:17:25.813765: I tensorflow/tsl/framework/bfc_allocator.cc:1090] InUse at 14d928cf4d00 of size 8388608 next 308
2023-07-23 02:17:25.813770: I tensorflow/tsl/framework/bfc_allocator.cc:1090] InUse at 14d9294f4d00 of size 8388608 next 327
2023-07-23 02:17:25.813775: I tensorflow/tsl/framework/bfc_allocator.cc:1090] InUse at 14d929cf4d00 of size 16777216 next 152
2023-07-23 02:17:25.813780: I tensorflow/tsl/framework/bfc_allocator.cc:1090] InUse at 14d92acf4d00 of size 16777216 next 379
2023-07-23 02:17:25.813785: I tensorflow/tsl/framework/bfc_allocator.cc:1090] InUse at 14d92bcf4d00 of size 16777216 next 68
2023-07-23 02:17:25.813790: I tensorflow/tsl/framework/bfc_allocator.cc:1090] InUse at 14d92ccf4d00 of size 4194304 next 221
2023-07-23 02:17:25.813795: I tensorflow/tsl/framework/bfc_allocator.cc:1090] InUse at 14d92d0f4d00 of size 16777216 next 296
2023-07-23 02:17:25.813800: I tensorflow/tsl/framework/bfc_allocator.cc:1090] InUse at 14d92e0f4d00 of size 4194304 next 277
2023-07-23 02:17:25.813805: I tensorflow/tsl/framework/bfc_allocator.cc:1090] InUse at 14d92e4f4d00 of size 4194304 next 298
2023-07-23 02:17:25.813811: I tensorflow/tsl/framework/bfc_allocator.cc:1090] InUse at 14d92e8f4d00 of size 8388608 next 135
2023-07-23 02:17:25.813816: I tensorflow/tsl/framework/bfc_allocator.cc:1090] InUse at 14d92f0f4d00 of size 8388608 next 132
2023-07-23 02:17:25.813821: I tensorflow/tsl/framework/bfc_allocator.cc:1090] InUse at 14d92f8f4d00 of size 8388608 next 382
2023-07-23 02:17:25.813826: I tensorflow/tsl/framework/bfc_allocator.cc:1090] InUse at 14d9300f4d00 of size 2097152 next 145
2023-07-23 02:17:25.813831: I tensorflow/tsl/framework/bfc_allocator.cc:1090] InUse at 14d9302f4d00 of size 8388608 next 378
2023-07-23 02:17:25.813836: I tensorflow/tsl/framework/bfc_allocator.cc:1090] InUse at 14d930af4d00 of size 8388608 next 31
2023-07-23 02:17:25.813841: I tensorflow/tsl/framework/bfc_allocator.cc:1090] InUse at 14d9312f4d00 of size 16777216 next 278
2023-07-23 02:17:25.813847: I tensorflow/tsl/framework/bfc_allocator.cc:1090] InUse at 14d9322f4d00 of size 33554432 next 157
2023-07-23 02:17:25.813852: I tensorflow/tsl/framework/bfc_allocator.cc:1090] InUse at 14d9342f4d00 of size 16777216 next 372
2023-07-23 02:17:25.813857: I tensorflow/tsl/framework/bfc_allocator.cc:1090] InUse at 14d9352f4d00 of size 16777216 next 199
2023-07-23 02:17:25.813862: I tensorflow/tsl/framework/bfc_allocator.cc:1090] InUse at 14d9362f4d00 of size 4194304 next 183
2023-07-23 02:17:25.813867: I tensorflow/tsl/framework/bfc_allocator.cc:1090] InUse at 14d9366f4d00 of size 16777216 next 380
2023-07-23 02:17:25.813872: I tensorflow/tsl/framework/bfc_allocator.cc:1090] InUse at 14d9376f4d00 of size 16777216 next 373
2023-07-23 02:17:25.813877: I tensorflow/tsl/framework/bfc_allocator.cc:1090] InUse at 14d9386f4d00 of size 33554432 next 374
2023-07-23 02:17:25.813882: I tensorflow/tsl/framework/bfc_allocator.cc:1090] InUse at 14d93a6f4d00 of size 67108864 next 187
2023-07-23 02:17:25.813887: I tensorflow/tsl/framework/bfc_allocator.cc:1090] InUse at 14d93e6f4d00 of size 33554432 next 383
2023-07-23 02:17:25.813892: I tensorflow/tsl/framework/bfc_allocator.cc:1090] InUse at 14d9406f4d00 of size 33554432 next 165
2023-07-23 02:17:25.813897: I tensorflow/tsl/framework/bfc_allocator.cc:1090] InUse at 14d9426f4d00 of size 8388608 next 34
2023-07-23 02:17:25.813902: I tensorflow/tsl/framework/bfc_allocator.cc:1090] InUse at 14d942ef4d00 of size 33554432 next 142
2023-07-23 02:17:25.813907: I tensorflow/tsl/framework/bfc_allocator.cc:1090] InUse at 14d944ef4d00 of size 33554432 next 359
2023-07-23 02:17:25.813912: I tensorflow/tsl/framework/bfc_allocator.cc:1090] InUse at 14d946ef4d00 of size 16777216 next 371
2023-07-23 02:17:25.813917: I tensorflow/tsl/framework/bfc_allocator.cc:1090] Free  at 14d947ef4d00 of size 16781312 next 311
2023-07-23 02:17:25.813922: I tensorflow/tsl/framework/bfc_allocator.cc:1090] InUse at 14d948ef5d00 of size 9437184 next 79
2023-07-23 02:17:25.813927: I tensorflow/tsl/framework/bfc_allocator.cc:1090] InUse at 14d9497f5d00 of size 15728640 next 314
2023-07-23 02:17:25.813932: I tensorflow/tsl/framework/bfc_allocator.cc:1090] InUse at 14d94a6f5d00 of size 512 next 384
2023-07-23 02:17:25.813937: I tensorflow/tsl/framework/bfc_allocator.cc:1090] InUse at 14d94a6f5f00 of size 512 next 320
2023-07-23 02:17:25.813942: I tensorflow/tsl/framework/bfc_allocator.cc:1090] InUse at 14d94a6f6100 of size 512 next 297
2023-07-23 02:17:25.813947: I tensorflow/tsl/framework/bfc_allocator.cc:1090] InUse at 14d94a6f6300 of size 512 next 315
2023-07-23 02:17:25.813952: I tensorflow/tsl/framework/bfc_allocator.cc:1090] InUse at 14d94a6f6500 of size 1024 next 162
2023-07-23 02:17:25.813957: I tensorflow/tsl/framework/bfc_allocator.cc:1090] InUse at 14d94a6f6900 of size 1024 next 158
2023-07-23 02:17:25.813962: I tensorflow/tsl/framework/bfc_allocator.cc:1090] InUse at 14d94a6f6d00 of size 1024 next 41
2023-07-23 02:17:25.813967: I tensorflow/tsl/framework/bfc_allocator.cc:1090] InUse at 14d94a6f7100 of size 512 next 33
2023-07-23 02:17:25.813972: I tensorflow/tsl/framework/bfc_allocator.cc:1090] InUse at 14d94a6f7300 of size 512 next 317
2023-07-23 02:17:25.813977: I tensorflow/tsl/framework/bfc_allocator.cc:1090] InUse at 14d94a6f7500 of size 18874368 next 318
2023-07-23 02:17:25.813982: I tensorflow/tsl/framework/bfc_allocator.cc:1090] InUse at 14d94b8f7500 of size 9437184 next 309
2023-07-23 02:17:25.813987: I tensorflow/tsl/framework/bfc_allocator.cc:1090] InUse at 14d94c1f7500 of size 4718592 next 175
2023-07-23 02:17:25.813992: I tensorflow/tsl/framework/bfc_allocator.cc:1090] InUse at 14d94c677500 of size 4718592 next 48
2023-07-23 02:17:25.813998: I tensorflow/tsl/framework/bfc_allocator.cc:1090] InUse at 14d94caf7500 of size 6291456 next 322
2023-07-23 02:17:25.814003: I tensorflow/tsl/framework/bfc_allocator.cc:1090] InUse at 14d94d0f7500 of size 2048 next 288
2023-07-23 02:17:25.814008: I tensorflow/tsl/framework/bfc_allocator.cc:1090] InUse at 14d94d0f7d00 of size 1024 next 151
2023-07-23 02:17:25.814013: I tensorflow/tsl/framework/bfc_allocator.cc:1090] InUse at 14d94d0f8100 of size 1024 next 323
2023-07-23 02:17:25.814018: I tensorflow/tsl/framework/bfc_allocator.cc:1090] InUse at 14d94d0f8500 of size 37748736 next 190
2023-07-23 02:17:25.814023: I tensorflow/tsl/framework/bfc_allocator.cc:1090] InUse at 14d94f4f8500 of size 50339840 next 329
2023-07-23 02:17:25.814028: I tensorflow/tsl/framework/bfc_allocator.cc:1090] InUse at 14d9524fa500 of size 9437184 next 210
2023-07-23 02:17:25.814033: I tensorflow/tsl/framework/bfc_allocator.cc:1090] InUse at 14d952dfa500 of size 9437184 next 206
2023-07-23 02:17:25.814038: I tensorflow/tsl/framework/bfc_allocator.cc:1090] InUse at 14d9536fa500 of size 9437184 next 207
2023-07-23 02:17:25.814043: I tensorflow/tsl/framework/bfc_allocator.cc:1090] InUse at 14d953ffa500 of size 18874368 next 75
2023-07-23 02:17:25.814048: I tensorflow/tsl/framework/bfc_allocator.cc:1090] InUse at 14d9551fa500 of size 18874368 next 328
2023-07-23 02:17:25.814053: I tensorflow/tsl/framework/bfc_allocator.cc:1090] InUse at 14d9563fa500 of size 18874368 next 326
2023-07-23 02:17:25.814058: I tensorflow/tsl/framework/bfc_allocator.cc:1090] InUse at 14d9575fa500 of size 18874368 next 78
2023-07-23 02:17:25.814063: I tensorflow/tsl/framework/bfc_allocator.cc:1090] InUse at 14d9587fa500 of size 30408704 next 335
2023-07-23 02:17:25.814069: I tensorflow/tsl/framework/bfc_allocator.cc:1090] InUse at 14d95a4fa500 of size 2359296 next 225
2023-07-23 02:17:25.814074: I tensorflow/tsl/framework/bfc_allocator.cc:1090] InUse at 14d95a73a500 of size 2359296 next 336
2023-07-23 02:17:25.814079: I tensorflow/tsl/framework/bfc_allocator.cc:1090] InUse at 14d95a97a500 of size 2359296 next 222
2023-07-23 02:17:25.814084: I tensorflow/tsl/framework/bfc_allocator.cc:1090] InUse at 14d95abba500 of size 134217728 next 181
2023-07-23 02:17:25.814089: I tensorflow/tsl/framework/bfc_allocator.cc:1090] InUse at 14d962bba500 of size 202637312 next 344
2023-07-23 02:17:25.814094: I tensorflow/tsl/framework/bfc_allocator.cc:1090] InUse at 14d96ecfa500 of size 1179648 next 94
2023-07-23 02:17:25.814099: I tensorflow/tsl/framework/bfc_allocator.cc:1090] InUse at 14d96ee1a500 of size 1179648 next 346
2023-07-23 02:17:25.814104: I tensorflow/tsl/framework/bfc_allocator.cc:1090] InUse at 14d96ef3a500 of size 1179648 next 347
2023-07-23 02:17:25.814109: I tensorflow/tsl/framework/bfc_allocator.cc:1090] InUse at 14d96f05a500 of size 4718592 next 85
2023-07-23 02:17:25.814114: I tensorflow/tsl/framework/bfc_allocator.cc:1090] InUse at 14d96f4da500 of size 4718592 next 337
2023-07-23 02:17:25.814119: I tensorflow/tsl/framework/bfc_allocator.cc:1090] InUse at 14d96f95a500 of size 54132736 next 345
2023-07-23 02:17:25.814124: I tensorflow/tsl/framework/bfc_allocator.cc:1090] InUse at 14d972cfa500 of size 589824 next 99
2023-07-23 02:17:25.814130: I tensorflow/tsl/framework/bfc_allocator.cc:1090] InUse at 14d972d8a500 of size 10991697920 next 279
2023-07-23 02:17:25.814135: I tensorflow/tsl/framework/bfc_allocator.cc:1090] InUse at 14dc0200a500 of size 1570242560 next 61
2023-07-23 02:17:25.814140: I tensorflow/tsl/framework/bfc_allocator.cc:1090] InUse at 14dc5f98a500 of size 1570242560 next 81
2023-07-23 02:17:25.814145: I tensorflow/tsl/framework/bfc_allocator.cc:1090] InUse at 14dcbd30a500 of size 67108864 next 47
2023-07-23 02:17:25.814150: I tensorflow/tsl/framework/bfc_allocator.cc:1090] InUse at 14dcc130a500 of size 134217728 next 368
2023-07-23 02:17:25.814155: I tensorflow/tsl/framework/bfc_allocator.cc:1090] InUse at 14dcc930a500 of size 67108864 next 305
2023-07-23 02:17:25.814160: I tensorflow/tsl/framework/bfc_allocator.cc:1090] InUse at 14dccd30a500 of size 67108864 next 109
2023-07-23 02:17:25.814167: I tensorflow/tsl/framework/bfc_allocator.cc:1090] InUse at 14dcd130a500 of size 67108864 next 313
2023-07-23 02:17:25.814172: I tensorflow/tsl/framework/bfc_allocator.cc:1090] InUse at 14dcd530a500 of size 67108864 next 146
2023-07-23 02:17:25.814177: I tensorflow/tsl/framework/bfc_allocator.cc:1090] InUse at 14dcd930a500 of size 134217728 next 386
2023-07-23 02:17:25.814182: I tensorflow/tsl/framework/bfc_allocator.cc:1090] InUse at 14dce130a500 of size 268435456 next 387
2023-07-23 02:17:25.814187: I tensorflow/tsl/framework/bfc_allocator.cc:1090] InUse at 14dcf130a500 of size 134217728 next 388
2023-07-23 02:17:25.814192: I tensorflow/tsl/framework/bfc_allocator.cc:1090] InUse at 14dcf930a500 of size 134217728 next 389
2023-07-23 02:17:25.814197: I tensorflow/tsl/framework/bfc_allocator.cc:1090] InUse at 14dd0130a500 of size 33554432 next 390
2023-07-23 02:17:25.814202: I tensorflow/tsl/framework/bfc_allocator.cc:1090] InUse at 14dd0330a500 of size 134217728 next 391
2023-07-23 02:17:25.814207: I tensorflow/tsl/framework/bfc_allocator.cc:1090] InUse at 14dd0b30a500 of size 134217728 next 392
2023-07-23 02:17:25.814212: I tensorflow/tsl/framework/bfc_allocator.cc:1090] InUse at 14dd1330a500 of size 134217728 next 394
2023-07-23 02:17:25.814217: I tensorflow/tsl/framework/bfc_allocator.cc:1090] InUse at 14dd1b30a500 of size 134217728 next 400
2023-07-23 02:17:25.814223: I tensorflow/tsl/framework/bfc_allocator.cc:1090] InUse at 14dd2330a500 of size 207969024 next 18446744073709551615
2023-07-23 02:17:25.814228: I tensorflow/tsl/framework/bfc_allocator.cc:1095]      Summary of in-use Chunks by size: 
2023-07-23 02:17:25.814235: I tensorflow/tsl/framework/bfc_allocator.cc:1098] 124 Chunks of size 256 totalling 31.0KiB
2023-07-23 02:17:25.814241: I tensorflow/tsl/framework/bfc_allocator.cc:1098] 35 Chunks of size 512 totalling 17.5KiB
2023-07-23 02:17:25.814247: I tensorflow/tsl/framework/bfc_allocator.cc:1098] 33 Chunks of size 1024 totalling 33.0KiB
2023-07-23 02:17:25.814253: I tensorflow/tsl/framework/bfc_allocator.cc:1098] 1 Chunks of size 1280 totalling 1.2KiB
2023-07-23 02:17:25.814258: I tensorflow/tsl/framework/bfc_allocator.cc:1098] 2 Chunks of size 1536 totalling 3.0KiB
2023-07-23 02:17:25.814264: I tensorflow/tsl/framework/bfc_allocator.cc:1098] 35 Chunks of size 2048 totalling 70.0KiB
2023-07-23 02:17:25.814270: I tensorflow/tsl/framework/bfc_allocator.cc:1098] 16 Chunks of size 4096 totalling 64.0KiB
2023-07-23 02:17:25.814275: I tensorflow/tsl/framework/bfc_allocator.cc:1098] 3 Chunks of size 16128 totalling 47.2KiB
2023-07-23 02:17:25.814281: I tensorflow/tsl/framework/bfc_allocator.cc:1098] 6 Chunks of size 147456 totalling 864.0KiB
2023-07-23 02:17:25.814287: I tensorflow/tsl/framework/bfc_allocator.cc:1098] 7 Chunks of size 294912 totalling 1.97MiB
2023-07-23 02:17:25.814292: I tensorflow/tsl/framework/bfc_allocator.cc:1098] 1 Chunks of size 326400 totalling 318.8KiB
2023-07-23 02:17:25.814298: I tensorflow/tsl/framework/bfc_allocator.cc:1098] 1 Chunks of size 442368 totalling 432.0KiB
2023-07-23 02:17:25.814304: I tensorflow/tsl/framework/bfc_allocator.cc:1098] 3 Chunks of size 589824 totalling 1.69MiB
2023-07-23 02:17:25.814309: I tensorflow/tsl/framework/bfc_allocator.cc:1098] 1 Chunks of size 737536 totalling 720.2KiB
2023-07-23 02:17:25.814315: I tensorflow/tsl/framework/bfc_allocator.cc:1098] 1 Chunks of size 884736 totalling 864.0KiB
2023-07-23 02:17:25.814320: I tensorflow/tsl/framework/bfc_allocator.cc:1098] 1 Chunks of size 917504 totalling 896.0KiB
2023-07-23 02:17:25.814326: I tensorflow/tsl/framework/bfc_allocator.cc:1098] 8 Chunks of size 1179648 totalling 9.00MiB
2023-07-23 02:17:25.814331: I tensorflow/tsl/framework/bfc_allocator.cc:1098] 1 Chunks of size 1474560 totalling 1.41MiB
2023-07-23 02:17:25.814337: I tensorflow/tsl/framework/bfc_allocator.cc:1098] 1 Chunks of size 2097152 totalling 2.00MiB
2023-07-23 02:17:25.814343: I tensorflow/tsl/framework/bfc_allocator.cc:1098] 6 Chunks of size 2359296 totalling 13.50MiB
2023-07-23 02:17:25.814348: I tensorflow/tsl/framework/bfc_allocator.cc:1098] 4 Chunks of size 4194304 totalling 16.00MiB
2023-07-23 02:17:25.814354: I tensorflow/tsl/framework/bfc_allocator.cc:1098] 7 Chunks of size 4718592 totalling 31.50MiB
2023-07-23 02:17:25.814360: I tensorflow/tsl/framework/bfc_allocator.cc:1098] 1 Chunks of size 5898240 totalling 5.62MiB
2023-07-23 02:17:25.814365: I tensorflow/tsl/framework/bfc_allocator.cc:1098] 1 Chunks of size 6291456 totalling 6.00MiB
2023-07-23 02:17:25.814371: I tensorflow/tsl/framework/bfc_allocator.cc:1098] 9 Chunks of size 8388608 totalling 72.00MiB
2023-07-23 02:17:25.814376: I tensorflow/tsl/framework/bfc_allocator.cc:1098] 5 Chunks of size 9437184 totalling 45.00MiB
2023-07-23 02:17:25.814382: I tensorflow/tsl/framework/bfc_allocator.cc:1098] 2 Chunks of size 14680064 totalling 28.00MiB
2023-07-23 02:17:25.814388: I tensorflow/tsl/framework/bfc_allocator.cc:1098] 1 Chunks of size 15728640 totalling 15.00MiB
2023-07-23 02:17:25.814393: I tensorflow/tsl/framework/bfc_allocator.cc:1098] 12 Chunks of size 16777216 totalling 192.00MiB
2023-07-23 02:17:25.814399: I tensorflow/tsl/framework/bfc_allocator.cc:1098] 7 Chunks of size 18874368 totalling 126.00MiB
2023-07-23 02:17:25.814405: I tensorflow/tsl/framework/bfc_allocator.cc:1098] 1 Chunks of size 23592960 totalling 22.50MiB
2023-07-23 02:17:25.814410: I tensorflow/tsl/framework/bfc_allocator.cc:1098] 1 Chunks of size 27787264 totalling 26.50MiB
2023-07-23 02:17:25.814416: I tensorflow/tsl/framework/bfc_allocator.cc:1098] 1 Chunks of size 30408704 totalling 29.00MiB
2023-07-23 02:17:25.814421: I tensorflow/tsl/framework/bfc_allocator.cc:1098] 12 Chunks of size 33554432 totalling 384.00MiB
2023-07-23 02:17:25.814427: I tensorflow/tsl/framework/bfc_allocator.cc:1098] 2 Chunks of size 37748736 totalling 72.00MiB
2023-07-23 02:17:25.814433: I tensorflow/tsl/framework/bfc_allocator.cc:1098] 1 Chunks of size 50339840 totalling 48.01MiB
2023-07-23 02:17:25.814438: I tensorflow/tsl/framework/bfc_allocator.cc:1098] 1 Chunks of size 54132736 totalling 51.62MiB
2023-07-23 02:17:25.814444: I tensorflow/tsl/framework/bfc_allocator.cc:1098] 1 Chunks of size 60817408 totalling 58.00MiB
2023-07-23 02:17:25.814450: I tensorflow/tsl/framework/bfc_allocator.cc:1098] 9 Chunks of size 67108864 totalling 576.00MiB
2023-07-23 02:17:25.814455: I tensorflow/tsl/framework/bfc_allocator.cc:1098] 1 Chunks of size 132120576 totalling 126.00MiB
2023-07-23 02:17:25.814461: I tensorflow/tsl/framework/bfc_allocator.cc:1098] 11 Chunks of size 134217728 totalling 1.38GiB
2023-07-23 02:17:25.814466: I tensorflow/tsl/framework/bfc_allocator.cc:1098] 1 Chunks of size 202637312 totalling 193.25MiB
2023-07-23 02:17:25.814472: I tensorflow/tsl/framework/bfc_allocator.cc:1098] 1 Chunks of size 207969024 totalling 198.33MiB
2023-07-23 02:17:25.814478: I tensorflow/tsl/framework/bfc_allocator.cc:1098] 1 Chunks of size 268435456 totalling 256.00MiB
2023-07-23 02:17:25.814483: I tensorflow/tsl/framework/bfc_allocator.cc:1098] 2 Chunks of size 1570242560 totalling 2.92GiB
2023-07-23 02:17:25.814489: I tensorflow/tsl/framework/bfc_allocator.cc:1098] 2 Chunks of size 1570504704 totalling 2.92GiB
2023-07-23 02:17:25.814495: I tensorflow/tsl/framework/bfc_allocator.cc:1098] 1 Chunks of size 10991697920 totalling 10.24GiB
2023-07-23 02:17:25.814500: I tensorflow/tsl/framework/bfc_allocator.cc:1098] 1 Chunks of size 10993532928 totalling 10.24GiB
2023-07-23 02:17:25.814506: I tensorflow/tsl/framework/bfc_allocator.cc:1102] Sum Total of in-use chunks: 30.25GiB
2023-07-23 02:17:25.814511: I tensorflow/tsl/framework/bfc_allocator.cc:1104] total_region_allocated_bytes_: 32507297792 memory_limit_: 32507297792 available bytes: 0 curr_region_allocation_bytes_: 65014595584
2023-07-23 02:17:25.814521: I tensorflow/tsl/framework/bfc_allocator.cc:1110] Stats: 
Limit:                     32507297792
InUse:                     32482173696
MaxInUse:                  32482173696
NumAllocs:                      613306
MaxAllocSize:              10993532928
Reserved:                            0
PeakReserved:                        0
LargestFreeBlock:                    0

2023-07-23 02:17:25.814558: W tensorflow/tsl/framework/bfc_allocator.cc:492] ****************************************************************************************************
2023-07-23 02:17:25.814587: W tensorflow/core/framework/op_kernel.cc:1830] OP_REQUIRES failed at fused_batch_norm_op.cc:1077 : RESOURCE_EXHAUSTED: OOM when allocating tensor with shape[16,64,128,256] and type float on /job:localhost/replica:0/task:0/device:GPU:0 by allocator GPU_0_bfc
Traceback (most recent call last):
  File "/p/project/deepacf/kiste/patakchiyousefi1/CODES/CODES-MS2/PLAYGROUND/ATMOSCORRECT/DL_TRAIN-HPT.py", line 98, in <module>
    results = model.fit(train_x, train_y, validation_data=(val_x, val_y, val_m),
  File "/p/software/hdfml/stages/2023/software/TensorFlow/2.11.0-gcccoremkl-11.3.0-2022.1.0-CUDA-11.7/lib/python3.10/site-packages/keras/utils/traceback_utils.py", line 70, in error_handler
    raise e.with_traceback(filtered_tb) from None
  File "/p/software/hdfml/stages/2023/software/TensorFlow/2.11.0-gcccoremkl-11.3.0-2022.1.0-CUDA-11.7/lib/python3.10/site-packages/tensorflow/python/eager/execute.py", line 52, in quick_execute
    tensors = pywrap_tfe.TFE_Py_Execute(ctx._handle, device_name, op_name,
tensorflow.python.framework.errors_impl.ResourceExhaustedError: Graph execution error:

Detected at node 'gradient_tape/model/batch_normalization_9/FusedBatchNormGradV3' defined at (most recent call last):
    File "/p/project/deepacf/kiste/patakchiyousefi1/CODES/CODES-MS2/PLAYGROUND/ATMOSCORRECT/DL_TRAIN-HPT.py", line 98, in <module>
      results = model.fit(train_x, train_y, validation_data=(val_x, val_y, val_m),
    File "/p/software/hdfml/stages/2023/software/TensorFlow/2.11.0-gcccoremkl-11.3.0-2022.1.0-CUDA-11.7/lib/python3.10/site-packages/keras/utils/traceback_utils.py", line 65, in error_handler
      return fn(*args, **kwargs)
    File "/p/software/hdfml/stages/2023/software/TensorFlow/2.11.0-gcccoremkl-11.3.0-2022.1.0-CUDA-11.7/lib/python3.10/site-packages/keras/engine/training.py", line 1650, in fit
      tmp_logs = self.train_function(iterator)
    File "/p/software/hdfml/stages/2023/software/TensorFlow/2.11.0-gcccoremkl-11.3.0-2022.1.0-CUDA-11.7/lib/python3.10/site-packages/keras/engine/training.py", line 1249, in train_function
      return step_function(self, iterator)
    File "/p/software/hdfml/stages/2023/software/TensorFlow/2.11.0-gcccoremkl-11.3.0-2022.1.0-CUDA-11.7/lib/python3.10/site-packages/keras/engine/training.py", line 1233, in step_function
      outputs = model.distribute_strategy.run(run_step, args=(data,))
    File "/p/software/hdfml/stages/2023/software/TensorFlow/2.11.0-gcccoremkl-11.3.0-2022.1.0-CUDA-11.7/lib/python3.10/site-packages/keras/engine/training.py", line 1222, in run_step
      outputs = model.train_step(data)
    File "/p/software/hdfml/stages/2023/software/TensorFlow/2.11.0-gcccoremkl-11.3.0-2022.1.0-CUDA-11.7/lib/python3.10/site-packages/keras/engine/training.py", line 1027, in train_step
      self.optimizer.minimize(loss, self.trainable_variables, tape=tape)
    File "/p/software/hdfml/stages/2023/software/TensorFlow/2.11.0-gcccoremkl-11.3.0-2022.1.0-CUDA-11.7/lib/python3.10/site-packages/keras/optimizers/optimizer_experimental/optimizer.py", line 526, in minimize
      grads_and_vars = self.compute_gradients(loss, var_list, tape)
    File "/p/software/hdfml/stages/2023/software/TensorFlow/2.11.0-gcccoremkl-11.3.0-2022.1.0-CUDA-11.7/lib/python3.10/site-packages/keras/optimizers/optimizer_experimental/optimizer.py", line 259, in compute_gradients
      grads = tape.gradient(loss, var_list)
Node: 'gradient_tape/model/batch_normalization_9/FusedBatchNormGradV3'
OOM when allocating tensor with shape[16,64,128,256] and type float on /job:localhost/replica:0/task:0/device:GPU:0 by allocator GPU_0_bfc
	 [[{{node gradient_tape/model/batch_normalization_9/FusedBatchNormGradV3}}]]
Hint: If you want to see a list of allocated tensors when OOM happens, add report_tensor_allocations_upon_oom to RunOptions for current allocation info. This isn't available when running in Eager mode.
 [Op:__inference_train_function_55902]
