train_data_hourly_pr_['HRES']_['HSAF']_MM_6__spatiotemporal_128.256_2020-07-01T13_2023-03-26T23_no_na
Data is available already
Loading training data...
mse_64_0.001_1e-14_0.5_2_8_8_0.5_64
Training the model...
Epoch 1/64

Epoch 1: val_loss improved from inf to 0.09405, saving model to /p/scratch/deepacf/kiste/patakchiyousefi1//HPT/mse_64_0.001_1e-14_0.5_2_8_8_0.5_64.h5
1498/1498 - 132s - loss: 0.0872 - mse: 0.2130 - val_loss: 0.0940 - val_mse: 0.2314 - lr: 0.0010 - 132s/epoch - 88ms/step
Epoch 2/64

Epoch 2: val_loss improved from 0.09405 to 0.09369, saving model to /p/scratch/deepacf/kiste/patakchiyousefi1//HPT/mse_64_0.001_1e-14_0.5_2_8_8_0.5_64.h5
1498/1498 - 101s - loss: 0.0809 - mse: 0.1977 - val_loss: 0.0937 - val_mse: 0.2306 - lr: 0.0010 - 101s/epoch - 67ms/step
Epoch 3/64

Epoch 3: val_loss improved from 0.09369 to 0.09324, saving model to /p/scratch/deepacf/kiste/patakchiyousefi1//HPT/mse_64_0.001_1e-14_0.5_2_8_8_0.5_64.h5
1498/1498 - 100s - loss: 0.0795 - mse: 0.1943 - val_loss: 0.0932 - val_mse: 0.2295 - lr: 0.0010 - 100s/epoch - 67ms/step
Epoch 4/64

Epoch 4: val_loss improved from 0.09324 to 0.09086, saving model to /p/scratch/deepacf/kiste/patakchiyousefi1//HPT/mse_64_0.001_1e-14_0.5_2_8_8_0.5_64.h5
1498/1498 - 100s - loss: 0.0790 - mse: 0.1931 - val_loss: 0.0909 - val_mse: 0.2236 - lr: 0.0010 - 100s/epoch - 67ms/step
Epoch 5/64

Epoch 5: val_loss improved from 0.09086 to 0.09078, saving model to /p/scratch/deepacf/kiste/patakchiyousefi1//HPT/mse_64_0.001_1e-14_0.5_2_8_8_0.5_64.h5
1498/1498 - 100s - loss: 0.0787 - mse: 0.1923 - val_loss: 0.0908 - val_mse: 0.2234 - lr: 0.0010 - 100s/epoch - 67ms/step
Epoch 6/64

Epoch 6: val_loss improved from 0.09078 to 0.09052, saving model to /p/scratch/deepacf/kiste/patakchiyousefi1//HPT/mse_64_0.001_1e-14_0.5_2_8_8_0.5_64.h5
1498/1498 - 100s - loss: 0.0786 - mse: 0.1920 - val_loss: 0.0905 - val_mse: 0.2228 - lr: 0.0010 - 100s/epoch - 67ms/step
Epoch 7/64

Epoch 7: val_loss improved from 0.09052 to 0.09050, saving model to /p/scratch/deepacf/kiste/patakchiyousefi1//HPT/mse_64_0.001_1e-14_0.5_2_8_8_0.5_64.h5
1498/1498 - 100s - loss: 0.0784 - mse: 0.1917 - val_loss: 0.0905 - val_mse: 0.2227 - lr: 0.0010 - 100s/epoch - 67ms/step
Epoch 8/64

Epoch 8: val_loss improved from 0.09050 to 0.08989, saving model to /p/scratch/deepacf/kiste/patakchiyousefi1//HPT/mse_64_0.001_1e-14_0.5_2_8_8_0.5_64.h5
1498/1498 - 100s - loss: 0.0774 - mse: 0.1892 - val_loss: 0.0899 - val_mse: 0.2212 - lr: 0.0010 - 100s/epoch - 67ms/step
Epoch 9/64
