train_data_hourly_pr_['HRES']_['HSAF']_MM_6__spatiotemporal_128.256_2020-07-01T13_2023-03-26T23_no_na
Data is available already
Loading training data...
mse_8_0.01_1.0000000000000002e-06_0.1_2_16_8_0.5_64
Training the model...
Epoch 1/64

Epoch 1: val_loss improved from inf to 3815.88037, saving model to /p/scratch/deepacf/kiste/patakchiyousefi1//HPT/mse_8_0.01_1.0000000000000002e-06_0.1_2_16_8_0.5_64.h5
749/749 - 41s - loss: 75367.0391 - mse: 220936.3281 - val_loss: 3815.8804 - val_mse: 354602.3438 - lr: 0.0100 - 41s/epoch - 54ms/step
Epoch 2/64

Epoch 2: val_loss improved from 3815.88037 to 22.18571, saving model to /p/scratch/deepacf/kiste/patakchiyousefi1//HPT/mse_8_0.01_1.0000000000000002e-06_0.1_2_16_8_0.5_64.h5
749/749 - 16s - loss: 213.6794 - mse: 472744.1875 - val_loss: 22.1857 - val_mse: 516232.2188 - lr: 0.0100 - 16s/epoch - 22ms/step
Epoch 3/64

Epoch 3: val_loss improved from 22.18571 to 11.98885, saving model to /p/scratch/deepacf/kiste/patakchiyousefi1//HPT/mse_8_0.01_1.0000000000000002e-06_0.1_2_16_8_0.5_64.h5
749/749 - 17s - loss: 1.8466 - mse: 505783.4375 - val_loss: 11.9888 - val_mse: 520357.3125 - lr: 0.0100 - 17s/epoch - 22ms/step
Epoch 4/64

Epoch 4: val_loss did not improve from 11.98885
749/749 - 16s - loss: 0.7816 - mse: 509852.9375 - val_loss: 16.3248 - val_mse: 525304.3750 - lr: 0.0100 - 16s/epoch - 22ms/step
Epoch 5/64

Epoch 5: val_loss did not improve from 11.98885
749/749 - 16s - loss: 0.5242 - mse: 512507.9375 - val_loss: 20.3022 - val_mse: 528265.3750 - lr: 0.0100 - 16s/epoch - 22ms/step
Epoch 6/64

Epoch 6: val_loss improved from 11.98885 to 0.23221, saving model to /p/scratch/deepacf/kiste/patakchiyousefi1//HPT/mse_8_0.01_1.0000000000000002e-06_0.1_2_16_8_0.5_64.h5
749/749 - 16s - loss: 0.2558 - mse: 513979.6250 - val_loss: 0.2322 - val_mse: 519213.0000 - lr: 1.0000e-03 - 16s/epoch - 22ms/step
Epoch 7/64

Epoch 7: val_loss improved from 0.23221 to 0.18530, saving model to /p/scratch/deepacf/kiste/patakchiyousefi1//HPT/mse_8_0.01_1.0000000000000002e-06_0.1_2_16_8_0.5_64.h5
749/749 - 17s - loss: 0.2473 - mse: 514092.9375 - val_loss: 0.1853 - val_mse: 519067.0000 - lr: 1.0000e-03 - 17s/epoch - 22ms/step
Epoch 8/64

Epoch 8: val_loss did not improve from 0.18530
749/749 - 16s - loss: 0.2329 - mse: 514231.3438 - val_loss: 1.1086 - val_mse: 521796.2812 - lr: 1.0000e-03 - 16s/epoch - 22ms/step
Epoch 9/64

Epoch 9: val_loss improved from 0.18530 to 0.15502, saving model to /p/scratch/deepacf/kiste/patakchiyousefi1//HPT/mse_8_0.01_1.0000000000000002e-06_0.1_2_16_8_0.5_64.h5
749/749 - 16s - loss: 0.2209 - mse: 514593.0000 - val_loss: 0.1550 - val_mse: 519703.5938 - lr: 1.0000e-03 - 16s/epoch - 21ms/step
Epoch 10/64

Epoch 10: val_loss did not improve from 0.15502
749/749 - 16s - loss: 0.2103 - mse: 515018.4688 - val_loss: 5.5814 - val_mse: 525333.1250 - lr: 1.0000e-03 - 16s/epoch - 21ms/step
Epoch 11/64

Epoch 11: val_loss did not improve from 0.15502
749/749 - 16s - loss: 0.1929 - mse: 515616.9375 - val_loss: 5.9490 - val_mse: 526079.1250 - lr: 1.0000e-03 - 16s/epoch - 21ms/step
Epoch 12/64

Epoch 12: val_loss improved from 0.15502 to 0.10556, saving model to /p/scratch/deepacf/kiste/patakchiyousefi1//HPT/mse_8_0.01_1.0000000000000002e-06_0.1_2_16_8_0.5_64.h5
749/749 - 16s - loss: 0.1350 - mse: 515975.7188 - val_loss: 0.1056 - val_mse: 521177.3125 - lr: 1.0000e-04 - 16s/epoch - 21ms/step
Epoch 13/64

Epoch 13: val_loss did not improve from 0.10556
749/749 - 16s - loss: 0.1348 - mse: 516062.7188 - val_loss: 0.6888 - val_mse: 522856.7812 - lr: 1.0000e-04 - 16s/epoch - 21ms/step
Epoch 14/64

Epoch 14: val_loss did not improve from 0.10556
749/749 - 16s - loss: 0.1306 - mse: 516152.6250 - val_loss: 0.1358 - val_mse: 520945.5625 - lr: 1.0000e-04 - 16s/epoch - 21ms/step
Epoch 15/64

Epoch 15: val_loss improved from 0.10556 to 0.09439, saving model to /p/scratch/deepacf/kiste/patakchiyousefi1//HPT/mse_8_0.01_1.0000000000000002e-06_0.1_2_16_8_0.5_64.h5
749/749 - 16s - loss: 0.1207 - mse: 516219.1562 - val_loss: 0.0944 - val_mse: 521185.9688 - lr: 1.0000e-05 - 16s/epoch - 22ms/step
Epoch 16/64
