train_data_hourly_pr_['HRES']_['HSAF']_MM_6__spatiotemporal_128.256_2022-04-26T13_2023-04-26T23_no_na
Data is available already
Loading training data...
mse_32_1e-05_1e-14_0.5_2_2_8_0.5_64
Training the model...
Epoch 1/64

Epoch 1: val_loss improved from inf to 0.07647, saving model to /p/scratch/deepacf/kiste/patakchiyousefi1//HPT/mse_32_1e-05_1e-14_0.5_2_2_8_0.5_64.h5
2190/2190 - 67s - loss: 0.1454 - mse: 0.2606 - val_loss: 0.0765 - val_mse: 0.1393 - lr: 1.0000e-05 - 67s/epoch - 31ms/step
Epoch 2/64

Epoch 2: val_loss improved from 0.07647 to 0.07336, saving model to /p/scratch/deepacf/kiste/patakchiyousefi1//HPT/mse_32_1e-05_1e-14_0.5_2_2_8_0.5_64.h5
2190/2190 - 45s - loss: 0.0836 - mse: 0.1500 - val_loss: 0.0734 - val_mse: 0.1336 - lr: 1.0000e-05 - 45s/epoch - 20ms/step
Epoch 3/64

Epoch 3: val_loss improved from 0.07336 to 0.07014, saving model to /p/scratch/deepacf/kiste/patakchiyousefi1//HPT/mse_32_1e-05_1e-14_0.5_2_2_8_0.5_64.h5
2190/2190 - 45s - loss: 0.0808 - mse: 0.1448 - val_loss: 0.0701 - val_mse: 0.1278 - lr: 1.0000e-05 - 45s/epoch - 20ms/step
Epoch 4/64

Epoch 4: val_loss improved from 0.07014 to 0.06983, saving model to /p/scratch/deepacf/kiste/patakchiyousefi1//HPT/mse_32_1e-05_1e-14_0.5_2_2_8_0.5_64.h5
2190/2190 - 45s - loss: 0.0786 - mse: 0.1409 - val_loss: 0.0698 - val_mse: 0.1272 - lr: 1.0000e-05 - 45s/epoch - 21ms/step
Epoch 5/64

Epoch 5: val_loss improved from 0.06983 to 0.06963, saving model to /p/scratch/deepacf/kiste/patakchiyousefi1//HPT/mse_32_1e-05_1e-14_0.5_2_2_8_0.5_64.h5
2190/2190 - 45s - loss: 0.0770 - mse: 0.1380 - val_loss: 0.0696 - val_mse: 0.1268 - lr: 1.0000e-05 - 45s/epoch - 21ms/step
Epoch 6/64

Epoch 6: val_loss did not improve from 0.06963
2190/2190 - 45s - loss: 0.0757 - mse: 0.1357 - val_loss: 0.0725 - val_mse: 0.1321 - lr: 1.0000e-05 - 45s/epoch - 21ms/step
Epoch 7/64

Epoch 7: val_loss improved from 0.06963 to 0.06940, saving model to /p/scratch/deepacf/kiste/patakchiyousefi1//HPT/mse_32_1e-05_1e-14_0.5_2_2_8_0.5_64.h5
2190/2190 - 45s - loss: 0.0745 - mse: 0.1337 - val_loss: 0.0694 - val_mse: 0.1264 - lr: 1.0000e-05 - 45s/epoch - 20ms/step
Epoch 8/64

Epoch 8: val_loss did not improve from 0.06940
2190/2190 - 44s - loss: 0.0732 - mse: 0.1313 - val_loss: 0.0697 - val_mse: 0.1269 - lr: 1.0000e-05 - 44s/epoch - 20ms/step
Epoch 9/64

Epoch 9: val_loss did not improve from 0.06940
2190/2190 - 45s - loss: 0.0714 - mse: 0.1281 - val_loss: 0.0695 - val_mse: 0.1266 - lr: 1.0000e-05 - 45s/epoch - 20ms/step
Epoch 10/64

Epoch 10: val_loss did not improve from 0.06940
2190/2190 - 45s - loss: 0.0686 - mse: 0.1229 - val_loss: 0.0698 - val_mse: 0.1272 - lr: 5.0000e-06 - 45s/epoch - 20ms/step
Epoch 11/64

Epoch 11: val_loss did not improve from 0.06940
2190/2190 - 45s - loss: 0.0671 - mse: 0.1204 - val_loss: 0.0730 - val_mse: 0.1329 - lr: 5.0000e-06 - 45s/epoch - 20ms/step
Epoch 12/64

Epoch 12: val_loss did not improve from 0.06940
2190/2190 - 45s - loss: 0.0650 - mse: 0.1166 - val_loss: 0.0704 - val_mse: 0.1283 - lr: 2.5000e-06 - 45s/epoch - 20ms/step
Epoch 13/64

Epoch 13: val_loss did not improve from 0.06940
2190/2190 - 45s - loss: 0.0643 - mse: 0.1154 - val_loss: 0.0722 - val_mse: 0.1315 - lr: 2.5000e-06 - 45s/epoch - 20ms/step
Epoch 14/64

Epoch 14: val_loss did not improve from 0.06940
2190/2190 - 45s - loss: 0.0631 - mse: 0.1131 - val_loss: 0.0712 - val_mse: 0.1296 - lr: 1.2500e-06 - 45s/epoch - 20ms/step
Epoch 15/64

Epoch 15: val_loss did not improve from 0.06940
2190/2190 - 45s - loss: 0.0627 - mse: 0.1124 - val_loss: 0.0718 - val_mse: 0.1308 - lr: 1.2500e-06 - 45s/epoch - 20ms/step
Saving and plotting the results...
