train_data_hourly_pr_['HRES']_['HSAF']_MM_6__spatiotemporal_128.256_2020-07-01T13_2023-03-26T23_no_na
Data is available already
Loading training data...
mse_32_0.01_1.0000000000000002e-06_0.5_2_16_8_0.5_64
Training the model...
Epoch 1/64

Epoch 1: val_loss improved from inf to 107.31332, saving model to /p/scratch/deepacf/kiste/patakchiyousefi1//HPT/mse_32_0.01_1.0000000000000002e-06_0.5_2_16_8_0.5_64.h5
749/749 - 56s - loss: 37440.9531 - mse: 361151.8750 - val_loss: 107.3133 - val_mse: 547190.9375 - lr: 0.0100 - 56s/epoch - 74ms/step
Epoch 2/64

Epoch 2: val_loss improved from 107.31332 to 75.40715, saving model to /p/scratch/deepacf/kiste/patakchiyousefi1//HPT/mse_32_0.01_1.0000000000000002e-06_0.5_2_16_8_0.5_64.h5
749/749 - 34s - loss: 6.2899 - mse: 539204.0000 - val_loss: 75.4072 - val_mse: 567617.0625 - lr: 0.0100 - 34s/epoch - 45ms/step
Epoch 3/64

Epoch 3: val_loss did not improve from 75.40715
749/749 - 34s - loss: 1.8814 - mse: 548315.0000 - val_loss: 117.1421 - val_mse: 578247.3750 - lr: 0.0100 - 34s/epoch - 45ms/step
Epoch 4/64

Epoch 4: val_loss improved from 75.40715 to 19.68410, saving model to /p/scratch/deepacf/kiste/patakchiyousefi1//HPT/mse_32_0.01_1.0000000000000002e-06_0.5_2_16_8_0.5_64.h5
749/749 - 39s - loss: 0.9965 - mse: 552349.2500 - val_loss: 19.6841 - val_mse: 565366.0000 - lr: 0.0100 - 39s/epoch - 52ms/step
Epoch 5/64

Epoch 5: val_loss improved from 19.68410 to 0.39669, saving model to /p/scratch/deepacf/kiste/patakchiyousefi1//HPT/mse_32_0.01_1.0000000000000002e-06_0.5_2_16_8_0.5_64.h5
749/749 - 35s - loss: 0.7059 - mse: 555801.1875 - val_loss: 0.3967 - val_mse: 563729.3750 - lr: 0.0100 - 35s/epoch - 46ms/step
Epoch 6/64

Epoch 6: val_loss did not improve from 0.39669
749/749 - 34s - loss: 0.8834 - mse: 558740.3750 - val_loss: 134.5008 - val_mse: 590246.7500 - lr: 0.0100 - 34s/epoch - 45ms/step
Epoch 7/64

Epoch 7: val_loss did not improve from 0.39669
749/749 - 34s - loss: 0.3270 - mse: 563518.3750 - val_loss: 10.5925 - val_mse: 575250.1875 - lr: 0.0100 - 34s/epoch - 45ms/step
Epoch 8/64

Epoch 8: val_loss did not improve from 0.39669
749/749 - 33s - loss: 0.0792 - mse: 564300.4375 - val_loss: 0.4724 - val_mse: 571748.9375 - lr: 0.0050 - 33s/epoch - 45ms/step
Epoch 9/64

Epoch 9: val_loss did not improve from 0.39669
749/749 - 33s - loss: 0.1238 - mse: 564984.3750 - val_loss: 2.4097 - val_mse: 573164.7500 - lr: 0.0050 - 33s/epoch - 45ms/step
Epoch 10/64
