train_data_hourly_pr_['HRES']_['HSAF']_MM_6__spatiotemporal_128.256_2020-07-01T13_2023-03-26T23_no_na
Data is available already
Loading training data...
mse_64_1e-05_1e-14_0.5_2_8_8_0.1_64
Training the model...
Epoch 1/64

Epoch 1: val_loss improved from inf to 0.08493, saving model to /p/scratch/deepacf/kiste/patakchiyousefi1//HPT/mse_64_1e-05_1e-14_0.5_2_8_8_0.1_64.h5
2696/2696 - 173s - loss: 0.1146 - mse: 0.2803 - val_loss: 0.0849 - val_mse: 0.2124 - lr: 1.0000e-05 - 173s/epoch - 64ms/step
Epoch 2/64

Epoch 2: val_loss improved from 0.08493 to 0.08061, saving model to /p/scratch/deepacf/kiste/patakchiyousefi1//HPT/mse_64_1e-05_1e-14_0.5_2_8_8_0.1_64.h5
2696/2696 - 148s - loss: 0.0895 - mse: 0.2191 - val_loss: 0.0806 - val_mse: 0.2016 - lr: 1.0000e-05 - 148s/epoch - 55ms/step
Epoch 3/64

Epoch 3: val_loss improved from 0.08061 to 0.07958, saving model to /p/scratch/deepacf/kiste/patakchiyousefi1//HPT/mse_64_1e-05_1e-14_0.5_2_8_8_0.1_64.h5
2696/2696 - 148s - loss: 0.0876 - mse: 0.2144 - val_loss: 0.0796 - val_mse: 0.1990 - lr: 1.0000e-05 - 148s/epoch - 55ms/step
Epoch 4/64

Epoch 4: val_loss improved from 0.07958 to 0.07932, saving model to /p/scratch/deepacf/kiste/patakchiyousefi1//HPT/mse_64_1e-05_1e-14_0.5_2_8_8_0.1_64.h5
2696/2696 - 148s - loss: 0.0861 - mse: 0.2108 - val_loss: 0.0793 - val_mse: 0.1983 - lr: 1.0000e-05 - 148s/epoch - 55ms/step
Epoch 5/64

Epoch 5: val_loss did not improve from 0.07932
2696/2696 - 148s - loss: 0.0850 - mse: 0.2081 - val_loss: 0.0805 - val_mse: 0.2012 - lr: 1.0000e-05 - 148s/epoch - 55ms/step
Epoch 6/64

Epoch 6: val_loss improved from 0.07932 to 0.07913, saving model to /p/scratch/deepacf/kiste/patakchiyousefi1//HPT/mse_64_1e-05_1e-14_0.5_2_8_8_0.1_64.h5
2696/2696 - 148s - loss: 0.0835 - mse: 0.2043 - val_loss: 0.0791 - val_mse: 0.1979 - lr: 1.0000e-05 - 148s/epoch - 55ms/step
Epoch 7/64

Epoch 7: val_loss did not improve from 0.07913
2696/2696 - 147s - loss: 0.0820 - mse: 0.2006 - val_loss: 0.0821 - val_mse: 0.2054 - lr: 1.0000e-05 - 147s/epoch - 55ms/step
Epoch 8/64

Epoch 8: val_loss did not improve from 0.07913
2696/2696 - 147s - loss: 0.0802 - mse: 0.1964 - val_loss: 0.0809 - val_mse: 0.2023 - lr: 1.0000e-05 - 147s/epoch - 55ms/step
Epoch 9/64

Epoch 9: val_loss did not improve from 0.07913
2696/2696 - 147s - loss: 0.0757 - mse: 0.1853 - val_loss: 0.0820 - val_mse: 0.2049 - lr: 5.0000e-06 - 147s/epoch - 54ms/step
Epoch 10/64

Epoch 10: val_loss did not improve from 0.07913
2696/2696 - 147s - loss: 0.0738 - mse: 0.1806 - val_loss: 0.0818 - val_mse: 0.2045 - lr: 5.0000e-06 - 147s/epoch - 54ms/step
Epoch 11/64

Epoch 11: val_loss did not improve from 0.07913
2696/2696 - 146s - loss: 0.0709 - mse: 0.1735 - val_loss: 0.0810 - val_mse: 0.2025 - lr: 2.5000e-06 - 146s/epoch - 54ms/step
Epoch 12/64

Epoch 12: val_loss did not improve from 0.07913
2696/2696 - 148s - loss: 0.0699 - mse: 0.1710 - val_loss: 0.0882 - val_mse: 0.2206 - lr: 2.5000e-06 - 148s/epoch - 55ms/step
Epoch 13/64

Epoch 13: val_loss did not improve from 0.07913
2696/2696 - 147s - loss: 0.0683 - mse: 0.1671 - val_loss: 0.0818 - val_mse: 0.2046 - lr: 1.2500e-06 - 147s/epoch - 55ms/step
Epoch 14/64

Epoch 14: val_loss did not improve from 0.07913
2696/2696 - 147s - loss: 0.0679 - mse: 0.1661 - val_loss: 0.0821 - val_mse: 0.2053 - lr: 1.2500e-06 - 147s/epoch - 55ms/step
Saving and plotting the results...
