train_data_hourly_pr_['HRES']_['HSAF']_MM_6__spatiotemporal_128.256_2020-07-01T13_2023-03-26T23_no_na
Data is available already
Loading training data...
mse_32_0.001_1e-14_0.5_2_16_8_0.1_64
Training the model...
Epoch 1/64

Epoch 1: val_loss improved from inf to 0.11320, saving model to /p/scratch/deepacf/kiste/patakchiyousefi1//HPT/mse_32_0.001_1e-14_0.5_2_16_8_0.1_64.h5
1348/1348 - 102s - loss: 0.0912 - mse: 0.2232 - val_loss: 0.1132 - val_mse: 0.2830 - lr: 0.0010 - 102s/epoch - 76ms/step
Epoch 2/64

Epoch 2: val_loss improved from 0.11320 to 0.07953, saving model to /p/scratch/deepacf/kiste/patakchiyousefi1//HPT/mse_32_0.001_1e-14_0.5_2_16_8_0.1_64.h5
1348/1348 - 71s - loss: 0.0861 - mse: 0.2108 - val_loss: 0.0795 - val_mse: 0.1989 - lr: 0.0010 - 71s/epoch - 53ms/step
Epoch 3/64

Epoch 3: val_loss improved from 0.07953 to 0.07745, saving model to /p/scratch/deepacf/kiste/patakchiyousefi1//HPT/mse_32_0.001_1e-14_0.5_2_16_8_0.1_64.h5
1348/1348 - 70s - loss: 0.0855 - mse: 0.2092 - val_loss: 0.0775 - val_mse: 0.1937 - lr: 0.0010 - 70s/epoch - 52ms/step
Epoch 4/64

Epoch 4: val_loss did not improve from 0.07745
1348/1348 - 70s - loss: 0.0847 - mse: 0.2073 - val_loss: 0.0780 - val_mse: 0.1950 - lr: 0.0010 - 70s/epoch - 52ms/step
Epoch 5/64

Epoch 5: val_loss did not improve from 0.07745
1348/1348 - 69s - loss: 0.0843 - mse: 0.2064 - val_loss: 0.0785 - val_mse: 0.1963 - lr: 0.0010 - 69s/epoch - 51ms/step
Epoch 6/64

Epoch 6: val_loss did not improve from 0.07745
1348/1348 - 70s - loss: 0.0826 - mse: 0.2021 - val_loss: 0.0780 - val_mse: 0.1951 - lr: 5.0000e-04 - 70s/epoch - 52ms/step
Epoch 7/64

Epoch 7: val_loss improved from 0.07745 to 0.07724, saving model to /p/scratch/deepacf/kiste/patakchiyousefi1//HPT/mse_32_0.001_1e-14_0.5_2_16_8_0.1_64.h5
1348/1348 - 71s - loss: 0.0821 - mse: 0.2008 - val_loss: 0.0772 - val_mse: 0.1931 - lr: 5.0000e-04 - 71s/epoch - 53ms/step
Epoch 8/64

Epoch 8: val_loss improved from 0.07724 to 0.07634, saving model to /p/scratch/deepacf/kiste/patakchiyousefi1//HPT/mse_32_0.001_1e-14_0.5_2_16_8_0.1_64.h5
1348/1348 - 70s - loss: 0.0813 - mse: 0.1989 - val_loss: 0.0763 - val_mse: 0.1909 - lr: 5.0000e-04 - 70s/epoch - 52ms/step
Epoch 9/64

Epoch 9: val_loss improved from 0.07634 to 0.07539, saving model to /p/scratch/deepacf/kiste/patakchiyousefi1//HPT/mse_32_0.001_1e-14_0.5_2_16_8_0.1_64.h5
1348/1348 - 70s - loss: 0.0807 - mse: 0.1974 - val_loss: 0.0754 - val_mse: 0.1885 - lr: 5.0000e-04 - 70s/epoch - 52ms/step
Epoch 10/64

Epoch 10: val_loss did not improve from 0.07539
1348/1348 - 69s - loss: 0.0799 - mse: 0.1956 - val_loss: 0.0780 - val_mse: 0.1949 - lr: 5.0000e-04 - 69s/epoch - 51ms/step
Epoch 11/64
