train_data_hourly_pr_['HRES']_['HSAF']_MM_6__spatiotemporal_128.256_2020-07-01T13_2023-03-26T23_no_na
Data is available already
Loading training data...
mse_8_0.01_1.0000000000000002e-06_0.5_2_16_8_0.5_64
Training the model...
Epoch 1/64

Epoch 1: val_loss improved from inf to 4956.57129, saving model to /p/scratch/deepacf/kiste/patakchiyousefi1//HPT/mse_8_0.01_1.0000000000000002e-06_0.5_2_16_8_0.5_64.h5
749/749 - 39s - loss: 72836.6172 - mse: 222500.9688 - val_loss: 4956.5713 - val_mse: 331435.2812 - lr: 0.0100 - 39s/epoch - 52ms/step
Epoch 2/64

Epoch 2: val_loss improved from 4956.57129 to 24.94606, saving model to /p/scratch/deepacf/kiste/patakchiyousefi1//HPT/mse_8_0.01_1.0000000000000002e-06_0.5_2_16_8_0.5_64.h5
749/749 - 15s - loss: 279.3400 - mse: 464298.5000 - val_loss: 24.9461 - val_mse: 506686.5625 - lr: 0.0100 - 15s/epoch - 21ms/step
Epoch 3/64

Epoch 3: val_loss did not improve from 24.94606
749/749 - 16s - loss: 5.4584 - mse: 503779.0000 - val_loss: 29.2330 - val_mse: 521558.3750 - lr: 0.0100 - 16s/epoch - 21ms/step
Epoch 4/64

Epoch 4: val_loss improved from 24.94606 to 9.36120, saving model to /p/scratch/deepacf/kiste/patakchiyousefi1//HPT/mse_8_0.01_1.0000000000000002e-06_0.5_2_16_8_0.5_64.h5
749/749 - 17s - loss: 3.0332 - mse: 509825.1250 - val_loss: 9.3612 - val_mse: 512787.2188 - lr: 0.0100 - 17s/epoch - 22ms/step
Epoch 5/64

Epoch 5: val_loss did not improve from 9.36120
749/749 - 17s - loss: 1.4701 - mse: 513723.5000 - val_loss: 13.4300 - val_mse: 526757.5000 - lr: 0.0100 - 17s/epoch - 23ms/step
Epoch 6/64

Epoch 6: val_loss improved from 9.36120 to 1.25172, saving model to /p/scratch/deepacf/kiste/patakchiyousefi1//HPT/mse_8_0.01_1.0000000000000002e-06_0.5_2_16_8_0.5_64.h5
749/749 - 17s - loss: 1.1116 - mse: 515524.5625 - val_loss: 1.2517 - val_mse: 526192.3125 - lr: 0.0100 - 17s/epoch - 22ms/step
Epoch 7/64

Epoch 7: val_loss did not improve from 1.25172
749/749 - 17s - loss: 0.9269 - mse: 518511.1875 - val_loss: 3.7322 - val_mse: 532104.3750 - lr: 0.0100 - 17s/epoch - 22ms/step
Epoch 8/64

Epoch 8: val_loss did not improve from 1.25172
749/749 - 16s - loss: 0.6890 - mse: 520453.7188 - val_loss: 43.9687 - val_mse: 542473.3750 - lr: 0.0100 - 16s/epoch - 22ms/step
Epoch 9/64

Epoch 9: val_loss did not improve from 1.25172
749/749 - 16s - loss: 0.1166 - mse: 522251.8750 - val_loss: 1.3771 - val_mse: 530766.1250 - lr: 0.0050 - 16s/epoch - 21ms/step
Epoch 10/64

Epoch 10: val_loss did not improve from 1.25172
749/749 - 16s - loss: 0.1132 - mse: 523127.5312 - val_loss: 2.4010 - val_mse: 532562.8125 - lr: 0.0050 - 16s/epoch - 22ms/step
Epoch 11/64

Epoch 11: val_loss improved from 1.25172 to 0.52572, saving model to /p/scratch/deepacf/kiste/patakchiyousefi1//HPT/mse_8_0.01_1.0000000000000002e-06_0.5_2_16_8_0.5_64.h5
749/749 - 16s - loss: 0.0649 - mse: 523829.0312 - val_loss: 0.5257 - val_mse: 531620.3125 - lr: 0.0025 - 16s/epoch - 22ms/step
Epoch 12/64

Epoch 12: val_loss did not improve from 0.52572
749/749 - 16s - loss: 0.0806 - mse: 524369.3750 - val_loss: 8.1993 - val_mse: 536914.3750 - lr: 0.0025 - 16s/epoch - 22ms/step
Epoch 13/64

Epoch 13: val_loss did not improve from 0.52572
749/749 - 19s - loss: 0.1033 - mse: 525074.3750 - val_loss: 0.7771 - val_mse: 533616.0625 - lr: 0.0025 - 19s/epoch - 25ms/step
Epoch 14/64

Epoch 14: val_loss did not improve from 0.52572
749/749 - 17s - loss: 0.0345 - mse: 525862.7500 - val_loss: 0.6289 - val_mse: 533824.6250 - lr: 0.0012 - 17s/epoch - 23ms/step
Epoch 15/64

Epoch 15: val_loss improved from 0.52572 to 0.06931, saving model to /p/scratch/deepacf/kiste/patakchiyousefi1//HPT/mse_8_0.01_1.0000000000000002e-06_0.5_2_16_8_0.5_64.h5
749/749 - 24s - loss: 0.0366 - mse: 526378.5000 - val_loss: 0.0693 - val_mse: 533028.7500 - lr: 0.0012 - 24s/epoch - 32ms/step
Epoch 16/64

Epoch 16: val_loss did not improve from 0.06931
749/749 - 17s - loss: 0.0389 - mse: 526858.5625 - val_loss: 0.4249 - val_mse: 534838.9375 - lr: 0.0012 - 17s/epoch - 23ms/step
Epoch 17/64

Epoch 17: val_loss did not improve from 0.06931
749/749 - 17s - loss: 0.0413 - mse: 527354.1250 - val_loss: 1.1280 - val_mse: 535906.1875 - lr: 0.0012 - 17s/epoch - 23ms/step
Epoch 18/64

Epoch 18: val_loss did not improve from 0.06931
749/749 - 16s - loss: 0.0200 - mse: 527893.8750 - val_loss: 0.3357 - val_mse: 535340.3750 - lr: 6.2500e-04 - 16s/epoch - 22ms/step
Epoch 19/64

Epoch 19: val_loss did not improve from 0.06931
749/749 - 16s - loss: 0.0256 - mse: 528215.0000 - val_loss: 0.1213 - val_mse: 533772.8750 - lr: 6.2500e-04 - 16s/epoch - 22ms/step
Epoch 20/64

Epoch 20: val_loss improved from 0.06931 to 0.03197, saving model to /p/scratch/deepacf/kiste/patakchiyousefi1//HPT/mse_8_0.01_1.0000000000000002e-06_0.5_2_16_8_0.5_64.h5
749/749 - 16s - loss: 0.0138 - mse: 528287.8750 - val_loss: 0.0320 - val_mse: 534772.6250 - lr: 3.1250e-04 - 16s/epoch - 21ms/step
Epoch 21/64

Epoch 21: val_loss did not improve from 0.03197
749/749 - 16s - loss: 0.0141 - mse: 528536.8750 - val_loss: 0.0855 - val_mse: 535318.9375 - lr: 3.1250e-04 - 16s/epoch - 21ms/step
Epoch 22/64

Epoch 22: val_loss did not improve from 0.03197
749/749 - 16s - loss: 0.0136 - mse: 528750.5000 - val_loss: 0.3001 - val_mse: 536375.3125 - lr: 3.1250e-04 - 16s/epoch - 22ms/step
Epoch 23/64
