train_data_hourly_pr_['HRES']_['HSAF']_MM_6__spatiotemporal_128.256_2020-07-01T13_2023-03-26T23_no_na
Data is available already
Loading training data...
mse_16_0.0001_1e-14_0.5_2_2_8_0.5_64
Training the model...
Epoch 1/64

Epoch 1: val_loss improved from inf to 0.09461, saving model to /p/scratch/deepacf/kiste/patakchiyousefi1//HPT/mse_16_0.0001_1e-14_0.5_2_2_8_0.5_64.h5
5991/5991 - 135s - loss: 0.0952 - mse: 0.2327 - val_loss: 0.0946 - val_mse: 0.2328 - lr: 1.0000e-04 - 135s/epoch - 23ms/step
Epoch 2/64

Epoch 2: val_loss improved from 0.09461 to 0.09335, saving model to /p/scratch/deepacf/kiste/patakchiyousefi1//HPT/mse_16_0.0001_1e-14_0.5_2_2_8_0.5_64.h5
5991/5991 - 106s - loss: 0.0870 - mse: 0.2126 - val_loss: 0.0934 - val_mse: 0.2297 - lr: 1.0000e-04 - 106s/epoch - 18ms/step
Epoch 3/64

Epoch 3: val_loss improved from 0.09335 to 0.09310, saving model to /p/scratch/deepacf/kiste/patakchiyousefi1//HPT/mse_16_0.0001_1e-14_0.5_2_2_8_0.5_64.h5
5991/5991 - 107s - loss: 0.0854 - mse: 0.2087 - val_loss: 0.0931 - val_mse: 0.2291 - lr: 1.0000e-04 - 107s/epoch - 18ms/step
Epoch 4/64

Epoch 4: val_loss improved from 0.09310 to 0.09302, saving model to /p/scratch/deepacf/kiste/patakchiyousefi1//HPT/mse_16_0.0001_1e-14_0.5_2_2_8_0.5_64.h5
5991/5991 - 105s - loss: 0.0835 - mse: 0.2041 - val_loss: 0.0930 - val_mse: 0.2289 - lr: 1.0000e-04 - 105s/epoch - 18ms/step
Epoch 5/64

Epoch 5: val_loss did not improve from 0.09302
5991/5991 - 104s - loss: 0.0820 - mse: 0.2004 - val_loss: 0.0935 - val_mse: 0.2301 - lr: 1.0000e-04 - 104s/epoch - 17ms/step
Epoch 6/64

Epoch 6: val_loss did not improve from 0.09302
5991/5991 - 103s - loss: 0.0798 - mse: 0.1951 - val_loss: 0.0979 - val_mse: 0.2409 - lr: 1.0000e-04 - 103s/epoch - 17ms/step
Epoch 7/64

Epoch 7: val_loss did not improve from 0.09302
5991/5991 - 104s - loss: 0.0757 - mse: 0.1849 - val_loss: 0.0949 - val_mse: 0.2334 - lr: 5.0000e-05 - 104s/epoch - 17ms/step
Epoch 8/64

Epoch 8: val_loss improved from 0.09302 to 0.09296, saving model to /p/scratch/deepacf/kiste/patakchiyousefi1//HPT/mse_16_0.0001_1e-14_0.5_2_2_8_0.5_64.h5
5991/5991 - 108s - loss: 0.0741 - mse: 0.1810 - val_loss: 0.0930 - val_mse: 0.2288 - lr: 5.0000e-05 - 108s/epoch - 18ms/step
Epoch 9/64
