train_data_hourly_pr_['HRES']_['HSAF']_MM_6__spatiotemporal_128.256_2020-07-01T13_2023-03-26T23_no_na
Data is available already
Loading training data...
mse_32_0.0001_None_0.1_2_4_8_0.5_64
Training the model...
Epoch 1/64

Epoch 1: val_loss improved from inf to 0.09116, saving model to /p/scratch/deepacf/kiste/patakchiyousefi1//HPT/mse_32_0.0001_None_0.1_2_4_8_0.5_64.h5
2996/2996 - 69s - loss: 0.0900 - val_loss: 0.0912 - lr: 1.0000e-04 - 69s/epoch - 23ms/step
Epoch 2/64

Epoch 2: val_loss improved from 0.09116 to 0.08987, saving model to /p/scratch/deepacf/kiste/patakchiyousefi1//HPT/mse_32_0.0001_None_0.1_2_4_8_0.5_64.h5
2996/2996 - 48s - loss: 0.0834 - val_loss: 0.0899 - lr: 1.0000e-04 - 48s/epoch - 16ms/step
Epoch 3/64

Epoch 3: val_loss did not improve from 0.08987
2996/2996 - 49s - loss: 0.0820 - val_loss: 0.0900 - lr: 1.0000e-04 - 49s/epoch - 16ms/step
Epoch 4/64

Epoch 4: val_loss did not improve from 0.08987
2996/2996 - 47s - loss: 0.0808 - val_loss: 0.0918 - lr: 1.0000e-04 - 47s/epoch - 16ms/step
Epoch 5/64

Epoch 5: val_loss did not improve from 0.08987
2996/2996 - 48s - loss: 0.0799 - val_loss: 0.0913 - lr: 1.0000e-04 - 48s/epoch - 16ms/step
Epoch 6/64

Epoch 6: val_loss did not improve from 0.08987
2996/2996 - 48s - loss: 0.0786 - val_loss: 0.1019 - lr: 1.0000e-04 - 48s/epoch - 16ms/step
Epoch 7/64

Epoch 7: val_loss did not improve from 0.08987
2996/2996 - 48s - loss: 0.0776 - val_loss: 0.1008 - lr: 1.0000e-04 - 48s/epoch - 16ms/step
Epoch 8/64

Epoch 8: val_loss did not improve from 0.08987
2996/2996 - 48s - loss: 0.0764 - val_loss: 0.0940 - lr: 1.0000e-04 - 48s/epoch - 16ms/step
Epoch 9/64

Epoch 9: val_loss did not improve from 0.08987
2996/2996 - 48s - loss: 0.0739 - val_loss: 0.0974 - lr: 1.0000e-04 - 48s/epoch - 16ms/step
Epoch 10/64

Epoch 10: val_loss improved from 0.08987 to 0.08966, saving model to /p/scratch/deepacf/kiste/patakchiyousefi1//HPT/mse_32_0.0001_None_0.1_2_4_8_0.5_64.h5
2996/2996 - 50s - loss: 0.0724 - val_loss: 0.0897 - lr: 1.0000e-04 - 50s/epoch - 17ms/step
Epoch 11/64

Epoch 11: val_loss did not improve from 0.08966
2996/2996 - 48s - loss: 0.0707 - val_loss: 0.0932 - lr: 1.0000e-04 - 48s/epoch - 16ms/step
Epoch 12/64

Epoch 12: val_loss did not improve from 0.08966
2996/2996 - 48s - loss: 0.0689 - val_loss: 0.0941 - lr: 1.0000e-04 - 48s/epoch - 16ms/step
Epoch 13/64

Epoch 13: val_loss did not improve from 0.08966
2996/2996 - 48s - loss: 0.0678 - val_loss: 0.0909 - lr: 1.0000e-04 - 48s/epoch - 16ms/step
Epoch 14/64

Epoch 14: val_loss did not improve from 0.08966
2996/2996 - 47s - loss: 0.0663 - val_loss: 0.0909 - lr: 1.0000e-04 - 47s/epoch - 16ms/step
Epoch 15/64

Epoch 15: val_loss did not improve from 0.08966
2996/2996 - 48s - loss: 0.0646 - val_loss: 0.0918 - lr: 1.0000e-04 - 48s/epoch - 16ms/step
Epoch 16/64

Epoch 16: val_loss did not improve from 0.08966
2996/2996 - 48s - loss: 0.0632 - val_loss: 0.0910 - lr: 1.0000e-04 - 48s/epoch - 16ms/step
Epoch 17/64

Epoch 17: val_loss did not improve from 0.08966
2996/2996 - 48s - loss: 0.0615 - val_loss: 0.0955 - lr: 1.0000e-04 - 48s/epoch - 16ms/step
Epoch 18/64

Epoch 18: val_loss did not improve from 0.08966
2996/2996 - 48s - loss: 0.0597 - val_loss: 0.0905 - lr: 1.0000e-04 - 48s/epoch - 16ms/step
Saving and plotting the results...
