train_data_hourly_pr_['HRES']_['HSAF']_MM_6__spatiotemporal_128.256_2020-07-01T13_2023-03-26T23_no_na
Data is available already
Loading training data...
mse_64_1e-06_None_0.5_2_16_8_0.5_64
Training the model...
Epoch 1/64

Epoch 1: val_loss improved from inf to 0.21573, saving model to /p/scratch/deepacf/kiste/patakchiyousefi1//HPT/mse_64_1e-06_None_0.5_2_16_8_0.5_64.h5
749/749 - 97s - loss: 0.3444 - val_loss: 0.2157 - lr: 1.0000e-06 - 97s/epoch - 129ms/step
Epoch 2/64

Epoch 2: val_loss improved from 0.21573 to 0.14982, saving model to /p/scratch/deepacf/kiste/patakchiyousefi1//HPT/mse_64_1e-06_None_0.5_2_16_8_0.5_64.h5
749/749 - 64s - loss: 0.1314 - val_loss: 0.1498 - lr: 1.0000e-06 - 64s/epoch - 85ms/step
Epoch 3/64

Epoch 3: val_loss improved from 0.14982 to 0.12957, saving model to /p/scratch/deepacf/kiste/patakchiyousefi1//HPT/mse_64_1e-06_None_0.5_2_16_8_0.5_64.h5
749/749 - 63s - loss: 0.1117 - val_loss: 0.1296 - lr: 1.0000e-06 - 63s/epoch - 85ms/step
Epoch 4/64

Epoch 4: val_loss improved from 0.12957 to 0.11989, saving model to /p/scratch/deepacf/kiste/patakchiyousefi1//HPT/mse_64_1e-06_None_0.5_2_16_8_0.5_64.h5
749/749 - 63s - loss: 0.1040 - val_loss: 0.1199 - lr: 1.0000e-06 - 63s/epoch - 85ms/step
Epoch 5/64

Epoch 5: val_loss improved from 0.11989 to 0.11422, saving model to /p/scratch/deepacf/kiste/patakchiyousefi1//HPT/mse_64_1e-06_None_0.5_2_16_8_0.5_64.h5
749/749 - 64s - loss: 0.0999 - val_loss: 0.1142 - lr: 1.0000e-06 - 64s/epoch - 85ms/step
Epoch 6/64

Epoch 6: val_loss improved from 0.11422 to 0.11056, saving model to /p/scratch/deepacf/kiste/patakchiyousefi1//HPT/mse_64_1e-06_None_0.5_2_16_8_0.5_64.h5
749/749 - 64s - loss: 0.0973 - val_loss: 0.1106 - lr: 1.0000e-06 - 64s/epoch - 85ms/step
Epoch 7/64

Epoch 7: val_loss improved from 0.11056 to 0.10801, saving model to /p/scratch/deepacf/kiste/patakchiyousefi1//HPT/mse_64_1e-06_None_0.5_2_16_8_0.5_64.h5
749/749 - 63s - loss: 0.0955 - val_loss: 0.1080 - lr: 1.0000e-06 - 63s/epoch - 85ms/step
Epoch 8/64

Epoch 8: val_loss improved from 0.10801 to 0.10612, saving model to /p/scratch/deepacf/kiste/patakchiyousefi1//HPT/mse_64_1e-06_None_0.5_2_16_8_0.5_64.h5
749/749 - 63s - loss: 0.0943 - val_loss: 0.1061 - lr: 1.0000e-06 - 63s/epoch - 85ms/step
Epoch 9/64

Epoch 9: val_loss improved from 0.10612 to 0.10469, saving model to /p/scratch/deepacf/kiste/patakchiyousefi1//HPT/mse_64_1e-06_None_0.5_2_16_8_0.5_64.h5
749/749 - 63s - loss: 0.0933 - val_loss: 0.1047 - lr: 1.0000e-06 - 63s/epoch - 85ms/step
Epoch 10/64

Epoch 10: val_loss improved from 0.10469 to 0.10355, saving model to /p/scratch/deepacf/kiste/patakchiyousefi1//HPT/mse_64_1e-06_None_0.5_2_16_8_0.5_64.h5
749/749 - 64s - loss: 0.0925 - val_loss: 0.1036 - lr: 1.0000e-06 - 64s/epoch - 85ms/step
Epoch 11/64

Epoch 11: val_loss improved from 0.10355 to 0.10264, saving model to /p/scratch/deepacf/kiste/patakchiyousefi1//HPT/mse_64_1e-06_None_0.5_2_16_8_0.5_64.h5
749/749 - 63s - loss: 0.0919 - val_loss: 0.1026 - lr: 1.0000e-06 - 63s/epoch - 85ms/step
Epoch 12/64

Epoch 12: val_loss improved from 0.10264 to 0.10191, saving model to /p/scratch/deepacf/kiste/patakchiyousefi1//HPT/mse_64_1e-06_None_0.5_2_16_8_0.5_64.h5
749/749 - 63s - loss: 0.0913 - val_loss: 0.1019 - lr: 1.0000e-06 - 63s/epoch - 85ms/step
Epoch 13/64

Epoch 13: val_loss improved from 0.10191 to 0.10131, saving model to /p/scratch/deepacf/kiste/patakchiyousefi1//HPT/mse_64_1e-06_None_0.5_2_16_8_0.5_64.h5
749/749 - 63s - loss: 0.0909 - val_loss: 0.1013 - lr: 1.0000e-06 - 63s/epoch - 85ms/step
Epoch 14/64

Epoch 14: val_loss improved from 0.10131 to 0.10085, saving model to /p/scratch/deepacf/kiste/patakchiyousefi1//HPT/mse_64_1e-06_None_0.5_2_16_8_0.5_64.h5
749/749 - 64s - loss: 0.0904 - val_loss: 0.1009 - lr: 1.0000e-06 - 64s/epoch - 85ms/step
Epoch 15/64

Epoch 15: val_loss improved from 0.10085 to 0.10048, saving model to /p/scratch/deepacf/kiste/patakchiyousefi1//HPT/mse_64_1e-06_None_0.5_2_16_8_0.5_64.h5
749/749 - 63s - loss: 0.0900 - val_loss: 0.1005 - lr: 1.0000e-06 - 63s/epoch - 84ms/step
Epoch 16/64

Epoch 16: val_loss improved from 0.10048 to 0.10022, saving model to /p/scratch/deepacf/kiste/patakchiyousefi1//HPT/mse_64_1e-06_None_0.5_2_16_8_0.5_64.h5
749/749 - 63s - loss: 0.0895 - val_loss: 0.1002 - lr: 1.0000e-06 - 63s/epoch - 84ms/step
Epoch 17/64

Epoch 17: val_loss improved from 0.10022 to 0.10002, saving model to /p/scratch/deepacf/kiste/patakchiyousefi1//HPT/mse_64_1e-06_None_0.5_2_16_8_0.5_64.h5
749/749 - 63s - loss: 0.0891 - val_loss: 0.1000 - lr: 1.0000e-06 - 63s/epoch - 84ms/step
Epoch 18/64

Epoch 18: val_loss improved from 0.10002 to 0.09988, saving model to /p/scratch/deepacf/kiste/patakchiyousefi1//HPT/mse_64_1e-06_None_0.5_2_16_8_0.5_64.h5
749/749 - 63s - loss: 0.0886 - val_loss: 0.0999 - lr: 1.0000e-06 - 63s/epoch - 85ms/step
Epoch 19/64

Epoch 19: val_loss improved from 0.09988 to 0.09979, saving model to /p/scratch/deepacf/kiste/patakchiyousefi1//HPT/mse_64_1e-06_None_0.5_2_16_8_0.5_64.h5
749/749 - 63s - loss: 0.0881 - val_loss: 0.0998 - lr: 1.0000e-06 - 63s/epoch - 84ms/step
Epoch 20/64

Epoch 20: val_loss improved from 0.09979 to 0.09972, saving model to /p/scratch/deepacf/kiste/patakchiyousefi1//HPT/mse_64_1e-06_None_0.5_2_16_8_0.5_64.h5
749/749 - 63s - loss: 0.0876 - val_loss: 0.0997 - lr: 1.0000e-06 - 63s/epoch - 84ms/step
Epoch 21/64

Epoch 21: val_loss improved from 0.09972 to 0.09970, saving model to /p/scratch/deepacf/kiste/patakchiyousefi1//HPT/mse_64_1e-06_None_0.5_2_16_8_0.5_64.h5
749/749 - 63s - loss: 0.0871 - val_loss: 0.0997 - lr: 1.0000e-06 - 63s/epoch - 85ms/step
Epoch 22/64

Epoch 22: val_loss did not improve from 0.09970
749/749 - 63s - loss: 0.0865 - val_loss: 0.0997 - lr: 1.0000e-06 - 63s/epoch - 84ms/step
Epoch 23/64

Epoch 23: val_loss did not improve from 0.09970
749/749 - 63s - loss: 0.0859 - val_loss: 0.0998 - lr: 1.0000e-06 - 63s/epoch - 84ms/step
Epoch 24/64

Epoch 24: val_loss did not improve from 0.09970
749/749 - 63s - loss: 0.0852 - val_loss: 0.1000 - lr: 1.0000e-06 - 63s/epoch - 85ms/step
Epoch 25/64

Epoch 25: val_loss did not improve from 0.09970
749/749 - 63s - loss: 0.0845 - val_loss: 0.1001 - lr: 1.0000e-06 - 63s/epoch - 84ms/step
Epoch 26/64

Epoch 26: val_loss did not improve from 0.09970
749/749 - 63s - loss: 0.0837 - val_loss: 0.1004 - lr: 1.0000e-06 - 63s/epoch - 84ms/step
Epoch 27/64

Epoch 27: val_loss did not improve from 0.09970
749/749 - 63s - loss: 0.0828 - val_loss: 0.1007 - lr: 1.0000e-06 - 63s/epoch - 84ms/step
Epoch 28/64

Epoch 28: val_loss did not improve from 0.09970
749/749 - 63s - loss: 0.0818 - val_loss: 0.1011 - lr: 1.0000e-06 - 63s/epoch - 84ms/step
Epoch 29/64

Epoch 29: val_loss did not improve from 0.09970
749/749 - 63s - loss: 0.0807 - val_loss: 0.1014 - lr: 1.0000e-06 - 63s/epoch - 84ms/step
Saving and plotting the results...
