train_data_hourly_pr_['HRES']_['HSAF']_MM_6__spatiotemporal_128.256_2020-07-01T13_2023-03-26T23_no_na
Data is available already
Loading training data...
mse_64_1e-06_1e-14_0.1_2_4_8_0.5_64
Training the model...
Epoch 1/64

Epoch 1: val_loss improved from inf to 0.10880, saving model to /p/scratch/deepacf/kiste/patakchiyousefi1//HPT/mse_64_1e-06_1e-14_0.1_2_4_8_0.5_64.h5
2996/2996 - 248s - loss: 0.2629 - mse: 0.6424 - val_loss: 0.1088 - val_mse: 0.2677 - lr: 1.0000e-06 - 248s/epoch - 83ms/step
Epoch 2/64

Epoch 2: val_loss improved from 0.10880 to 0.10553, saving model to /p/scratch/deepacf/kiste/patakchiyousefi1//HPT/mse_64_1e-06_1e-14_0.1_2_4_8_0.5_64.h5
2996/2996 - 219s - loss: 0.1051 - mse: 0.2567 - val_loss: 0.1055 - val_mse: 0.2597 - lr: 1.0000e-06 - 219s/epoch - 73ms/step
Epoch 3/64

Epoch 3: val_loss improved from 0.10553 to 0.10510, saving model to /p/scratch/deepacf/kiste/patakchiyousefi1//HPT/mse_64_1e-06_1e-14_0.1_2_4_8_0.5_64.h5
2996/2996 - 218s - loss: 0.0938 - mse: 0.2292 - val_loss: 0.1051 - val_mse: 0.2586 - lr: 1.0000e-06 - 218s/epoch - 73ms/step
Epoch 4/64

Epoch 4: val_loss did not improve from 0.10510
2996/2996 - 218s - loss: 0.0899 - mse: 0.2197 - val_loss: 0.1056 - val_mse: 0.2599 - lr: 1.0000e-06 - 218s/epoch - 73ms/step
Epoch 5/64

Epoch 5: val_loss did not improve from 0.10510
2996/2996 - 217s - loss: 0.0877 - mse: 0.2144 - val_loss: 0.1081 - val_mse: 0.2661 - lr: 1.0000e-06 - 217s/epoch - 73ms/step
Epoch 6/64

Epoch 6: val_loss did not improve from 0.10510
2996/2996 - 217s - loss: 0.0868 - mse: 0.2120 - val_loss: 0.1057 - val_mse: 0.2600 - lr: 1.0000e-07 - 217s/epoch - 73ms/step
Epoch 7/64

Epoch 7: val_loss did not improve from 0.10510
2996/2996 - 218s - loss: 0.0866 - mse: 0.2117 - val_loss: 0.1078 - val_mse: 0.2653 - lr: 1.0000e-07 - 218s/epoch - 73ms/step
Epoch 8/64

Epoch 8: val_loss did not improve from 0.10510
2996/2996 - 218s - loss: 0.0865 - mse: 0.2114 - val_loss: 0.1056 - val_mse: 0.2598 - lr: 1.0000e-08 - 218s/epoch - 73ms/step
Epoch 9/64

Epoch 9: val_loss did not improve from 0.10510
2996/2996 - 218s - loss: 0.0865 - mse: 0.2114 - val_loss: 0.1059 - val_mse: 0.2607 - lr: 1.0000e-08 - 218s/epoch - 73ms/step
Epoch 10/64

Epoch 10: val_loss did not improve from 0.10510
2996/2996 - 218s - loss: 0.0865 - mse: 0.2113 - val_loss: 0.1062 - val_mse: 0.2612 - lr: 1.0000e-09 - 218s/epoch - 73ms/step
Epoch 11/64

Epoch 11: val_loss did not improve from 0.10510
2996/2996 - 218s - loss: 0.0865 - mse: 0.2114 - val_loss: 0.1058 - val_mse: 0.2603 - lr: 1.0000e-09 - 218s/epoch - 73ms/step
Saving and plotting the results...
