train_data_hourly_pr_['HRES']_['HSAF']_MM_6__spatiotemporal_128.256_2020-07-01T13_2023-03-26T23_no_na
Data is available already
Loading training data...
mse_64_1e-06_None_0.1_2_16_8_0.5_64
Training the model...
Epoch 1/64

Epoch 1: val_loss improved from inf to 0.22839, saving model to /p/scratch/deepacf/kiste/patakchiyousefi1//HPT/mse_64_1e-06_None_0.1_2_16_8_0.5_64.h5
749/749 - 97s - loss: 0.3162 - val_loss: 0.2284 - lr: 1.0000e-06 - 97s/epoch - 129ms/step
Epoch 2/64

Epoch 2: val_loss improved from 0.22839 to 0.16037, saving model to /p/scratch/deepacf/kiste/patakchiyousefi1//HPT/mse_64_1e-06_None_0.1_2_16_8_0.5_64.h5
749/749 - 64s - loss: 0.1283 - val_loss: 0.1604 - lr: 1.0000e-06 - 64s/epoch - 85ms/step
Epoch 3/64

Epoch 3: val_loss improved from 0.16037 to 0.13737, saving model to /p/scratch/deepacf/kiste/patakchiyousefi1//HPT/mse_64_1e-06_None_0.1_2_16_8_0.5_64.h5
749/749 - 64s - loss: 0.1107 - val_loss: 0.1374 - lr: 1.0000e-06 - 64s/epoch - 86ms/step
Epoch 4/64

Epoch 4: val_loss improved from 0.13737 to 0.12571, saving model to /p/scratch/deepacf/kiste/patakchiyousefi1//HPT/mse_64_1e-06_None_0.1_2_16_8_0.5_64.h5
749/749 - 64s - loss: 0.1035 - val_loss: 0.1257 - lr: 1.0000e-06 - 64s/epoch - 85ms/step
Epoch 5/64

Epoch 5: val_loss improved from 0.12571 to 0.11867, saving model to /p/scratch/deepacf/kiste/patakchiyousefi1//HPT/mse_64_1e-06_None_0.1_2_16_8_0.5_64.h5
749/749 - 64s - loss: 0.0996 - val_loss: 0.1187 - lr: 1.0000e-06 - 64s/epoch - 85ms/step
Epoch 6/64

Epoch 6: val_loss improved from 0.11867 to 0.11396, saving model to /p/scratch/deepacf/kiste/patakchiyousefi1//HPT/mse_64_1e-06_None_0.1_2_16_8_0.5_64.h5
749/749 - 66s - loss: 0.0971 - val_loss: 0.1140 - lr: 1.0000e-06 - 66s/epoch - 89ms/step
Epoch 7/64

Epoch 7: val_loss improved from 0.11396 to 0.11066, saving model to /p/scratch/deepacf/kiste/patakchiyousefi1//HPT/mse_64_1e-06_None_0.1_2_16_8_0.5_64.h5
749/749 - 64s - loss: 0.0954 - val_loss: 0.1107 - lr: 1.0000e-06 - 64s/epoch - 85ms/step
Epoch 8/64

Epoch 8: val_loss improved from 0.11066 to 0.10824, saving model to /p/scratch/deepacf/kiste/patakchiyousefi1//HPT/mse_64_1e-06_None_0.1_2_16_8_0.5_64.h5
749/749 - 64s - loss: 0.0941 - val_loss: 0.1082 - lr: 1.0000e-06 - 64s/epoch - 85ms/step
Epoch 9/64

Epoch 9: val_loss improved from 0.10824 to 0.10639, saving model to /p/scratch/deepacf/kiste/patakchiyousefi1//HPT/mse_64_1e-06_None_0.1_2_16_8_0.5_64.h5
749/749 - 64s - loss: 0.0931 - val_loss: 0.1064 - lr: 1.0000e-06 - 64s/epoch - 85ms/step
Epoch 10/64

Epoch 10: val_loss improved from 0.10639 to 0.10496, saving model to /p/scratch/deepacf/kiste/patakchiyousefi1//HPT/mse_64_1e-06_None_0.1_2_16_8_0.5_64.h5
749/749 - 64s - loss: 0.0923 - val_loss: 0.1050 - lr: 1.0000e-06 - 64s/epoch - 85ms/step
Epoch 11/64

Epoch 11: val_loss improved from 0.10496 to 0.10382, saving model to /p/scratch/deepacf/kiste/patakchiyousefi1//HPT/mse_64_1e-06_None_0.1_2_16_8_0.5_64.h5
749/749 - 64s - loss: 0.0917 - val_loss: 0.1038 - lr: 1.0000e-06 - 64s/epoch - 86ms/step
Epoch 12/64

Epoch 12: val_loss improved from 0.10382 to 0.10291, saving model to /p/scratch/deepacf/kiste/patakchiyousefi1//HPT/mse_64_1e-06_None_0.1_2_16_8_0.5_64.h5
749/749 - 64s - loss: 0.0912 - val_loss: 0.1029 - lr: 1.0000e-06 - 64s/epoch - 85ms/step
Epoch 13/64

Epoch 13: val_loss improved from 0.10291 to 0.10216, saving model to /p/scratch/deepacf/kiste/patakchiyousefi1//HPT/mse_64_1e-06_None_0.1_2_16_8_0.5_64.h5
749/749 - 64s - loss: 0.0907 - val_loss: 0.1022 - lr: 1.0000e-06 - 64s/epoch - 85ms/step
Epoch 14/64

Epoch 14: val_loss improved from 0.10216 to 0.10153, saving model to /p/scratch/deepacf/kiste/patakchiyousefi1//HPT/mse_64_1e-06_None_0.1_2_16_8_0.5_64.h5
749/749 - 64s - loss: 0.0902 - val_loss: 0.1015 - lr: 1.0000e-06 - 64s/epoch - 85ms/step
Epoch 15/64

Epoch 15: val_loss improved from 0.10153 to 0.10101, saving model to /p/scratch/deepacf/kiste/patakchiyousefi1//HPT/mse_64_1e-06_None_0.1_2_16_8_0.5_64.h5
749/749 - 64s - loss: 0.0898 - val_loss: 0.1010 - lr: 1.0000e-06 - 64s/epoch - 85ms/step
Epoch 16/64

Epoch 16: val_loss improved from 0.10101 to 0.10058, saving model to /p/scratch/deepacf/kiste/patakchiyousefi1//HPT/mse_64_1e-06_None_0.1_2_16_8_0.5_64.h5
749/749 - 64s - loss: 0.0894 - val_loss: 0.1006 - lr: 1.0000e-06 - 64s/epoch - 86ms/step
Epoch 17/64

Epoch 17: val_loss improved from 0.10058 to 0.10023, saving model to /p/scratch/deepacf/kiste/patakchiyousefi1//HPT/mse_64_1e-06_None_0.1_2_16_8_0.5_64.h5
749/749 - 63s - loss: 0.0889 - val_loss: 0.1002 - lr: 1.0000e-06 - 63s/epoch - 85ms/step
Epoch 18/64

Epoch 18: val_loss improved from 0.10023 to 0.09999, saving model to /p/scratch/deepacf/kiste/patakchiyousefi1//HPT/mse_64_1e-06_None_0.1_2_16_8_0.5_64.h5
749/749 - 64s - loss: 0.0884 - val_loss: 0.1000 - lr: 1.0000e-06 - 64s/epoch - 85ms/step
Epoch 19/64

Epoch 19: val_loss improved from 0.09999 to 0.09987, saving model to /p/scratch/deepacf/kiste/patakchiyousefi1//HPT/mse_64_1e-06_None_0.1_2_16_8_0.5_64.h5
749/749 - 64s - loss: 0.0879 - val_loss: 0.0999 - lr: 1.0000e-06 - 64s/epoch - 85ms/step
Epoch 20/64

Epoch 20: val_loss did not improve from 0.09987
749/749 - 64s - loss: 0.0873 - val_loss: 0.0999 - lr: 1.0000e-06 - 64s/epoch - 85ms/step
Epoch 21/64

Epoch 21: val_loss did not improve from 0.09987
749/749 - 63s - loss: 0.0867 - val_loss: 0.1000 - lr: 1.0000e-06 - 63s/epoch - 85ms/step
Epoch 22/64

Epoch 22: val_loss did not improve from 0.09987
749/749 - 63s - loss: 0.0861 - val_loss: 0.1000 - lr: 1.0000e-06 - 63s/epoch - 85ms/step
Epoch 23/64

Epoch 23: val_loss did not improve from 0.09987
749/749 - 63s - loss: 0.0854 - val_loss: 0.1001 - lr: 1.0000e-06 - 63s/epoch - 84ms/step
Epoch 24/64

Epoch 24: val_loss did not improve from 0.09987
749/749 - 63s - loss: 0.0848 - val_loss: 0.1002 - lr: 1.0000e-06 - 63s/epoch - 84ms/step
Epoch 25/64

Epoch 25: val_loss did not improve from 0.09987
749/749 - 64s - loss: 0.0842 - val_loss: 0.1004 - lr: 1.0000e-06 - 64s/epoch - 85ms/step
Epoch 26/64

Epoch 26: val_loss did not improve from 0.09987
749/749 - 64s - loss: 0.0835 - val_loss: 0.1006 - lr: 1.0000e-06 - 64s/epoch - 85ms/step
Epoch 27/64

Epoch 27: val_loss did not improve from 0.09987
749/749 - 64s - loss: 0.0828 - val_loss: 0.1009 - lr: 1.0000e-06 - 64s/epoch - 85ms/step
Saving and plotting the results...
