train_data_hourly_pr_['HRES']_['HSAF']_MM_6__spatiotemporal_128.256_2020-07-01T13_2023-03-26T23_no_na
Data is available already
Loading training data...
mse_32_0.01_1.0000000000000002e-06_0.1_2_16_8_0.5_64
Training the model...
Epoch 1/64

Epoch 1: val_loss improved from inf to 205.35571, saving model to /p/scratch/deepacf/kiste/patakchiyousefi1//HPT/mse_32_0.01_1.0000000000000002e-06_0.1_2_16_8_0.5_64.h5
749/749 - 59s - loss: 39151.7539 - mse: 360066.4688 - val_loss: 205.3557 - val_mse: 550727.3125 - lr: 0.0100 - 59s/epoch - 79ms/step
Epoch 2/64

Epoch 2: val_loss improved from 205.35571 to 87.96265, saving model to /p/scratch/deepacf/kiste/patakchiyousefi1//HPT/mse_32_0.01_1.0000000000000002e-06_0.1_2_16_8_0.5_64.h5
749/749 - 35s - loss: 5.1644 - mse: 533668.8750 - val_loss: 87.9627 - val_mse: 566734.8125 - lr: 0.0100 - 35s/epoch - 47ms/step
Epoch 3/64

Epoch 3: val_loss improved from 87.96265 to 31.73215, saving model to /p/scratch/deepacf/kiste/patakchiyousefi1//HPT/mse_32_0.01_1.0000000000000002e-06_0.1_2_16_8_0.5_64.h5
749/749 - 35s - loss: 2.0210 - mse: 539951.2500 - val_loss: 31.7322 - val_mse: 560323.8125 - lr: 0.0100 - 35s/epoch - 46ms/step
Epoch 4/64

Epoch 4: val_loss did not improve from 31.73215
749/749 - 34s - loss: 1.2025 - mse: 543314.5000 - val_loss: 33.5922 - val_mse: 565154.8125 - lr: 0.0100 - 34s/epoch - 46ms/step
Epoch 5/64

Epoch 5: val_loss improved from 31.73215 to 6.31859, saving model to /p/scratch/deepacf/kiste/patakchiyousefi1//HPT/mse_32_0.01_1.0000000000000002e-06_0.1_2_16_8_0.5_64.h5
749/749 - 34s - loss: 0.9431 - mse: 547027.5000 - val_loss: 6.3186 - val_mse: 563872.1250 - lr: 0.0100 - 34s/epoch - 46ms/step
Epoch 6/64

Epoch 6: val_loss did not improve from 6.31859
749/749 - 34s - loss: 0.3287 - mse: 550303.0000 - val_loss: 75.3833 - val_mse: 579490.0625 - lr: 0.0100 - 34s/epoch - 46ms/step
Epoch 7/64

Epoch 7: val_loss did not improve from 6.31859
749/749 - 35s - loss: 0.2838 - mse: 550519.7500 - val_loss: 15.0121 - val_mse: 568506.6250 - lr: 0.0100 - 35s/epoch - 46ms/step
Epoch 8/64

Epoch 8: val_loss improved from 6.31859 to 0.04739, saving model to /p/scratch/deepacf/kiste/patakchiyousefi1//HPT/mse_32_0.01_1.0000000000000002e-06_0.1_2_16_8_0.5_64.h5
749/749 - 49s - loss: 0.0425 - mse: 551475.8125 - val_loss: 0.0474 - val_mse: 557030.3750 - lr: 1.0000e-03 - 49s/epoch - 65ms/step
Epoch 9/64

Epoch 9: val_loss improved from 0.04739 to 0.02784, saving model to /p/scratch/deepacf/kiste/patakchiyousefi1//HPT/mse_32_0.01_1.0000000000000002e-06_0.1_2_16_8_0.5_64.h5
749/749 - 34s - loss: 0.0381 - mse: 552140.5625 - val_loss: 0.0278 - val_mse: 558032.8750 - lr: 1.0000e-03 - 34s/epoch - 46ms/step
Epoch 10/64

Epoch 10: val_loss did not improve from 0.02784
749/749 - 35s - loss: 0.0370 - mse: 552567.2500 - val_loss: 0.0520 - val_mse: 558374.6875 - lr: 1.0000e-03 - 35s/epoch - 46ms/step
Epoch 11/64

Epoch 11: val_loss improved from 0.02784 to 0.02292, saving model to /p/scratch/deepacf/kiste/patakchiyousefi1//HPT/mse_32_0.01_1.0000000000000002e-06_0.1_2_16_8_0.5_64.h5
749/749 - 34s - loss: 0.0337 - mse: 552999.5625 - val_loss: 0.0229 - val_mse: 559166.8125 - lr: 1.0000e-03 - 34s/epoch - 46ms/step
Epoch 12/64
