train_data_hourly_pr_['HRES']_['HSAF']_MM_6__spatiotemporal_128.256_2020-07-01T13_2023-03-26T23_no_na
Data is available already
Loading training data...
mse_16_0.01_1e-08_0.1_2_32_8_0.5_64
Training the model...
Epoch 1/64

Epoch 1: val_loss improved from inf to 0.10079, saving model to /p/scratch/deepacf/kiste/patakchiyousefi1//HPT/mse_16_0.01_1e-08_0.1_2_32_8_0.5_64.h5
375/375 - 42s - loss: 0.0968 - mse: 215284.9062 - val_loss: 0.1008 - val_mse: 231580.2656 - lr: 0.0100 - 42s/epoch - 112ms/step
Epoch 2/64

Epoch 2: val_loss improved from 0.10079 to 0.09215, saving model to /p/scratch/deepacf/kiste/patakchiyousefi1//HPT/mse_16_0.01_1e-08_0.1_2_32_8_0.5_64.h5
375/375 - 20s - loss: 0.0812 - mse: 215283.5625 - val_loss: 0.0921 - val_mse: 231612.2969 - lr: 0.0100 - 20s/epoch - 53ms/step
Epoch 3/64

Epoch 3: val_loss improved from 0.09215 to 0.09210, saving model to /p/scratch/deepacf/kiste/patakchiyousefi1//HPT/mse_16_0.01_1e-08_0.1_2_32_8_0.5_64.h5
375/375 - 20s - loss: 0.0800 - mse: 215283.4844 - val_loss: 0.0921 - val_mse: 231616.4062 - lr: 0.0100 - 20s/epoch - 54ms/step
Epoch 4/64

Epoch 4: val_loss did not improve from 0.09210
375/375 - 20s - loss: 0.0789 - mse: 215283.0781 - val_loss: 0.0942 - val_mse: 231587.6875 - lr: 0.0100 - 20s/epoch - 53ms/step
Epoch 5/64

Epoch 5: val_loss improved from 0.09210 to 0.09001, saving model to /p/scratch/deepacf/kiste/patakchiyousefi1//HPT/mse_16_0.01_1e-08_0.1_2_32_8_0.5_64.h5
375/375 - 20s - loss: 0.0759 - mse: 215283.5469 - val_loss: 0.0900 - val_mse: 231606.7656 - lr: 1.0000e-03 - 20s/epoch - 53ms/step
Epoch 6/64

Epoch 6: val_loss improved from 0.09001 to 0.08893, saving model to /p/scratch/deepacf/kiste/patakchiyousefi1//HPT/mse_16_0.01_1e-08_0.1_2_32_8_0.5_64.h5
375/375 - 20s - loss: 0.0753 - mse: 215283.1406 - val_loss: 0.0889 - val_mse: 231605.0781 - lr: 1.0000e-03 - 20s/epoch - 53ms/step
Epoch 7/64

Epoch 7: val_loss did not improve from 0.08893
375/375 - 20s - loss: 0.0751 - mse: 215283.2812 - val_loss: 0.0891 - val_mse: 231606.7500 - lr: 1.0000e-03 - 20s/epoch - 52ms/step
Epoch 8/64

Epoch 8: val_loss did not improve from 0.08893
375/375 - 19s - loss: 0.0749 - mse: 215283.4375 - val_loss: 0.0893 - val_mse: 231593.5469 - lr: 1.0000e-03 - 19s/epoch - 52ms/step
Epoch 9/64

Epoch 9: val_loss did not improve from 0.08893
375/375 - 19s - loss: 0.0740 - mse: 215282.8438 - val_loss: 0.0889 - val_mse: 231601.8750 - lr: 1.0000e-04 - 19s/epoch - 51ms/step
Epoch 10/64

Epoch 10: val_loss improved from 0.08893 to 0.08877, saving model to /p/scratch/deepacf/kiste/patakchiyousefi1//HPT/mse_16_0.01_1e-08_0.1_2_32_8_0.5_64.h5
375/375 - 20s - loss: 0.0735 - mse: 215284.0312 - val_loss: 0.0888 - val_mse: 231600.6094 - lr: 1.0000e-04 - 20s/epoch - 52ms/step
Epoch 11/64

Epoch 11: val_loss did not improve from 0.08877
375/375 - 19s - loss: 0.0734 - mse: 215283.6875 - val_loss: 0.0891 - val_mse: 231602.6094 - lr: 1.0000e-04 - 19s/epoch - 52ms/step
Epoch 12/64

Epoch 12: val_loss did not improve from 0.08877
375/375 - 19s - loss: 0.0732 - mse: 215283.6875 - val_loss: 0.0903 - val_mse: 231598.9844 - lr: 1.0000e-04 - 19s/epoch - 51ms/step
Epoch 13/64

Epoch 13: val_loss did not improve from 0.08877
375/375 - 20s - loss: 0.0729 - mse: 215283.1875 - val_loss: 0.0896 - val_mse: 231602.0469 - lr: 1.0000e-05 - 20s/epoch - 52ms/step
Epoch 14/64

Epoch 14: val_loss did not improve from 0.08877
375/375 - 19s - loss: 0.0725 - mse: 215283.6250 - val_loss: 0.0895 - val_mse: 231602.1094 - lr: 1.0000e-05 - 19s/epoch - 51ms/step
Epoch 15/64

Epoch 15: val_loss did not improve from 0.08877
375/375 - 20s - loss: 0.0729 - mse: 215283.6875 - val_loss: 0.0896 - val_mse: 231602.5625 - lr: 1.0000e-06 - 20s/epoch - 52ms/step
Epoch 16/64

Epoch 16: val_loss did not improve from 0.08877
375/375 - 19s - loss: 0.0727 - mse: 215283.6719 - val_loss: 0.0898 - val_mse: 231602.1094 - lr: 1.0000e-06 - 19s/epoch - 52ms/step
Epoch 17/64

Epoch 17: val_loss did not improve from 0.08877
375/375 - 20s - loss: 0.0726 - mse: 215283.6875 - val_loss: 0.0898 - val_mse: 231602.2969 - lr: 1.0000e-07 - 20s/epoch - 52ms/step
Epoch 18/64

Epoch 18: val_loss did not improve from 0.08877
375/375 - 20s - loss: 0.0729 - mse: 215283.6875 - val_loss: 0.0897 - val_mse: 231602.4531 - lr: 1.0000e-07 - 20s/epoch - 52ms/step
Saving and plotting the results...
