train_data_hourly_pr_['HRES']_['HSAF']_MM_6__spatiotemporal_128.256_2020-07-01T13_2023-03-26T23_no_na
Data is available already
Loading training data...
mse_64_0.01_1e-08_0.5_2_32_8_0.5_64
Training the model...
Epoch 1/64

Epoch 1: val_loss improved from inf to 0.10252, saving model to /p/scratch/deepacf/kiste/patakchiyousefi1//HPT/mse_64_0.01_1e-08_0.5_2_32_8_0.5_64.h5
375/375 - 91s - loss: 0.1326 - mse: 215289.4688 - val_loss: 0.1025 - val_mse: 231603.5625 - lr: 0.0100 - 91s/epoch - 243ms/step
Epoch 2/64

Epoch 2: val_loss improved from 0.10252 to 0.09834, saving model to /p/scratch/deepacf/kiste/patakchiyousefi1//HPT/mse_64_0.01_1e-08_0.5_2_32_8_0.5_64.h5
375/375 - 60s - loss: 0.0873 - mse: 215284.0156 - val_loss: 0.0983 - val_mse: 231612.7500 - lr: 0.0100 - 60s/epoch - 160ms/step
Epoch 3/64

Epoch 3: val_loss improved from 0.09834 to 0.09464, saving model to /p/scratch/deepacf/kiste/patakchiyousefi1//HPT/mse_64_0.01_1e-08_0.5_2_32_8_0.5_64.h5
375/375 - 60s - loss: 0.0839 - mse: 215285.0625 - val_loss: 0.0946 - val_mse: 231611.6250 - lr: 0.0100 - 60s/epoch - 161ms/step
Epoch 4/64

Epoch 4: val_loss improved from 0.09464 to 0.09195, saving model to /p/scratch/deepacf/kiste/patakchiyousefi1//HPT/mse_64_0.01_1e-08_0.5_2_32_8_0.5_64.h5
375/375 - 60s - loss: 0.0813 - mse: 215284.4062 - val_loss: 0.0920 - val_mse: 231584.4375 - lr: 0.0100 - 60s/epoch - 160ms/step
Epoch 5/64

Epoch 5: val_loss did not improve from 0.09195
375/375 - 60s - loss: 0.0795 - mse: 215284.2969 - val_loss: 0.0922 - val_mse: 231611.5781 - lr: 0.0100 - 60s/epoch - 159ms/step
Epoch 6/64

Epoch 6: val_loss improved from 0.09195 to 0.09156, saving model to /p/scratch/deepacf/kiste/patakchiyousefi1//HPT/mse_64_0.01_1e-08_0.5_2_32_8_0.5_64.h5
375/375 - 60s - loss: 0.0786 - mse: 215283.6719 - val_loss: 0.0916 - val_mse: 231593.2188 - lr: 0.0100 - 60s/epoch - 159ms/step
Epoch 7/64

Epoch 7: val_loss did not improve from 0.09156
375/375 - 60s - loss: 0.0785 - mse: 215283.8594 - val_loss: 0.1244 - val_mse: 231582.1875 - lr: 0.0100 - 60s/epoch - 161ms/step
Epoch 8/64
