train_data_hourly_pr_['HRES']_['HSAF']_MM_6__spatiotemporal_128.256_2020-07-01T13_2023-03-26T23_no_na
Data is available already
Loading training data...
mse_16_0.1_1e-05_0.5_2_4_8_0.5_64
Training the model...
Epoch 1/64

Epoch 1: val_loss improved from inf to 114.68265, saving model to /p/scratch/deepacf/kiste/patakchiyousefi1//HPT/mse_16_0.1_1e-05_0.5_2_4_8_0.5_64.h5
2996/2996 - 61s - loss: 1823.5720 - mse: 610000.9375 - val_loss: 114.6826 - val_mse: 607350.6250 - lr: 0.1000 - 61s/epoch - 20ms/step
Epoch 2/64

Epoch 2: val_loss improved from 114.68265 to 0.90154, saving model to /p/scratch/deepacf/kiste/patakchiyousefi1//HPT/mse_16_0.1_1e-05_0.5_2_4_8_0.5_64.h5
2996/2996 - 42s - loss: 0.1800 - mse: 617741.5625 - val_loss: 0.9015 - val_mse: 623364.6875 - lr: 0.1000 - 42s/epoch - 14ms/step
Epoch 3/64

Epoch 3: val_loss improved from 0.90154 to 0.01335, saving model to /p/scratch/deepacf/kiste/patakchiyousefi1//HPT/mse_16_0.1_1e-05_0.5_2_4_8_0.5_64.h5
2996/2996 - 43s - loss: 2.4587 - mse: 574304.4375 - val_loss: 0.0133 - val_mse: 557385.1875 - lr: 0.1000 - 43s/epoch - 14ms/step
Epoch 4/64

Epoch 4: val_loss did not improve from 0.01335
2996/2996 - 43s - loss: 4.6482 - mse: 551137.3750 - val_loss: 0.0380 - val_mse: 557433.4375 - lr: 0.1000 - 43s/epoch - 14ms/step
Epoch 5/64

Epoch 5: val_loss did not improve from 0.01335
2996/2996 - 43s - loss: 2.3275 - mse: 551960.7500 - val_loss: 0.0446 - val_mse: 557233.4375 - lr: 0.1000 - 43s/epoch - 14ms/step
Epoch 6/64

Epoch 6: val_loss did not improve from 0.01335
2996/2996 - 42s - loss: 0.0028 - mse: 552170.8750 - val_loss: 0.0154 - val_mse: 559844.5000 - lr: 0.0500 - 42s/epoch - 14ms/step
Epoch 7/64

Epoch 7: val_loss did not improve from 0.01335
2996/2996 - 43s - loss: 0.7033 - mse: 551645.9375 - val_loss: 0.1524 - val_mse: 557167.7500 - lr: 0.0500 - 43s/epoch - 14ms/step
Epoch 8/64
